DEBUG 2024-02-27 20:10:20,019 utils (0.002) 
            SELECT
                c.relname,
                CASE
                    WHEN c.relispartition THEN 'p'
                    WHEN c.relkind IN ('m', 'v') THEN 'v'
                    ELSE 't'
                END,
                obj_description(c.oid, 'pg_class')
            FROM pg_catalog.pg_class c
            LEFT JOIN pg_catalog.pg_namespace n ON n.oid = c.relnamespace
            WHERE c.relkind IN ('f', 'm', 'p', 'r', 'v')
                AND n.nspname NOT IN ('pg_catalog', 'pg_toast')
                AND pg_catalog.pg_table_is_visible(c.oid)
        ; args=None; alias=default
DEBUG 2024-02-27 20:10:20,022 utils (0.000) SELECT "django_migrations"."id", "django_migrations"."app", "django_migrations"."name", "django_migrations"."applied" FROM "django_migrations"; args=(); alias=default
DEBUG 2024-02-27 20:10:20,023 utils (0.001) 
            SELECT
                c.relname,
                CASE
                    WHEN c.relispartition THEN 'p'
                    WHEN c.relkind IN ('m', 'v') THEN 'v'
                    ELSE 't'
                END,
                obj_description(c.oid, 'pg_class')
            FROM pg_catalog.pg_class c
            LEFT JOIN pg_catalog.pg_namespace n ON n.oid = c.relnamespace
            WHERE c.relkind IN ('f', 'm', 'p', 'r', 'v')
                AND n.nspname NOT IN ('pg_catalog', 'pg_toast')
                AND pg_catalog.pg_table_is_visible(c.oid)
        ; args=None; alias=default
DEBUG 2024-02-27 20:10:20,024 utils (0.000) SELECT "django_migrations"."id", "django_migrations"."app", "django_migrations"."name", "django_migrations"."applied" FROM "django_migrations"; args=(); alias=default
DEBUG 2024-02-27 20:10:20,037 utils (0.001) 
            SELECT
                c.relname,
                CASE
                    WHEN c.relispartition THEN 'p'
                    WHEN c.relkind IN ('m', 'v') THEN 'v'
                    ELSE 't'
                END,
                obj_description(c.oid, 'pg_class')
            FROM pg_catalog.pg_class c
            LEFT JOIN pg_catalog.pg_namespace n ON n.oid = c.relnamespace
            WHERE c.relkind IN ('f', 'm', 'p', 'r', 'v')
                AND n.nspname NOT IN ('pg_catalog', 'pg_toast')
                AND pg_catalog.pg_table_is_visible(c.oid)
        ; args=None; alias=default
DEBUG 2024-02-27 20:10:20,038 utils (0.001) 
            SELECT
                c.relname,
                CASE
                    WHEN c.relispartition THEN 'p'
                    WHEN c.relkind IN ('m', 'v') THEN 'v'
                    ELSE 't'
                END,
                obj_description(c.oid, 'pg_class')
            FROM pg_catalog.pg_class c
            LEFT JOIN pg_catalog.pg_namespace n ON n.oid = c.relnamespace
            WHERE c.relkind IN ('f', 'm', 'p', 'r', 'v')
                AND n.nspname NOT IN ('pg_catalog', 'pg_toast')
                AND pg_catalog.pg_table_is_visible(c.oid)
        ; args=None; alias=default
DEBUG 2024-02-27 20:10:20,039 utils (0.000) SELECT "django_migrations"."id", "django_migrations"."app", "django_migrations"."name", "django_migrations"."applied" FROM "django_migrations"; args=(); alias=default
DEBUG 2024-02-27 20:10:20,043 utils (0.003) SELECT "django_content_type"."id", "django_content_type"."app_label", "django_content_type"."model" FROM "django_content_type" WHERE "django_content_type"."app_label" = 'admin'; args=('admin',); alias=default
DEBUG 2024-02-27 20:10:20,044 utils (0.001) SELECT "django_content_type"."id", "django_content_type"."app_label", "django_content_type"."model" FROM "django_content_type" WHERE ("django_content_type"."app_label" = 'admin' AND "django_content_type"."model" = 'logentry') LIMIT 21; args=('admin', 'logentry'); alias=default
DEBUG 2024-02-27 20:10:20,047 utils (0.002) SELECT "auth_permission"."content_type_id", "auth_permission"."codename" FROM "auth_permission" INNER JOIN "django_content_type" ON ("auth_permission"."content_type_id" = "django_content_type"."id") WHERE "auth_permission"."content_type_id" IN (1) ORDER BY "django_content_type"."app_label" ASC, "django_content_type"."model" ASC, "auth_permission"."codename" ASC; args=(1,); alias=default
DEBUG 2024-02-27 20:10:20,048 utils (0.000) SELECT "django_content_type"."id", "django_content_type"."app_label", "django_content_type"."model" FROM "django_content_type" WHERE "django_content_type"."app_label" = 'admin'; args=('admin',); alias=default
DEBUG 2024-02-27 20:10:20,050 utils (0.002) SELECT COUNT(*) AS "__count" FROM "pong_gamedata"; args=(); alias=default
DEBUG 2024-02-27 20:10:20,052 utils (0.001) SELECT COUNT(*) AS "__count" FROM "pong_tournamentdata"; args=(); alias=default
DEBUG 2024-02-27 20:10:20,052 utils (0.000) SELECT COUNT(*) AS "__count" FROM "pong_gamedata"; args=(); alias=default
DEBUG 2024-02-27 20:10:20,053 utils (0.000) SELECT COUNT(*) AS "__count" FROM "pong_tournamentdata"; args=(); alias=default
DEBUG 2024-02-27 20:10:20,101 utils (0.002) INSERT INTO "pong_gamedata" ("player1_name", "player1_points", "player2_name", "player2_points", "game_end_timestamp", "game_duration_secs", "is_tournament_game") VALUES ('Player 0', 11, 'Player 8', 5, '2023-12-02T16:46:06.052236+01:00'::timestamptz, 483, true) RETURNING "pong_gamedata"."id"; args=('Player 0', 11, 'Player 8', 5, datetime.datetime(2023, 12, 2, 16, 46, 6, 52236, tzinfo=<DstTzInfo 'Europe/Paris' CET+1:00:00 STD>), 483, True); alias=default
DEBUG 2024-02-27 20:10:20,114 utils (0.001) INSERT INTO "pong_gamedata" ("player1_name", "player1_points", "player2_name", "player2_points", "game_end_timestamp", "game_duration_secs", "is_tournament_game") VALUES ('Player 14', 11, 'Player 11', 5, '2023-12-02T16:45:54.052236+01:00'::timestamptz, 190, true) RETURNING "pong_gamedata"."id"; args=('Player 14', 11, 'Player 11', 5, datetime.datetime(2023, 12, 2, 16, 45, 54, 52236, tzinfo=<DstTzInfo 'Europe/Paris' CET+1:00:00 STD>), 190, True); alias=default
DEBUG 2024-02-27 20:10:20,128 utils (0.001) INSERT INTO "pong_gamedata" ("player1_name", "player1_points", "player2_name", "player2_points", "game_end_timestamp", "game_duration_secs", "is_tournament_game") VALUES ('Player 0', 11, 'Player 14', 0, '2023-12-02T16:50:29.052236+01:00'::timestamptz, 83, true) RETURNING "pong_gamedata"."id"; args=('Player 0', 11, 'Player 14', 0, datetime.datetime(2023, 12, 2, 16, 50, 29, 52236, tzinfo=<DstTzInfo 'Europe/Paris' CET+1:00:00 STD>), 83, True); alias=default
DEBUG 2024-02-27 20:10:20,143 utils (0.001) INSERT INTO "pong_tournamentdata" ("tour_id", "match_id_semi_1", "match_id_semi_2", "match_id_final", "tournament_end_timestamp", "tournament_duration_secs", "player_ranking", "blockchain_hash") VALUES (0, 1413, 1414, 1415, '2023-12-02T16:50:29.052236+01:00'::timestamptz, 746, '["Player 0", "Player 14", "Player 8", "Player 11"]', '0x0') RETURNING "pong_tournamentdata"."id"; args=(0, 1413, 1414, 1415, datetime.datetime(2023, 12, 2, 16, 50, 29, 52236, tzinfo=<DstTzInfo 'Europe/Paris' CET+1:00:00 STD>), 746, <psycopg2._json.Json object at 0x7f1ab9d8ba70>, '0x0'); alias=default
DEBUG 2024-02-27 20:10:20,145 utils (0.000) SELECT COUNT(*) AS "__count" FROM "pong_gamedata"; args=(); alias=default
DEBUG 2024-02-27 20:10:20,146 utils (0.000) SELECT COUNT(*) AS "__count" FROM "pong_tournamentdata"; args=(); alias=default
DEBUG 2024-02-27 20:10:20,147 utils (0.000) SELECT "django_content_type"."id", "django_content_type"."app_label", "django_content_type"."model" FROM "django_content_type" WHERE "django_content_type"."app_label" = 'auth'; args=('auth',); alias=default
DEBUG 2024-02-27 20:10:20,148 utils (0.000) SELECT "django_content_type"."id", "django_content_type"."app_label", "django_content_type"."model" FROM "django_content_type" WHERE ("django_content_type"."app_label" = 'auth' AND "django_content_type"."model" = 'permission') LIMIT 21; args=('auth', 'permission'); alias=default
DEBUG 2024-02-27 20:10:20,148 utils (0.000) SELECT "django_content_type"."id", "django_content_type"."app_label", "django_content_type"."model" FROM "django_content_type" WHERE ("django_content_type"."app_label" = 'auth' AND "django_content_type"."model" = 'group') LIMIT 21; args=('auth', 'group'); alias=default
DEBUG 2024-02-27 20:10:20,149 utils (0.000) SELECT "django_content_type"."id", "django_content_type"."app_label", "django_content_type"."model" FROM "django_content_type" WHERE ("django_content_type"."app_label" = 'auth' AND "django_content_type"."model" = 'user') LIMIT 21; args=('auth', 'user'); alias=default
DEBUG 2024-02-27 20:10:20,151 utils (0.000) SELECT "auth_permission"."content_type_id", "auth_permission"."codename" FROM "auth_permission" INNER JOIN "django_content_type" ON ("auth_permission"."content_type_id" = "django_content_type"."id") WHERE "auth_permission"."content_type_id" IN (2, 3, 4) ORDER BY "django_content_type"."app_label" ASC, "django_content_type"."model" ASC, "auth_permission"."codename" ASC; args=(2, 3, 4); alias=default
DEBUG 2024-02-27 20:10:20,152 utils (0.000) SELECT "django_content_type"."id", "django_content_type"."app_label", "django_content_type"."model" FROM "django_content_type" WHERE "django_content_type"."app_label" = 'auth'; args=('auth',); alias=default
DEBUG 2024-02-27 20:10:20,153 utils (0.000) SELECT COUNT(*) AS "__count" FROM "pong_gamedata"; args=(); alias=default
DEBUG 2024-02-27 20:10:20,154 utils (0.000) SELECT COUNT(*) AS "__count" FROM "pong_tournamentdata"; args=(); alias=default
DEBUG 2024-02-27 20:10:20,154 utils (0.000) SELECT COUNT(*) AS "__count" FROM "pong_gamedata"; args=(); alias=default
DEBUG 2024-02-27 20:10:20,156 utils (0.000) SELECT COUNT(*) AS "__count" FROM "pong_tournamentdata"; args=(); alias=default
DEBUG 2024-02-27 20:10:20,184 utils (0.002) INSERT INTO "pong_gamedata" ("player1_name", "player1_points", "player2_name", "player2_points", "game_end_timestamp", "game_duration_secs", "is_tournament_game") VALUES ('Player 11', 9, 'Player 3', 11, '2023-12-07T22:26:55.154344+01:00'::timestamptz, 884, true) RETURNING "pong_gamedata"."id"; args=('Player 11', 9, 'Player 3', 11, datetime.datetime(2023, 12, 7, 22, 26, 55, 154344, tzinfo=<DstTzInfo 'Europe/Paris' CET+1:00:00 STD>), 884, True); alias=default
DEBUG 2024-02-27 20:10:20,199 utils (0.001) INSERT INTO "pong_gamedata" ("player1_name", "player1_points", "player2_name", "player2_points", "game_end_timestamp", "game_duration_secs", "is_tournament_game") VALUES ('Player 1', 11, 'Player 14', 3, '2023-12-07T22:24:41.154344+01:00'::timestamptz, 556, true) RETURNING "pong_gamedata"."id"; args=('Player 1', 11, 'Player 14', 3, datetime.datetime(2023, 12, 7, 22, 24, 41, 154344, tzinfo=<DstTzInfo 'Europe/Paris' CET+1:00:00 STD>), 556, True); alias=default
DEBUG 2024-02-27 20:10:20,213 utils (0.001) INSERT INTO "pong_gamedata" ("player1_name", "player1_points", "player2_name", "player2_points", "game_end_timestamp", "game_duration_secs", "is_tournament_game") VALUES ('Player 3', 5, 'Player 1', 11, '2023-12-07T22:27:54.154344+01:00'::timestamptz, 54, true) RETURNING "pong_gamedata"."id"; args=('Player 3', 5, 'Player 1', 11, datetime.datetime(2023, 12, 7, 22, 27, 54, 154344, tzinfo=<DstTzInfo 'Europe/Paris' CET+1:00:00 STD>), 54, True); alias=default
DEBUG 2024-02-27 20:10:20,226 utils (0.001) INSERT INTO "pong_tournamentdata" ("tour_id", "match_id_semi_1", "match_id_semi_2", "match_id_final", "tournament_end_timestamp", "tournament_duration_secs", "player_ranking", "blockchain_hash") VALUES (0, 1416, 1417, 1418, '2023-12-07T22:27:54.154344+01:00'::timestamptz, 943, '["Player 1", "Player 3", "Player 11", "Player 14"]', '0x0') RETURNING "pong_tournamentdata"."id"; args=(0, 1416, 1417, 1418, datetime.datetime(2023, 12, 7, 22, 27, 54, 154344, tzinfo=<DstTzInfo 'Europe/Paris' CET+1:00:00 STD>), 943, <psycopg2._json.Json object at 0x7f1ab9bb8800>, '0x0'); alias=default
DEBUG 2024-02-27 20:10:20,228 utils (0.000) SELECT COUNT(*) AS "__count" FROM "pong_gamedata"; args=(); alias=default
DEBUG 2024-02-27 20:10:20,229 utils (0.000) SELECT COUNT(*) AS "__count" FROM "pong_tournamentdata"; args=(); alias=default
DEBUG 2024-02-27 20:10:20,230 utils (0.000) SELECT "django_content_type"."id", "django_content_type"."app_label", "django_content_type"."model" FROM "django_content_type" WHERE "django_content_type"."app_label" = 'contenttypes'; args=('contenttypes',); alias=default
DEBUG 2024-02-27 20:10:20,231 utils (0.000) SELECT "django_content_type"."id", "django_content_type"."app_label", "django_content_type"."model" FROM "django_content_type" WHERE ("django_content_type"."app_label" = 'contenttypes' AND "django_content_type"."model" = 'contenttype') LIMIT 21; args=('contenttypes', 'contenttype'); alias=default
DEBUG 2024-02-27 20:10:20,233 utils (0.001) SELECT "auth_permission"."content_type_id", "auth_permission"."codename" FROM "auth_permission" INNER JOIN "django_content_type" ON ("auth_permission"."content_type_id" = "django_content_type"."id") WHERE "auth_permission"."content_type_id" IN (5) ORDER BY "django_content_type"."app_label" ASC, "django_content_type"."model" ASC, "auth_permission"."codename" ASC; args=(5,); alias=default
DEBUG 2024-02-27 20:10:20,234 utils (0.000) SELECT "django_content_type"."id", "django_content_type"."app_label", "django_content_type"."model" FROM "django_content_type" WHERE "django_content_type"."app_label" = 'contenttypes'; args=('contenttypes',); alias=default
DEBUG 2024-02-27 20:10:20,235 utils (0.000) SELECT COUNT(*) AS "__count" FROM "pong_gamedata"; args=(); alias=default
DEBUG 2024-02-27 20:10:20,236 utils (0.000) SELECT COUNT(*) AS "__count" FROM "pong_tournamentdata"; args=(); alias=default
DEBUG 2024-02-27 20:10:20,237 utils (0.000) SELECT COUNT(*) AS "__count" FROM "pong_gamedata"; args=(); alias=default
DEBUG 2024-02-27 20:10:20,238 utils (0.000) SELECT COUNT(*) AS "__count" FROM "pong_tournamentdata"; args=(); alias=default
DEBUG 2024-02-27 20:10:20,257 utils (0.002) INSERT INTO "pong_gamedata" ("player1_name", "player1_points", "player2_name", "player2_points", "game_end_timestamp", "game_duration_secs", "is_tournament_game") VALUES ('Player 13', 0, 'Player 12', 11, '2024-01-15T03:59:53.236678+01:00'::timestamptz, 10, true) RETURNING "pong_gamedata"."id"; args=('Player 13', 0, 'Player 12', 11, datetime.datetime(2024, 1, 15, 3, 59, 53, 236678, tzinfo=<DstTzInfo 'Europe/Paris' CET+1:00:00 STD>), 10, True); alias=default
DEBUG 2024-02-27 20:10:20,274 utils (0.001) INSERT INTO "pong_gamedata" ("player1_name", "player1_points", "player2_name", "player2_points", "game_end_timestamp", "game_duration_secs", "is_tournament_game") VALUES ('Player 6', 11, 'Player 8', 10, '2024-01-15T04:14:33.236678+01:00'::timestamptz, 576, true) RETURNING "pong_gamedata"."id"; args=('Player 6', 11, 'Player 8', 10, datetime.datetime(2024, 1, 15, 4, 14, 33, 236678, tzinfo=<DstTzInfo 'Europe/Paris' CET+1:00:00 STD>), 576, True); alias=default
DEBUG 2024-02-27 20:10:20,288 utils (0.001) INSERT INTO "pong_gamedata" ("player1_name", "player1_points", "player2_name", "player2_points", "game_end_timestamp", "game_duration_secs", "is_tournament_game") VALUES ('Player 12', 11, 'Player 6', 0, '2024-01-15T04:15:37.236678+01:00'::timestamptz, 310, true) RETURNING "pong_gamedata"."id"; args=('Player 12', 11, 'Player 6', 0, datetime.datetime(2024, 1, 15, 4, 15, 37, 236678, tzinfo=<DstTzInfo 'Europe/Paris' CET+1:00:00 STD>), 310, True); alias=default
DEBUG 2024-02-27 20:10:20,304 utils (0.000) INSERT INTO "pong_tournamentdata" ("tour_id", "match_id_semi_1", "match_id_semi_2", "match_id_final", "tournament_end_timestamp", "tournament_duration_secs", "player_ranking", "blockchain_hash") VALUES (0, 1419, 1420, 1421, '2024-01-15T04:15:37.236678+01:00'::timestamptz, 954, '["Player 12", "Player 6", "Player 13", "Player 8"]', '0x0') RETURNING "pong_tournamentdata"."id"; args=(0, 1419, 1420, 1421, datetime.datetime(2024, 1, 15, 4, 15, 37, 236678, tzinfo=<DstTzInfo 'Europe/Paris' CET+1:00:00 STD>), 954, <psycopg2._json.Json object at 0x7f1ab9bb9910>, '0x0'); alias=default
DEBUG 2024-02-27 20:10:20,305 utils (0.000) SELECT COUNT(*) AS "__count" FROM "pong_gamedata"; args=(); alias=default
DEBUG 2024-02-27 20:10:20,306 utils (0.000) SELECT COUNT(*) AS "__count" FROM "pong_tournamentdata"; args=(); alias=default
DEBUG 2024-02-27 20:10:20,306 utils (0.000) SELECT "django_content_type"."id", "django_content_type"."app_label", "django_content_type"."model" FROM "django_content_type" WHERE "django_content_type"."app_label" = 'sessions'; args=('sessions',); alias=default
DEBUG 2024-02-27 20:10:20,307 utils (0.000) SELECT "django_content_type"."id", "django_content_type"."app_label", "django_content_type"."model" FROM "django_content_type" WHERE ("django_content_type"."app_label" = 'sessions' AND "django_content_type"."model" = 'session') LIMIT 21; args=('sessions', 'session'); alias=default
DEBUG 2024-02-27 20:10:20,309 utils (0.000) SELECT "auth_permission"."content_type_id", "auth_permission"."codename" FROM "auth_permission" INNER JOIN "django_content_type" ON ("auth_permission"."content_type_id" = "django_content_type"."id") WHERE "auth_permission"."content_type_id" IN (6) ORDER BY "django_content_type"."app_label" ASC, "django_content_type"."model" ASC, "auth_permission"."codename" ASC; args=(6,); alias=default
DEBUG 2024-02-27 20:10:20,311 utils (0.001) SELECT "django_content_type"."id", "django_content_type"."app_label", "django_content_type"."model" FROM "django_content_type" WHERE "django_content_type"."app_label" = 'sessions'; args=('sessions',); alias=default
DEBUG 2024-02-27 20:10:20,313 utils (0.001) SELECT COUNT(*) AS "__count" FROM "pong_gamedata"; args=(); alias=default
DEBUG 2024-02-27 20:10:20,314 utils (0.000) SELECT COUNT(*) AS "__count" FROM "pong_tournamentdata"; args=(); alias=default
DEBUG 2024-02-27 20:10:20,315 utils (0.000) SELECT COUNT(*) AS "__count" FROM "pong_gamedata"; args=(); alias=default
DEBUG 2024-02-27 20:10:20,316 utils (0.000) SELECT COUNT(*) AS "__count" FROM "pong_tournamentdata"; args=(); alias=default
DEBUG 2024-02-27 20:10:20,330 utils (0.001) INSERT INTO "pong_gamedata" ("player1_name", "player1_points", "player2_name", "player2_points", "game_end_timestamp", "game_duration_secs", "is_tournament_game") VALUES ('Player 13', 4, 'Player 8', 11, '2024-02-01T19:22:30.314474+01:00'::timestamptz, 567, true) RETURNING "pong_gamedata"."id"; args=('Player 13', 4, 'Player 8', 11, datetime.datetime(2024, 2, 1, 19, 22, 30, 314474, tzinfo=<DstTzInfo 'Europe/Paris' CET+1:00:00 STD>), 567, True); alias=default
DEBUG 2024-02-27 20:10:20,343 utils (0.001) INSERT INTO "pong_gamedata" ("player1_name", "player1_points", "player2_name", "player2_points", "game_end_timestamp", "game_duration_secs", "is_tournament_game") VALUES ('Player 7', 11, 'Player 14', 3, '2024-02-01T19:18:21.314474+01:00'::timestamptz, 469, true) RETURNING "pong_gamedata"."id"; args=('Player 7', 11, 'Player 14', 3, datetime.datetime(2024, 2, 1, 19, 18, 21, 314474, tzinfo=<DstTzInfo 'Europe/Paris' CET+1:00:00 STD>), 469, True); alias=default
DEBUG 2024-02-27 20:10:20,357 utils (0.001) INSERT INTO "pong_gamedata" ("player1_name", "player1_points", "player2_name", "player2_points", "game_end_timestamp", "game_duration_secs", "is_tournament_game") VALUES ('Player 8', 9, 'Player 7', 11, '2024-02-01T19:25:02.314474+01:00'::timestamptz, 987, true) RETURNING "pong_gamedata"."id"; args=('Player 8', 9, 'Player 7', 11, datetime.datetime(2024, 2, 1, 19, 25, 2, 314474, tzinfo=<DstTzInfo 'Europe/Paris' CET+1:00:00 STD>), 987, True); alias=default
DEBUG 2024-02-27 20:10:20,374 utils (0.000) INSERT INTO "pong_tournamentdata" ("tour_id", "match_id_semi_1", "match_id_semi_2", "match_id_final", "tournament_end_timestamp", "tournament_duration_secs", "player_ranking", "blockchain_hash") VALUES (0, 1422, 1423, 1424, '2024-02-01T19:25:02.314474+01:00'::timestamptz, 870, '["Player 7", "Player 8", "Player 13", "Player 14"]', '0x0') RETURNING "pong_tournamentdata"."id"; args=(0, 1422, 1423, 1424, datetime.datetime(2024, 2, 1, 19, 25, 2, 314474, tzinfo=<DstTzInfo 'Europe/Paris' CET+1:00:00 STD>), 870, <psycopg2._json.Json object at 0x7f1ab9bba780>, '0x0'); alias=default
DEBUG 2024-02-27 20:10:20,375 utils (0.000) SELECT COUNT(*) AS "__count" FROM "pong_gamedata"; args=(); alias=default
DEBUG 2024-02-27 20:10:20,376 utils (0.000) SELECT COUNT(*) AS "__count" FROM "pong_tournamentdata"; args=(); alias=default
DEBUG 2024-02-27 20:10:20,377 utils (0.000) SELECT "django_content_type"."id", "django_content_type"."app_label", "django_content_type"."model" FROM "django_content_type" WHERE "django_content_type"."app_label" = 'pong'; args=('pong',); alias=default
DEBUG 2024-02-27 20:10:20,378 utils (0.000) SELECT "django_content_type"."id", "django_content_type"."app_label", "django_content_type"."model" FROM "django_content_type" WHERE ("django_content_type"."app_label" = 'pong' AND "django_content_type"."model" = 'gamedata') LIMIT 21; args=('pong', 'gamedata'); alias=default
DEBUG 2024-02-27 20:10:20,380 utils (0.000) SELECT "django_content_type"."id", "django_content_type"."app_label", "django_content_type"."model" FROM "django_content_type" WHERE ("django_content_type"."app_label" = 'pong' AND "django_content_type"."model" = 'tournamentdata') LIMIT 21; args=('pong', 'tournamentdata'); alias=default
DEBUG 2024-02-27 20:10:20,382 utils (0.000) SELECT "auth_permission"."content_type_id", "auth_permission"."codename" FROM "auth_permission" INNER JOIN "django_content_type" ON ("auth_permission"."content_type_id" = "django_content_type"."id") WHERE "auth_permission"."content_type_id" IN (8, 7) ORDER BY "django_content_type"."app_label" ASC, "django_content_type"."model" ASC, "auth_permission"."codename" ASC; args=(8, 7); alias=default
DEBUG 2024-02-27 20:10:20,383 utils (0.000) SELECT "django_content_type"."id", "django_content_type"."app_label", "django_content_type"."model" FROM "django_content_type" WHERE "django_content_type"."app_label" = 'pong'; args=('pong',); alias=default
DEBUG 2024-02-27 20:10:20,384 utils (0.000) SELECT COUNT(*) AS "__count" FROM "pong_gamedata"; args=(); alias=default
DEBUG 2024-02-27 20:10:20,385 utils (0.000) SELECT COUNT(*) AS "__count" FROM "pong_tournamentdata"; args=(); alias=default
DEBUG 2024-02-27 20:10:20,386 utils (0.000) SELECT COUNT(*) AS "__count" FROM "pong_gamedata"; args=(); alias=default
DEBUG 2024-02-27 20:10:20,387 utils (0.000) SELECT COUNT(*) AS "__count" FROM "pong_tournamentdata"; args=(); alias=default
DEBUG 2024-02-27 20:10:20,403 utils (0.001) INSERT INTO "pong_gamedata" ("player1_name", "player1_points", "player2_name", "player2_points", "game_end_timestamp", "game_duration_secs", "is_tournament_game") VALUES ('Player 1', 7, 'Player 7', 11, '2023-11-08T12:00:08.385486+01:00'::timestamptz, 354, true) RETURNING "pong_gamedata"."id"; args=('Player 1', 7, 'Player 7', 11, datetime.datetime(2023, 11, 8, 12, 0, 8, 385486, tzinfo=<DstTzInfo 'Europe/Paris' CET+1:00:00 STD>), 354, True); alias=default
DEBUG 2024-02-27 20:10:20,419 utils (0.001) INSERT INTO "pong_gamedata" ("player1_name", "player1_points", "player2_name", "player2_points", "game_end_timestamp", "game_duration_secs", "is_tournament_game") VALUES ('Player 13', 8, 'Player 14', 11, '2023-11-08T12:08:27.385486+01:00'::timestamptz, 242, true) RETURNING "pong_gamedata"."id"; args=('Player 13', 8, 'Player 14', 11, datetime.datetime(2023, 11, 8, 12, 8, 27, 385486, tzinfo=<DstTzInfo 'Europe/Paris' CET+1:00:00 STD>), 242, True); alias=default
DEBUG 2024-02-27 20:10:20,434 utils (0.001) INSERT INTO "pong_gamedata" ("player1_name", "player1_points", "player2_name", "player2_points", "game_end_timestamp", "game_duration_secs", "is_tournament_game") VALUES ('Player 7', 11, 'Player 14', 9, '2023-11-08T12:08:35.385486+01:00'::timestamptz, 660, true) RETURNING "pong_gamedata"."id"; args=('Player 7', 11, 'Player 14', 9, datetime.datetime(2023, 11, 8, 12, 8, 35, 385486, tzinfo=<DstTzInfo 'Europe/Paris' CET+1:00:00 STD>), 660, True); alias=default
DEBUG 2024-02-27 20:10:20,448 utils (0.000) INSERT INTO "pong_tournamentdata" ("tour_id", "match_id_semi_1", "match_id_semi_2", "match_id_final", "tournament_end_timestamp", "tournament_duration_secs", "player_ranking", "blockchain_hash") VALUES (0, 1425, 1426, 1427, '2023-11-08T12:08:35.385486+01:00'::timestamptz, 861, '["Player 7", "Player 14", "Player 1", "Player 13"]', '0x0') RETURNING "pong_tournamentdata"."id"; args=(0, 1425, 1426, 1427, datetime.datetime(2023, 11, 8, 12, 8, 35, 385486, tzinfo=<DstTzInfo 'Europe/Paris' CET+1:00:00 STD>), 861, <psycopg2._json.Json object at 0x7f1ab9bbb9b0>, '0x0'); alias=default
DEBUG 2024-02-27 20:10:20,449 utils (0.000) SELECT COUNT(*) AS "__count" FROM "pong_gamedata"; args=(); alias=default
DEBUG 2024-02-27 20:10:20,450 utils (0.000) SELECT COUNT(*) AS "__count" FROM "pong_tournamentdata"; args=(); alias=default
