DEBUG 2024-03-02 23:03:30,745 utils (0.003) 
            SELECT
                c.relname,
                CASE
                    WHEN c.relispartition THEN 'p'
                    WHEN c.relkind IN ('m', 'v') THEN 'v'
                    ELSE 't'
                END,
                obj_description(c.oid, 'pg_class')
            FROM pg_catalog.pg_class c
            LEFT JOIN pg_catalog.pg_namespace n ON n.oid = c.relnamespace
            WHERE c.relkind IN ('f', 'm', 'p', 'r', 'v')
                AND n.nspname NOT IN ('pg_catalog', 'pg_toast')
                AND pg_catalog.pg_table_is_visible(c.oid)
        ; args=None; alias=default
DEBUG 2024-03-02 23:03:30,749 utils (0.001) SELECT "django_migrations"."id", "django_migrations"."app", "django_migrations"."name", "django_migrations"."applied" FROM "django_migrations"; args=(); alias=default
DEBUG 2024-03-02 23:03:30,752 utils (0.001) 
            SELECT
                c.relname,
                CASE
                    WHEN c.relispartition THEN 'p'
                    WHEN c.relkind IN ('m', 'v') THEN 'v'
                    ELSE 't'
                END,
                obj_description(c.oid, 'pg_class')
            FROM pg_catalog.pg_class c
            LEFT JOIN pg_catalog.pg_namespace n ON n.oid = c.relnamespace
            WHERE c.relkind IN ('f', 'm', 'p', 'r', 'v')
                AND n.nspname NOT IN ('pg_catalog', 'pg_toast')
                AND pg_catalog.pg_table_is_visible(c.oid)
        ; args=None; alias=default
DEBUG 2024-03-02 23:03:30,753 utils (0.000) SELECT "django_migrations"."id", "django_migrations"."app", "django_migrations"."name", "django_migrations"."applied" FROM "django_migrations"; args=(); alias=default
DEBUG 2024-03-02 23:03:30,776 utils (0.001) 
            SELECT
                c.relname,
                CASE
                    WHEN c.relispartition THEN 'p'
                    WHEN c.relkind IN ('m', 'v') THEN 'v'
                    ELSE 't'
                END,
                obj_description(c.oid, 'pg_class')
            FROM pg_catalog.pg_class c
            LEFT JOIN pg_catalog.pg_namespace n ON n.oid = c.relnamespace
            WHERE c.relkind IN ('f', 'm', 'p', 'r', 'v')
                AND n.nspname NOT IN ('pg_catalog', 'pg_toast')
                AND pg_catalog.pg_table_is_visible(c.oid)
        ; args=None; alias=default
DEBUG 2024-03-02 23:03:30,777 utils (0.001) 
            SELECT
                c.relname,
                CASE
                    WHEN c.relispartition THEN 'p'
                    WHEN c.relkind IN ('m', 'v') THEN 'v'
                    ELSE 't'
                END,
                obj_description(c.oid, 'pg_class')
            FROM pg_catalog.pg_class c
            LEFT JOIN pg_catalog.pg_namespace n ON n.oid = c.relnamespace
            WHERE c.relkind IN ('f', 'm', 'p', 'r', 'v')
                AND n.nspname NOT IN ('pg_catalog', 'pg_toast')
                AND pg_catalog.pg_table_is_visible(c.oid)
        ; args=None; alias=default
DEBUG 2024-03-02 23:03:30,778 utils (0.000) SELECT "django_migrations"."id", "django_migrations"."app", "django_migrations"."name", "django_migrations"."applied" FROM "django_migrations"; args=(); alias=default
DEBUG 2024-03-02 23:03:30,780 utils (0.001) SELECT "django_content_type"."id", "django_content_type"."app_label", "django_content_type"."model" FROM "django_content_type" WHERE "django_content_type"."app_label" = 'admin'; args=('admin',); alias=default
DEBUG 2024-03-02 23:03:30,781 utils (0.000) SELECT "django_content_type"."id", "django_content_type"."app_label", "django_content_type"."model" FROM "django_content_type" WHERE ("django_content_type"."app_label" = 'admin' AND "django_content_type"."model" = 'logentry') LIMIT 21; args=('admin', 'logentry'); alias=default
DEBUG 2024-03-02 23:03:30,784 utils (0.001) SELECT "auth_permission"."content_type_id", "auth_permission"."codename" FROM "auth_permission" INNER JOIN "django_content_type" ON ("auth_permission"."content_type_id" = "django_content_type"."id") WHERE "auth_permission"."content_type_id" IN (1) ORDER BY "django_content_type"."app_label" ASC, "django_content_type"."model" ASC, "auth_permission"."codename" ASC; args=(1,); alias=default
DEBUG 2024-03-02 23:03:30,784 utils (0.000) SELECT "django_content_type"."id", "django_content_type"."app_label", "django_content_type"."model" FROM "django_content_type" WHERE "django_content_type"."app_label" = 'admin'; args=('admin',); alias=default
DEBUG 2024-03-02 23:03:30,786 utils (0.000) SELECT COUNT(*) AS "__count" FROM "pong_gamedata"; args=(); alias=default
DEBUG 2024-03-02 23:03:30,787 utils (0.000) SELECT COUNT(*) AS "__count" FROM "pong_tournamentdata"; args=(); alias=default
DEBUG 2024-03-02 23:03:30,788 utils (0.000) SELECT COUNT(*) AS "__count" FROM "pong_gamedata"; args=(); alias=default
DEBUG 2024-03-02 23:03:30,789 utils (0.000) SELECT COUNT(*) AS "__count" FROM "pong_tournamentdata"; args=(); alias=default
DEBUG 2024-03-02 23:03:30,790 utils (0.000) SELECT COUNT(*) AS "__count" FROM "pong_gamedata"; args=(); alias=default
DEBUG 2024-03-02 23:03:30,792 utils (0.000) SELECT COUNT(*) AS "__count" FROM "pong_tournamentdata"; args=(); alias=default
DEBUG 2024-03-02 23:03:30,793 utils (0.000) SELECT "django_content_type"."id", "django_content_type"."app_label", "django_content_type"."model" FROM "django_content_type" WHERE "django_content_type"."app_label" = 'auth'; args=('auth',); alias=default
DEBUG 2024-03-02 23:03:30,794 utils (0.000) SELECT "django_content_type"."id", "django_content_type"."app_label", "django_content_type"."model" FROM "django_content_type" WHERE ("django_content_type"."app_label" = 'auth' AND "django_content_type"."model" = 'permission') LIMIT 21; args=('auth', 'permission'); alias=default
DEBUG 2024-03-02 23:03:30,795 utils (0.000) SELECT "django_content_type"."id", "django_content_type"."app_label", "django_content_type"."model" FROM "django_content_type" WHERE ("django_content_type"."app_label" = 'auth' AND "django_content_type"."model" = 'group') LIMIT 21; args=('auth', 'group'); alias=default
DEBUG 2024-03-02 23:03:30,796 utils (0.000) SELECT "django_content_type"."id", "django_content_type"."app_label", "django_content_type"."model" FROM "django_content_type" WHERE ("django_content_type"."app_label" = 'auth' AND "django_content_type"."model" = 'user') LIMIT 21; args=('auth', 'user'); alias=default
DEBUG 2024-03-02 23:03:30,798 utils (0.001) SELECT "auth_permission"."content_type_id", "auth_permission"."codename" FROM "auth_permission" INNER JOIN "django_content_type" ON ("auth_permission"."content_type_id" = "django_content_type"."id") WHERE "auth_permission"."content_type_id" IN (2, 3, 4) ORDER BY "django_content_type"."app_label" ASC, "django_content_type"."model" ASC, "auth_permission"."codename" ASC; args=(2, 3, 4); alias=default
DEBUG 2024-03-02 23:03:30,799 utils (0.000) SELECT "django_content_type"."id", "django_content_type"."app_label", "django_content_type"."model" FROM "django_content_type" WHERE "django_content_type"."app_label" = 'auth'; args=('auth',); alias=default
DEBUG 2024-03-02 23:03:30,800 utils (0.000) SELECT COUNT(*) AS "__count" FROM "pong_gamedata"; args=(); alias=default
DEBUG 2024-03-02 23:03:30,801 utils (0.000) SELECT COUNT(*) AS "__count" FROM "pong_tournamentdata"; args=(); alias=default
DEBUG 2024-03-02 23:03:30,801 utils (0.000) SELECT COUNT(*) AS "__count" FROM "pong_gamedata"; args=(); alias=default
DEBUG 2024-03-02 23:03:30,802 utils (0.000) SELECT COUNT(*) AS "__count" FROM "pong_tournamentdata"; args=(); alias=default
DEBUG 2024-03-02 23:03:30,804 utils (0.000) SELECT COUNT(*) AS "__count" FROM "pong_gamedata"; args=(); alias=default
DEBUG 2024-03-02 23:03:30,804 utils (0.000) SELECT COUNT(*) AS "__count" FROM "pong_tournamentdata"; args=(); alias=default
DEBUG 2024-03-02 23:03:30,805 utils (0.000) SELECT "django_content_type"."id", "django_content_type"."app_label", "django_content_type"."model" FROM "django_content_type" WHERE "django_content_type"."app_label" = 'contenttypes'; args=('contenttypes',); alias=default
DEBUG 2024-03-02 23:03:30,807 utils (0.000) SELECT "django_content_type"."id", "django_content_type"."app_label", "django_content_type"."model" FROM "django_content_type" WHERE ("django_content_type"."app_label" = 'contenttypes' AND "django_content_type"."model" = 'contenttype') LIMIT 21; args=('contenttypes', 'contenttype'); alias=default
DEBUG 2024-03-02 23:03:30,809 utils (0.001) SELECT "auth_permission"."content_type_id", "auth_permission"."codename" FROM "auth_permission" INNER JOIN "django_content_type" ON ("auth_permission"."content_type_id" = "django_content_type"."id") WHERE "auth_permission"."content_type_id" IN (5) ORDER BY "django_content_type"."app_label" ASC, "django_content_type"."model" ASC, "auth_permission"."codename" ASC; args=(5,); alias=default
DEBUG 2024-03-02 23:03:30,810 utils (0.000) SELECT "django_content_type"."id", "django_content_type"."app_label", "django_content_type"."model" FROM "django_content_type" WHERE "django_content_type"."app_label" = 'contenttypes'; args=('contenttypes',); alias=default
DEBUG 2024-03-02 23:03:30,811 utils (0.000) SELECT COUNT(*) AS "__count" FROM "pong_gamedata"; args=(); alias=default
DEBUG 2024-03-02 23:03:30,812 utils (0.000) SELECT COUNT(*) AS "__count" FROM "pong_tournamentdata"; args=(); alias=default
DEBUG 2024-03-02 23:03:30,813 utils (0.000) SELECT COUNT(*) AS "__count" FROM "pong_gamedata"; args=(); alias=default
DEBUG 2024-03-02 23:03:30,814 utils (0.000) SELECT COUNT(*) AS "__count" FROM "pong_tournamentdata"; args=(); alias=default
DEBUG 2024-03-02 23:03:30,815 utils (0.000) SELECT COUNT(*) AS "__count" FROM "pong_gamedata"; args=(); alias=default
DEBUG 2024-03-02 23:03:30,816 utils (0.000) SELECT COUNT(*) AS "__count" FROM "pong_tournamentdata"; args=(); alias=default
DEBUG 2024-03-02 23:03:30,817 utils (0.000) SELECT "django_content_type"."id", "django_content_type"."app_label", "django_content_type"."model" FROM "django_content_type" WHERE "django_content_type"."app_label" = 'sessions'; args=('sessions',); alias=default
DEBUG 2024-03-02 23:03:30,818 utils (0.000) SELECT "django_content_type"."id", "django_content_type"."app_label", "django_content_type"."model" FROM "django_content_type" WHERE ("django_content_type"."app_label" = 'sessions' AND "django_content_type"."model" = 'session') LIMIT 21; args=('sessions', 'session'); alias=default
DEBUG 2024-03-02 23:03:30,819 utils (0.000) SELECT "auth_permission"."content_type_id", "auth_permission"."codename" FROM "auth_permission" INNER JOIN "django_content_type" ON ("auth_permission"."content_type_id" = "django_content_type"."id") WHERE "auth_permission"."content_type_id" IN (6) ORDER BY "django_content_type"."app_label" ASC, "django_content_type"."model" ASC, "auth_permission"."codename" ASC; args=(6,); alias=default
DEBUG 2024-03-02 23:03:30,820 utils (0.000) SELECT "django_content_type"."id", "django_content_type"."app_label", "django_content_type"."model" FROM "django_content_type" WHERE "django_content_type"."app_label" = 'sessions'; args=('sessions',); alias=default
DEBUG 2024-03-02 23:03:30,821 utils (0.000) SELECT COUNT(*) AS "__count" FROM "pong_gamedata"; args=(); alias=default
DEBUG 2024-03-02 23:03:30,821 utils (0.000) SELECT COUNT(*) AS "__count" FROM "pong_tournamentdata"; args=(); alias=default
DEBUG 2024-03-02 23:03:30,822 utils (0.000) SELECT COUNT(*) AS "__count" FROM "pong_gamedata"; args=(); alias=default
DEBUG 2024-03-02 23:03:30,823 utils (0.000) SELECT COUNT(*) AS "__count" FROM "pong_tournamentdata"; args=(); alias=default
DEBUG 2024-03-02 23:03:30,824 utils (0.000) SELECT COUNT(*) AS "__count" FROM "pong_gamedata"; args=(); alias=default
DEBUG 2024-03-02 23:03:30,825 utils (0.000) SELECT COUNT(*) AS "__count" FROM "pong_tournamentdata"; args=(); alias=default
DEBUG 2024-03-02 23:03:30,826 utils (0.000) SELECT "django_content_type"."id", "django_content_type"."app_label", "django_content_type"."model" FROM "django_content_type" WHERE "django_content_type"."app_label" = 'pong'; args=('pong',); alias=default
DEBUG 2024-03-02 23:03:30,827 utils (0.000) SELECT "django_content_type"."id", "django_content_type"."app_label", "django_content_type"."model" FROM "django_content_type" WHERE ("django_content_type"."app_label" = 'pong' AND "django_content_type"."model" = 'gamedata') LIMIT 21; args=('pong', 'gamedata'); alias=default
DEBUG 2024-03-02 23:03:30,828 utils (0.000) SELECT "django_content_type"."id", "django_content_type"."app_label", "django_content_type"."model" FROM "django_content_type" WHERE ("django_content_type"."app_label" = 'pong' AND "django_content_type"."model" = 'tournamentdata') LIMIT 21; args=('pong', 'tournamentdata'); alias=default
DEBUG 2024-03-02 23:03:30,830 utils (0.001) SELECT "auth_permission"."content_type_id", "auth_permission"."codename" FROM "auth_permission" INNER JOIN "django_content_type" ON ("auth_permission"."content_type_id" = "django_content_type"."id") WHERE "auth_permission"."content_type_id" IN (8, 7) ORDER BY "django_content_type"."app_label" ASC, "django_content_type"."model" ASC, "auth_permission"."codename" ASC; args=(8, 7); alias=default
DEBUG 2024-03-02 23:03:30,832 utils (0.000) SELECT "django_content_type"."id", "django_content_type"."app_label", "django_content_type"."model" FROM "django_content_type" WHERE "django_content_type"."app_label" = 'pong'; args=('pong',); alias=default
DEBUG 2024-03-02 23:03:30,833 utils (0.000) SELECT COUNT(*) AS "__count" FROM "pong_gamedata"; args=(); alias=default
DEBUG 2024-03-02 23:03:30,834 utils (0.000) SELECT COUNT(*) AS "__count" FROM "pong_tournamentdata"; args=(); alias=default
DEBUG 2024-03-02 23:03:30,835 utils (0.000) SELECT COUNT(*) AS "__count" FROM "pong_gamedata"; args=(); alias=default
DEBUG 2024-03-02 23:03:30,837 utils (0.000) SELECT COUNT(*) AS "__count" FROM "pong_tournamentdata"; args=(); alias=default
DEBUG 2024-03-02 23:03:30,838 utils (0.000) SELECT COUNT(*) AS "__count" FROM "pong_gamedata"; args=(); alias=default
DEBUG 2024-03-02 23:03:30,839 utils (0.000) SELECT COUNT(*) AS "__count" FROM "pong_tournamentdata"; args=(); alias=default
