DEBUG 2024-02-27 21:34:34,509 utils (0.002) 
            SELECT
                c.relname,
                CASE
                    WHEN c.relispartition THEN 'p'
                    WHEN c.relkind IN ('m', 'v') THEN 'v'
                    ELSE 't'
                END,
                obj_description(c.oid, 'pg_class')
            FROM pg_catalog.pg_class c
            LEFT JOIN pg_catalog.pg_namespace n ON n.oid = c.relnamespace
            WHERE c.relkind IN ('f', 'm', 'p', 'r', 'v')
                AND n.nspname NOT IN ('pg_catalog', 'pg_toast')
                AND pg_catalog.pg_table_is_visible(c.oid)
        ; args=None; alias=default
DEBUG 2024-02-27 21:34:34,511 utils (0.000) SELECT "django_migrations"."id", "django_migrations"."app", "django_migrations"."name", "django_migrations"."applied" FROM "django_migrations"; args=(); alias=default
DEBUG 2024-02-27 21:34:34,513 utils (0.001) 
            SELECT
                c.relname,
                CASE
                    WHEN c.relispartition THEN 'p'
                    WHEN c.relkind IN ('m', 'v') THEN 'v'
                    ELSE 't'
                END,
                obj_description(c.oid, 'pg_class')
            FROM pg_catalog.pg_class c
            LEFT JOIN pg_catalog.pg_namespace n ON n.oid = c.relnamespace
            WHERE c.relkind IN ('f', 'm', 'p', 'r', 'v')
                AND n.nspname NOT IN ('pg_catalog', 'pg_toast')
                AND pg_catalog.pg_table_is_visible(c.oid)
        ; args=None; alias=default
DEBUG 2024-02-27 21:34:34,513 utils (0.000) SELECT "django_migrations"."id", "django_migrations"."app", "django_migrations"."name", "django_migrations"."applied" FROM "django_migrations"; args=(); alias=default
DEBUG 2024-02-27 21:34:34,527 utils (0.001) 
            SELECT
                c.relname,
                CASE
                    WHEN c.relispartition THEN 'p'
                    WHEN c.relkind IN ('m', 'v') THEN 'v'
                    ELSE 't'
                END,
                obj_description(c.oid, 'pg_class')
            FROM pg_catalog.pg_class c
            LEFT JOIN pg_catalog.pg_namespace n ON n.oid = c.relnamespace
            WHERE c.relkind IN ('f', 'm', 'p', 'r', 'v')
                AND n.nspname NOT IN ('pg_catalog', 'pg_toast')
                AND pg_catalog.pg_table_is_visible(c.oid)
        ; args=None; alias=default
DEBUG 2024-02-27 21:34:34,528 utils (0.001) 
            SELECT
                c.relname,
                CASE
                    WHEN c.relispartition THEN 'p'
                    WHEN c.relkind IN ('m', 'v') THEN 'v'
                    ELSE 't'
                END,
                obj_description(c.oid, 'pg_class')
            FROM pg_catalog.pg_class c
            LEFT JOIN pg_catalog.pg_namespace n ON n.oid = c.relnamespace
            WHERE c.relkind IN ('f', 'm', 'p', 'r', 'v')
                AND n.nspname NOT IN ('pg_catalog', 'pg_toast')
                AND pg_catalog.pg_table_is_visible(c.oid)
        ; args=None; alias=default
DEBUG 2024-02-27 21:34:34,528 utils (0.000) SELECT "django_migrations"."id", "django_migrations"."app", "django_migrations"."name", "django_migrations"."applied" FROM "django_migrations"; args=(); alias=default
DEBUG 2024-02-27 21:34:34,530 utils (0.001) SELECT "django_content_type"."id", "django_content_type"."app_label", "django_content_type"."model" FROM "django_content_type" WHERE "django_content_type"."app_label" = 'admin'; args=('admin',); alias=default
DEBUG 2024-02-27 21:34:34,532 utils (0.000) SELECT "django_content_type"."id", "django_content_type"."app_label", "django_content_type"."model" FROM "django_content_type" WHERE ("django_content_type"."app_label" = 'admin' AND "django_content_type"."model" = 'logentry') LIMIT 21; args=('admin', 'logentry'); alias=default
DEBUG 2024-02-27 21:34:34,534 utils (0.001) SELECT "auth_permission"."content_type_id", "auth_permission"."codename" FROM "auth_permission" INNER JOIN "django_content_type" ON ("auth_permission"."content_type_id" = "django_content_type"."id") WHERE "auth_permission"."content_type_id" IN (1) ORDER BY "django_content_type"."app_label" ASC, "django_content_type"."model" ASC, "auth_permission"."codename" ASC; args=(1,); alias=default
DEBUG 2024-02-27 21:34:34,535 utils (0.000) SELECT "django_content_type"."id", "django_content_type"."app_label", "django_content_type"."model" FROM "django_content_type" WHERE "django_content_type"."app_label" = 'admin'; args=('admin',); alias=default
DEBUG 2024-02-27 21:34:34,536 utils (0.000) SELECT COUNT(*) AS "__count" FROM "pong_gamedata"; args=(); alias=default
DEBUG 2024-02-27 21:34:34,537 utils (0.000) SELECT COUNT(*) AS "__count" FROM "pong_tournamentdata"; args=(); alias=default
DEBUG 2024-02-27 21:34:34,538 utils (0.000) SELECT COUNT(*) AS "__count" FROM "pong_gamedata"; args=(); alias=default
DEBUG 2024-02-27 21:34:34,539 utils (0.000) SELECT COUNT(*) AS "__count" FROM "pong_tournamentdata"; args=(); alias=default
DEBUG 2024-02-27 21:34:34,573 utils (0.010) INSERT INTO "pong_gamedata" ("player1_name", "player1_points", "player2_name", "player2_points", "game_end_timestamp", "game_duration_secs", "is_tournament_game") VALUES ('Player 7', 9, 'Player 4', 11, '2024-02-21T16:54:50.537638+01:00'::timestamptz, 544, true) RETURNING "pong_gamedata"."id"; args=('Player 7', 9, 'Player 4', 11, datetime.datetime(2024, 2, 21, 16, 54, 50, 537638, tzinfo=<DstTzInfo 'Europe/Paris' CET+1:00:00 STD>), 544, True); alias=default
DEBUG 2024-02-27 21:34:34,579 utils (0.005) INSERT INTO "pong_gamedata" ("player1_name", "player1_points", "player2_name", "player2_points", "game_end_timestamp", "game_duration_secs", "is_tournament_game") VALUES ('Player 6', 11, 'Player 2', 10, '2024-02-21T16:59:12.537638+01:00'::timestamptz, 572, true) RETURNING "pong_gamedata"."id"; args=('Player 6', 11, 'Player 2', 10, datetime.datetime(2024, 2, 21, 16, 59, 12, 537638, tzinfo=<DstTzInfo 'Europe/Paris' CET+1:00:00 STD>), 572, True); alias=default
DEBUG 2024-02-27 21:34:34,580 utils (0.001) INSERT INTO "pong_gamedata" ("player1_name", "player1_points", "player2_name", "player2_points", "game_end_timestamp", "game_duration_secs", "is_tournament_game") VALUES ('Player 4', 11, 'Player 6', 3, '2024-02-21T17:00:06.537638+01:00'::timestamptz, 965, true) RETURNING "pong_gamedata"."id"; args=('Player 4', 11, 'Player 6', 3, datetime.datetime(2024, 2, 21, 17, 0, 6, 537638, tzinfo=<DstTzInfo 'Europe/Paris' CET+1:00:00 STD>), 965, True); alias=default
DEBUG 2024-02-27 21:34:34,581 utils (0.000) INSERT INTO "pong_tournamentdata" ("tour_id", "match_id_semi_1", "match_id_semi_2", "match_id_final", "tournament_end_timestamp", "tournament_duration_secs", "player_ranking", "blockchain_hash") VALUES (0, 1622, 1623, 1624, '2024-02-21T17:00:06.537638+01:00'::timestamptz, 860, '["Player 4", "Player 6", "Player 7", "Player 2"]', '0x0') RETURNING "pong_tournamentdata"."id"; args=(0, 1622, 1623, 1624, datetime.datetime(2024, 2, 21, 17, 0, 6, 537638, tzinfo=<DstTzInfo 'Europe/Paris' CET+1:00:00 STD>), 860, <psycopg2._json.Json object at 0x7f845498acc0>, '0x0'); alias=default
DEBUG 2024-02-27 21:34:34,582 utils (0.001) INSERT INTO "pong_gamedata" ("player1_name", "player1_points", "player2_name", "player2_points", "game_end_timestamp", "game_duration_secs", "is_tournament_game") VALUES ('Player 1', 11, 'Player 11', 6, '2024-02-17T04:19:27.537638+01:00'::timestamptz, 491, true) RETURNING "pong_gamedata"."id"; args=('Player 1', 11, 'Player 11', 6, datetime.datetime(2024, 2, 17, 4, 19, 27, 537638, tzinfo=<DstTzInfo 'Europe/Paris' CET+1:00:00 STD>), 491, True); alias=default
DEBUG 2024-02-27 21:34:34,585 utils (0.002) INSERT INTO "pong_gamedata" ("player1_name", "player1_points", "player2_name", "player2_points", "game_end_timestamp", "game_duration_secs", "is_tournament_game") VALUES ('Player 10', 6, 'Player 9', 11, '2024-02-17T04:20:52.537638+01:00'::timestamptz, 380, true) RETURNING "pong_gamedata"."id"; args=('Player 10', 6, 'Player 9', 11, datetime.datetime(2024, 2, 17, 4, 20, 52, 537638, tzinfo=<DstTzInfo 'Europe/Paris' CET+1:00:00 STD>), 380, True); alias=default
DEBUG 2024-02-27 21:34:34,588 utils (0.002) INSERT INTO "pong_gamedata" ("player1_name", "player1_points", "player2_name", "player2_points", "game_end_timestamp", "game_duration_secs", "is_tournament_game") VALUES ('Player 1', 11, 'Player 9', 8, '2024-02-17T04:23:40.537638+01:00'::timestamptz, 251, true) RETURNING "pong_gamedata"."id"; args=('Player 1', 11, 'Player 9', 8, datetime.datetime(2024, 2, 17, 4, 23, 40, 537638, tzinfo=<DstTzInfo 'Europe/Paris' CET+1:00:00 STD>), 251, True); alias=default
DEBUG 2024-02-27 21:34:34,589 utils (0.000) INSERT INTO "pong_tournamentdata" ("tour_id", "match_id_semi_1", "match_id_semi_2", "match_id_final", "tournament_end_timestamp", "tournament_duration_secs", "player_ranking", "blockchain_hash") VALUES (0, 1625, 1626, 1627, '2024-02-17T04:23:40.537638+01:00'::timestamptz, 744, '["Player 1", "Player 9", "Player 11", "Player 10"]', '0x0') RETURNING "pong_tournamentdata"."id"; args=(0, 1625, 1626, 1627, datetime.datetime(2024, 2, 17, 4, 23, 40, 537638, tzinfo=<DstTzInfo 'Europe/Paris' CET+1:00:00 STD>), 744, <psycopg2._json.Json object at 0x7f845498b740>, '0x0'); alias=default
DEBUG 2024-02-27 21:34:34,590 utils (0.000) SELECT COUNT(*) AS "__count" FROM "pong_gamedata"; args=(); alias=default
DEBUG 2024-02-27 21:34:34,590 utils (0.000) SELECT COUNT(*) AS "__count" FROM "pong_tournamentdata"; args=(); alias=default
DEBUG 2024-02-27 21:34:34,591 utils (0.000) SELECT "django_content_type"."id", "django_content_type"."app_label", "django_content_type"."model" FROM "django_content_type" WHERE "django_content_type"."app_label" = 'auth'; args=('auth',); alias=default
DEBUG 2024-02-27 21:34:34,592 utils (0.000) SELECT "django_content_type"."id", "django_content_type"."app_label", "django_content_type"."model" FROM "django_content_type" WHERE ("django_content_type"."app_label" = 'auth' AND "django_content_type"."model" = 'permission') LIMIT 21; args=('auth', 'permission'); alias=default
DEBUG 2024-02-27 21:34:34,593 utils (0.000) SELECT "django_content_type"."id", "django_content_type"."app_label", "django_content_type"."model" FROM "django_content_type" WHERE ("django_content_type"."app_label" = 'auth' AND "django_content_type"."model" = 'group') LIMIT 21; args=('auth', 'group'); alias=default
DEBUG 2024-02-27 21:34:34,594 utils (0.000) SELECT "django_content_type"."id", "django_content_type"."app_label", "django_content_type"."model" FROM "django_content_type" WHERE ("django_content_type"."app_label" = 'auth' AND "django_content_type"."model" = 'user') LIMIT 21; args=('auth', 'user'); alias=default
DEBUG 2024-02-27 21:34:34,596 utils (0.001) SELECT "auth_permission"."content_type_id", "auth_permission"."codename" FROM "auth_permission" INNER JOIN "django_content_type" ON ("auth_permission"."content_type_id" = "django_content_type"."id") WHERE "auth_permission"."content_type_id" IN (2, 3, 4) ORDER BY "django_content_type"."app_label" ASC, "django_content_type"."model" ASC, "auth_permission"."codename" ASC; args=(2, 3, 4); alias=default
DEBUG 2024-02-27 21:34:34,597 utils (0.000) SELECT "django_content_type"."id", "django_content_type"."app_label", "django_content_type"."model" FROM "django_content_type" WHERE "django_content_type"."app_label" = 'auth'; args=('auth',); alias=default
DEBUG 2024-02-27 21:34:34,598 utils (0.000) SELECT COUNT(*) AS "__count" FROM "pong_gamedata"; args=(); alias=default
DEBUG 2024-02-27 21:34:34,599 utils (0.000) SELECT COUNT(*) AS "__count" FROM "pong_tournamentdata"; args=(); alias=default
DEBUG 2024-02-27 21:34:34,600 utils (0.000) SELECT COUNT(*) AS "__count" FROM "pong_gamedata"; args=(); alias=default
DEBUG 2024-02-27 21:34:34,601 utils (0.000) SELECT COUNT(*) AS "__count" FROM "pong_tournamentdata"; args=(); alias=default
DEBUG 2024-02-27 21:34:34,602 utils (0.001) INSERT INTO "pong_gamedata" ("player1_name", "player1_points", "player2_name", "player2_points", "game_end_timestamp", "game_duration_secs", "is_tournament_game") VALUES ('Player 10', 11, 'Player 7', 3, '2024-01-13T21:03:06.599404+01:00'::timestamptz, 457, true) RETURNING "pong_gamedata"."id"; args=('Player 10', 11, 'Player 7', 3, datetime.datetime(2024, 1, 13, 21, 3, 6, 599404, tzinfo=<DstTzInfo 'Europe/Paris' CET+1:00:00 STD>), 457, True); alias=default
DEBUG 2024-02-27 21:34:34,603 utils (0.001) INSERT INTO "pong_gamedata" ("player1_name", "player1_points", "player2_name", "player2_points", "game_end_timestamp", "game_duration_secs", "is_tournament_game") VALUES ('Player 6', 11, 'Player 12', 5, '2024-01-13T21:06:54.599404+01:00'::timestamptz, 320, true) RETURNING "pong_gamedata"."id"; args=('Player 6', 11, 'Player 12', 5, datetime.datetime(2024, 1, 13, 21, 6, 54, 599404, tzinfo=<DstTzInfo 'Europe/Paris' CET+1:00:00 STD>), 320, True); alias=default
DEBUG 2024-02-27 21:34:34,605 utils (0.001) INSERT INTO "pong_gamedata" ("player1_name", "player1_points", "player2_name", "player2_points", "game_end_timestamp", "game_duration_secs", "is_tournament_game") VALUES ('Player 10', 11, 'Player 6', 6, '2024-01-13T21:08:58.599404+01:00'::timestamptz, 734, true) RETURNING "pong_gamedata"."id"; args=('Player 10', 11, 'Player 6', 6, datetime.datetime(2024, 1, 13, 21, 8, 58, 599404, tzinfo=<DstTzInfo 'Europe/Paris' CET+1:00:00 STD>), 734, True); alias=default
DEBUG 2024-02-27 21:34:34,606 utils (0.000) INSERT INTO "pong_tournamentdata" ("tour_id", "match_id_semi_1", "match_id_semi_2", "match_id_final", "tournament_end_timestamp", "tournament_duration_secs", "player_ranking", "blockchain_hash") VALUES (0, 1628, 1629, 1630, '2024-01-13T21:08:58.599404+01:00'::timestamptz, 809, '["Player 10", "Player 6", "Player 7", "Player 12"]', '0x0') RETURNING "pong_tournamentdata"."id"; args=(0, 1628, 1629, 1630, datetime.datetime(2024, 1, 13, 21, 8, 58, 599404, tzinfo=<DstTzInfo 'Europe/Paris' CET+1:00:00 STD>), 809, <psycopg2._json.Json object at 0x7f845498bb00>, '0x0'); alias=default
DEBUG 2024-02-27 21:34:34,607 utils (0.001) INSERT INTO "pong_gamedata" ("player1_name", "player1_points", "player2_name", "player2_points", "game_end_timestamp", "game_duration_secs", "is_tournament_game") VALUES ('Player 1', 11, 'Player 14', 7, '2024-01-16T12:03:52.599404+01:00'::timestamptz, 173, true) RETURNING "pong_gamedata"."id"; args=('Player 1', 11, 'Player 14', 7, datetime.datetime(2024, 1, 16, 12, 3, 52, 599404, tzinfo=<DstTzInfo 'Europe/Paris' CET+1:00:00 STD>), 173, True); alias=default
DEBUG 2024-02-27 21:34:34,609 utils (0.001) INSERT INTO "pong_gamedata" ("player1_name", "player1_points", "player2_name", "player2_points", "game_end_timestamp", "game_duration_secs", "is_tournament_game") VALUES ('Player 6', 9, 'Player 11', 11, '2024-01-16T11:59:42.599404+01:00'::timestamptz, 665, true) RETURNING "pong_gamedata"."id"; args=('Player 6', 9, 'Player 11', 11, datetime.datetime(2024, 1, 16, 11, 59, 42, 599404, tzinfo=<DstTzInfo 'Europe/Paris' CET+1:00:00 STD>), 665, True); alias=default
DEBUG 2024-02-27 21:34:34,610 utils (0.001) INSERT INTO "pong_gamedata" ("player1_name", "player1_points", "player2_name", "player2_points", "game_end_timestamp", "game_duration_secs", "is_tournament_game") VALUES ('Player 1', 11, 'Player 11', 4, '2024-01-16T12:04:39.599404+01:00'::timestamptz, 658, true) RETURNING "pong_gamedata"."id"; args=('Player 1', 11, 'Player 11', 4, datetime.datetime(2024, 1, 16, 12, 4, 39, 599404, tzinfo=<DstTzInfo 'Europe/Paris' CET+1:00:00 STD>), 658, True); alias=default
DEBUG 2024-02-27 21:34:34,611 utils (0.000) INSERT INTO "pong_tournamentdata" ("tour_id", "match_id_semi_1", "match_id_semi_2", "match_id_final", "tournament_end_timestamp", "tournament_duration_secs", "player_ranking", "blockchain_hash") VALUES (0, 1631, 1632, 1633, '2024-01-16T12:04:39.599404+01:00'::timestamptz, 962, '["Player 1", "Player 11", "Player 14", "Player 6"]', '0x0') RETURNING "pong_tournamentdata"."id"; args=(0, 1631, 1632, 1633, datetime.datetime(2024, 1, 16, 12, 4, 39, 599404, tzinfo=<DstTzInfo 'Europe/Paris' CET+1:00:00 STD>), 962, <psycopg2._json.Json object at 0x7f845498b8f0>, '0x0'); alias=default
DEBUG 2024-02-27 21:34:34,612 utils (0.000) SELECT COUNT(*) AS "__count" FROM "pong_gamedata"; args=(); alias=default
DEBUG 2024-02-27 21:34:34,614 utils (0.000) SELECT COUNT(*) AS "__count" FROM "pong_tournamentdata"; args=(); alias=default
DEBUG 2024-02-27 21:34:34,615 utils (0.000) SELECT "django_content_type"."id", "django_content_type"."app_label", "django_content_type"."model" FROM "django_content_type" WHERE "django_content_type"."app_label" = 'contenttypes'; args=('contenttypes',); alias=default
DEBUG 2024-02-27 21:34:34,622 utils (0.000) SELECT "django_content_type"."id", "django_content_type"."app_label", "django_content_type"."model" FROM "django_content_type" WHERE ("django_content_type"."app_label" = 'contenttypes' AND "django_content_type"."model" = 'contenttype') LIMIT 21; args=('contenttypes', 'contenttype'); alias=default
DEBUG 2024-02-27 21:34:34,625 utils (0.000) SELECT "auth_permission"."content_type_id", "auth_permission"."codename" FROM "auth_permission" INNER JOIN "django_content_type" ON ("auth_permission"."content_type_id" = "django_content_type"."id") WHERE "auth_permission"."content_type_id" IN (5) ORDER BY "django_content_type"."app_label" ASC, "django_content_type"."model" ASC, "auth_permission"."codename" ASC; args=(5,); alias=default
DEBUG 2024-02-27 21:34:34,626 utils (0.000) SELECT "django_content_type"."id", "django_content_type"."app_label", "django_content_type"."model" FROM "django_content_type" WHERE "django_content_type"."app_label" = 'contenttypes'; args=('contenttypes',); alias=default
DEBUG 2024-02-27 21:34:34,641 utils (0.000) SELECT COUNT(*) AS "__count" FROM "pong_gamedata"; args=(); alias=default
DEBUG 2024-02-27 21:34:34,643 utils (0.000) SELECT COUNT(*) AS "__count" FROM "pong_tournamentdata"; args=(); alias=default
DEBUG 2024-02-27 21:34:34,644 utils (0.000) SELECT COUNT(*) AS "__count" FROM "pong_gamedata"; args=(); alias=default
DEBUG 2024-02-27 21:34:34,646 utils (0.000) SELECT COUNT(*) AS "__count" FROM "pong_tournamentdata"; args=(); alias=default
DEBUG 2024-02-27 21:34:34,650 utils (0.002) INSERT INTO "pong_gamedata" ("player1_name", "player1_points", "player2_name", "player2_points", "game_end_timestamp", "game_duration_secs", "is_tournament_game") VALUES ('Player 11', 11, 'Player 15', 6, '2023-12-03T09:46:31.643555+01:00'::timestamptz, 29, true) RETURNING "pong_gamedata"."id"; args=('Player 11', 11, 'Player 15', 6, datetime.datetime(2023, 12, 3, 9, 46, 31, 643555, tzinfo=<DstTzInfo 'Europe/Paris' CET+1:00:00 STD>), 29, True); alias=default
DEBUG 2024-02-27 21:34:34,653 utils (0.003) INSERT INTO "pong_gamedata" ("player1_name", "player1_points", "player2_name", "player2_points", "game_end_timestamp", "game_duration_secs", "is_tournament_game") VALUES ('Player 4', 11, 'Player 0', 3, '2023-12-03T09:35:25.643555+01:00'::timestamptz, 30, true) RETURNING "pong_gamedata"."id"; args=('Player 4', 11, 'Player 0', 3, datetime.datetime(2023, 12, 3, 9, 35, 25, 643555, tzinfo=<DstTzInfo 'Europe/Paris' CET+1:00:00 STD>), 30, True); alias=default
DEBUG 2024-02-27 21:34:34,655 utils (0.001) INSERT INTO "pong_gamedata" ("player1_name", "player1_points", "player2_name", "player2_points", "game_end_timestamp", "game_duration_secs", "is_tournament_game") VALUES ('Player 11', 10, 'Player 4', 11, '2023-12-03T09:48:34.643555+01:00'::timestamptz, 586, true) RETURNING "pong_gamedata"."id"; args=('Player 11', 10, 'Player 4', 11, datetime.datetime(2023, 12, 3, 9, 48, 34, 643555, tzinfo=<DstTzInfo 'Europe/Paris' CET+1:00:00 STD>), 586, True); alias=default
DEBUG 2024-02-27 21:34:34,656 utils (0.000) INSERT INTO "pong_tournamentdata" ("tour_id", "match_id_semi_1", "match_id_semi_2", "match_id_final", "tournament_end_timestamp", "tournament_duration_secs", "player_ranking", "blockchain_hash") VALUES (0, 1634, 1635, 1636, '2023-12-03T09:48:34.643555+01:00'::timestamptz, 819, '["Player 4", "Player 11", "Player 15", "Player 0"]', '0x0') RETURNING "pong_tournamentdata"."id"; args=(0, 1634, 1635, 1636, datetime.datetime(2023, 12, 3, 9, 48, 34, 643555, tzinfo=<DstTzInfo 'Europe/Paris' CET+1:00:00 STD>), 819, <psycopg2._json.Json object at 0x7f84547b4fb0>, '0x0'); alias=default
DEBUG 2024-02-27 21:34:34,658 utils (0.001) INSERT INTO "pong_gamedata" ("player1_name", "player1_points", "player2_name", "player2_points", "game_end_timestamp", "game_duration_secs", "is_tournament_game") VALUES ('Player 14', 6, 'Player 1', 11, '2023-11-19T01:56:21.643555+01:00'::timestamptz, 388, true) RETURNING "pong_gamedata"."id"; args=('Player 14', 6, 'Player 1', 11, datetime.datetime(2023, 11, 19, 1, 56, 21, 643555, tzinfo=<DstTzInfo 'Europe/Paris' CET+1:00:00 STD>), 388, True); alias=default
DEBUG 2024-02-27 21:34:34,660 utils (0.001) INSERT INTO "pong_gamedata" ("player1_name", "player1_points", "player2_name", "player2_points", "game_end_timestamp", "game_duration_secs", "is_tournament_game") VALUES ('Player 15', 4, 'Player 11', 11, '2023-11-19T02:00:18.643555+01:00'::timestamptz, 384, true) RETURNING "pong_gamedata"."id"; args=('Player 15', 4, 'Player 11', 11, datetime.datetime(2023, 11, 19, 2, 0, 18, 643555, tzinfo=<DstTzInfo 'Europe/Paris' CET+1:00:00 STD>), 384, True); alias=default
DEBUG 2024-02-27 21:34:34,661 utils (0.001) INSERT INTO "pong_gamedata" ("player1_name", "player1_points", "player2_name", "player2_points", "game_end_timestamp", "game_duration_secs", "is_tournament_game") VALUES ('Player 1', 2, 'Player 11', 11, '2023-11-19T02:05:46.643555+01:00'::timestamptz, 695, true) RETURNING "pong_gamedata"."id"; args=('Player 1', 2, 'Player 11', 11, datetime.datetime(2023, 11, 19, 2, 5, 46, 643555, tzinfo=<DstTzInfo 'Europe/Paris' CET+1:00:00 STD>), 695, True); alias=default
DEBUG 2024-02-27 21:34:34,663 utils (0.001) INSERT INTO "pong_tournamentdata" ("tour_id", "match_id_semi_1", "match_id_semi_2", "match_id_final", "tournament_end_timestamp", "tournament_duration_secs", "player_ranking", "blockchain_hash") VALUES (0, 1637, 1638, 1639, '2023-11-19T02:05:46.643555+01:00'::timestamptz, 953, '["Player 11", "Player 1", "Player 14", "Player 15"]', '0x0') RETURNING "pong_tournamentdata"."id"; args=(0, 1637, 1638, 1639, datetime.datetime(2023, 11, 19, 2, 5, 46, 643555, tzinfo=<DstTzInfo 'Europe/Paris' CET+1:00:00 STD>), 953, <psycopg2._json.Json object at 0x7f84547b59d0>, '0x0'); alias=default
DEBUG 2024-02-27 21:34:34,664 utils (0.000) SELECT COUNT(*) AS "__count" FROM "pong_gamedata"; args=(); alias=default
DEBUG 2024-02-27 21:34:34,665 utils (0.000) SELECT COUNT(*) AS "__count" FROM "pong_tournamentdata"; args=(); alias=default
DEBUG 2024-02-27 21:34:34,666 utils (0.000) SELECT "django_content_type"."id", "django_content_type"."app_label", "django_content_type"."model" FROM "django_content_type" WHERE "django_content_type"."app_label" = 'sessions'; args=('sessions',); alias=default
DEBUG 2024-02-27 21:34:34,668 utils (0.000) SELECT "django_content_type"."id", "django_content_type"."app_label", "django_content_type"."model" FROM "django_content_type" WHERE ("django_content_type"."app_label" = 'sessions' AND "django_content_type"."model" = 'session') LIMIT 21; args=('sessions', 'session'); alias=default
DEBUG 2024-02-27 21:34:34,670 utils (0.000) SELECT "auth_permission"."content_type_id", "auth_permission"."codename" FROM "auth_permission" INNER JOIN "django_content_type" ON ("auth_permission"."content_type_id" = "django_content_type"."id") WHERE "auth_permission"."content_type_id" IN (6) ORDER BY "django_content_type"."app_label" ASC, "django_content_type"."model" ASC, "auth_permission"."codename" ASC; args=(6,); alias=default
DEBUG 2024-02-27 21:34:34,671 utils (0.000) SELECT "django_content_type"."id", "django_content_type"."app_label", "django_content_type"."model" FROM "django_content_type" WHERE "django_content_type"."app_label" = 'sessions'; args=('sessions',); alias=default
DEBUG 2024-02-27 21:34:34,673 utils (0.000) SELECT COUNT(*) AS "__count" FROM "pong_gamedata"; args=(); alias=default
DEBUG 2024-02-27 21:34:34,674 utils (0.000) SELECT COUNT(*) AS "__count" FROM "pong_tournamentdata"; args=(); alias=default
DEBUG 2024-02-27 21:34:34,675 utils (0.000) SELECT COUNT(*) AS "__count" FROM "pong_gamedata"; args=(); alias=default
DEBUG 2024-02-27 21:34:34,676 utils (0.000) SELECT COUNT(*) AS "__count" FROM "pong_tournamentdata"; args=(); alias=default
DEBUG 2024-02-27 21:34:34,678 utils (0.001) INSERT INTO "pong_gamedata" ("player1_name", "player1_points", "player2_name", "player2_points", "game_end_timestamp", "game_duration_secs", "is_tournament_game") VALUES ('Player 2', 0, 'Player 8', 11, '2024-02-07T14:44:53.674304+01:00'::timestamptz, 488, true) RETURNING "pong_gamedata"."id"; args=('Player 2', 0, 'Player 8', 11, datetime.datetime(2024, 2, 7, 14, 44, 53, 674304, tzinfo=<DstTzInfo 'Europe/Paris' CET+1:00:00 STD>), 488, True); alias=default
DEBUG 2024-02-27 21:34:34,679 utils (0.001) INSERT INTO "pong_gamedata" ("player1_name", "player1_points", "player2_name", "player2_points", "game_end_timestamp", "game_duration_secs", "is_tournament_game") VALUES ('Player 4', 7, 'Player 15', 11, '2024-02-07T14:50:46.674304+01:00'::timestamptz, 787, true) RETURNING "pong_gamedata"."id"; args=('Player 4', 7, 'Player 15', 11, datetime.datetime(2024, 2, 7, 14, 50, 46, 674304, tzinfo=<DstTzInfo 'Europe/Paris' CET+1:00:00 STD>), 787, True); alias=default
DEBUG 2024-02-27 21:34:34,681 utils (0.001) INSERT INTO "pong_gamedata" ("player1_name", "player1_points", "player2_name", "player2_points", "game_end_timestamp", "game_duration_secs", "is_tournament_game") VALUES ('Player 8', 11, 'Player 15', 1, '2024-02-07T14:53:21.674304+01:00'::timestamptz, 878, true) RETURNING "pong_gamedata"."id"; args=('Player 8', 11, 'Player 15', 1, datetime.datetime(2024, 2, 7, 14, 53, 21, 674304, tzinfo=<DstTzInfo 'Europe/Paris' CET+1:00:00 STD>), 878, True); alias=default
DEBUG 2024-02-27 21:34:34,682 utils (0.000) INSERT INTO "pong_tournamentdata" ("tour_id", "match_id_semi_1", "match_id_semi_2", "match_id_final", "tournament_end_timestamp", "tournament_duration_secs", "player_ranking", "blockchain_hash") VALUES (0, 1640, 1641, 1642, '2024-02-07T14:53:21.674304+01:00'::timestamptz, 996, '["Player 8", "Player 15", "Player 2", "Player 4"]', '0x0') RETURNING "pong_tournamentdata"."id"; args=(0, 1640, 1641, 1642, datetime.datetime(2024, 2, 7, 14, 53, 21, 674304, tzinfo=<DstTzInfo 'Europe/Paris' CET+1:00:00 STD>), 996, <psycopg2._json.Json object at 0x7f84547b6540>, '0x0'); alias=default
DEBUG 2024-02-27 21:34:34,684 utils (0.001) INSERT INTO "pong_gamedata" ("player1_name", "player1_points", "player2_name", "player2_points", "game_end_timestamp", "game_duration_secs", "is_tournament_game") VALUES ('Player 7', 10, 'Player 1', 11, '2023-11-21T23:03:37.674304+01:00'::timestamptz, 448, true) RETURNING "pong_gamedata"."id"; args=('Player 7', 10, 'Player 1', 11, datetime.datetime(2023, 11, 21, 23, 3, 37, 674304, tzinfo=<DstTzInfo 'Europe/Paris' CET+1:00:00 STD>), 448, True); alias=default
DEBUG 2024-02-27 21:34:34,686 utils (0.001) INSERT INTO "pong_gamedata" ("player1_name", "player1_points", "player2_name", "player2_points", "game_end_timestamp", "game_duration_secs", "is_tournament_game") VALUES ('Player 0', 1, 'Player 5', 11, '2023-11-21T23:03:47.674304+01:00'::timestamptz, 714, true) RETURNING "pong_gamedata"."id"; args=('Player 0', 1, 'Player 5', 11, datetime.datetime(2023, 11, 21, 23, 3, 47, 674304, tzinfo=<DstTzInfo 'Europe/Paris' CET+1:00:00 STD>), 714, True); alias=default
DEBUG 2024-02-27 21:34:34,687 utils (0.001) INSERT INTO "pong_gamedata" ("player1_name", "player1_points", "player2_name", "player2_points", "game_end_timestamp", "game_duration_secs", "is_tournament_game") VALUES ('Player 1', 3, 'Player 5', 11, '2023-11-21T23:05:27.674304+01:00'::timestamptz, 196, true) RETURNING "pong_gamedata"."id"; args=('Player 1', 3, 'Player 5', 11, datetime.datetime(2023, 11, 21, 23, 5, 27, 674304, tzinfo=<DstTzInfo 'Europe/Paris' CET+1:00:00 STD>), 196, True); alias=default
DEBUG 2024-02-27 21:34:34,688 utils (0.000) INSERT INTO "pong_tournamentdata" ("tour_id", "match_id_semi_1", "match_id_semi_2", "match_id_final", "tournament_end_timestamp", "tournament_duration_secs", "player_ranking", "blockchain_hash") VALUES (0, 1643, 1644, 1645, '2023-11-21T23:05:27.674304+01:00'::timestamptz, 814, '["Player 5", "Player 1", "Player 7", "Player 0"]', '0x0') RETURNING "pong_tournamentdata"."id"; args=(0, 1643, 1644, 1645, datetime.datetime(2023, 11, 21, 23, 5, 27, 674304, tzinfo=<DstTzInfo 'Europe/Paris' CET+1:00:00 STD>), 814, <psycopg2._json.Json object at 0x7f84547b6d20>, '0x0'); alias=default
DEBUG 2024-02-27 21:34:34,690 utils (0.000) SELECT COUNT(*) AS "__count" FROM "pong_gamedata"; args=(); alias=default
DEBUG 2024-02-27 21:34:34,691 utils (0.000) SELECT COUNT(*) AS "__count" FROM "pong_tournamentdata"; args=(); alias=default
DEBUG 2024-02-27 21:34:34,692 utils (0.000) SELECT "django_content_type"."id", "django_content_type"."app_label", "django_content_type"."model" FROM "django_content_type" WHERE "django_content_type"."app_label" = 'pong'; args=('pong',); alias=default
DEBUG 2024-02-27 21:34:34,694 utils (0.000) SELECT "django_content_type"."id", "django_content_type"."app_label", "django_content_type"."model" FROM "django_content_type" WHERE ("django_content_type"."app_label" = 'pong' AND "django_content_type"."model" = 'gamedata') LIMIT 21; args=('pong', 'gamedata'); alias=default
DEBUG 2024-02-27 21:34:34,695 utils (0.000) SELECT "django_content_type"."id", "django_content_type"."app_label", "django_content_type"."model" FROM "django_content_type" WHERE ("django_content_type"."app_label" = 'pong' AND "django_content_type"."model" = 'tournamentdata') LIMIT 21; args=('pong', 'tournamentdata'); alias=default
DEBUG 2024-02-27 21:34:34,698 utils (0.001) SELECT "auth_permission"."content_type_id", "auth_permission"."codename" FROM "auth_permission" INNER JOIN "django_content_type" ON ("auth_permission"."content_type_id" = "django_content_type"."id") WHERE "auth_permission"."content_type_id" IN (8, 7) ORDER BY "django_content_type"."app_label" ASC, "django_content_type"."model" ASC, "auth_permission"."codename" ASC; args=(8, 7); alias=default
DEBUG 2024-02-27 21:34:34,700 utils (0.000) SELECT "django_content_type"."id", "django_content_type"."app_label", "django_content_type"."model" FROM "django_content_type" WHERE "django_content_type"."app_label" = 'pong'; args=('pong',); alias=default
DEBUG 2024-02-27 21:34:34,701 utils (0.000) SELECT COUNT(*) AS "__count" FROM "pong_gamedata"; args=(); alias=default
DEBUG 2024-02-27 21:34:34,702 utils (0.000) SELECT COUNT(*) AS "__count" FROM "pong_tournamentdata"; args=(); alias=default
DEBUG 2024-02-27 21:34:34,703 utils (0.000) SELECT COUNT(*) AS "__count" FROM "pong_gamedata"; args=(); alias=default
DEBUG 2024-02-27 21:34:34,704 utils (0.000) SELECT COUNT(*) AS "__count" FROM "pong_tournamentdata"; args=(); alias=default
DEBUG 2024-02-27 21:34:34,706 utils (0.001) INSERT INTO "pong_gamedata" ("player1_name", "player1_points", "player2_name", "player2_points", "game_end_timestamp", "game_duration_secs", "is_tournament_game") VALUES ('Player 0', 11, 'Player 7', 10, '2024-02-26T14:21:55.702672+01:00'::timestamptz, 857, true) RETURNING "pong_gamedata"."id"; args=('Player 0', 11, 'Player 7', 10, datetime.datetime(2024, 2, 26, 14, 21, 55, 702672, tzinfo=<DstTzInfo 'Europe/Paris' CET+1:00:00 STD>), 857, True); alias=default
DEBUG 2024-02-27 21:34:34,707 utils (0.001) INSERT INTO "pong_gamedata" ("player1_name", "player1_points", "player2_name", "player2_points", "game_end_timestamp", "game_duration_secs", "is_tournament_game") VALUES ('Player 9', 11, 'Player 6', 3, '2024-02-26T14:17:22.702672+01:00'::timestamptz, 142, true) RETURNING "pong_gamedata"."id"; args=('Player 9', 11, 'Player 6', 3, datetime.datetime(2024, 2, 26, 14, 17, 22, 702672, tzinfo=<DstTzInfo 'Europe/Paris' CET+1:00:00 STD>), 142, True); alias=default
DEBUG 2024-02-27 21:34:34,708 utils (0.001) INSERT INTO "pong_gamedata" ("player1_name", "player1_points", "player2_name", "player2_points", "game_end_timestamp", "game_duration_secs", "is_tournament_game") VALUES ('Player 0', 9, 'Player 9', 11, '2024-02-26T14:22:50.702672+01:00'::timestamptz, 382, true) RETURNING "pong_gamedata"."id"; args=('Player 0', 9, 'Player 9', 11, datetime.datetime(2024, 2, 26, 14, 22, 50, 702672, tzinfo=<DstTzInfo 'Europe/Paris' CET+1:00:00 STD>), 382, True); alias=default
DEBUG 2024-02-27 21:34:34,709 utils (0.000) INSERT INTO "pong_tournamentdata" ("tour_id", "match_id_semi_1", "match_id_semi_2", "match_id_final", "tournament_end_timestamp", "tournament_duration_secs", "player_ranking", "blockchain_hash") VALUES (0, 1646, 1647, 1648, '2024-02-26T14:22:50.702672+01:00'::timestamptz, 912, '["Player 9", "Player 0", "Player 7", "Player 6"]', '0x0') RETURNING "pong_tournamentdata"."id"; args=(0, 1646, 1647, 1648, datetime.datetime(2024, 2, 26, 14, 22, 50, 702672, tzinfo=<DstTzInfo 'Europe/Paris' CET+1:00:00 STD>), 912, <psycopg2._json.Json object at 0x7f84547b5a30>, '0x0'); alias=default
DEBUG 2024-02-27 21:34:34,711 utils (0.001) INSERT INTO "pong_gamedata" ("player1_name", "player1_points", "player2_name", "player2_points", "game_end_timestamp", "game_duration_secs", "is_tournament_game") VALUES ('Player 4', 11, 'Player 1', 0, '2023-12-18T15:48:05.702672+01:00'::timestamptz, 935, true) RETURNING "pong_gamedata"."id"; args=('Player 4', 11, 'Player 1', 0, datetime.datetime(2023, 12, 18, 15, 48, 5, 702672, tzinfo=<DstTzInfo 'Europe/Paris' CET+1:00:00 STD>), 935, True); alias=default
DEBUG 2024-02-27 21:34:34,712 utils (0.001) INSERT INTO "pong_gamedata" ("player1_name", "player1_points", "player2_name", "player2_points", "game_end_timestamp", "game_duration_secs", "is_tournament_game") VALUES ('Player 13', 11, 'Player 9', 9, '2023-12-18T15:44:08.702672+01:00'::timestamptz, 403, true) RETURNING "pong_gamedata"."id"; args=('Player 13', 11, 'Player 9', 9, datetime.datetime(2023, 12, 18, 15, 44, 8, 702672, tzinfo=<DstTzInfo 'Europe/Paris' CET+1:00:00 STD>), 403, True); alias=default
DEBUG 2024-02-27 21:34:34,714 utils (0.001) INSERT INTO "pong_gamedata" ("player1_name", "player1_points", "player2_name", "player2_points", "game_end_timestamp", "game_duration_secs", "is_tournament_game") VALUES ('Player 4', 3, 'Player 13', 11, '2023-12-18T15:48:26.702672+01:00'::timestamptz, 206, true) RETURNING "pong_gamedata"."id"; args=('Player 4', 3, 'Player 13', 11, datetime.datetime(2023, 12, 18, 15, 48, 26, 702672, tzinfo=<DstTzInfo 'Europe/Paris' CET+1:00:00 STD>), 206, True); alias=default
DEBUG 2024-02-27 21:34:34,715 utils (0.000) INSERT INTO "pong_tournamentdata" ("tour_id", "match_id_semi_1", "match_id_semi_2", "match_id_final", "tournament_end_timestamp", "tournament_duration_secs", "player_ranking", "blockchain_hash") VALUES (0, 1649, 1650, 1651, '2023-12-18T15:48:26.702672+01:00'::timestamptz, 956, '["Player 13", "Player 4", "Player 1", "Player 9"]', '0x0') RETURNING "pong_tournamentdata"."id"; args=(0, 1649, 1650, 1651, datetime.datetime(2023, 12, 18, 15, 48, 26, 702672, tzinfo=<DstTzInfo 'Europe/Paris' CET+1:00:00 STD>), 956, <psycopg2._json.Json object at 0x7f84547b76e0>, '0x0'); alias=default
DEBUG 2024-02-27 21:34:34,716 utils (0.000) SELECT COUNT(*) AS "__count" FROM "pong_gamedata"; args=(); alias=default
DEBUG 2024-02-27 21:34:34,717 utils (0.000) SELECT COUNT(*) AS "__count" FROM "pong_tournamentdata"; args=(); alias=default
