DEBUG 2024-02-26 22:38:18,064 utils (0.003) 
            SELECT
                c.relname,
                CASE
                    WHEN c.relispartition THEN 'p'
                    WHEN c.relkind IN ('m', 'v') THEN 'v'
                    ELSE 't'
                END,
                obj_description(c.oid, 'pg_class')
            FROM pg_catalog.pg_class c
            LEFT JOIN pg_catalog.pg_namespace n ON n.oid = c.relnamespace
            WHERE c.relkind IN ('f', 'm', 'p', 'r', 'v')
                AND n.nspname NOT IN ('pg_catalog', 'pg_toast')
                AND pg_catalog.pg_table_is_visible(c.oid)
        ; args=None; alias=default
DEBUG 2024-02-26 22:38:18,067 utils (0.001) SELECT "django_migrations"."id", "django_migrations"."app", "django_migrations"."name", "django_migrations"."applied" FROM "django_migrations"; args=(); alias=default
DEBUG 2024-02-26 22:38:18,070 utils (0.002) 
            SELECT
                c.relname,
                CASE
                    WHEN c.relispartition THEN 'p'
                    WHEN c.relkind IN ('m', 'v') THEN 'v'
                    ELSE 't'
                END,
                obj_description(c.oid, 'pg_class')
            FROM pg_catalog.pg_class c
            LEFT JOIN pg_catalog.pg_namespace n ON n.oid = c.relnamespace
            WHERE c.relkind IN ('f', 'm', 'p', 'r', 'v')
                AND n.nspname NOT IN ('pg_catalog', 'pg_toast')
                AND pg_catalog.pg_table_is_visible(c.oid)
        ; args=None; alias=default
DEBUG 2024-02-26 22:38:18,072 utils (0.000) SELECT "django_migrations"."id", "django_migrations"."app", "django_migrations"."name", "django_migrations"."applied" FROM "django_migrations"; args=(); alias=default
DEBUG 2024-02-26 22:38:18,096 utils (0.001) 
            SELECT
                c.relname,
                CASE
                    WHEN c.relispartition THEN 'p'
                    WHEN c.relkind IN ('m', 'v') THEN 'v'
                    ELSE 't'
                END,
                obj_description(c.oid, 'pg_class')
            FROM pg_catalog.pg_class c
            LEFT JOIN pg_catalog.pg_namespace n ON n.oid = c.relnamespace
            WHERE c.relkind IN ('f', 'm', 'p', 'r', 'v')
                AND n.nspname NOT IN ('pg_catalog', 'pg_toast')
                AND pg_catalog.pg_table_is_visible(c.oid)
        ; args=None; alias=default
DEBUG 2024-02-26 22:38:18,097 utils (0.001) 
            SELECT
                c.relname,
                CASE
                    WHEN c.relispartition THEN 'p'
                    WHEN c.relkind IN ('m', 'v') THEN 'v'
                    ELSE 't'
                END,
                obj_description(c.oid, 'pg_class')
            FROM pg_catalog.pg_class c
            LEFT JOIN pg_catalog.pg_namespace n ON n.oid = c.relnamespace
            WHERE c.relkind IN ('f', 'm', 'p', 'r', 'v')
                AND n.nspname NOT IN ('pg_catalog', 'pg_toast')
                AND pg_catalog.pg_table_is_visible(c.oid)
        ; args=None; alias=default
DEBUG 2024-02-26 22:38:18,097 utils (0.000) SELECT "django_migrations"."id", "django_migrations"."app", "django_migrations"."name", "django_migrations"."applied" FROM "django_migrations"; args=(); alias=default
DEBUG 2024-02-26 22:38:18,099 utils (0.001) SELECT "django_content_type"."id", "django_content_type"."app_label", "django_content_type"."model" FROM "django_content_type" WHERE "django_content_type"."app_label" = 'admin'; args=('admin',); alias=default
DEBUG 2024-02-26 22:38:18,101 utils (0.000) SELECT "django_content_type"."id", "django_content_type"."app_label", "django_content_type"."model" FROM "django_content_type" WHERE ("django_content_type"."app_label" = 'admin' AND "django_content_type"."model" = 'logentry') LIMIT 21; args=('admin', 'logentry'); alias=default
DEBUG 2024-02-26 22:38:18,105 utils (0.001) SELECT "auth_permission"."content_type_id", "auth_permission"."codename" FROM "auth_permission" INNER JOIN "django_content_type" ON ("auth_permission"."content_type_id" = "django_content_type"."id") WHERE "auth_permission"."content_type_id" IN (1) ORDER BY "django_content_type"."app_label" ASC, "django_content_type"."model" ASC, "auth_permission"."codename" ASC; args=(1,); alias=default
DEBUG 2024-02-26 22:38:18,106 utils (0.000) SELECT "django_content_type"."id", "django_content_type"."app_label", "django_content_type"."model" FROM "django_content_type" WHERE "django_content_type"."app_label" = 'admin'; args=('admin',); alias=default
DEBUG 2024-02-26 22:38:18,108 utils (0.001) SELECT COUNT(*) AS "__count" FROM "pong_gamedata"; args=(); alias=default
DEBUG 2024-02-26 22:38:18,109 utils (0.000) SELECT COUNT(*) AS "__count" FROM "pong_tournamentdata"; args=(); alias=default
DEBUG 2024-02-26 22:38:18,109 utils (0.000) SELECT COUNT(*) AS "__count" FROM "pong_gamedata"; args=(); alias=default
DEBUG 2024-02-26 22:38:18,111 utils (0.000) SELECT COUNT(*) AS "__count" FROM "pong_tournamentdata"; args=(); alias=default
DEBUG 2024-02-26 22:38:18,172 utils (0.010) INSERT INTO "pong_gamedata" ("player1_name", "player1_points", "player2_name", "player2_points", "game_end_timestamp", "game_duration_secs", "is_tournament_game") VALUES ('Player 13', 11, 'Player 15', 7, '2023-11-23T18:23:05.109256+01:00'::timestamptz, 330, true) RETURNING "pong_gamedata"."id"; args=('Player 13', 11, 'Player 15', 7, datetime.datetime(2023, 11, 23, 18, 23, 5, 109256, tzinfo=<DstTzInfo 'Europe/Paris' CET+1:00:00 STD>), 330, True); alias=default
DEBUG 2024-02-26 22:38:18,188 utils (0.002) INSERT INTO "pong_gamedata" ("player1_name", "player1_points", "player2_name", "player2_points", "game_end_timestamp", "game_duration_secs", "is_tournament_game") VALUES ('Player 8', 4, 'Player 2', 11, '2023-11-23T18:23:58.109256+01:00'::timestamptz, 668, true) RETURNING "pong_gamedata"."id"; args=('Player 8', 4, 'Player 2', 11, datetime.datetime(2023, 11, 23, 18, 23, 58, 109256, tzinfo=<DstTzInfo 'Europe/Paris' CET+1:00:00 STD>), 668, True); alias=default
DEBUG 2024-02-26 22:38:18,206 utils (0.002) INSERT INTO "pong_gamedata" ("player1_name", "player1_points", "player2_name", "player2_points", "game_end_timestamp", "game_duration_secs", "is_tournament_game") VALUES ('Player 13', 9, 'Player 2', 11, '2023-11-23T18:26:23.109256+01:00'::timestamptz, 710, true) RETURNING "pong_gamedata"."id"; args=('Player 13', 9, 'Player 2', 11, datetime.datetime(2023, 11, 23, 18, 26, 23, 109256, tzinfo=<DstTzInfo 'Europe/Paris' CET+1:00:00 STD>), 710, True); alias=default
DEBUG 2024-02-26 22:38:18,223 utils (0.001) INSERT INTO "pong_tournamentdata" ("tour_id", "match_id_semi_1", "match_id_semi_2", "match_id_final", "tournament_end_timestamp", "tournament_duration_secs", "player_ranking", "blockchain_hash") VALUES (0, 1398, 1399, 1400, '2023-11-23T18:26:23.109256+01:00'::timestamptz, 813, '["Player 2", "Player 13", "Player 15", "Player 8"]', '0x0') RETURNING "pong_tournamentdata"."id"; args=(0, 1398, 1399, 1400, datetime.datetime(2023, 11, 23, 18, 26, 23, 109256, tzinfo=<DstTzInfo 'Europe/Paris' CET+1:00:00 STD>), 813, <psycopg2._json.Json object at 0x7f7be9e17800>, '0x0'); alias=default
DEBUG 2024-02-26 22:38:18,225 utils (0.000) SELECT COUNT(*) AS "__count" FROM "pong_gamedata"; args=(); alias=default
DEBUG 2024-02-26 22:38:18,226 utils (0.000) SELECT COUNT(*) AS "__count" FROM "pong_tournamentdata"; args=(); alias=default
DEBUG 2024-02-26 22:38:18,227 utils (0.000) SELECT "django_content_type"."id", "django_content_type"."app_label", "django_content_type"."model" FROM "django_content_type" WHERE "django_content_type"."app_label" = 'auth'; args=('auth',); alias=default
DEBUG 2024-02-26 22:38:18,228 utils (0.000) SELECT "django_content_type"."id", "django_content_type"."app_label", "django_content_type"."model" FROM "django_content_type" WHERE ("django_content_type"."app_label" = 'auth' AND "django_content_type"."model" = 'permission') LIMIT 21; args=('auth', 'permission'); alias=default
DEBUG 2024-02-26 22:38:18,230 utils (0.000) SELECT "django_content_type"."id", "django_content_type"."app_label", "django_content_type"."model" FROM "django_content_type" WHERE ("django_content_type"."app_label" = 'auth' AND "django_content_type"."model" = 'group') LIMIT 21; args=('auth', 'group'); alias=default
DEBUG 2024-02-26 22:38:18,231 utils (0.000) SELECT "django_content_type"."id", "django_content_type"."app_label", "django_content_type"."model" FROM "django_content_type" WHERE ("django_content_type"."app_label" = 'auth' AND "django_content_type"."model" = 'user') LIMIT 21; args=('auth', 'user'); alias=default
DEBUG 2024-02-26 22:38:18,235 utils (0.001) SELECT "auth_permission"."content_type_id", "auth_permission"."codename" FROM "auth_permission" INNER JOIN "django_content_type" ON ("auth_permission"."content_type_id" = "django_content_type"."id") WHERE "auth_permission"."content_type_id" IN (2, 3, 4) ORDER BY "django_content_type"."app_label" ASC, "django_content_type"."model" ASC, "auth_permission"."codename" ASC; args=(2, 3, 4); alias=default
DEBUG 2024-02-26 22:38:18,237 utils (0.001) SELECT "django_content_type"."id", "django_content_type"."app_label", "django_content_type"."model" FROM "django_content_type" WHERE "django_content_type"."app_label" = 'auth'; args=('auth',); alias=default
DEBUG 2024-02-26 22:38:18,239 utils (0.001) SELECT COUNT(*) AS "__count" FROM "pong_gamedata"; args=(); alias=default
DEBUG 2024-02-26 22:38:18,240 utils (0.000) SELECT COUNT(*) AS "__count" FROM "pong_tournamentdata"; args=(); alias=default
DEBUG 2024-02-26 22:38:18,242 utils (0.000) SELECT COUNT(*) AS "__count" FROM "pong_gamedata"; args=(); alias=default
DEBUG 2024-02-26 22:38:18,243 utils (0.000) SELECT COUNT(*) AS "__count" FROM "pong_tournamentdata"; args=(); alias=default
DEBUG 2024-02-26 22:38:18,260 utils (0.001) INSERT INTO "pong_gamedata" ("player1_name", "player1_points", "player2_name", "player2_points", "game_end_timestamp", "game_duration_secs", "is_tournament_game") VALUES ('Player 15', 11, 'Player 0', 8, '2023-11-18T01:43:42.241036+01:00'::timestamptz, 598, true) RETURNING "pong_gamedata"."id"; args=('Player 15', 11, 'Player 0', 8, datetime.datetime(2023, 11, 18, 1, 43, 42, 241036, tzinfo=<DstTzInfo 'Europe/Paris' CET+1:00:00 STD>), 598, True); alias=default
DEBUG 2024-02-26 22:38:18,278 utils (0.001) INSERT INTO "pong_gamedata" ("player1_name", "player1_points", "player2_name", "player2_points", "game_end_timestamp", "game_duration_secs", "is_tournament_game") VALUES ('Player 1', 11, 'Player 5', 2, '2023-11-18T01:45:38.241036+01:00'::timestamptz, 734, true) RETURNING "pong_gamedata"."id"; args=('Player 1', 11, 'Player 5', 2, datetime.datetime(2023, 11, 18, 1, 45, 38, 241036, tzinfo=<DstTzInfo 'Europe/Paris' CET+1:00:00 STD>), 734, True); alias=default
DEBUG 2024-02-26 22:38:18,296 utils (0.001) INSERT INTO "pong_gamedata" ("player1_name", "player1_points", "player2_name", "player2_points", "game_end_timestamp", "game_duration_secs", "is_tournament_game") VALUES ('Player 15', 2, 'Player 1', 11, '2023-11-18T01:47:56.241036+01:00'::timestamptz, 90, true) RETURNING "pong_gamedata"."id"; args=('Player 15', 2, 'Player 1', 11, datetime.datetime(2023, 11, 18, 1, 47, 56, 241036, tzinfo=<DstTzInfo 'Europe/Paris' CET+1:00:00 STD>), 90, True); alias=default
DEBUG 2024-02-26 22:38:18,313 utils (0.000) INSERT INTO "pong_tournamentdata" ("tour_id", "match_id_semi_1", "match_id_semi_2", "match_id_final", "tournament_end_timestamp", "tournament_duration_secs", "player_ranking", "blockchain_hash") VALUES (0, 1401, 1402, 1403, '2023-11-18T01:47:56.241036+01:00'::timestamptz, 872, '["Player 1", "Player 15", "Player 0", "Player 5"]', '0x0') RETURNING "pong_tournamentdata"."id"; args=(0, 1401, 1402, 1403, datetime.datetime(2023, 11, 18, 1, 47, 56, 241036, tzinfo=<DstTzInfo 'Europe/Paris' CET+1:00:00 STD>), 872, <psycopg2._json.Json object at 0x7f7be9c44590>, '0x0'); alias=default
DEBUG 2024-02-26 22:38:18,314 utils (0.000) SELECT COUNT(*) AS "__count" FROM "pong_gamedata"; args=(); alias=default
DEBUG 2024-02-26 22:38:18,315 utils (0.000) SELECT COUNT(*) AS "__count" FROM "pong_tournamentdata"; args=(); alias=default
DEBUG 2024-02-26 22:38:18,315 utils (0.000) SELECT "django_content_type"."id", "django_content_type"."app_label", "django_content_type"."model" FROM "django_content_type" WHERE "django_content_type"."app_label" = 'contenttypes'; args=('contenttypes',); alias=default
DEBUG 2024-02-26 22:38:18,317 utils (0.001) SELECT "django_content_type"."id", "django_content_type"."app_label", "django_content_type"."model" FROM "django_content_type" WHERE ("django_content_type"."app_label" = 'contenttypes' AND "django_content_type"."model" = 'contenttype') LIMIT 21; args=('contenttypes', 'contenttype'); alias=default
DEBUG 2024-02-26 22:38:18,320 utils (0.000) SELECT "auth_permission"."content_type_id", "auth_permission"."codename" FROM "auth_permission" INNER JOIN "django_content_type" ON ("auth_permission"."content_type_id" = "django_content_type"."id") WHERE "auth_permission"."content_type_id" IN (5) ORDER BY "django_content_type"."app_label" ASC, "django_content_type"."model" ASC, "auth_permission"."codename" ASC; args=(5,); alias=default
DEBUG 2024-02-26 22:38:18,321 utils (0.000) SELECT "django_content_type"."id", "django_content_type"."app_label", "django_content_type"."model" FROM "django_content_type" WHERE "django_content_type"."app_label" = 'contenttypes'; args=('contenttypes',); alias=default
DEBUG 2024-02-26 22:38:18,322 utils (0.001) SELECT COUNT(*) AS "__count" FROM "pong_gamedata"; args=(); alias=default
DEBUG 2024-02-26 22:38:18,324 utils (0.000) SELECT COUNT(*) AS "__count" FROM "pong_tournamentdata"; args=(); alias=default
DEBUG 2024-02-26 22:38:18,325 utils (0.000) SELECT COUNT(*) AS "__count" FROM "pong_gamedata"; args=(); alias=default
DEBUG 2024-02-26 22:38:18,327 utils (0.000) SELECT COUNT(*) AS "__count" FROM "pong_tournamentdata"; args=(); alias=default
DEBUG 2024-02-26 22:38:18,347 utils (0.001) INSERT INTO "pong_gamedata" ("player1_name", "player1_points", "player2_name", "player2_points", "game_end_timestamp", "game_duration_secs", "is_tournament_game") VALUES ('Player 1', 10, 'Player 3', 11, '2024-01-30T13:30:55.324734+01:00'::timestamptz, 745, true) RETURNING "pong_gamedata"."id"; args=('Player 1', 10, 'Player 3', 11, datetime.datetime(2024, 1, 30, 13, 30, 55, 324734, tzinfo=<DstTzInfo 'Europe/Paris' CET+1:00:00 STD>), 745, True); alias=default
DEBUG 2024-02-26 22:38:18,366 utils (0.001) INSERT INTO "pong_gamedata" ("player1_name", "player1_points", "player2_name", "player2_points", "game_end_timestamp", "game_duration_secs", "is_tournament_game") VALUES ('Player 15', 11, 'Player 6', 8, '2024-01-30T13:20:25.324734+01:00'::timestamptz, 70, true) RETURNING "pong_gamedata"."id"; args=('Player 15', 11, 'Player 6', 8, datetime.datetime(2024, 1, 30, 13, 20, 25, 324734, tzinfo=<DstTzInfo 'Europe/Paris' CET+1:00:00 STD>), 70, True); alias=default
DEBUG 2024-02-26 22:38:18,388 utils (0.002) INSERT INTO "pong_gamedata" ("player1_name", "player1_points", "player2_name", "player2_points", "game_end_timestamp", "game_duration_secs", "is_tournament_game") VALUES ('Player 3', 6, 'Player 15', 11, '2024-01-30T13:32:45.324734+01:00'::timestamptz, 256, true) RETURNING "pong_gamedata"."id"; args=('Player 3', 6, 'Player 15', 11, datetime.datetime(2024, 1, 30, 13, 32, 45, 324734, tzinfo=<DstTzInfo 'Europe/Paris' CET+1:00:00 STD>), 256, True); alias=default
DEBUG 2024-02-26 22:38:18,407 utils (0.001) INSERT INTO "pong_tournamentdata" ("tour_id", "match_id_semi_1", "match_id_semi_2", "match_id_final", "tournament_end_timestamp", "tournament_duration_secs", "player_ranking", "blockchain_hash") VALUES (0, 1404, 1405, 1406, '2024-01-30T13:32:45.324734+01:00'::timestamptz, 855, '["Player 15", "Player 3", "Player 1", "Player 6"]', '0x0') RETURNING "pong_tournamentdata"."id"; args=(0, 1404, 1405, 1406, datetime.datetime(2024, 1, 30, 13, 32, 45, 324734, tzinfo=<DstTzInfo 'Europe/Paris' CET+1:00:00 STD>), 855, <psycopg2._json.Json object at 0x7f7be9e16c00>, '0x0'); alias=default
DEBUG 2024-02-26 22:38:18,408 utils (0.000) SELECT COUNT(*) AS "__count" FROM "pong_gamedata"; args=(); alias=default
DEBUG 2024-02-26 22:38:18,409 utils (0.000) SELECT COUNT(*) AS "__count" FROM "pong_tournamentdata"; args=(); alias=default
DEBUG 2024-02-26 22:38:18,410 utils (0.000) SELECT "django_content_type"."id", "django_content_type"."app_label", "django_content_type"."model" FROM "django_content_type" WHERE "django_content_type"."app_label" = 'sessions'; args=('sessions',); alias=default
DEBUG 2024-02-26 22:38:18,412 utils (0.000) SELECT "django_content_type"."id", "django_content_type"."app_label", "django_content_type"."model" FROM "django_content_type" WHERE ("django_content_type"."app_label" = 'sessions' AND "django_content_type"."model" = 'session') LIMIT 21; args=('sessions', 'session'); alias=default
DEBUG 2024-02-26 22:38:18,413 utils (0.000) SELECT "auth_permission"."content_type_id", "auth_permission"."codename" FROM "auth_permission" INNER JOIN "django_content_type" ON ("auth_permission"."content_type_id" = "django_content_type"."id") WHERE "auth_permission"."content_type_id" IN (6) ORDER BY "django_content_type"."app_label" ASC, "django_content_type"."model" ASC, "auth_permission"."codename" ASC; args=(6,); alias=default
DEBUG 2024-02-26 22:38:18,414 utils (0.000) SELECT "django_content_type"."id", "django_content_type"."app_label", "django_content_type"."model" FROM "django_content_type" WHERE "django_content_type"."app_label" = 'sessions'; args=('sessions',); alias=default
DEBUG 2024-02-26 22:38:18,415 utils (0.000) SELECT COUNT(*) AS "__count" FROM "pong_gamedata"; args=(); alias=default
DEBUG 2024-02-26 22:38:18,416 utils (0.000) SELECT COUNT(*) AS "__count" FROM "pong_tournamentdata"; args=(); alias=default
DEBUG 2024-02-26 22:38:18,417 utils (0.000) SELECT COUNT(*) AS "__count" FROM "pong_gamedata"; args=(); alias=default
DEBUG 2024-02-26 22:38:18,419 utils (0.000) SELECT COUNT(*) AS "__count" FROM "pong_tournamentdata"; args=(); alias=default
DEBUG 2024-02-26 22:38:18,435 utils (0.002) INSERT INTO "pong_gamedata" ("player1_name", "player1_points", "player2_name", "player2_points", "game_end_timestamp", "game_duration_secs", "is_tournament_game") VALUES ('Player 12', 5, 'Player 10', 11, '2024-02-18T22:20:33.416159+01:00'::timestamptz, 746, true) RETURNING "pong_gamedata"."id"; args=('Player 12', 5, 'Player 10', 11, datetime.datetime(2024, 2, 18, 22, 20, 33, 416159, tzinfo=<DstTzInfo 'Europe/Paris' CET+1:00:00 STD>), 746, True); alias=default
DEBUG 2024-02-26 22:38:18,453 utils (0.002) INSERT INTO "pong_gamedata" ("player1_name", "player1_points", "player2_name", "player2_points", "game_end_timestamp", "game_duration_secs", "is_tournament_game") VALUES ('Player 0', 11, 'Player 15', 6, '2024-02-18T22:22:43.416159+01:00'::timestamptz, 686, true) RETURNING "pong_gamedata"."id"; args=('Player 0', 11, 'Player 15', 6, datetime.datetime(2024, 2, 18, 22, 22, 43, 416159, tzinfo=<DstTzInfo 'Europe/Paris' CET+1:00:00 STD>), 686, True); alias=default
DEBUG 2024-02-26 22:38:18,473 utils (0.001) INSERT INTO "pong_gamedata" ("player1_name", "player1_points", "player2_name", "player2_points", "game_end_timestamp", "game_duration_secs", "is_tournament_game") VALUES ('Player 10', 2, 'Player 0', 11, '2024-02-18T22:24:09.416159+01:00'::timestamptz, 674, true) RETURNING "pong_gamedata"."id"; args=('Player 10', 2, 'Player 0', 11, datetime.datetime(2024, 2, 18, 22, 24, 9, 416159, tzinfo=<DstTzInfo 'Europe/Paris' CET+1:00:00 STD>), 674, True); alias=default
DEBUG 2024-02-26 22:38:18,490 utils (0.001) INSERT INTO "pong_tournamentdata" ("tour_id", "match_id_semi_1", "match_id_semi_2", "match_id_final", "tournament_end_timestamp", "tournament_duration_secs", "player_ranking", "blockchain_hash") VALUES (0, 1407, 1408, 1409, '2024-02-18T22:24:09.416159+01:00'::timestamptz, 962, '["Player 0", "Player 10", "Player 12", "Player 15"]', '0x0') RETURNING "pong_tournamentdata"."id"; args=(0, 1407, 1408, 1409, datetime.datetime(2024, 2, 18, 22, 24, 9, 416159, tzinfo=<DstTzInfo 'Europe/Paris' CET+1:00:00 STD>), 962, <psycopg2._json.Json object at 0x7f7be9c463c0>, '0x0'); alias=default
DEBUG 2024-02-26 22:38:18,492 utils (0.000) SELECT COUNT(*) AS "__count" FROM "pong_gamedata"; args=(); alias=default
DEBUG 2024-02-26 22:38:18,492 utils (0.000) SELECT COUNT(*) AS "__count" FROM "pong_tournamentdata"; args=(); alias=default
DEBUG 2024-02-26 22:38:18,493 utils (0.000) SELECT "django_content_type"."id", "django_content_type"."app_label", "django_content_type"."model" FROM "django_content_type" WHERE "django_content_type"."app_label" = 'pong'; args=('pong',); alias=default
DEBUG 2024-02-26 22:38:18,494 utils (0.000) SELECT "django_content_type"."id", "django_content_type"."app_label", "django_content_type"."model" FROM "django_content_type" WHERE ("django_content_type"."app_label" = 'pong' AND "django_content_type"."model" = 'gamedata') LIMIT 21; args=('pong', 'gamedata'); alias=default
DEBUG 2024-02-26 22:38:18,495 utils (0.000) SELECT "django_content_type"."id", "django_content_type"."app_label", "django_content_type"."model" FROM "django_content_type" WHERE ("django_content_type"."app_label" = 'pong' AND "django_content_type"."model" = 'tournamentdata') LIMIT 21; args=('pong', 'tournamentdata'); alias=default
DEBUG 2024-02-26 22:38:18,497 utils (0.000) SELECT "auth_permission"."content_type_id", "auth_permission"."codename" FROM "auth_permission" INNER JOIN "django_content_type" ON ("auth_permission"."content_type_id" = "django_content_type"."id") WHERE "auth_permission"."content_type_id" IN (8, 7) ORDER BY "django_content_type"."app_label" ASC, "django_content_type"."model" ASC, "auth_permission"."codename" ASC; args=(8, 7); alias=default
DEBUG 2024-02-26 22:38:18,498 utils (0.000) SELECT "django_content_type"."id", "django_content_type"."app_label", "django_content_type"."model" FROM "django_content_type" WHERE "django_content_type"."app_label" = 'pong'; args=('pong',); alias=default
DEBUG 2024-02-26 22:38:18,499 utils (0.000) SELECT COUNT(*) AS "__count" FROM "pong_gamedata"; args=(); alias=default
DEBUG 2024-02-26 22:38:18,499 utils (0.000) SELECT COUNT(*) AS "__count" FROM "pong_tournamentdata"; args=(); alias=default
DEBUG 2024-02-26 22:38:18,501 utils (0.000) SELECT COUNT(*) AS "__count" FROM "pong_gamedata"; args=(); alias=default
DEBUG 2024-02-26 22:38:18,503 utils (0.000) SELECT COUNT(*) AS "__count" FROM "pong_tournamentdata"; args=(); alias=default
DEBUG 2024-02-26 22:38:18,520 utils (0.002) INSERT INTO "pong_gamedata" ("player1_name", "player1_points", "player2_name", "player2_points", "game_end_timestamp", "game_duration_secs", "is_tournament_game") VALUES ('Player 2', 11, 'Player 10', 2, '2023-11-29T11:57:17.500131+01:00'::timestamptz, 384, true) RETURNING "pong_gamedata"."id"; args=('Player 2', 11, 'Player 10', 2, datetime.datetime(2023, 11, 29, 11, 57, 17, 500131, tzinfo=<DstTzInfo 'Europe/Paris' CET+1:00:00 STD>), 384, True); alias=default
DEBUG 2024-02-26 22:38:18,537 utils (0.001) INSERT INTO "pong_gamedata" ("player1_name", "player1_points", "player2_name", "player2_points", "game_end_timestamp", "game_duration_secs", "is_tournament_game") VALUES ('Player 9', 1, 'Player 7', 11, '2023-11-29T11:54:05.500131+01:00'::timestamptz, 260, true) RETURNING "pong_gamedata"."id"; args=('Player 9', 1, 'Player 7', 11, datetime.datetime(2023, 11, 29, 11, 54, 5, 500131, tzinfo=<DstTzInfo 'Europe/Paris' CET+1:00:00 STD>), 260, True); alias=default
DEBUG 2024-02-26 22:38:18,556 utils (0.002) INSERT INTO "pong_gamedata" ("player1_name", "player1_points", "player2_name", "player2_points", "game_end_timestamp", "game_duration_secs", "is_tournament_game") VALUES ('Player 2', 11, 'Player 7', 9, '2023-11-29T12:02:02.500131+01:00'::timestamptz, 693, true) RETURNING "pong_gamedata"."id"; args=('Player 2', 11, 'Player 7', 9, datetime.datetime(2023, 11, 29, 12, 2, 2, 500131, tzinfo=<DstTzInfo 'Europe/Paris' CET+1:00:00 STD>), 693, True); alias=default
DEBUG 2024-02-26 22:38:18,571 utils (0.001) INSERT INTO "pong_tournamentdata" ("tour_id", "match_id_semi_1", "match_id_semi_2", "match_id_final", "tournament_end_timestamp", "tournament_duration_secs", "player_ranking", "blockchain_hash") VALUES (0, 1410, 1411, 1412, '2023-11-29T12:02:02.500131+01:00'::timestamptz, 737, '["Player 2", "Player 7", "Player 10", "Player 9"]', '0x0') RETURNING "pong_tournamentdata"."id"; args=(0, 1410, 1411, 1412, datetime.datetime(2023, 11, 29, 12, 2, 2, 500131, tzinfo=<DstTzInfo 'Europe/Paris' CET+1:00:00 STD>), 737, <psycopg2._json.Json object at 0x7f7be9c46390>, '0x0'); alias=default
DEBUG 2024-02-26 22:38:18,573 utils (0.000) SELECT COUNT(*) AS "__count" FROM "pong_gamedata"; args=(); alias=default
DEBUG 2024-02-26 22:38:18,574 utils (0.000) SELECT COUNT(*) AS "__count" FROM "pong_tournamentdata"; args=(); alias=default
