DEBUG 2024-02-28 21:40:38,165 utils (0.002) 
            SELECT
                c.relname,
                CASE
                    WHEN c.relispartition THEN 'p'
                    WHEN c.relkind IN ('m', 'v') THEN 'v'
                    ELSE 't'
                END,
                obj_description(c.oid, 'pg_class')
            FROM pg_catalog.pg_class c
            LEFT JOIN pg_catalog.pg_namespace n ON n.oid = c.relnamespace
            WHERE c.relkind IN ('f', 'm', 'p', 'r', 'v')
                AND n.nspname NOT IN ('pg_catalog', 'pg_toast')
                AND pg_catalog.pg_table_is_visible(c.oid)
        ; args=None; alias=default
DEBUG 2024-02-28 21:40:38,168 utils (0.001) 
            SELECT
                c.relname,
                CASE
                    WHEN c.relispartition THEN 'p'
                    WHEN c.relkind IN ('m', 'v') THEN 'v'
                    ELSE 't'
                END,
                obj_description(c.oid, 'pg_class')
            FROM pg_catalog.pg_class c
            LEFT JOIN pg_catalog.pg_namespace n ON n.oid = c.relnamespace
            WHERE c.relkind IN ('f', 'm', 'p', 'r', 'v')
                AND n.nspname NOT IN ('pg_catalog', 'pg_toast')
                AND pg_catalog.pg_table_is_visible(c.oid)
        ; args=None; alias=default
DEBUG 2024-02-28 21:40:38,170 utils (0.001) 
            SELECT
                c.relname,
                CASE
                    WHEN c.relispartition THEN 'p'
                    WHEN c.relkind IN ('m', 'v') THEN 'v'
                    ELSE 't'
                END,
                obj_description(c.oid, 'pg_class')
            FROM pg_catalog.pg_class c
            LEFT JOIN pg_catalog.pg_namespace n ON n.oid = c.relnamespace
            WHERE c.relkind IN ('f', 'm', 'p', 'r', 'v')
                AND n.nspname NOT IN ('pg_catalog', 'pg_toast')
                AND pg_catalog.pg_table_is_visible(c.oid)
        ; args=None; alias=default
DEBUG 2024-02-28 21:40:38,170 utils (0.000) BEGIN; args=None; alias=default
DEBUG 2024-02-28 21:40:38,171 schema CREATE TABLE "django_migrations" ("id" bigint NOT NULL PRIMARY KEY GENERATED BY DEFAULT AS IDENTITY, "app" varchar(255) NOT NULL, "name" varchar(255) NOT NULL, "applied" timestamp with time zone NOT NULL); (params None)
DEBUG 2024-02-28 21:40:38,182 utils (0.011) CREATE TABLE "django_migrations" ("id" bigint NOT NULL PRIMARY KEY GENERATED BY DEFAULT AS IDENTITY, "app" varchar(255) NOT NULL, "name" varchar(255) NOT NULL, "applied" timestamp with time zone NOT NULL); args=None; alias=default
DEBUG 2024-02-28 21:40:38,184 utils (0.001) COMMIT; args=None; alias=default
DEBUG 2024-02-28 21:40:38,189 utils (0.000) BEGIN; args=None; alias=default
DEBUG 2024-02-28 21:40:38,192 schema CREATE TABLE "django_content_type" ("id" integer NOT NULL PRIMARY KEY GENERATED BY DEFAULT AS IDENTITY, "name" varchar(100) NOT NULL, "app_label" varchar(100) NOT NULL, "model" varchar(100) NOT NULL); (params None)
DEBUG 2024-02-28 21:40:38,195 utils (0.003) CREATE TABLE "django_content_type" ("id" integer NOT NULL PRIMARY KEY GENERATED BY DEFAULT AS IDENTITY, "name" varchar(100) NOT NULL, "app_label" varchar(100) NOT NULL, "model" varchar(100) NOT NULL); args=None; alias=default
DEBUG 2024-02-28 21:40:38,199 schema ALTER TABLE "django_content_type" ADD CONSTRAINT "django_content_type_app_label_model_76bd3d3b_uniq" UNIQUE ("app_label", "model"); (params None)
DEBUG 2024-02-28 21:40:38,202 utils (0.002) ALTER TABLE "django_content_type" ADD CONSTRAINT "django_content_type_app_label_model_76bd3d3b_uniq" UNIQUE ("app_label", "model"); args=None; alias=default
DEBUG 2024-02-28 21:40:38,204 utils (0.002) 
            SELECT
                c.relname,
                CASE
                    WHEN c.relispartition THEN 'p'
                    WHEN c.relkind IN ('m', 'v') THEN 'v'
                    ELSE 't'
                END,
                obj_description(c.oid, 'pg_class')
            FROM pg_catalog.pg_class c
            LEFT JOIN pg_catalog.pg_namespace n ON n.oid = c.relnamespace
            WHERE c.relkind IN ('f', 'm', 'p', 'r', 'v')
                AND n.nspname NOT IN ('pg_catalog', 'pg_toast')
                AND pg_catalog.pg_table_is_visible(c.oid)
        ; args=None; alias=default
DEBUG 2024-02-28 21:40:38,206 utils (0.001) INSERT INTO "django_migrations" ("app", "name", "applied") VALUES ('contenttypes', '0001_initial', '2024-02-28T21:40:38.204745+00:00'::timestamptz) RETURNING "django_migrations"."id"; args=('contenttypes', '0001_initial', datetime.datetime(2024, 2, 28, 21, 40, 38, 204745, tzinfo=datetime.timezone.utc)); alias=default
DEBUG 2024-02-28 21:40:38,207 utils (0.001) COMMIT; args=None; alias=default
DEBUG 2024-02-28 21:40:38,207 utils (0.000) BEGIN; args=None; alias=default
DEBUG 2024-02-28 21:40:38,210 schema CREATE TABLE "auth_permission" ("id" integer NOT NULL PRIMARY KEY GENERATED BY DEFAULT AS IDENTITY, "name" varchar(50) NOT NULL, "content_type_id" integer NOT NULL, "codename" varchar(100) NOT NULL); (params None)
DEBUG 2024-02-28 21:40:38,214 utils (0.004) CREATE TABLE "auth_permission" ("id" integer NOT NULL PRIMARY KEY GENERATED BY DEFAULT AS IDENTITY, "name" varchar(50) NOT NULL, "content_type_id" integer NOT NULL, "codename" varchar(100) NOT NULL); args=None; alias=default
DEBUG 2024-02-28 21:40:38,219 schema CREATE TABLE "auth_group" ("id" integer NOT NULL PRIMARY KEY GENERATED BY DEFAULT AS IDENTITY, "name" varchar(80) NOT NULL UNIQUE); (params None)
DEBUG 2024-02-28 21:40:38,227 utils (0.008) CREATE TABLE "auth_group" ("id" integer NOT NULL PRIMARY KEY GENERATED BY DEFAULT AS IDENTITY, "name" varchar(80) NOT NULL UNIQUE); args=None; alias=default
DEBUG 2024-02-28 21:40:38,228 schema CREATE TABLE "auth_group_permissions" ("id" bigint NOT NULL PRIMARY KEY GENERATED BY DEFAULT AS IDENTITY, "group_id" integer NOT NULL, "permission_id" integer NOT NULL); (params None)
DEBUG 2024-02-28 21:40:38,232 utils (0.003) CREATE TABLE "auth_group_permissions" ("id" bigint NOT NULL PRIMARY KEY GENERATED BY DEFAULT AS IDENTITY, "group_id" integer NOT NULL, "permission_id" integer NOT NULL); args=None; alias=default
DEBUG 2024-02-28 21:40:38,244 schema CREATE TABLE "auth_user" ("id" integer NOT NULL PRIMARY KEY GENERATED BY DEFAULT AS IDENTITY, "password" varchar(128) NOT NULL, "last_login" timestamp with time zone NOT NULL, "is_superuser" boolean NOT NULL, "username" varchar(30) NOT NULL UNIQUE, "first_name" varchar(30) NOT NULL, "last_name" varchar(30) NOT NULL, "email" varchar(75) NOT NULL, "is_staff" boolean NOT NULL, "is_active" boolean NOT NULL, "date_joined" timestamp with time zone NOT NULL); (params None)
DEBUG 2024-02-28 21:40:38,249 utils (0.006) CREATE TABLE "auth_user" ("id" integer NOT NULL PRIMARY KEY GENERATED BY DEFAULT AS IDENTITY, "password" varchar(128) NOT NULL, "last_login" timestamp with time zone NOT NULL, "is_superuser" boolean NOT NULL, "username" varchar(30) NOT NULL UNIQUE, "first_name" varchar(30) NOT NULL, "last_name" varchar(30) NOT NULL, "email" varchar(75) NOT NULL, "is_staff" boolean NOT NULL, "is_active" boolean NOT NULL, "date_joined" timestamp with time zone NOT NULL); args=None; alias=default
DEBUG 2024-02-28 21:40:38,251 schema CREATE TABLE "auth_user_groups" ("id" bigint NOT NULL PRIMARY KEY GENERATED BY DEFAULT AS IDENTITY, "user_id" integer NOT NULL, "group_id" integer NOT NULL); (params None)
DEBUG 2024-02-28 21:40:38,258 utils (0.007) CREATE TABLE "auth_user_groups" ("id" bigint NOT NULL PRIMARY KEY GENERATED BY DEFAULT AS IDENTITY, "user_id" integer NOT NULL, "group_id" integer NOT NULL); args=None; alias=default
DEBUG 2024-02-28 21:40:38,259 schema CREATE TABLE "auth_user_user_permissions" ("id" bigint NOT NULL PRIMARY KEY GENERATED BY DEFAULT AS IDENTITY, "user_id" integer NOT NULL, "permission_id" integer NOT NULL); (params None)
DEBUG 2024-02-28 21:40:38,262 utils (0.003) CREATE TABLE "auth_user_user_permissions" ("id" bigint NOT NULL PRIMARY KEY GENERATED BY DEFAULT AS IDENTITY, "user_id" integer NOT NULL, "permission_id" integer NOT NULL); args=None; alias=default
DEBUG 2024-02-28 21:40:38,263 schema ALTER TABLE "auth_permission" ADD CONSTRAINT "auth_permission_content_type_id_codename_01ab375a_uniq" UNIQUE ("content_type_id", "codename"); (params None)
DEBUG 2024-02-28 21:40:38,265 utils (0.002) ALTER TABLE "auth_permission" ADD CONSTRAINT "auth_permission_content_type_id_codename_01ab375a_uniq" UNIQUE ("content_type_id", "codename"); args=None; alias=default
DEBUG 2024-02-28 21:40:38,265 schema ALTER TABLE "auth_permission" ADD CONSTRAINT "auth_permission_content_type_id_2f476e4b_fk_django_co" FOREIGN KEY ("content_type_id") REFERENCES "django_content_type" ("id") DEFERRABLE INITIALLY DEFERRED; (params None)
DEBUG 2024-02-28 21:40:38,268 utils (0.002) ALTER TABLE "auth_permission" ADD CONSTRAINT "auth_permission_content_type_id_2f476e4b_fk_django_co" FOREIGN KEY ("content_type_id") REFERENCES "django_content_type" ("id") DEFERRABLE INITIALLY DEFERRED; args=None; alias=default
DEBUG 2024-02-28 21:40:38,268 schema CREATE INDEX "auth_permission_content_type_id_2f476e4b" ON "auth_permission" ("content_type_id"); (params None)
DEBUG 2024-02-28 21:40:38,271 utils (0.002) CREATE INDEX "auth_permission_content_type_id_2f476e4b" ON "auth_permission" ("content_type_id"); args=None; alias=default
DEBUG 2024-02-28 21:40:38,271 schema CREATE INDEX "auth_group_name_a6ea08ec_like" ON "auth_group" ("name" varchar_pattern_ops); (params None)
DEBUG 2024-02-28 21:40:38,274 utils (0.003) CREATE INDEX "auth_group_name_a6ea08ec_like" ON "auth_group" ("name" varchar_pattern_ops); args=None; alias=default
DEBUG 2024-02-28 21:40:38,275 schema ALTER TABLE "auth_group_permissions" ADD CONSTRAINT "auth_group_permissions_group_id_permission_id_0cd325b0_uniq" UNIQUE ("group_id", "permission_id"); (params None)
DEBUG 2024-02-28 21:40:38,277 utils (0.002) ALTER TABLE "auth_group_permissions" ADD CONSTRAINT "auth_group_permissions_group_id_permission_id_0cd325b0_uniq" UNIQUE ("group_id", "permission_id"); args=None; alias=default
DEBUG 2024-02-28 21:40:38,277 schema ALTER TABLE "auth_group_permissions" ADD CONSTRAINT "auth_group_permissions_group_id_b120cbf9_fk_auth_group_id" FOREIGN KEY ("group_id") REFERENCES "auth_group" ("id") DEFERRABLE INITIALLY DEFERRED; (params None)
DEBUG 2024-02-28 21:40:38,279 utils (0.001) ALTER TABLE "auth_group_permissions" ADD CONSTRAINT "auth_group_permissions_group_id_b120cbf9_fk_auth_group_id" FOREIGN KEY ("group_id") REFERENCES "auth_group" ("id") DEFERRABLE INITIALLY DEFERRED; args=None; alias=default
DEBUG 2024-02-28 21:40:38,279 schema ALTER TABLE "auth_group_permissions" ADD CONSTRAINT "auth_group_permissio_permission_id_84c5c92e_fk_auth_perm" FOREIGN KEY ("permission_id") REFERENCES "auth_permission" ("id") DEFERRABLE INITIALLY DEFERRED; (params None)
DEBUG 2024-02-28 21:40:38,280 utils (0.001) ALTER TABLE "auth_group_permissions" ADD CONSTRAINT "auth_group_permissio_permission_id_84c5c92e_fk_auth_perm" FOREIGN KEY ("permission_id") REFERENCES "auth_permission" ("id") DEFERRABLE INITIALLY DEFERRED; args=None; alias=default
DEBUG 2024-02-28 21:40:38,281 schema CREATE INDEX "auth_group_permissions_group_id_b120cbf9" ON "auth_group_permissions" ("group_id"); (params None)
DEBUG 2024-02-28 21:40:38,283 utils (0.002) CREATE INDEX "auth_group_permissions_group_id_b120cbf9" ON "auth_group_permissions" ("group_id"); args=None; alias=default
DEBUG 2024-02-28 21:40:38,283 schema CREATE INDEX "auth_group_permissions_permission_id_84c5c92e" ON "auth_group_permissions" ("permission_id"); (params None)
DEBUG 2024-02-28 21:40:38,286 utils (0.002) CREATE INDEX "auth_group_permissions_permission_id_84c5c92e" ON "auth_group_permissions" ("permission_id"); args=None; alias=default
DEBUG 2024-02-28 21:40:38,286 schema CREATE INDEX "auth_user_username_6821ab7c_like" ON "auth_user" ("username" varchar_pattern_ops); (params None)
DEBUG 2024-02-28 21:40:38,289 utils (0.002) CREATE INDEX "auth_user_username_6821ab7c_like" ON "auth_user" ("username" varchar_pattern_ops); args=None; alias=default
DEBUG 2024-02-28 21:40:38,289 schema ALTER TABLE "auth_user_groups" ADD CONSTRAINT "auth_user_groups_user_id_group_id_94350c0c_uniq" UNIQUE ("user_id", "group_id"); (params None)
DEBUG 2024-02-28 21:40:38,291 utils (0.002) ALTER TABLE "auth_user_groups" ADD CONSTRAINT "auth_user_groups_user_id_group_id_94350c0c_uniq" UNIQUE ("user_id", "group_id"); args=None; alias=default
DEBUG 2024-02-28 21:40:38,291 schema ALTER TABLE "auth_user_groups" ADD CONSTRAINT "auth_user_groups_user_id_6a12ed8b_fk_auth_user_id" FOREIGN KEY ("user_id") REFERENCES "auth_user" ("id") DEFERRABLE INITIALLY DEFERRED; (params None)
DEBUG 2024-02-28 21:40:38,293 utils (0.001) ALTER TABLE "auth_user_groups" ADD CONSTRAINT "auth_user_groups_user_id_6a12ed8b_fk_auth_user_id" FOREIGN KEY ("user_id") REFERENCES "auth_user" ("id") DEFERRABLE INITIALLY DEFERRED; args=None; alias=default
DEBUG 2024-02-28 21:40:38,293 schema ALTER TABLE "auth_user_groups" ADD CONSTRAINT "auth_user_groups_group_id_97559544_fk_auth_group_id" FOREIGN KEY ("group_id") REFERENCES "auth_group" ("id") DEFERRABLE INITIALLY DEFERRED; (params None)
DEBUG 2024-02-28 21:40:38,294 utils (0.001) ALTER TABLE "auth_user_groups" ADD CONSTRAINT "auth_user_groups_group_id_97559544_fk_auth_group_id" FOREIGN KEY ("group_id") REFERENCES "auth_group" ("id") DEFERRABLE INITIALLY DEFERRED; args=None; alias=default
DEBUG 2024-02-28 21:40:38,295 schema CREATE INDEX "auth_user_groups_user_id_6a12ed8b" ON "auth_user_groups" ("user_id"); (params None)
DEBUG 2024-02-28 21:40:38,297 utils (0.002) CREATE INDEX "auth_user_groups_user_id_6a12ed8b" ON "auth_user_groups" ("user_id"); args=None; alias=default
DEBUG 2024-02-28 21:40:38,297 schema CREATE INDEX "auth_user_groups_group_id_97559544" ON "auth_user_groups" ("group_id"); (params None)
DEBUG 2024-02-28 21:40:38,299 utils (0.002) CREATE INDEX "auth_user_groups_group_id_97559544" ON "auth_user_groups" ("group_id"); args=None; alias=default
DEBUG 2024-02-28 21:40:38,299 schema ALTER TABLE "auth_user_user_permissions" ADD CONSTRAINT "auth_user_user_permissions_user_id_permission_id_14a6b632_uniq" UNIQUE ("user_id", "permission_id"); (params None)
DEBUG 2024-02-28 21:40:38,302 utils (0.002) ALTER TABLE "auth_user_user_permissions" ADD CONSTRAINT "auth_user_user_permissions_user_id_permission_id_14a6b632_uniq" UNIQUE ("user_id", "permission_id"); args=None; alias=default
DEBUG 2024-02-28 21:40:38,302 schema ALTER TABLE "auth_user_user_permissions" ADD CONSTRAINT "auth_user_user_permissions_user_id_a95ead1b_fk_auth_user_id" FOREIGN KEY ("user_id") REFERENCES "auth_user" ("id") DEFERRABLE INITIALLY DEFERRED; (params None)
DEBUG 2024-02-28 21:40:38,304 utils (0.001) ALTER TABLE "auth_user_user_permissions" ADD CONSTRAINT "auth_user_user_permissions_user_id_a95ead1b_fk_auth_user_id" FOREIGN KEY ("user_id") REFERENCES "auth_user" ("id") DEFERRABLE INITIALLY DEFERRED; args=None; alias=default
DEBUG 2024-02-28 21:40:38,304 schema ALTER TABLE "auth_user_user_permissions" ADD CONSTRAINT "auth_user_user_permi_permission_id_1fbb5f2c_fk_auth_perm" FOREIGN KEY ("permission_id") REFERENCES "auth_permission" ("id") DEFERRABLE INITIALLY DEFERRED; (params None)
DEBUG 2024-02-28 21:40:38,306 utils (0.001) ALTER TABLE "auth_user_user_permissions" ADD CONSTRAINT "auth_user_user_permi_permission_id_1fbb5f2c_fk_auth_perm" FOREIGN KEY ("permission_id") REFERENCES "auth_permission" ("id") DEFERRABLE INITIALLY DEFERRED; args=None; alias=default
DEBUG 2024-02-28 21:40:38,306 schema CREATE INDEX "auth_user_user_permissions_user_id_a95ead1b" ON "auth_user_user_permissions" ("user_id"); (params None)
DEBUG 2024-02-28 21:40:38,309 utils (0.002) CREATE INDEX "auth_user_user_permissions_user_id_a95ead1b" ON "auth_user_user_permissions" ("user_id"); args=None; alias=default
DEBUG 2024-02-28 21:40:38,309 schema CREATE INDEX "auth_user_user_permissions_permission_id_1fbb5f2c" ON "auth_user_user_permissions" ("permission_id"); (params None)
DEBUG 2024-02-28 21:40:38,311 utils (0.002) CREATE INDEX "auth_user_user_permissions_permission_id_1fbb5f2c" ON "auth_user_user_permissions" ("permission_id"); args=None; alias=default
DEBUG 2024-02-28 21:40:38,312 utils (0.001) COMMIT; args=None; alias=default
DEBUG 2024-02-28 21:40:38,315 utils (0.002) 
            SELECT
                c.relname,
                CASE
                    WHEN c.relispartition THEN 'p'
                    WHEN c.relkind IN ('m', 'v') THEN 'v'
                    ELSE 't'
                END,
                obj_description(c.oid, 'pg_class')
            FROM pg_catalog.pg_class c
            LEFT JOIN pg_catalog.pg_namespace n ON n.oid = c.relnamespace
            WHERE c.relkind IN ('f', 'm', 'p', 'r', 'v')
                AND n.nspname NOT IN ('pg_catalog', 'pg_toast')
                AND pg_catalog.pg_table_is_visible(c.oid)
        ; args=None; alias=default
DEBUG 2024-02-28 21:40:38,316 utils (0.001) INSERT INTO "django_migrations" ("app", "name", "applied") VALUES ('auth', '0001_initial', '2024-02-28T21:40:38.315392+00:00'::timestamptz) RETURNING "django_migrations"."id"; args=('auth', '0001_initial', datetime.datetime(2024, 2, 28, 21, 40, 38, 315392, tzinfo=datetime.timezone.utc)); alias=default
DEBUG 2024-02-28 21:40:38,317 utils (0.000) BEGIN; args=None; alias=default
DEBUG 2024-02-28 21:40:38,328 schema CREATE TABLE "django_admin_log" ("id" integer NOT NULL PRIMARY KEY GENERATED BY DEFAULT AS IDENTITY, "action_time" timestamp with time zone NOT NULL, "object_id" text NULL, "object_repr" varchar(200) NOT NULL, "action_flag" smallint NOT NULL CHECK ("action_flag" >= 0), "change_message" text NOT NULL, "content_type_id" integer NULL, "user_id" integer NOT NULL); (params None)
DEBUG 2024-02-28 21:40:38,334 utils (0.005) CREATE TABLE "django_admin_log" ("id" integer NOT NULL PRIMARY KEY GENERATED BY DEFAULT AS IDENTITY, "action_time" timestamp with time zone NOT NULL, "object_id" text NULL, "object_repr" varchar(200) NOT NULL, "action_flag" smallint NOT NULL CHECK ("action_flag" >= 0), "change_message" text NOT NULL, "content_type_id" integer NULL, "user_id" integer NOT NULL); args=None; alias=default
DEBUG 2024-02-28 21:40:38,334 schema ALTER TABLE "django_admin_log" ADD CONSTRAINT "django_admin_log_content_type_id_c4bce8eb_fk_django_co" FOREIGN KEY ("content_type_id") REFERENCES "django_content_type" ("id") DEFERRABLE INITIALLY DEFERRED; (params None)
DEBUG 2024-02-28 21:40:38,336 utils (0.001) ALTER TABLE "django_admin_log" ADD CONSTRAINT "django_admin_log_content_type_id_c4bce8eb_fk_django_co" FOREIGN KEY ("content_type_id") REFERENCES "django_content_type" ("id") DEFERRABLE INITIALLY DEFERRED; args=None; alias=default
DEBUG 2024-02-28 21:40:38,337 schema ALTER TABLE "django_admin_log" ADD CONSTRAINT "django_admin_log_user_id_c564eba6_fk_auth_user_id" FOREIGN KEY ("user_id") REFERENCES "auth_user" ("id") DEFERRABLE INITIALLY DEFERRED; (params None)
DEBUG 2024-02-28 21:40:38,338 utils (0.001) ALTER TABLE "django_admin_log" ADD CONSTRAINT "django_admin_log_user_id_c564eba6_fk_auth_user_id" FOREIGN KEY ("user_id") REFERENCES "auth_user" ("id") DEFERRABLE INITIALLY DEFERRED; args=None; alias=default
DEBUG 2024-02-28 21:40:38,338 schema CREATE INDEX "django_admin_log_content_type_id_c4bce8eb" ON "django_admin_log" ("content_type_id"); (params None)
DEBUG 2024-02-28 21:40:38,341 utils (0.002) CREATE INDEX "django_admin_log_content_type_id_c4bce8eb" ON "django_admin_log" ("content_type_id"); args=None; alias=default
DEBUG 2024-02-28 21:40:38,341 schema CREATE INDEX "django_admin_log_user_id_c564eba6" ON "django_admin_log" ("user_id"); (params None)
DEBUG 2024-02-28 21:40:38,344 utils (0.003) CREATE INDEX "django_admin_log_user_id_c564eba6" ON "django_admin_log" ("user_id"); args=None; alias=default
DEBUG 2024-02-28 21:40:38,345 utils (0.001) COMMIT; args=None; alias=default
DEBUG 2024-02-28 21:40:38,347 utils (0.002) 
            SELECT
                c.relname,
                CASE
                    WHEN c.relispartition THEN 'p'
                    WHEN c.relkind IN ('m', 'v') THEN 'v'
                    ELSE 't'
                END,
                obj_description(c.oid, 'pg_class')
            FROM pg_catalog.pg_class c
            LEFT JOIN pg_catalog.pg_namespace n ON n.oid = c.relnamespace
            WHERE c.relkind IN ('f', 'm', 'p', 'r', 'v')
                AND n.nspname NOT IN ('pg_catalog', 'pg_toast')
                AND pg_catalog.pg_table_is_visible(c.oid)
        ; args=None; alias=default
DEBUG 2024-02-28 21:40:38,349 utils (0.001) INSERT INTO "django_migrations" ("app", "name", "applied") VALUES ('admin', '0001_initial', '2024-02-28T21:40:38.348181+00:00'::timestamptz) RETURNING "django_migrations"."id"; args=('admin', '0001_initial', datetime.datetime(2024, 2, 28, 21, 40, 38, 348181, tzinfo=datetime.timezone.utc)); alias=default
DEBUG 2024-02-28 21:40:38,349 utils (0.000) BEGIN; args=None; alias=default
DEBUG 2024-02-28 21:40:38,360 utils (0.001) 
            SELECT
                c.relname,
                CASE
                    WHEN c.relispartition THEN 'p'
                    WHEN c.relkind IN ('m', 'v') THEN 'v'
                    ELSE 't'
                END,
                obj_description(c.oid, 'pg_class')
            FROM pg_catalog.pg_class c
            LEFT JOIN pg_catalog.pg_namespace n ON n.oid = c.relnamespace
            WHERE c.relkind IN ('f', 'm', 'p', 'r', 'v')
                AND n.nspname NOT IN ('pg_catalog', 'pg_toast')
                AND pg_catalog.pg_table_is_visible(c.oid)
        ; args=None; alias=default
DEBUG 2024-02-28 21:40:38,361 utils (0.000) INSERT INTO "django_migrations" ("app", "name", "applied") VALUES ('admin', '0002_logentry_remove_auto_add', '2024-02-28T21:40:38.360477+00:00'::timestamptz) RETURNING "django_migrations"."id"; args=('admin', '0002_logentry_remove_auto_add', datetime.datetime(2024, 2, 28, 21, 40, 38, 360477, tzinfo=datetime.timezone.utc)); alias=default
DEBUG 2024-02-28 21:40:38,362 utils (0.001) COMMIT; args=None; alias=default
DEBUG 2024-02-28 21:40:38,362 utils (0.000) BEGIN; args=None; alias=default
DEBUG 2024-02-28 21:40:38,371 utils (0.001) 
            SELECT
                c.relname,
                CASE
                    WHEN c.relispartition THEN 'p'
                    WHEN c.relkind IN ('m', 'v') THEN 'v'
                    ELSE 't'
                END,
                obj_description(c.oid, 'pg_class')
            FROM pg_catalog.pg_class c
            LEFT JOIN pg_catalog.pg_namespace n ON n.oid = c.relnamespace
            WHERE c.relkind IN ('f', 'm', 'p', 'r', 'v')
                AND n.nspname NOT IN ('pg_catalog', 'pg_toast')
                AND pg_catalog.pg_table_is_visible(c.oid)
        ; args=None; alias=default
DEBUG 2024-02-28 21:40:38,371 utils (0.000) INSERT INTO "django_migrations" ("app", "name", "applied") VALUES ('admin', '0003_logentry_add_action_flag_choices', '2024-02-28T21:40:38.371344+00:00'::timestamptz) RETURNING "django_migrations"."id"; args=('admin', '0003_logentry_add_action_flag_choices', datetime.datetime(2024, 2, 28, 21, 40, 38, 371344, tzinfo=datetime.timezone.utc)); alias=default
DEBUG 2024-02-28 21:40:38,372 utils (0.001) COMMIT; args=None; alias=default
DEBUG 2024-02-28 21:40:38,373 utils (0.000) BEGIN; args=None; alias=default
DEBUG 2024-02-28 21:40:38,379 schema ALTER TABLE "django_content_type" ALTER COLUMN "name" DROP NOT NULL; (params None)
DEBUG 2024-02-28 21:40:38,380 utils (0.000) ALTER TABLE "django_content_type" ALTER COLUMN "name" DROP NOT NULL; args=None; alias=default
DEBUG 2024-02-28 21:40:38,393 schema ALTER TABLE "django_content_type" DROP COLUMN "name" CASCADE; (params None)
DEBUG 2024-02-28 21:40:38,394 utils (0.000) ALTER TABLE "django_content_type" DROP COLUMN "name" CASCADE; args=None; alias=default
DEBUG 2024-02-28 21:40:38,395 utils (0.001) 
            SELECT
                c.relname,
                CASE
                    WHEN c.relispartition THEN 'p'
                    WHEN c.relkind IN ('m', 'v') THEN 'v'
                    ELSE 't'
                END,
                obj_description(c.oid, 'pg_class')
            FROM pg_catalog.pg_class c
            LEFT JOIN pg_catalog.pg_namespace n ON n.oid = c.relnamespace
            WHERE c.relkind IN ('f', 'm', 'p', 'r', 'v')
                AND n.nspname NOT IN ('pg_catalog', 'pg_toast')
                AND pg_catalog.pg_table_is_visible(c.oid)
        ; args=None; alias=default
DEBUG 2024-02-28 21:40:38,396 utils (0.000) INSERT INTO "django_migrations" ("app", "name", "applied") VALUES ('contenttypes', '0002_remove_content_type_name', '2024-02-28T21:40:38.396205+00:00'::timestamptz) RETURNING "django_migrations"."id"; args=('contenttypes', '0002_remove_content_type_name', datetime.datetime(2024, 2, 28, 21, 40, 38, 396205, tzinfo=datetime.timezone.utc)); alias=default
DEBUG 2024-02-28 21:40:38,397 utils (0.001) COMMIT; args=None; alias=default
DEBUG 2024-02-28 21:40:38,397 utils (0.000) BEGIN; args=None; alias=default
DEBUG 2024-02-28 21:40:38,404 schema ALTER TABLE "auth_permission" ALTER COLUMN "name" TYPE varchar(255); (params None)
DEBUG 2024-02-28 21:40:38,405 utils (0.001) ALTER TABLE "auth_permission" ALTER COLUMN "name" TYPE varchar(255); args=None; alias=default
DEBUG 2024-02-28 21:40:38,407 utils (0.001) 
            SELECT
                c.relname,
                CASE
                    WHEN c.relispartition THEN 'p'
                    WHEN c.relkind IN ('m', 'v') THEN 'v'
                    ELSE 't'
                END,
                obj_description(c.oid, 'pg_class')
            FROM pg_catalog.pg_class c
            LEFT JOIN pg_catalog.pg_namespace n ON n.oid = c.relnamespace
            WHERE c.relkind IN ('f', 'm', 'p', 'r', 'v')
                AND n.nspname NOT IN ('pg_catalog', 'pg_toast')
                AND pg_catalog.pg_table_is_visible(c.oid)
        ; args=None; alias=default
DEBUG 2024-02-28 21:40:38,408 utils (0.000) INSERT INTO "django_migrations" ("app", "name", "applied") VALUES ('auth', '0002_alter_permission_name_max_length', '2024-02-28T21:40:38.407473+00:00'::timestamptz) RETURNING "django_migrations"."id"; args=('auth', '0002_alter_permission_name_max_length', datetime.datetime(2024, 2, 28, 21, 40, 38, 407473, tzinfo=datetime.timezone.utc)); alias=default
DEBUG 2024-02-28 21:40:38,409 utils (0.001) COMMIT; args=None; alias=default
DEBUG 2024-02-28 21:40:38,409 utils (0.000) BEGIN; args=None; alias=default
DEBUG 2024-02-28 21:40:38,416 schema ALTER TABLE "auth_user" ALTER COLUMN "email" TYPE varchar(254); (params None)
DEBUG 2024-02-28 21:40:38,417 utils (0.000) ALTER TABLE "auth_user" ALTER COLUMN "email" TYPE varchar(254); args=None; alias=default
DEBUG 2024-02-28 21:40:38,418 utils (0.001) 
            SELECT
                c.relname,
                CASE
                    WHEN c.relispartition THEN 'p'
                    WHEN c.relkind IN ('m', 'v') THEN 'v'
                    ELSE 't'
                END,
                obj_description(c.oid, 'pg_class')
            FROM pg_catalog.pg_class c
            LEFT JOIN pg_catalog.pg_namespace n ON n.oid = c.relnamespace
            WHERE c.relkind IN ('f', 'm', 'p', 'r', 'v')
                AND n.nspname NOT IN ('pg_catalog', 'pg_toast')
                AND pg_catalog.pg_table_is_visible(c.oid)
        ; args=None; alias=default
DEBUG 2024-02-28 21:40:38,419 utils (0.000) INSERT INTO "django_migrations" ("app", "name", "applied") VALUES ('auth', '0003_alter_user_email_max_length', '2024-02-28T21:40:38.419107+00:00'::timestamptz) RETURNING "django_migrations"."id"; args=('auth', '0003_alter_user_email_max_length', datetime.datetime(2024, 2, 28, 21, 40, 38, 419107, tzinfo=datetime.timezone.utc)); alias=default
DEBUG 2024-02-28 21:40:38,420 utils (0.001) COMMIT; args=None; alias=default
DEBUG 2024-02-28 21:40:38,420 utils (0.000) BEGIN; args=None; alias=default
DEBUG 2024-02-28 21:40:38,431 utils (0.001) 
            SELECT
                c.relname,
                CASE
                    WHEN c.relispartition THEN 'p'
                    WHEN c.relkind IN ('m', 'v') THEN 'v'
                    ELSE 't'
                END,
                obj_description(c.oid, 'pg_class')
            FROM pg_catalog.pg_class c
            LEFT JOIN pg_catalog.pg_namespace n ON n.oid = c.relnamespace
            WHERE c.relkind IN ('f', 'm', 'p', 'r', 'v')
                AND n.nspname NOT IN ('pg_catalog', 'pg_toast')
                AND pg_catalog.pg_table_is_visible(c.oid)
        ; args=None; alias=default
DEBUG 2024-02-28 21:40:38,432 utils (0.000) INSERT INTO "django_migrations" ("app", "name", "applied") VALUES ('auth', '0004_alter_user_username_opts', '2024-02-28T21:40:38.431544+00:00'::timestamptz) RETURNING "django_migrations"."id"; args=('auth', '0004_alter_user_username_opts', datetime.datetime(2024, 2, 28, 21, 40, 38, 431544, tzinfo=datetime.timezone.utc)); alias=default
DEBUG 2024-02-28 21:40:38,433 utils (0.001) COMMIT; args=None; alias=default
DEBUG 2024-02-28 21:40:38,433 utils (0.000) BEGIN; args=None; alias=default
DEBUG 2024-02-28 21:40:38,442 schema ALTER TABLE "auth_user" ALTER COLUMN "last_login" DROP NOT NULL; (params None)
DEBUG 2024-02-28 21:40:38,443 utils (0.000) ALTER TABLE "auth_user" ALTER COLUMN "last_login" DROP NOT NULL; args=None; alias=default
DEBUG 2024-02-28 21:40:38,444 utils (0.001) 
            SELECT
                c.relname,
                CASE
                    WHEN c.relispartition THEN 'p'
                    WHEN c.relkind IN ('m', 'v') THEN 'v'
                    ELSE 't'
                END,
                obj_description(c.oid, 'pg_class')
            FROM pg_catalog.pg_class c
            LEFT JOIN pg_catalog.pg_namespace n ON n.oid = c.relnamespace
            WHERE c.relkind IN ('f', 'm', 'p', 'r', 'v')
                AND n.nspname NOT IN ('pg_catalog', 'pg_toast')
                AND pg_catalog.pg_table_is_visible(c.oid)
        ; args=None; alias=default
DEBUG 2024-02-28 21:40:38,445 utils (0.000) INSERT INTO "django_migrations" ("app", "name", "applied") VALUES ('auth', '0005_alter_user_last_login_null', '2024-02-28T21:40:38.445022+00:00'::timestamptz) RETURNING "django_migrations"."id"; args=('auth', '0005_alter_user_last_login_null', datetime.datetime(2024, 2, 28, 21, 40, 38, 445022, tzinfo=datetime.timezone.utc)); alias=default
DEBUG 2024-02-28 21:40:38,446 utils (0.001) COMMIT; args=None; alias=default
DEBUG 2024-02-28 21:40:38,446 utils (0.000) BEGIN; args=None; alias=default
DEBUG 2024-02-28 21:40:38,448 utils (0.001) 
            SELECT
                c.relname,
                CASE
                    WHEN c.relispartition THEN 'p'
                    WHEN c.relkind IN ('m', 'v') THEN 'v'
                    ELSE 't'
                END,
                obj_description(c.oid, 'pg_class')
            FROM pg_catalog.pg_class c
            LEFT JOIN pg_catalog.pg_namespace n ON n.oid = c.relnamespace
            WHERE c.relkind IN ('f', 'm', 'p', 'r', 'v')
                AND n.nspname NOT IN ('pg_catalog', 'pg_toast')
                AND pg_catalog.pg_table_is_visible(c.oid)
        ; args=None; alias=default
DEBUG 2024-02-28 21:40:38,449 utils (0.000) INSERT INTO "django_migrations" ("app", "name", "applied") VALUES ('auth', '0006_require_contenttypes_0002', '2024-02-28T21:40:38.448586+00:00'::timestamptz) RETURNING "django_migrations"."id"; args=('auth', '0006_require_contenttypes_0002', datetime.datetime(2024, 2, 28, 21, 40, 38, 448586, tzinfo=datetime.timezone.utc)); alias=default
DEBUG 2024-02-28 21:40:38,450 utils (0.001) COMMIT; args=None; alias=default
DEBUG 2024-02-28 21:40:38,450 utils (0.000) BEGIN; args=None; alias=default
DEBUG 2024-02-28 21:40:38,457 utils (0.002) 
            SELECT
                c.relname,
                CASE
                    WHEN c.relispartition THEN 'p'
                    WHEN c.relkind IN ('m', 'v') THEN 'v'
                    ELSE 't'
                END,
                obj_description(c.oid, 'pg_class')
            FROM pg_catalog.pg_class c
            LEFT JOIN pg_catalog.pg_namespace n ON n.oid = c.relnamespace
            WHERE c.relkind IN ('f', 'm', 'p', 'r', 'v')
                AND n.nspname NOT IN ('pg_catalog', 'pg_toast')
                AND pg_catalog.pg_table_is_visible(c.oid)
        ; args=None; alias=default
DEBUG 2024-02-28 21:40:38,458 utils (0.000) INSERT INTO "django_migrations" ("app", "name", "applied") VALUES ('auth', '0007_alter_validators_add_error_messages', '2024-02-28T21:40:38.458318+00:00'::timestamptz) RETURNING "django_migrations"."id"; args=('auth', '0007_alter_validators_add_error_messages', datetime.datetime(2024, 2, 28, 21, 40, 38, 458318, tzinfo=datetime.timezone.utc)); alias=default
DEBUG 2024-02-28 21:40:38,459 utils (0.001) COMMIT; args=None; alias=default
DEBUG 2024-02-28 21:40:38,459 utils (0.000) BEGIN; args=None; alias=default
DEBUG 2024-02-28 21:40:38,466 schema ALTER TABLE "auth_user" ALTER COLUMN "username" TYPE varchar(150); (params None)
DEBUG 2024-02-28 21:40:38,469 utils (0.003) ALTER TABLE "auth_user" ALTER COLUMN "username" TYPE varchar(150); args=None; alias=default
DEBUG 2024-02-28 21:40:38,470 utils (0.001) 
            SELECT
                c.relname,
                CASE
                    WHEN c.relispartition THEN 'p'
                    WHEN c.relkind IN ('m', 'v') THEN 'v'
                    ELSE 't'
                END,
                obj_description(c.oid, 'pg_class')
            FROM pg_catalog.pg_class c
            LEFT JOIN pg_catalog.pg_namespace n ON n.oid = c.relnamespace
            WHERE c.relkind IN ('f', 'm', 'p', 'r', 'v')
                AND n.nspname NOT IN ('pg_catalog', 'pg_toast')
                AND pg_catalog.pg_table_is_visible(c.oid)
        ; args=None; alias=default
DEBUG 2024-02-28 21:40:38,471 utils (0.000) INSERT INTO "django_migrations" ("app", "name", "applied") VALUES ('auth', '0008_alter_user_username_max_length', '2024-02-28T21:40:38.470999+00:00'::timestamptz) RETURNING "django_migrations"."id"; args=('auth', '0008_alter_user_username_max_length', datetime.datetime(2024, 2, 28, 21, 40, 38, 470999, tzinfo=datetime.timezone.utc)); alias=default
DEBUG 2024-02-28 21:40:38,472 utils (0.001) COMMIT; args=None; alias=default
DEBUG 2024-02-28 21:40:38,472 utils (0.000) BEGIN; args=None; alias=default
DEBUG 2024-02-28 21:40:38,480 schema ALTER TABLE "auth_user" ALTER COLUMN "last_name" TYPE varchar(150); (params None)
DEBUG 2024-02-28 21:40:38,481 utils (0.001) ALTER TABLE "auth_user" ALTER COLUMN "last_name" TYPE varchar(150); args=None; alias=default
DEBUG 2024-02-28 21:40:38,483 utils (0.001) 
            SELECT
                c.relname,
                CASE
                    WHEN c.relispartition THEN 'p'
                    WHEN c.relkind IN ('m', 'v') THEN 'v'
                    ELSE 't'
                END,
                obj_description(c.oid, 'pg_class')
            FROM pg_catalog.pg_class c
            LEFT JOIN pg_catalog.pg_namespace n ON n.oid = c.relnamespace
            WHERE c.relkind IN ('f', 'm', 'p', 'r', 'v')
                AND n.nspname NOT IN ('pg_catalog', 'pg_toast')
                AND pg_catalog.pg_table_is_visible(c.oid)
        ; args=None; alias=default
DEBUG 2024-02-28 21:40:38,484 utils (0.000) INSERT INTO "django_migrations" ("app", "name", "applied") VALUES ('auth', '0009_alter_user_last_name_max_length', '2024-02-28T21:40:38.483462+00:00'::timestamptz) RETURNING "django_migrations"."id"; args=('auth', '0009_alter_user_last_name_max_length', datetime.datetime(2024, 2, 28, 21, 40, 38, 483462, tzinfo=datetime.timezone.utc)); alias=default
DEBUG 2024-02-28 21:40:38,484 utils (0.001) COMMIT; args=None; alias=default
DEBUG 2024-02-28 21:40:38,485 utils (0.000) BEGIN; args=None; alias=default
DEBUG 2024-02-28 21:40:38,493 schema ALTER TABLE "auth_group" ALTER COLUMN "name" TYPE varchar(150); (params None)
DEBUG 2024-02-28 21:40:38,494 utils (0.001) ALTER TABLE "auth_group" ALTER COLUMN "name" TYPE varchar(150); args=None; alias=default
DEBUG 2024-02-28 21:40:38,496 utils (0.001) 
            SELECT
                c.relname,
                CASE
                    WHEN c.relispartition THEN 'p'
                    WHEN c.relkind IN ('m', 'v') THEN 'v'
                    ELSE 't'
                END,
                obj_description(c.oid, 'pg_class')
            FROM pg_catalog.pg_class c
            LEFT JOIN pg_catalog.pg_namespace n ON n.oid = c.relnamespace
            WHERE c.relkind IN ('f', 'm', 'p', 'r', 'v')
                AND n.nspname NOT IN ('pg_catalog', 'pg_toast')
                AND pg_catalog.pg_table_is_visible(c.oid)
        ; args=None; alias=default
DEBUG 2024-02-28 21:40:38,497 utils (0.000) INSERT INTO "django_migrations" ("app", "name", "applied") VALUES ('auth', '0010_alter_group_name_max_length', '2024-02-28T21:40:38.496676+00:00'::timestamptz) RETURNING "django_migrations"."id"; args=('auth', '0010_alter_group_name_max_length', datetime.datetime(2024, 2, 28, 21, 40, 38, 496676, tzinfo=datetime.timezone.utc)); alias=default
DEBUG 2024-02-28 21:40:38,498 utils (0.001) COMMIT; args=None; alias=default
DEBUG 2024-02-28 21:40:38,498 utils (0.000) BEGIN; args=None; alias=default
DEBUG 2024-02-28 21:40:38,509 utils (0.001) 
            SELECT
                c.relname,
                CASE
                    WHEN c.relispartition THEN 'p'
                    WHEN c.relkind IN ('m', 'v') THEN 'v'
                    ELSE 't'
                END,
                obj_description(c.oid, 'pg_class')
            FROM pg_catalog.pg_class c
            LEFT JOIN pg_catalog.pg_namespace n ON n.oid = c.relnamespace
            WHERE c.relkind IN ('f', 'm', 'p', 'r', 'v')
                AND n.nspname NOT IN ('pg_catalog', 'pg_toast')
                AND pg_catalog.pg_table_is_visible(c.oid)
        ; args=None; alias=default
DEBUG 2024-02-28 21:40:38,510 utils (0.000) INSERT INTO "django_migrations" ("app", "name", "applied") VALUES ('auth', '0011_update_proxy_permissions', '2024-02-28T21:40:38.509936+00:00'::timestamptz) RETURNING "django_migrations"."id"; args=('auth', '0011_update_proxy_permissions', datetime.datetime(2024, 2, 28, 21, 40, 38, 509936, tzinfo=datetime.timezone.utc)); alias=default
DEBUG 2024-02-28 21:40:38,511 utils (0.001) COMMIT; args=None; alias=default
DEBUG 2024-02-28 21:40:38,511 utils (0.000) BEGIN; args=None; alias=default
DEBUG 2024-02-28 21:40:38,523 schema ALTER TABLE "auth_user" ALTER COLUMN "first_name" TYPE varchar(150); (params None)
DEBUG 2024-02-28 21:40:38,526 utils (0.003) ALTER TABLE "auth_user" ALTER COLUMN "first_name" TYPE varchar(150); args=None; alias=default
DEBUG 2024-02-28 21:40:38,528 utils (0.002) 
            SELECT
                c.relname,
                CASE
                    WHEN c.relispartition THEN 'p'
                    WHEN c.relkind IN ('m', 'v') THEN 'v'
                    ELSE 't'
                END,
                obj_description(c.oid, 'pg_class')
            FROM pg_catalog.pg_class c
            LEFT JOIN pg_catalog.pg_namespace n ON n.oid = c.relnamespace
            WHERE c.relkind IN ('f', 'm', 'p', 'r', 'v')
                AND n.nspname NOT IN ('pg_catalog', 'pg_toast')
                AND pg_catalog.pg_table_is_visible(c.oid)
        ; args=None; alias=default
DEBUG 2024-02-28 21:40:38,530 utils (0.000) INSERT INTO "django_migrations" ("app", "name", "applied") VALUES ('auth', '0012_alter_user_first_name_max_length', '2024-02-28T21:40:38.529286+00:00'::timestamptz) RETURNING "django_migrations"."id"; args=('auth', '0012_alter_user_first_name_max_length', datetime.datetime(2024, 2, 28, 21, 40, 38, 529286, tzinfo=datetime.timezone.utc)); alias=default
DEBUG 2024-02-28 21:40:38,531 utils (0.001) COMMIT; args=None; alias=default
DEBUG 2024-02-28 21:40:38,531 utils (0.000) BEGIN; args=None; alias=default
DEBUG 2024-02-28 21:40:38,534 schema CREATE TABLE "pong_gamedata" ("id" bigint NOT NULL PRIMARY KEY GENERATED BY DEFAULT AS IDENTITY, "player1_name" varchar(255) NOT NULL, "player1_points" integer NOT NULL CHECK ("player1_points" >= 0), "player2_name" varchar(255) NOT NULL, "player2_points" integer NOT NULL CHECK ("player2_points" >= 0), "game_end_timestamp" timestamp with time zone NOT NULL, "game_duration_secs" integer NOT NULL CHECK ("game_duration_secs" >= 0), "is_tournament_game" boolean NOT NULL); (params None)
DEBUG 2024-02-28 21:40:38,541 utils (0.007) CREATE TABLE "pong_gamedata" ("id" bigint NOT NULL PRIMARY KEY GENERATED BY DEFAULT AS IDENTITY, "player1_name" varchar(255) NOT NULL, "player1_points" integer NOT NULL CHECK ("player1_points" >= 0), "player2_name" varchar(255) NOT NULL, "player2_points" integer NOT NULL CHECK ("player2_points" >= 0), "game_end_timestamp" timestamp with time zone NOT NULL, "game_duration_secs" integer NOT NULL CHECK ("game_duration_secs" >= 0), "is_tournament_game" boolean NOT NULL); args=None; alias=default
DEBUG 2024-02-28 21:40:38,544 schema CREATE TABLE "pong_tournamentdata" ("id" bigint NOT NULL PRIMARY KEY GENERATED BY DEFAULT AS IDENTITY, "tour_id" integer NOT NULL, "match_id_semi_1" integer NOT NULL CHECK ("match_id_semi_1" >= 0), "match_id_semi_2" integer NOT NULL CHECK ("match_id_semi_2" >= 0), "match_id_final" integer NOT NULL CHECK ("match_id_final" >= 0), "tournament_end_timestamp" timestamp with time zone NOT NULL, "tournament_duration_secs" integer NOT NULL CHECK ("tournament_duration_secs" >= 0), "player_ranking" jsonb NOT NULL, "blockchain_hash" varchar(255) NULL); (params None)
DEBUG 2024-02-28 21:40:38,551 utils (0.007) CREATE TABLE "pong_tournamentdata" ("id" bigint NOT NULL PRIMARY KEY GENERATED BY DEFAULT AS IDENTITY, "tour_id" integer NOT NULL, "match_id_semi_1" integer NOT NULL CHECK ("match_id_semi_1" >= 0), "match_id_semi_2" integer NOT NULL CHECK ("match_id_semi_2" >= 0), "match_id_final" integer NOT NULL CHECK ("match_id_final" >= 0), "tournament_end_timestamp" timestamp with time zone NOT NULL, "tournament_duration_secs" integer NOT NULL CHECK ("tournament_duration_secs" >= 0), "player_ranking" jsonb NOT NULL, "blockchain_hash" varchar(255) NULL); args=None; alias=default
DEBUG 2024-02-28 21:40:38,554 utils (0.002) 
            SELECT
                c.relname,
                CASE
                    WHEN c.relispartition THEN 'p'
                    WHEN c.relkind IN ('m', 'v') THEN 'v'
                    ELSE 't'
                END,
                obj_description(c.oid, 'pg_class')
            FROM pg_catalog.pg_class c
            LEFT JOIN pg_catalog.pg_namespace n ON n.oid = c.relnamespace
            WHERE c.relkind IN ('f', 'm', 'p', 'r', 'v')
                AND n.nspname NOT IN ('pg_catalog', 'pg_toast')
                AND pg_catalog.pg_table_is_visible(c.oid)
        ; args=None; alias=default
DEBUG 2024-02-28 21:40:38,555 utils (0.001) INSERT INTO "django_migrations" ("app", "name", "applied") VALUES ('pong', '0001_initial', '2024-02-28T21:40:38.554488+00:00'::timestamptz) RETURNING "django_migrations"."id"; args=('pong', '0001_initial', datetime.datetime(2024, 2, 28, 21, 40, 38, 554488, tzinfo=datetime.timezone.utc)); alias=default
DEBUG 2024-02-28 21:40:38,556 utils (0.001) COMMIT; args=None; alias=default
DEBUG 2024-02-28 21:40:38,557 utils (0.000) BEGIN; args=None; alias=default
DEBUG 2024-02-28 21:40:38,559 schema CREATE TABLE "django_session" ("session_key" varchar(40) NOT NULL PRIMARY KEY, "session_data" text NOT NULL, "expire_date" timestamp with time zone NOT NULL); (params None)
DEBUG 2024-02-28 21:40:38,564 utils (0.005) CREATE TABLE "django_session" ("session_key" varchar(40) NOT NULL PRIMARY KEY, "session_data" text NOT NULL, "expire_date" timestamp with time zone NOT NULL); args=None; alias=default
DEBUG 2024-02-28 21:40:38,565 schema CREATE INDEX "django_session_session_key_c0390e0f_like" ON "django_session" ("session_key" varchar_pattern_ops); (params None)
DEBUG 2024-02-28 21:40:38,567 utils (0.002) CREATE INDEX "django_session_session_key_c0390e0f_like" ON "django_session" ("session_key" varchar_pattern_ops); args=None; alias=default
DEBUG 2024-02-28 21:40:38,567 schema CREATE INDEX "django_session_expire_date_a5c62663" ON "django_session" ("expire_date"); (params None)
DEBUG 2024-02-28 21:40:38,570 utils (0.002) CREATE INDEX "django_session_expire_date_a5c62663" ON "django_session" ("expire_date"); args=None; alias=default
DEBUG 2024-02-28 21:40:38,571 utils (0.001) COMMIT; args=None; alias=default
DEBUG 2024-02-28 21:40:38,574 utils (0.002) 
            SELECT
                c.relname,
                CASE
                    WHEN c.relispartition THEN 'p'
                    WHEN c.relkind IN ('m', 'v') THEN 'v'
                    ELSE 't'
                END,
                obj_description(c.oid, 'pg_class')
            FROM pg_catalog.pg_class c
            LEFT JOIN pg_catalog.pg_namespace n ON n.oid = c.relnamespace
            WHERE c.relkind IN ('f', 'm', 'p', 'r', 'v')
                AND n.nspname NOT IN ('pg_catalog', 'pg_toast')
                AND pg_catalog.pg_table_is_visible(c.oid)
        ; args=None; alias=default
DEBUG 2024-02-28 21:40:38,576 utils (0.001) INSERT INTO "django_migrations" ("app", "name", "applied") VALUES ('sessions', '0001_initial', '2024-02-28T21:40:38.574724+00:00'::timestamptz) RETURNING "django_migrations"."id"; args=('sessions', '0001_initial', datetime.datetime(2024, 2, 28, 21, 40, 38, 574724, tzinfo=datetime.timezone.utc)); alias=default
DEBUG 2024-02-28 21:40:38,578 utils (0.002) 
            SELECT
                c.relname,
                CASE
                    WHEN c.relispartition THEN 'p'
                    WHEN c.relkind IN ('m', 'v') THEN 'v'
                    ELSE 't'
                END,
                obj_description(c.oid, 'pg_class')
            FROM pg_catalog.pg_class c
            LEFT JOIN pg_catalog.pg_namespace n ON n.oid = c.relnamespace
            WHERE c.relkind IN ('f', 'm', 'p', 'r', 'v')
                AND n.nspname NOT IN ('pg_catalog', 'pg_toast')
                AND pg_catalog.pg_table_is_visible(c.oid)
        ; args=None; alias=default
DEBUG 2024-02-28 21:40:38,580 utils (0.001) SELECT "django_migrations"."id", "django_migrations"."app", "django_migrations"."name", "django_migrations"."applied" FROM "django_migrations"; args=(); alias=default
DEBUG 2024-02-28 21:40:38,595 utils (0.001) SELECT "django_content_type"."id", "django_content_type"."app_label", "django_content_type"."model" FROM "django_content_type" WHERE "django_content_type"."app_label" = 'admin'; args=('admin',); alias=default
DEBUG 2024-02-28 21:40:38,595 utils (0.000) BEGIN; args=None; alias=default
DEBUG 2024-02-28 21:40:38,596 utils (0.001) INSERT INTO "django_content_type" ("app_label", "model") VALUES ('admin', 'logentry') RETURNING "django_content_type"."id"; args=('admin', 'logentry'); alias=default
DEBUG 2024-02-28 21:40:38,597 utils (0.001) COMMIT; args=None; alias=default
DEBUG 2024-02-28 21:40:38,599 utils (0.000) SELECT "django_content_type"."id", "django_content_type"."app_label", "django_content_type"."model" FROM "django_content_type" WHERE ("django_content_type"."app_label" = 'admin' AND "django_content_type"."model" = 'logentry') LIMIT 21; args=('admin', 'logentry'); alias=default
DEBUG 2024-02-28 21:40:38,602 utils (0.001) SELECT "auth_permission"."content_type_id", "auth_permission"."codename" FROM "auth_permission" INNER JOIN "django_content_type" ON ("auth_permission"."content_type_id" = "django_content_type"."id") WHERE "auth_permission"."content_type_id" IN (1) ORDER BY "django_content_type"."app_label" ASC, "django_content_type"."model" ASC, "auth_permission"."codename" ASC; args=(1,); alias=default
DEBUG 2024-02-28 21:40:38,602 utils (0.000) BEGIN; args=None; alias=default
DEBUG 2024-02-28 21:40:38,603 utils (0.001) INSERT INTO "auth_permission" ("name", "content_type_id", "codename") VALUES ('Can add log entry', 1, 'add_logentry'), ('Can change log entry', 1, 'change_logentry'), ('Can delete log entry', 1, 'delete_logentry'), ('Can view log entry', 1, 'view_logentry') RETURNING "auth_permission"."id"; args=('Can add log entry', 1, 'add_logentry', 'Can change log entry', 1, 'change_logentry', 'Can delete log entry', 1, 'delete_logentry', 'Can view log entry', 1, 'view_logentry'); alias=default
DEBUG 2024-02-28 21:40:38,604 utils (0.001) COMMIT; args=None; alias=default
DEBUG 2024-02-28 21:40:38,606 utils (0.000) SELECT "django_content_type"."id", "django_content_type"."app_label", "django_content_type"."model" FROM "django_content_type" WHERE "django_content_type"."app_label" = 'admin'; args=('admin',); alias=default
DEBUG 2024-02-28 21:40:38,609 utils (0.001) SELECT COUNT(*) AS "__count" FROM "pong_gamedata"; args=(); alias=default
DEBUG 2024-02-28 21:40:38,610 utils (0.001) SELECT COUNT(*) AS "__count" FROM "pong_tournamentdata"; args=(); alias=default
DEBUG 2024-02-28 21:40:38,611 utils (0.000) SELECT COUNT(*) AS "__count" FROM "pong_gamedata"; args=(); alias=default
DEBUG 2024-02-28 21:40:38,647 utils (0.002) INSERT INTO "pong_gamedata" ("player1_name", "player1_points", "player2_name", "player2_points", "game_end_timestamp", "game_duration_secs", "is_tournament_game") VALUES ('Player 15', 11, 'Player 6', 2, '2023-11-07T10:25:41.610999+01:00'::timestamptz, 663, false) RETURNING "pong_gamedata"."id"; args=('Player 15', 11, 'Player 6', 2, datetime.datetime(2023, 11, 7, 10, 25, 41, 610999, tzinfo=<DstTzInfo 'Europe/Paris' CET+1:00:00 STD>), 663, False); alias=default
DEBUG 2024-02-28 21:40:38,649 utils (0.001) INSERT INTO "pong_gamedata" ("player1_name", "player1_points", "player2_name", "player2_points", "game_end_timestamp", "game_duration_secs", "is_tournament_game") VALUES ('Player 11', 5, 'Player 10', 11, '2023-11-17T19:38:03.610999+01:00'::timestamptz, 177, false) RETURNING "pong_gamedata"."id"; args=('Player 11', 5, 'Player 10', 11, datetime.datetime(2023, 11, 17, 19, 38, 3, 610999, tzinfo=<DstTzInfo 'Europe/Paris' CET+1:00:00 STD>), 177, False); alias=default
DEBUG 2024-02-28 21:40:38,651 utils (0.001) INSERT INTO "pong_gamedata" ("player1_name", "player1_points", "player2_name", "player2_points", "game_end_timestamp", "game_duration_secs", "is_tournament_game") VALUES ('Player 10', 11, 'Player 7', 6, '2024-01-24T02:48:39.610999+01:00'::timestamptz, 142, false) RETURNING "pong_gamedata"."id"; args=('Player 10', 11, 'Player 7', 6, datetime.datetime(2024, 1, 24, 2, 48, 39, 610999, tzinfo=<DstTzInfo 'Europe/Paris' CET+1:00:00 STD>), 142, False); alias=default
DEBUG 2024-02-28 21:40:38,653 utils (0.001) INSERT INTO "pong_gamedata" ("player1_name", "player1_points", "player2_name", "player2_points", "game_end_timestamp", "game_duration_secs", "is_tournament_game") VALUES ('Player 3', 6, 'Player 16', 11, '2024-01-20T22:15:46.610999+01:00'::timestamptz, 924, false) RETURNING "pong_gamedata"."id"; args=('Player 3', 6, 'Player 16', 11, datetime.datetime(2024, 1, 20, 22, 15, 46, 610999, tzinfo=<DstTzInfo 'Europe/Paris' CET+1:00:00 STD>), 924, False); alias=default
DEBUG 2024-02-28 21:40:38,654 utils (0.001) INSERT INTO "pong_gamedata" ("player1_name", "player1_points", "player2_name", "player2_points", "game_end_timestamp", "game_duration_secs", "is_tournament_game") VALUES ('Player 9', 11, 'Player 13', 10, '2024-01-05T02:49:21.610999+01:00'::timestamptz, 990, false) RETURNING "pong_gamedata"."id"; args=('Player 9', 11, 'Player 13', 10, datetime.datetime(2024, 1, 5, 2, 49, 21, 610999, tzinfo=<DstTzInfo 'Europe/Paris' CET+1:00:00 STD>), 990, False); alias=default
DEBUG 2024-02-28 21:40:38,656 utils (0.001) INSERT INTO "pong_gamedata" ("player1_name", "player1_points", "player2_name", "player2_points", "game_end_timestamp", "game_duration_secs", "is_tournament_game") VALUES ('Player 3', 11, 'Player 15', 6, '2023-12-03T17:51:47.610999+01:00'::timestamptz, 31, false) RETURNING "pong_gamedata"."id"; args=('Player 3', 11, 'Player 15', 6, datetime.datetime(2023, 12, 3, 17, 51, 47, 610999, tzinfo=<DstTzInfo 'Europe/Paris' CET+1:00:00 STD>), 31, False); alias=default
DEBUG 2024-02-28 21:40:38,658 utils (0.001) INSERT INTO "pong_gamedata" ("player1_name", "player1_points", "player2_name", "player2_points", "game_end_timestamp", "game_duration_secs", "is_tournament_game") VALUES ('Player 2', 8, 'Player 4', 11, '2024-02-22T13:30:44.610999+01:00'::timestamptz, 193, false) RETURNING "pong_gamedata"."id"; args=('Player 2', 8, 'Player 4', 11, datetime.datetime(2024, 2, 22, 13, 30, 44, 610999, tzinfo=<DstTzInfo 'Europe/Paris' CET+1:00:00 STD>), 193, False); alias=default
DEBUG 2024-02-28 21:40:38,661 utils (0.001) INSERT INTO "pong_gamedata" ("player1_name", "player1_points", "player2_name", "player2_points", "game_end_timestamp", "game_duration_secs", "is_tournament_game") VALUES ('Player 11', 7, 'Player 5', 11, '2023-11-07T16:29:02.610999+01:00'::timestamptz, 704, false) RETURNING "pong_gamedata"."id"; args=('Player 11', 7, 'Player 5', 11, datetime.datetime(2023, 11, 7, 16, 29, 2, 610999, tzinfo=<DstTzInfo 'Europe/Paris' CET+1:00:00 STD>), 704, False); alias=default
DEBUG 2024-02-28 21:40:38,662 utils (0.000) SELECT COUNT(*) AS "__count" FROM "pong_tournamentdata"; args=(); alias=default
DEBUG 2024-02-28 21:40:38,665 utils (0.001) INSERT INTO "pong_gamedata" ("player1_name", "player1_points", "player2_name", "player2_points", "game_end_timestamp", "game_duration_secs", "is_tournament_game") VALUES ('Player 15', 11, 'Player 1', 8, '2024-01-06T04:36:48.610999+01:00'::timestamptz, 903, true) RETURNING "pong_gamedata"."id"; args=('Player 15', 11, 'Player 1', 8, datetime.datetime(2024, 1, 6, 4, 36, 48, 610999, tzinfo=<DstTzInfo 'Europe/Paris' CET+1:00:00 STD>), 903, True); alias=default
DEBUG 2024-02-28 21:40:38,667 utils (0.001) INSERT INTO "pong_gamedata" ("player1_name", "player1_points", "player2_name", "player2_points", "game_end_timestamp", "game_duration_secs", "is_tournament_game") VALUES ('Player 6', 3, 'Player 14', 11, '2024-01-06T04:33:50.610999+01:00'::timestamptz, 419, true) RETURNING "pong_gamedata"."id"; args=('Player 6', 3, 'Player 14', 11, datetime.datetime(2024, 1, 6, 4, 33, 50, 610999, tzinfo=<DstTzInfo 'Europe/Paris' CET+1:00:00 STD>), 419, True); alias=default
DEBUG 2024-02-28 21:40:38,669 utils (0.001) INSERT INTO "pong_gamedata" ("player1_name", "player1_points", "player2_name", "player2_points", "game_end_timestamp", "game_duration_secs", "is_tournament_game") VALUES ('Player 15', 8, 'Player 14', 11, '2024-01-06T04:37:15.610999+01:00'::timestamptz, 770, true) RETURNING "pong_gamedata"."id"; args=('Player 15', 8, 'Player 14', 11, datetime.datetime(2024, 1, 6, 4, 37, 15, 610999, tzinfo=<DstTzInfo 'Europe/Paris' CET+1:00:00 STD>), 770, True); alias=default
DEBUG 2024-02-28 21:40:38,672 utils (0.001) INSERT INTO "pong_tournamentdata" ("tour_id", "match_id_semi_1", "match_id_semi_2", "match_id_final", "tournament_end_timestamp", "tournament_duration_secs", "player_ranking", "blockchain_hash") VALUES (0, 9, 10, 11, '2024-01-06T04:37:15.610999+01:00'::timestamptz, 930, '["Player 14", "Player 15", "Player 1", "Player 6"]', '0x0') RETURNING "pong_tournamentdata"."id"; args=(0, 9, 10, 11, datetime.datetime(2024, 1, 6, 4, 37, 15, 610999, tzinfo=<DstTzInfo 'Europe/Paris' CET+1:00:00 STD>), 930, <psycopg2._json.Json object at 0x7f0c611f7170>, '0x0'); alias=default
DEBUG 2024-02-28 21:40:38,674 utils (0.001) INSERT INTO "pong_gamedata" ("player1_name", "player1_points", "player2_name", "player2_points", "game_end_timestamp", "game_duration_secs", "is_tournament_game") VALUES ('Player 3', 2, 'Player 8', 11, '2024-02-16T19:04:08.610999+01:00'::timestamptz, 938, true) RETURNING "pong_gamedata"."id"; args=('Player 3', 2, 'Player 8', 11, datetime.datetime(2024, 2, 16, 19, 4, 8, 610999, tzinfo=<DstTzInfo 'Europe/Paris' CET+1:00:00 STD>), 938, True); alias=default
DEBUG 2024-02-28 21:40:38,675 utils (0.001) INSERT INTO "pong_gamedata" ("player1_name", "player1_points", "player2_name", "player2_points", "game_end_timestamp", "game_duration_secs", "is_tournament_game") VALUES ('Player 14', 10, 'Player 5', 11, '2024-02-16T19:01:52.610999+01:00'::timestamptz, 617, true) RETURNING "pong_gamedata"."id"; args=('Player 14', 10, 'Player 5', 11, datetime.datetime(2024, 2, 16, 19, 1, 52, 610999, tzinfo=<DstTzInfo 'Europe/Paris' CET+1:00:00 STD>), 617, True); alias=default
DEBUG 2024-02-28 21:40:38,679 utils (0.002) INSERT INTO "pong_gamedata" ("player1_name", "player1_points", "player2_name", "player2_points", "game_end_timestamp", "game_duration_secs", "is_tournament_game") VALUES ('Player 8', 11, 'Player 5', 0, '2024-02-16T19:04:47.610999+01:00'::timestamptz, 864, true) RETURNING "pong_gamedata"."id"; args=('Player 8', 11, 'Player 5', 0, datetime.datetime(2024, 2, 16, 19, 4, 47, 610999, tzinfo=<DstTzInfo 'Europe/Paris' CET+1:00:00 STD>), 864, True); alias=default
DEBUG 2024-02-28 21:40:38,680 utils (0.001) INSERT INTO "pong_tournamentdata" ("tour_id", "match_id_semi_1", "match_id_semi_2", "match_id_final", "tournament_end_timestamp", "tournament_duration_secs", "player_ranking", "blockchain_hash") VALUES (0, 12, 13, 14, '2024-02-16T19:04:47.610999+01:00'::timestamptz, 977, '["Player 8", "Player 5", "Player 3", "Player 14"]', '0x0') RETURNING "pong_tournamentdata"."id"; args=(0, 12, 13, 14, datetime.datetime(2024, 2, 16, 19, 4, 47, 610999, tzinfo=<DstTzInfo 'Europe/Paris' CET+1:00:00 STD>), 977, <psycopg2._json.Json object at 0x7f0c61046810>, '0x0'); alias=default
DEBUG 2024-02-28 21:40:38,682 utils (0.000) SELECT COUNT(*) AS "__count" FROM "pong_gamedata"; args=(); alias=default
DEBUG 2024-02-28 21:40:38,683 utils (0.000) SELECT COUNT(*) AS "__count" FROM "pong_tournamentdata"; args=(); alias=default
DEBUG 2024-02-28 21:40:38,685 utils (0.000) SELECT "django_content_type"."id", "django_content_type"."app_label", "django_content_type"."model" FROM "django_content_type" WHERE "django_content_type"."app_label" = 'auth'; args=('auth',); alias=default
DEBUG 2024-02-28 21:40:38,685 utils (0.000) BEGIN; args=None; alias=default
DEBUG 2024-02-28 21:40:38,686 utils (0.000) INSERT INTO "django_content_type" ("app_label", "model") VALUES ('auth', 'permission'), ('auth', 'group'), ('auth', 'user') RETURNING "django_content_type"."id"; args=('auth', 'permission', 'auth', 'group', 'auth', 'user'); alias=default
DEBUG 2024-02-28 21:40:38,687 utils (0.001) COMMIT; args=None; alias=default
DEBUG 2024-02-28 21:40:38,688 utils (0.000) SELECT "django_content_type"."id", "django_content_type"."app_label", "django_content_type"."model" FROM "django_content_type" WHERE ("django_content_type"."app_label" = 'auth' AND "django_content_type"."model" = 'permission') LIMIT 21; args=('auth', 'permission'); alias=default
DEBUG 2024-02-28 21:40:38,690 utils (0.000) SELECT "django_content_type"."id", "django_content_type"."app_label", "django_content_type"."model" FROM "django_content_type" WHERE ("django_content_type"."app_label" = 'auth' AND "django_content_type"."model" = 'group') LIMIT 21; args=('auth', 'group'); alias=default
DEBUG 2024-02-28 21:40:38,691 utils (0.000) SELECT "django_content_type"."id", "django_content_type"."app_label", "django_content_type"."model" FROM "django_content_type" WHERE ("django_content_type"."app_label" = 'auth' AND "django_content_type"."model" = 'user') LIMIT 21; args=('auth', 'user'); alias=default
DEBUG 2024-02-28 21:40:38,695 utils (0.001) SELECT "auth_permission"."content_type_id", "auth_permission"."codename" FROM "auth_permission" INNER JOIN "django_content_type" ON ("auth_permission"."content_type_id" = "django_content_type"."id") WHERE "auth_permission"."content_type_id" IN (2, 3, 4) ORDER BY "django_content_type"."app_label" ASC, "django_content_type"."model" ASC, "auth_permission"."codename" ASC; args=(2, 3, 4); alias=default
DEBUG 2024-02-28 21:40:38,696 utils (0.000) BEGIN; args=None; alias=default
DEBUG 2024-02-28 21:40:38,697 utils (0.001) INSERT INTO "auth_permission" ("name", "content_type_id", "codename") VALUES ('Can add permission', 2, 'add_permission'), ('Can change permission', 2, 'change_permission'), ('Can delete permission', 2, 'delete_permission'), ('Can view permission', 2, 'view_permission'), ('Can add group', 3, 'add_group'), ('Can change group', 3, 'change_group'), ('Can delete group', 3, 'delete_group'), ('Can view group', 3, 'view_group'), ('Can add user', 4, 'add_user'), ('Can change user', 4, 'change_user'), ('Can delete user', 4, 'delete_user'), ('Can view user', 4, 'view_user') RETURNING "auth_permission"."id"; args=('Can add permission', 2, 'add_permission', 'Can change permission', 2, 'change_permission', 'Can delete permission', 2, 'delete_permission', 'Can view permission', 2, 'view_permission', 'Can add group', 3, 'add_group', 'Can change group', 3, 'change_group', 'Can delete group', 3, 'delete_group', 'Can view group', 3, 'view_group', 'Can add user', 4, 'add_user', 'Can change user', 4, 'change_user', 'Can delete user', 4, 'delete_user', 'Can view user', 4, 'view_user'); alias=default
DEBUG 2024-02-28 21:40:38,698 utils (0.001) COMMIT; args=None; alias=default
DEBUG 2024-02-28 21:40:38,700 utils (0.000) SELECT "django_content_type"."id", "django_content_type"."app_label", "django_content_type"."model" FROM "django_content_type" WHERE "django_content_type"."app_label" = 'auth'; args=('auth',); alias=default
DEBUG 2024-02-28 21:40:38,701 utils (0.000) SELECT COUNT(*) AS "__count" FROM "pong_gamedata"; args=(); alias=default
DEBUG 2024-02-28 21:40:38,702 utils (0.000) SELECT COUNT(*) AS "__count" FROM "pong_tournamentdata"; args=(); alias=default
DEBUG 2024-02-28 21:40:38,703 utils (0.000) SELECT COUNT(*) AS "__count" FROM "pong_gamedata"; args=(); alias=default
DEBUG 2024-02-28 21:40:38,705 utils (0.000) SELECT COUNT(*) AS "__count" FROM "pong_tournamentdata"; args=(); alias=default
DEBUG 2024-02-28 21:40:38,707 utils (0.000) SELECT COUNT(*) AS "__count" FROM "pong_gamedata"; args=(); alias=default
DEBUG 2024-02-28 21:40:38,709 utils (0.001) SELECT COUNT(*) AS "__count" FROM "pong_tournamentdata"; args=(); alias=default
DEBUG 2024-02-28 21:40:38,711 utils (0.001) SELECT "django_content_type"."id", "django_content_type"."app_label", "django_content_type"."model" FROM "django_content_type" WHERE "django_content_type"."app_label" = 'contenttypes'; args=('contenttypes',); alias=default
DEBUG 2024-02-28 21:40:38,711 utils (0.000) BEGIN; args=None; alias=default
DEBUG 2024-02-28 21:40:38,712 utils (0.001) INSERT INTO "django_content_type" ("app_label", "model") VALUES ('contenttypes', 'contenttype') RETURNING "django_content_type"."id"; args=('contenttypes', 'contenttype'); alias=default
DEBUG 2024-02-28 21:40:38,713 utils (0.001) COMMIT; args=None; alias=default
DEBUG 2024-02-28 21:40:38,715 utils (0.000) SELECT "django_content_type"."id", "django_content_type"."app_label", "django_content_type"."model" FROM "django_content_type" WHERE ("django_content_type"."app_label" = 'contenttypes' AND "django_content_type"."model" = 'contenttype') LIMIT 21; args=('contenttypes', 'contenttype'); alias=default
DEBUG 2024-02-28 21:40:38,717 utils (0.000) SELECT "auth_permission"."content_type_id", "auth_permission"."codename" FROM "auth_permission" INNER JOIN "django_content_type" ON ("auth_permission"."content_type_id" = "django_content_type"."id") WHERE "auth_permission"."content_type_id" IN (5) ORDER BY "django_content_type"."app_label" ASC, "django_content_type"."model" ASC, "auth_permission"."codename" ASC; args=(5,); alias=default
DEBUG 2024-02-28 21:40:38,717 utils (0.000) BEGIN; args=None; alias=default
DEBUG 2024-02-28 21:40:38,718 utils (0.001) INSERT INTO "auth_permission" ("name", "content_type_id", "codename") VALUES ('Can add content type', 5, 'add_contenttype'), ('Can change content type', 5, 'change_contenttype'), ('Can delete content type', 5, 'delete_contenttype'), ('Can view content type', 5, 'view_contenttype') RETURNING "auth_permission"."id"; args=('Can add content type', 5, 'add_contenttype', 'Can change content type', 5, 'change_contenttype', 'Can delete content type', 5, 'delete_contenttype', 'Can view content type', 5, 'view_contenttype'); alias=default
DEBUG 2024-02-28 21:40:38,720 utils (0.001) COMMIT; args=None; alias=default
DEBUG 2024-02-28 21:40:38,721 utils (0.000) SELECT "django_content_type"."id", "django_content_type"."app_label", "django_content_type"."model" FROM "django_content_type" WHERE "django_content_type"."app_label" = 'contenttypes'; args=('contenttypes',); alias=default
DEBUG 2024-02-28 21:40:38,722 utils (0.000) SELECT COUNT(*) AS "__count" FROM "pong_gamedata"; args=(); alias=default
DEBUG 2024-02-28 21:40:38,724 utils (0.000) SELECT COUNT(*) AS "__count" FROM "pong_tournamentdata"; args=(); alias=default
DEBUG 2024-02-28 21:40:38,725 utils (0.000) SELECT COUNT(*) AS "__count" FROM "pong_gamedata"; args=(); alias=default
DEBUG 2024-02-28 21:40:38,728 utils (0.001) SELECT COUNT(*) AS "__count" FROM "pong_tournamentdata"; args=(); alias=default
DEBUG 2024-02-28 21:40:38,730 utils (0.000) SELECT COUNT(*) AS "__count" FROM "pong_gamedata"; args=(); alias=default
DEBUG 2024-02-28 21:40:38,731 utils (0.000) SELECT COUNT(*) AS "__count" FROM "pong_tournamentdata"; args=(); alias=default
DEBUG 2024-02-28 21:40:38,733 utils (0.000) SELECT "django_content_type"."id", "django_content_type"."app_label", "django_content_type"."model" FROM "django_content_type" WHERE "django_content_type"."app_label" = 'sessions'; args=('sessions',); alias=default
DEBUG 2024-02-28 21:40:38,733 utils (0.000) BEGIN; args=None; alias=default
DEBUG 2024-02-28 21:40:38,734 utils (0.000) INSERT INTO "django_content_type" ("app_label", "model") VALUES ('sessions', 'session') RETURNING "django_content_type"."id"; args=('sessions', 'session'); alias=default
DEBUG 2024-02-28 21:40:38,735 utils (0.001) COMMIT; args=None; alias=default
DEBUG 2024-02-28 21:40:38,737 utils (0.001) SELECT "django_content_type"."id", "django_content_type"."app_label", "django_content_type"."model" FROM "django_content_type" WHERE ("django_content_type"."app_label" = 'sessions' AND "django_content_type"."model" = 'session') LIMIT 21; args=('sessions', 'session'); alias=default
DEBUG 2024-02-28 21:40:38,759 utils (0.001) SELECT "auth_permission"."content_type_id", "auth_permission"."codename" FROM "auth_permission" INNER JOIN "django_content_type" ON ("auth_permission"."content_type_id" = "django_content_type"."id") WHERE "auth_permission"."content_type_id" IN (6) ORDER BY "django_content_type"."app_label" ASC, "django_content_type"."model" ASC, "auth_permission"."codename" ASC; args=(6,); alias=default
DEBUG 2024-02-28 21:40:38,759 utils (0.000) BEGIN; args=None; alias=default
DEBUG 2024-02-28 21:40:38,770 utils (0.010) INSERT INTO "auth_permission" ("name", "content_type_id", "codename") VALUES ('Can add session', 6, 'add_session'), ('Can change session', 6, 'change_session'), ('Can delete session', 6, 'delete_session'), ('Can view session', 6, 'view_session') RETURNING "auth_permission"."id"; args=('Can add session', 6, 'add_session', 'Can change session', 6, 'change_session', 'Can delete session', 6, 'delete_session', 'Can view session', 6, 'view_session'); alias=default
DEBUG 2024-02-28 21:40:38,773 utils (0.003) COMMIT; args=None; alias=default
DEBUG 2024-02-28 21:40:38,775 utils (0.001) SELECT "django_content_type"."id", "django_content_type"."app_label", "django_content_type"."model" FROM "django_content_type" WHERE "django_content_type"."app_label" = 'sessions'; args=('sessions',); alias=default
DEBUG 2024-02-28 21:40:38,777 utils (0.001) SELECT COUNT(*) AS "__count" FROM "pong_gamedata"; args=(); alias=default
DEBUG 2024-02-28 21:40:38,778 utils (0.000) SELECT COUNT(*) AS "__count" FROM "pong_tournamentdata"; args=(); alias=default
DEBUG 2024-02-28 21:40:38,780 utils (0.000) SELECT COUNT(*) AS "__count" FROM "pong_gamedata"; args=(); alias=default
DEBUG 2024-02-28 21:40:38,782 utils (0.000) SELECT COUNT(*) AS "__count" FROM "pong_tournamentdata"; args=(); alias=default
DEBUG 2024-02-28 21:40:38,783 utils (0.000) SELECT COUNT(*) AS "__count" FROM "pong_gamedata"; args=(); alias=default
DEBUG 2024-02-28 21:40:38,784 utils (0.000) SELECT COUNT(*) AS "__count" FROM "pong_tournamentdata"; args=(); alias=default
DEBUG 2024-02-28 21:40:38,786 utils (0.000) SELECT "django_content_type"."id", "django_content_type"."app_label", "django_content_type"."model" FROM "django_content_type" WHERE "django_content_type"."app_label" = 'pong'; args=('pong',); alias=default
DEBUG 2024-02-28 21:40:38,786 utils (0.000) BEGIN; args=None; alias=default
DEBUG 2024-02-28 21:40:38,787 utils (0.000) INSERT INTO "django_content_type" ("app_label", "model") VALUES ('pong', 'gamedata'), ('pong', 'tournamentdata') RETURNING "django_content_type"."id"; args=('pong', 'gamedata', 'pong', 'tournamentdata'); alias=default
DEBUG 2024-02-28 21:40:38,789 utils (0.002) COMMIT; args=None; alias=default
DEBUG 2024-02-28 21:40:38,791 utils (0.001) SELECT "django_content_type"."id", "django_content_type"."app_label", "django_content_type"."model" FROM "django_content_type" WHERE ("django_content_type"."app_label" = 'pong' AND "django_content_type"."model" = 'gamedata') LIMIT 21; args=('pong', 'gamedata'); alias=default
DEBUG 2024-02-28 21:40:38,793 utils (0.000) SELECT "django_content_type"."id", "django_content_type"."app_label", "django_content_type"."model" FROM "django_content_type" WHERE ("django_content_type"."app_label" = 'pong' AND "django_content_type"."model" = 'tournamentdata') LIMIT 21; args=('pong', 'tournamentdata'); alias=default
DEBUG 2024-02-28 21:40:38,796 utils (0.001) SELECT "auth_permission"."content_type_id", "auth_permission"."codename" FROM "auth_permission" INNER JOIN "django_content_type" ON ("auth_permission"."content_type_id" = "django_content_type"."id") WHERE "auth_permission"."content_type_id" IN (8, 7) ORDER BY "django_content_type"."app_label" ASC, "django_content_type"."model" ASC, "auth_permission"."codename" ASC; args=(8, 7); alias=default
DEBUG 2024-02-28 21:40:38,796 utils (0.000) BEGIN; args=None; alias=default
DEBUG 2024-02-28 21:40:38,798 utils (0.001) INSERT INTO "auth_permission" ("name", "content_type_id", "codename") VALUES ('Can add game data', 7, 'add_gamedata'), ('Can change game data', 7, 'change_gamedata'), ('Can delete game data', 7, 'delete_gamedata'), ('Can view game data', 7, 'view_gamedata'), ('Can add tournament data', 8, 'add_tournamentdata'), ('Can change tournament data', 8, 'change_tournamentdata'), ('Can delete tournament data', 8, 'delete_tournamentdata'), ('Can view tournament data', 8, 'view_tournamentdata') RETURNING "auth_permission"."id"; args=('Can add game data', 7, 'add_gamedata', 'Can change game data', 7, 'change_gamedata', 'Can delete game data', 7, 'delete_gamedata', 'Can view game data', 7, 'view_gamedata', 'Can add tournament data', 8, 'add_tournamentdata', 'Can change tournament data', 8, 'change_tournamentdata', 'Can delete tournament data', 8, 'delete_tournamentdata', 'Can view tournament data', 8, 'view_tournamentdata'); alias=default
DEBUG 2024-02-28 21:40:38,799 utils (0.001) COMMIT; args=None; alias=default
DEBUG 2024-02-28 21:40:38,800 utils (0.000) SELECT "django_content_type"."id", "django_content_type"."app_label", "django_content_type"."model" FROM "django_content_type" WHERE "django_content_type"."app_label" = 'pong'; args=('pong',); alias=default
DEBUG 2024-02-28 21:40:38,801 utils (0.000) SELECT COUNT(*) AS "__count" FROM "pong_gamedata"; args=(); alias=default
DEBUG 2024-02-28 21:40:38,803 utils (0.000) SELECT COUNT(*) AS "__count" FROM "pong_tournamentdata"; args=(); alias=default
DEBUG 2024-02-28 21:40:38,804 utils (0.000) SELECT COUNT(*) AS "__count" FROM "pong_gamedata"; args=(); alias=default
DEBUG 2024-02-28 21:40:38,805 utils (0.000) SELECT COUNT(*) AS "__count" FROM "pong_tournamentdata"; args=(); alias=default
DEBUG 2024-02-28 21:40:38,807 utils (0.000) SELECT COUNT(*) AS "__count" FROM "pong_gamedata"; args=(); alias=default
DEBUG 2024-02-28 21:40:38,808 utils (0.000) SELECT COUNT(*) AS "__count" FROM "pong_tournamentdata"; args=(); alias=default
