DEBUG 2024-02-28 22:11:00,816 utils (0.002) 
            SELECT
                c.relname,
                CASE
                    WHEN c.relispartition THEN 'p'
                    WHEN c.relkind IN ('m', 'v') THEN 'v'
                    ELSE 't'
                END,
                obj_description(c.oid, 'pg_class')
            FROM pg_catalog.pg_class c
            LEFT JOIN pg_catalog.pg_namespace n ON n.oid = c.relnamespace
            WHERE c.relkind IN ('f', 'm', 'p', 'r', 'v')
                AND n.nspname NOT IN ('pg_catalog', 'pg_toast')
                AND pg_catalog.pg_table_is_visible(c.oid)
        ; args=None; alias=default
DEBUG 2024-02-28 22:11:00,818 utils (0.001) 
            SELECT
                c.relname,
                CASE
                    WHEN c.relispartition THEN 'p'
                    WHEN c.relkind IN ('m', 'v') THEN 'v'
                    ELSE 't'
                END,
                obj_description(c.oid, 'pg_class')
            FROM pg_catalog.pg_class c
            LEFT JOIN pg_catalog.pg_namespace n ON n.oid = c.relnamespace
            WHERE c.relkind IN ('f', 'm', 'p', 'r', 'v')
                AND n.nspname NOT IN ('pg_catalog', 'pg_toast')
                AND pg_catalog.pg_table_is_visible(c.oid)
        ; args=None; alias=default
DEBUG 2024-02-28 22:11:00,819 utils (0.001) 
            SELECT
                c.relname,
                CASE
                    WHEN c.relispartition THEN 'p'
                    WHEN c.relkind IN ('m', 'v') THEN 'v'
                    ELSE 't'
                END,
                obj_description(c.oid, 'pg_class')
            FROM pg_catalog.pg_class c
            LEFT JOIN pg_catalog.pg_namespace n ON n.oid = c.relnamespace
            WHERE c.relkind IN ('f', 'm', 'p', 'r', 'v')
                AND n.nspname NOT IN ('pg_catalog', 'pg_toast')
                AND pg_catalog.pg_table_is_visible(c.oid)
        ; args=None; alias=default
DEBUG 2024-02-28 22:11:00,820 utils (0.000) BEGIN; args=None; alias=default
DEBUG 2024-02-28 22:11:00,820 schema CREATE TABLE "django_migrations" ("id" bigint NOT NULL PRIMARY KEY GENERATED BY DEFAULT AS IDENTITY, "app" varchar(255) NOT NULL, "name" varchar(255) NOT NULL, "applied" timestamp with time zone NOT NULL); (params None)
DEBUG 2024-02-28 22:11:00,827 utils (0.007) CREATE TABLE "django_migrations" ("id" bigint NOT NULL PRIMARY KEY GENERATED BY DEFAULT AS IDENTITY, "app" varchar(255) NOT NULL, "name" varchar(255) NOT NULL, "applied" timestamp with time zone NOT NULL); args=None; alias=default
DEBUG 2024-02-28 22:11:00,828 utils (0.001) COMMIT; args=None; alias=default
DEBUG 2024-02-28 22:11:00,829 utils (0.000) BEGIN; args=None; alias=default
DEBUG 2024-02-28 22:11:00,830 schema CREATE TABLE "django_content_type" ("id" integer NOT NULL PRIMARY KEY GENERATED BY DEFAULT AS IDENTITY, "name" varchar(100) NOT NULL, "app_label" varchar(100) NOT NULL, "model" varchar(100) NOT NULL); (params None)
DEBUG 2024-02-28 22:11:00,833 utils (0.002) CREATE TABLE "django_content_type" ("id" integer NOT NULL PRIMARY KEY GENERATED BY DEFAULT AS IDENTITY, "name" varchar(100) NOT NULL, "app_label" varchar(100) NOT NULL, "model" varchar(100) NOT NULL); args=None; alias=default
DEBUG 2024-02-28 22:11:00,836 schema ALTER TABLE "django_content_type" ADD CONSTRAINT "django_content_type_app_label_model_76bd3d3b_uniq" UNIQUE ("app_label", "model"); (params None)
DEBUG 2024-02-28 22:11:00,838 utils (0.003) ALTER TABLE "django_content_type" ADD CONSTRAINT "django_content_type_app_label_model_76bd3d3b_uniq" UNIQUE ("app_label", "model"); args=None; alias=default
DEBUG 2024-02-28 22:11:00,840 utils (0.001) 
            SELECT
                c.relname,
                CASE
                    WHEN c.relispartition THEN 'p'
                    WHEN c.relkind IN ('m', 'v') THEN 'v'
                    ELSE 't'
                END,
                obj_description(c.oid, 'pg_class')
            FROM pg_catalog.pg_class c
            LEFT JOIN pg_catalog.pg_namespace n ON n.oid = c.relnamespace
            WHERE c.relkind IN ('f', 'm', 'p', 'r', 'v')
                AND n.nspname NOT IN ('pg_catalog', 'pg_toast')
                AND pg_catalog.pg_table_is_visible(c.oid)
        ; args=None; alias=default
DEBUG 2024-02-28 22:11:00,841 utils (0.001) INSERT INTO "django_migrations" ("app", "name", "applied") VALUES ('contenttypes', '0001_initial', '2024-02-28T22:11:00.840696+00:00'::timestamptz) RETURNING "django_migrations"."id"; args=('contenttypes', '0001_initial', datetime.datetime(2024, 2, 28, 22, 11, 0, 840696, tzinfo=datetime.timezone.utc)); alias=default
DEBUG 2024-02-28 22:11:00,842 utils (0.001) COMMIT; args=None; alias=default
DEBUG 2024-02-28 22:11:00,842 utils (0.000) BEGIN; args=None; alias=default
DEBUG 2024-02-28 22:11:00,844 schema CREATE TABLE "auth_permission" ("id" integer NOT NULL PRIMARY KEY GENERATED BY DEFAULT AS IDENTITY, "name" varchar(50) NOT NULL, "content_type_id" integer NOT NULL, "codename" varchar(100) NOT NULL); (params None)
DEBUG 2024-02-28 22:11:00,847 utils (0.002) CREATE TABLE "auth_permission" ("id" integer NOT NULL PRIMARY KEY GENERATED BY DEFAULT AS IDENTITY, "name" varchar(50) NOT NULL, "content_type_id" integer NOT NULL, "codename" varchar(100) NOT NULL); args=None; alias=default
DEBUG 2024-02-28 22:11:00,849 schema CREATE TABLE "auth_group" ("id" integer NOT NULL PRIMARY KEY GENERATED BY DEFAULT AS IDENTITY, "name" varchar(80) NOT NULL UNIQUE); (params None)
DEBUG 2024-02-28 22:11:00,854 utils (0.004) CREATE TABLE "auth_group" ("id" integer NOT NULL PRIMARY KEY GENERATED BY DEFAULT AS IDENTITY, "name" varchar(80) NOT NULL UNIQUE); args=None; alias=default
DEBUG 2024-02-28 22:11:00,854 schema CREATE TABLE "auth_group_permissions" ("id" bigint NOT NULL PRIMARY KEY GENERATED BY DEFAULT AS IDENTITY, "group_id" integer NOT NULL, "permission_id" integer NOT NULL); (params None)
DEBUG 2024-02-28 22:11:00,857 utils (0.002) CREATE TABLE "auth_group_permissions" ("id" bigint NOT NULL PRIMARY KEY GENERATED BY DEFAULT AS IDENTITY, "group_id" integer NOT NULL, "permission_id" integer NOT NULL); args=None; alias=default
DEBUG 2024-02-28 22:11:00,862 schema CREATE TABLE "auth_user" ("id" integer NOT NULL PRIMARY KEY GENERATED BY DEFAULT AS IDENTITY, "password" varchar(128) NOT NULL, "last_login" timestamp with time zone NOT NULL, "is_superuser" boolean NOT NULL, "username" varchar(30) NOT NULL UNIQUE, "first_name" varchar(30) NOT NULL, "last_name" varchar(30) NOT NULL, "email" varchar(75) NOT NULL, "is_staff" boolean NOT NULL, "is_active" boolean NOT NULL, "date_joined" timestamp with time zone NOT NULL); (params None)
DEBUG 2024-02-28 22:11:00,866 utils (0.004) CREATE TABLE "auth_user" ("id" integer NOT NULL PRIMARY KEY GENERATED BY DEFAULT AS IDENTITY, "password" varchar(128) NOT NULL, "last_login" timestamp with time zone NOT NULL, "is_superuser" boolean NOT NULL, "username" varchar(30) NOT NULL UNIQUE, "first_name" varchar(30) NOT NULL, "last_name" varchar(30) NOT NULL, "email" varchar(75) NOT NULL, "is_staff" boolean NOT NULL, "is_active" boolean NOT NULL, "date_joined" timestamp with time zone NOT NULL); args=None; alias=default
DEBUG 2024-02-28 22:11:00,867 schema CREATE TABLE "auth_user_groups" ("id" bigint NOT NULL PRIMARY KEY GENERATED BY DEFAULT AS IDENTITY, "user_id" integer NOT NULL, "group_id" integer NOT NULL); (params None)
DEBUG 2024-02-28 22:11:00,869 utils (0.002) CREATE TABLE "auth_user_groups" ("id" bigint NOT NULL PRIMARY KEY GENERATED BY DEFAULT AS IDENTITY, "user_id" integer NOT NULL, "group_id" integer NOT NULL); args=None; alias=default
DEBUG 2024-02-28 22:11:00,870 schema CREATE TABLE "auth_user_user_permissions" ("id" bigint NOT NULL PRIMARY KEY GENERATED BY DEFAULT AS IDENTITY, "user_id" integer NOT NULL, "permission_id" integer NOT NULL); (params None)
DEBUG 2024-02-28 22:11:00,873 utils (0.003) CREATE TABLE "auth_user_user_permissions" ("id" bigint NOT NULL PRIMARY KEY GENERATED BY DEFAULT AS IDENTITY, "user_id" integer NOT NULL, "permission_id" integer NOT NULL); args=None; alias=default
DEBUG 2024-02-28 22:11:00,874 schema ALTER TABLE "auth_permission" ADD CONSTRAINT "auth_permission_content_type_id_codename_01ab375a_uniq" UNIQUE ("content_type_id", "codename"); (params None)
DEBUG 2024-02-28 22:11:00,875 utils (0.002) ALTER TABLE "auth_permission" ADD CONSTRAINT "auth_permission_content_type_id_codename_01ab375a_uniq" UNIQUE ("content_type_id", "codename"); args=None; alias=default
DEBUG 2024-02-28 22:11:00,876 schema ALTER TABLE "auth_permission" ADD CONSTRAINT "auth_permission_content_type_id_2f476e4b_fk_django_co" FOREIGN KEY ("content_type_id") REFERENCES "django_content_type" ("id") DEFERRABLE INITIALLY DEFERRED; (params None)
DEBUG 2024-02-28 22:11:00,877 utils (0.001) ALTER TABLE "auth_permission" ADD CONSTRAINT "auth_permission_content_type_id_2f476e4b_fk_django_co" FOREIGN KEY ("content_type_id") REFERENCES "django_content_type" ("id") DEFERRABLE INITIALLY DEFERRED; args=None; alias=default
DEBUG 2024-02-28 22:11:00,877 schema CREATE INDEX "auth_permission_content_type_id_2f476e4b" ON "auth_permission" ("content_type_id"); (params None)
DEBUG 2024-02-28 22:11:00,879 utils (0.002) CREATE INDEX "auth_permission_content_type_id_2f476e4b" ON "auth_permission" ("content_type_id"); args=None; alias=default
DEBUG 2024-02-28 22:11:00,879 schema CREATE INDEX "auth_group_name_a6ea08ec_like" ON "auth_group" ("name" varchar_pattern_ops); (params None)
DEBUG 2024-02-28 22:11:00,881 utils (0.002) CREATE INDEX "auth_group_name_a6ea08ec_like" ON "auth_group" ("name" varchar_pattern_ops); args=None; alias=default
DEBUG 2024-02-28 22:11:00,881 schema ALTER TABLE "auth_group_permissions" ADD CONSTRAINT "auth_group_permissions_group_id_permission_id_0cd325b0_uniq" UNIQUE ("group_id", "permission_id"); (params None)
DEBUG 2024-02-28 22:11:00,883 utils (0.002) ALTER TABLE "auth_group_permissions" ADD CONSTRAINT "auth_group_permissions_group_id_permission_id_0cd325b0_uniq" UNIQUE ("group_id", "permission_id"); args=None; alias=default
DEBUG 2024-02-28 22:11:00,883 schema ALTER TABLE "auth_group_permissions" ADD CONSTRAINT "auth_group_permissions_group_id_b120cbf9_fk_auth_group_id" FOREIGN KEY ("group_id") REFERENCES "auth_group" ("id") DEFERRABLE INITIALLY DEFERRED; (params None)
DEBUG 2024-02-28 22:11:00,884 utils (0.001) ALTER TABLE "auth_group_permissions" ADD CONSTRAINT "auth_group_permissions_group_id_b120cbf9_fk_auth_group_id" FOREIGN KEY ("group_id") REFERENCES "auth_group" ("id") DEFERRABLE INITIALLY DEFERRED; args=None; alias=default
DEBUG 2024-02-28 22:11:00,885 schema ALTER TABLE "auth_group_permissions" ADD CONSTRAINT "auth_group_permissio_permission_id_84c5c92e_fk_auth_perm" FOREIGN KEY ("permission_id") REFERENCES "auth_permission" ("id") DEFERRABLE INITIALLY DEFERRED; (params None)
DEBUG 2024-02-28 22:11:00,886 utils (0.001) ALTER TABLE "auth_group_permissions" ADD CONSTRAINT "auth_group_permissio_permission_id_84c5c92e_fk_auth_perm" FOREIGN KEY ("permission_id") REFERENCES "auth_permission" ("id") DEFERRABLE INITIALLY DEFERRED; args=None; alias=default
DEBUG 2024-02-28 22:11:00,887 schema CREATE INDEX "auth_group_permissions_group_id_b120cbf9" ON "auth_group_permissions" ("group_id"); (params None)
DEBUG 2024-02-28 22:11:00,889 utils (0.002) CREATE INDEX "auth_group_permissions_group_id_b120cbf9" ON "auth_group_permissions" ("group_id"); args=None; alias=default
DEBUG 2024-02-28 22:11:00,889 schema CREATE INDEX "auth_group_permissions_permission_id_84c5c92e" ON "auth_group_permissions" ("permission_id"); (params None)
DEBUG 2024-02-28 22:11:00,891 utils (0.002) CREATE INDEX "auth_group_permissions_permission_id_84c5c92e" ON "auth_group_permissions" ("permission_id"); args=None; alias=default
DEBUG 2024-02-28 22:11:00,891 schema CREATE INDEX "auth_user_username_6821ab7c_like" ON "auth_user" ("username" varchar_pattern_ops); (params None)
DEBUG 2024-02-28 22:11:00,893 utils (0.002) CREATE INDEX "auth_user_username_6821ab7c_like" ON "auth_user" ("username" varchar_pattern_ops); args=None; alias=default
DEBUG 2024-02-28 22:11:00,893 schema ALTER TABLE "auth_user_groups" ADD CONSTRAINT "auth_user_groups_user_id_group_id_94350c0c_uniq" UNIQUE ("user_id", "group_id"); (params None)
DEBUG 2024-02-28 22:11:00,895 utils (0.002) ALTER TABLE "auth_user_groups" ADD CONSTRAINT "auth_user_groups_user_id_group_id_94350c0c_uniq" UNIQUE ("user_id", "group_id"); args=None; alias=default
DEBUG 2024-02-28 22:11:00,896 schema ALTER TABLE "auth_user_groups" ADD CONSTRAINT "auth_user_groups_user_id_6a12ed8b_fk_auth_user_id" FOREIGN KEY ("user_id") REFERENCES "auth_user" ("id") DEFERRABLE INITIALLY DEFERRED; (params None)
DEBUG 2024-02-28 22:11:00,896 utils (0.001) ALTER TABLE "auth_user_groups" ADD CONSTRAINT "auth_user_groups_user_id_6a12ed8b_fk_auth_user_id" FOREIGN KEY ("user_id") REFERENCES "auth_user" ("id") DEFERRABLE INITIALLY DEFERRED; args=None; alias=default
DEBUG 2024-02-28 22:11:00,897 schema ALTER TABLE "auth_user_groups" ADD CONSTRAINT "auth_user_groups_group_id_97559544_fk_auth_group_id" FOREIGN KEY ("group_id") REFERENCES "auth_group" ("id") DEFERRABLE INITIALLY DEFERRED; (params None)
DEBUG 2024-02-28 22:11:00,897 utils (0.001) ALTER TABLE "auth_user_groups" ADD CONSTRAINT "auth_user_groups_group_id_97559544_fk_auth_group_id" FOREIGN KEY ("group_id") REFERENCES "auth_group" ("id") DEFERRABLE INITIALLY DEFERRED; args=None; alias=default
DEBUG 2024-02-28 22:11:00,898 schema CREATE INDEX "auth_user_groups_user_id_6a12ed8b" ON "auth_user_groups" ("user_id"); (params None)
DEBUG 2024-02-28 22:11:00,899 utils (0.002) CREATE INDEX "auth_user_groups_user_id_6a12ed8b" ON "auth_user_groups" ("user_id"); args=None; alias=default
DEBUG 2024-02-28 22:11:00,899 schema CREATE INDEX "auth_user_groups_group_id_97559544" ON "auth_user_groups" ("group_id"); (params None)
DEBUG 2024-02-28 22:11:00,901 utils (0.002) CREATE INDEX "auth_user_groups_group_id_97559544" ON "auth_user_groups" ("group_id"); args=None; alias=default
DEBUG 2024-02-28 22:11:00,901 schema ALTER TABLE "auth_user_user_permissions" ADD CONSTRAINT "auth_user_user_permissions_user_id_permission_id_14a6b632_uniq" UNIQUE ("user_id", "permission_id"); (params None)
DEBUG 2024-02-28 22:11:00,904 utils (0.002) ALTER TABLE "auth_user_user_permissions" ADD CONSTRAINT "auth_user_user_permissions_user_id_permission_id_14a6b632_uniq" UNIQUE ("user_id", "permission_id"); args=None; alias=default
DEBUG 2024-02-28 22:11:00,904 schema ALTER TABLE "auth_user_user_permissions" ADD CONSTRAINT "auth_user_user_permissions_user_id_a95ead1b_fk_auth_user_id" FOREIGN KEY ("user_id") REFERENCES "auth_user" ("id") DEFERRABLE INITIALLY DEFERRED; (params None)
DEBUG 2024-02-28 22:11:00,905 utils (0.001) ALTER TABLE "auth_user_user_permissions" ADD CONSTRAINT "auth_user_user_permissions_user_id_a95ead1b_fk_auth_user_id" FOREIGN KEY ("user_id") REFERENCES "auth_user" ("id") DEFERRABLE INITIALLY DEFERRED; args=None; alias=default
DEBUG 2024-02-28 22:11:00,905 schema ALTER TABLE "auth_user_user_permissions" ADD CONSTRAINT "auth_user_user_permi_permission_id_1fbb5f2c_fk_auth_perm" FOREIGN KEY ("permission_id") REFERENCES "auth_permission" ("id") DEFERRABLE INITIALLY DEFERRED; (params None)
DEBUG 2024-02-28 22:11:00,906 utils (0.001) ALTER TABLE "auth_user_user_permissions" ADD CONSTRAINT "auth_user_user_permi_permission_id_1fbb5f2c_fk_auth_perm" FOREIGN KEY ("permission_id") REFERENCES "auth_permission" ("id") DEFERRABLE INITIALLY DEFERRED; args=None; alias=default
DEBUG 2024-02-28 22:11:00,906 schema CREATE INDEX "auth_user_user_permissions_user_id_a95ead1b" ON "auth_user_user_permissions" ("user_id"); (params None)
DEBUG 2024-02-28 22:11:00,908 utils (0.002) CREATE INDEX "auth_user_user_permissions_user_id_a95ead1b" ON "auth_user_user_permissions" ("user_id"); args=None; alias=default
DEBUG 2024-02-28 22:11:00,908 schema CREATE INDEX "auth_user_user_permissions_permission_id_1fbb5f2c" ON "auth_user_user_permissions" ("permission_id"); (params None)
DEBUG 2024-02-28 22:11:00,910 utils (0.002) CREATE INDEX "auth_user_user_permissions_permission_id_1fbb5f2c" ON "auth_user_user_permissions" ("permission_id"); args=None; alias=default
DEBUG 2024-02-28 22:11:00,911 utils (0.001) COMMIT; args=None; alias=default
DEBUG 2024-02-28 22:11:00,912 utils (0.001) 
            SELECT
                c.relname,
                CASE
                    WHEN c.relispartition THEN 'p'
                    WHEN c.relkind IN ('m', 'v') THEN 'v'
                    ELSE 't'
                END,
                obj_description(c.oid, 'pg_class')
            FROM pg_catalog.pg_class c
            LEFT JOIN pg_catalog.pg_namespace n ON n.oid = c.relnamespace
            WHERE c.relkind IN ('f', 'm', 'p', 'r', 'v')
                AND n.nspname NOT IN ('pg_catalog', 'pg_toast')
                AND pg_catalog.pg_table_is_visible(c.oid)
        ; args=None; alias=default
DEBUG 2024-02-28 22:11:00,913 utils (0.001) INSERT INTO "django_migrations" ("app", "name", "applied") VALUES ('auth', '0001_initial', '2024-02-28T22:11:00.912782+00:00'::timestamptz) RETURNING "django_migrations"."id"; args=('auth', '0001_initial', datetime.datetime(2024, 2, 28, 22, 11, 0, 912782, tzinfo=datetime.timezone.utc)); alias=default
DEBUG 2024-02-28 22:11:00,914 utils (0.000) BEGIN; args=None; alias=default
DEBUG 2024-02-28 22:11:00,925 schema CREATE TABLE "django_admin_log" ("id" integer NOT NULL PRIMARY KEY GENERATED BY DEFAULT AS IDENTITY, "action_time" timestamp with time zone NOT NULL, "object_id" text NULL, "object_repr" varchar(200) NOT NULL, "action_flag" smallint NOT NULL CHECK ("action_flag" >= 0), "change_message" text NOT NULL, "content_type_id" integer NULL, "user_id" integer NOT NULL); (params None)
DEBUG 2024-02-28 22:11:00,930 utils (0.004) CREATE TABLE "django_admin_log" ("id" integer NOT NULL PRIMARY KEY GENERATED BY DEFAULT AS IDENTITY, "action_time" timestamp with time zone NOT NULL, "object_id" text NULL, "object_repr" varchar(200) NOT NULL, "action_flag" smallint NOT NULL CHECK ("action_flag" >= 0), "change_message" text NOT NULL, "content_type_id" integer NULL, "user_id" integer NOT NULL); args=None; alias=default
DEBUG 2024-02-28 22:11:00,930 schema ALTER TABLE "django_admin_log" ADD CONSTRAINT "django_admin_log_content_type_id_c4bce8eb_fk_django_co" FOREIGN KEY ("content_type_id") REFERENCES "django_content_type" ("id") DEFERRABLE INITIALLY DEFERRED; (params None)
DEBUG 2024-02-28 22:11:00,940 utils (0.009) ALTER TABLE "django_admin_log" ADD CONSTRAINT "django_admin_log_content_type_id_c4bce8eb_fk_django_co" FOREIGN KEY ("content_type_id") REFERENCES "django_content_type" ("id") DEFERRABLE INITIALLY DEFERRED; args=None; alias=default
DEBUG 2024-02-28 22:11:00,940 schema ALTER TABLE "django_admin_log" ADD CONSTRAINT "django_admin_log_user_id_c564eba6_fk_auth_user_id" FOREIGN KEY ("user_id") REFERENCES "auth_user" ("id") DEFERRABLE INITIALLY DEFERRED; (params None)
DEBUG 2024-02-28 22:11:00,946 utils (0.006) ALTER TABLE "django_admin_log" ADD CONSTRAINT "django_admin_log_user_id_c564eba6_fk_auth_user_id" FOREIGN KEY ("user_id") REFERENCES "auth_user" ("id") DEFERRABLE INITIALLY DEFERRED; args=None; alias=default
DEBUG 2024-02-28 22:11:00,946 schema CREATE INDEX "django_admin_log_content_type_id_c4bce8eb" ON "django_admin_log" ("content_type_id"); (params None)
DEBUG 2024-02-28 22:11:00,948 utils (0.002) CREATE INDEX "django_admin_log_content_type_id_c4bce8eb" ON "django_admin_log" ("content_type_id"); args=None; alias=default
DEBUG 2024-02-28 22:11:00,949 schema CREATE INDEX "django_admin_log_user_id_c564eba6" ON "django_admin_log" ("user_id"); (params None)
DEBUG 2024-02-28 22:11:00,951 utils (0.002) CREATE INDEX "django_admin_log_user_id_c564eba6" ON "django_admin_log" ("user_id"); args=None; alias=default
DEBUG 2024-02-28 22:11:00,952 utils (0.001) COMMIT; args=None; alias=default
DEBUG 2024-02-28 22:11:00,953 utils (0.001) 
            SELECT
                c.relname,
                CASE
                    WHEN c.relispartition THEN 'p'
                    WHEN c.relkind IN ('m', 'v') THEN 'v'
                    ELSE 't'
                END,
                obj_description(c.oid, 'pg_class')
            FROM pg_catalog.pg_class c
            LEFT JOIN pg_catalog.pg_namespace n ON n.oid = c.relnamespace
            WHERE c.relkind IN ('f', 'm', 'p', 'r', 'v')
                AND n.nspname NOT IN ('pg_catalog', 'pg_toast')
                AND pg_catalog.pg_table_is_visible(c.oid)
        ; args=None; alias=default
DEBUG 2024-02-28 22:11:00,955 utils (0.001) INSERT INTO "django_migrations" ("app", "name", "applied") VALUES ('admin', '0001_initial', '2024-02-28T22:11:00.954315+00:00'::timestamptz) RETURNING "django_migrations"."id"; args=('admin', '0001_initial', datetime.datetime(2024, 2, 28, 22, 11, 0, 954315, tzinfo=datetime.timezone.utc)); alias=default
DEBUG 2024-02-28 22:11:00,956 utils (0.000) BEGIN; args=None; alias=default
DEBUG 2024-02-28 22:11:00,965 utils (0.001) 
            SELECT
                c.relname,
                CASE
                    WHEN c.relispartition THEN 'p'
                    WHEN c.relkind IN ('m', 'v') THEN 'v'
                    ELSE 't'
                END,
                obj_description(c.oid, 'pg_class')
            FROM pg_catalog.pg_class c
            LEFT JOIN pg_catalog.pg_namespace n ON n.oid = c.relnamespace
            WHERE c.relkind IN ('f', 'm', 'p', 'r', 'v')
                AND n.nspname NOT IN ('pg_catalog', 'pg_toast')
                AND pg_catalog.pg_table_is_visible(c.oid)
        ; args=None; alias=default
DEBUG 2024-02-28 22:11:00,966 utils (0.000) INSERT INTO "django_migrations" ("app", "name", "applied") VALUES ('admin', '0002_logentry_remove_auto_add', '2024-02-28T22:11:00.966282+00:00'::timestamptz) RETURNING "django_migrations"."id"; args=('admin', '0002_logentry_remove_auto_add', datetime.datetime(2024, 2, 28, 22, 11, 0, 966282, tzinfo=datetime.timezone.utc)); alias=default
DEBUG 2024-02-28 22:11:00,967 utils (0.001) COMMIT; args=None; alias=default
DEBUG 2024-02-28 22:11:00,967 utils (0.000) BEGIN; args=None; alias=default
DEBUG 2024-02-28 22:11:00,978 utils (0.001) 
            SELECT
                c.relname,
                CASE
                    WHEN c.relispartition THEN 'p'
                    WHEN c.relkind IN ('m', 'v') THEN 'v'
                    ELSE 't'
                END,
                obj_description(c.oid, 'pg_class')
            FROM pg_catalog.pg_class c
            LEFT JOIN pg_catalog.pg_namespace n ON n.oid = c.relnamespace
            WHERE c.relkind IN ('f', 'm', 'p', 'r', 'v')
                AND n.nspname NOT IN ('pg_catalog', 'pg_toast')
                AND pg_catalog.pg_table_is_visible(c.oid)
        ; args=None; alias=default
DEBUG 2024-02-28 22:11:00,979 utils (0.000) INSERT INTO "django_migrations" ("app", "name", "applied") VALUES ('admin', '0003_logentry_add_action_flag_choices', '2024-02-28T22:11:00.978499+00:00'::timestamptz) RETURNING "django_migrations"."id"; args=('admin', '0003_logentry_add_action_flag_choices', datetime.datetime(2024, 2, 28, 22, 11, 0, 978499, tzinfo=datetime.timezone.utc)); alias=default
DEBUG 2024-02-28 22:11:00,979 utils (0.001) COMMIT; args=None; alias=default
DEBUG 2024-02-28 22:11:00,980 utils (0.000) BEGIN; args=None; alias=default
DEBUG 2024-02-28 22:11:00,989 schema ALTER TABLE "django_content_type" ALTER COLUMN "name" DROP NOT NULL; (params None)
DEBUG 2024-02-28 22:11:00,990 utils (0.001) ALTER TABLE "django_content_type" ALTER COLUMN "name" DROP NOT NULL; args=None; alias=default
DEBUG 2024-02-28 22:11:01,006 schema ALTER TABLE "django_content_type" DROP COLUMN "name" CASCADE; (params None)
DEBUG 2024-02-28 22:11:01,007 utils (0.001) ALTER TABLE "django_content_type" DROP COLUMN "name" CASCADE; args=None; alias=default
DEBUG 2024-02-28 22:11:01,009 utils (0.002) 
            SELECT
                c.relname,
                CASE
                    WHEN c.relispartition THEN 'p'
                    WHEN c.relkind IN ('m', 'v') THEN 'v'
                    ELSE 't'
                END,
                obj_description(c.oid, 'pg_class')
            FROM pg_catalog.pg_class c
            LEFT JOIN pg_catalog.pg_namespace n ON n.oid = c.relnamespace
            WHERE c.relkind IN ('f', 'm', 'p', 'r', 'v')
                AND n.nspname NOT IN ('pg_catalog', 'pg_toast')
                AND pg_catalog.pg_table_is_visible(c.oid)
        ; args=None; alias=default
DEBUG 2024-02-28 22:11:01,010 utils (0.000) INSERT INTO "django_migrations" ("app", "name", "applied") VALUES ('contenttypes', '0002_remove_content_type_name', '2024-02-28T22:11:01.009568+00:00'::timestamptz) RETURNING "django_migrations"."id"; args=('contenttypes', '0002_remove_content_type_name', datetime.datetime(2024, 2, 28, 22, 11, 1, 9568, tzinfo=datetime.timezone.utc)); alias=default
DEBUG 2024-02-28 22:11:01,010 utils (0.001) COMMIT; args=None; alias=default
DEBUG 2024-02-28 22:11:01,011 utils (0.000) BEGIN; args=None; alias=default
DEBUG 2024-02-28 22:11:01,016 schema ALTER TABLE "auth_permission" ALTER COLUMN "name" TYPE varchar(255); (params None)
DEBUG 2024-02-28 22:11:01,017 utils (0.000) ALTER TABLE "auth_permission" ALTER COLUMN "name" TYPE varchar(255); args=None; alias=default
DEBUG 2024-02-28 22:11:01,019 utils (0.002) 
            SELECT
                c.relname,
                CASE
                    WHEN c.relispartition THEN 'p'
                    WHEN c.relkind IN ('m', 'v') THEN 'v'
                    ELSE 't'
                END,
                obj_description(c.oid, 'pg_class')
            FROM pg_catalog.pg_class c
            LEFT JOIN pg_catalog.pg_namespace n ON n.oid = c.relnamespace
            WHERE c.relkind IN ('f', 'm', 'p', 'r', 'v')
                AND n.nspname NOT IN ('pg_catalog', 'pg_toast')
                AND pg_catalog.pg_table_is_visible(c.oid)
        ; args=None; alias=default
DEBUG 2024-02-28 22:11:01,021 utils (0.001) INSERT INTO "django_migrations" ("app", "name", "applied") VALUES ('auth', '0002_alter_permission_name_max_length', '2024-02-28T22:11:01.020414+00:00'::timestamptz) RETURNING "django_migrations"."id"; args=('auth', '0002_alter_permission_name_max_length', datetime.datetime(2024, 2, 28, 22, 11, 1, 20414, tzinfo=datetime.timezone.utc)); alias=default
DEBUG 2024-02-28 22:11:01,022 utils (0.001) COMMIT; args=None; alias=default
DEBUG 2024-02-28 22:11:01,022 utils (0.000) BEGIN; args=None; alias=default
DEBUG 2024-02-28 22:11:01,031 schema ALTER TABLE "auth_user" ALTER COLUMN "email" TYPE varchar(254); (params None)
DEBUG 2024-02-28 22:11:01,031 utils (0.000) ALTER TABLE "auth_user" ALTER COLUMN "email" TYPE varchar(254); args=None; alias=default
DEBUG 2024-02-28 22:11:01,032 utils (0.001) 
            SELECT
                c.relname,
                CASE
                    WHEN c.relispartition THEN 'p'
                    WHEN c.relkind IN ('m', 'v') THEN 'v'
                    ELSE 't'
                END,
                obj_description(c.oid, 'pg_class')
            FROM pg_catalog.pg_class c
            LEFT JOIN pg_catalog.pg_namespace n ON n.oid = c.relnamespace
            WHERE c.relkind IN ('f', 'm', 'p', 'r', 'v')
                AND n.nspname NOT IN ('pg_catalog', 'pg_toast')
                AND pg_catalog.pg_table_is_visible(c.oid)
        ; args=None; alias=default
DEBUG 2024-02-28 22:11:01,033 utils (0.000) INSERT INTO "django_migrations" ("app", "name", "applied") VALUES ('auth', '0003_alter_user_email_max_length', '2024-02-28T22:11:01.033048+00:00'::timestamptz) RETURNING "django_migrations"."id"; args=('auth', '0003_alter_user_email_max_length', datetime.datetime(2024, 2, 28, 22, 11, 1, 33048, tzinfo=datetime.timezone.utc)); alias=default
DEBUG 2024-02-28 22:11:01,034 utils (0.001) COMMIT; args=None; alias=default
DEBUG 2024-02-28 22:11:01,034 utils (0.000) BEGIN; args=None; alias=default
DEBUG 2024-02-28 22:11:01,046 utils (0.001) 
            SELECT
                c.relname,
                CASE
                    WHEN c.relispartition THEN 'p'
                    WHEN c.relkind IN ('m', 'v') THEN 'v'
                    ELSE 't'
                END,
                obj_description(c.oid, 'pg_class')
            FROM pg_catalog.pg_class c
            LEFT JOIN pg_catalog.pg_namespace n ON n.oid = c.relnamespace
            WHERE c.relkind IN ('f', 'm', 'p', 'r', 'v')
                AND n.nspname NOT IN ('pg_catalog', 'pg_toast')
                AND pg_catalog.pg_table_is_visible(c.oid)
        ; args=None; alias=default
DEBUG 2024-02-28 22:11:01,047 utils (0.000) INSERT INTO "django_migrations" ("app", "name", "applied") VALUES ('auth', '0004_alter_user_username_opts', '2024-02-28T22:11:01.046712+00:00'::timestamptz) RETURNING "django_migrations"."id"; args=('auth', '0004_alter_user_username_opts', datetime.datetime(2024, 2, 28, 22, 11, 1, 46712, tzinfo=datetime.timezone.utc)); alias=default
DEBUG 2024-02-28 22:11:01,048 utils (0.001) COMMIT; args=None; alias=default
DEBUG 2024-02-28 22:11:01,048 utils (0.000) BEGIN; args=None; alias=default
DEBUG 2024-02-28 22:11:01,058 schema ALTER TABLE "auth_user" ALTER COLUMN "last_login" DROP NOT NULL; (params None)
DEBUG 2024-02-28 22:11:01,058 utils (0.000) ALTER TABLE "auth_user" ALTER COLUMN "last_login" DROP NOT NULL; args=None; alias=default
DEBUG 2024-02-28 22:11:01,060 utils (0.001) 
            SELECT
                c.relname,
                CASE
                    WHEN c.relispartition THEN 'p'
                    WHEN c.relkind IN ('m', 'v') THEN 'v'
                    ELSE 't'
                END,
                obj_description(c.oid, 'pg_class')
            FROM pg_catalog.pg_class c
            LEFT JOIN pg_catalog.pg_namespace n ON n.oid = c.relnamespace
            WHERE c.relkind IN ('f', 'm', 'p', 'r', 'v')
                AND n.nspname NOT IN ('pg_catalog', 'pg_toast')
                AND pg_catalog.pg_table_is_visible(c.oid)
        ; args=None; alias=default
DEBUG 2024-02-28 22:11:01,061 utils (0.001) INSERT INTO "django_migrations" ("app", "name", "applied") VALUES ('auth', '0005_alter_user_last_login_null', '2024-02-28T22:11:01.060650+00:00'::timestamptz) RETURNING "django_migrations"."id"; args=('auth', '0005_alter_user_last_login_null', datetime.datetime(2024, 2, 28, 22, 11, 1, 60650, tzinfo=datetime.timezone.utc)); alias=default
DEBUG 2024-02-28 22:11:01,062 utils (0.001) COMMIT; args=None; alias=default
DEBUG 2024-02-28 22:11:01,062 utils (0.000) BEGIN; args=None; alias=default
DEBUG 2024-02-28 22:11:01,064 utils (0.001) 
            SELECT
                c.relname,
                CASE
                    WHEN c.relispartition THEN 'p'
                    WHEN c.relkind IN ('m', 'v') THEN 'v'
                    ELSE 't'
                END,
                obj_description(c.oid, 'pg_class')
            FROM pg_catalog.pg_class c
            LEFT JOIN pg_catalog.pg_namespace n ON n.oid = c.relnamespace
            WHERE c.relkind IN ('f', 'm', 'p', 'r', 'v')
                AND n.nspname NOT IN ('pg_catalog', 'pg_toast')
                AND pg_catalog.pg_table_is_visible(c.oid)
        ; args=None; alias=default
DEBUG 2024-02-28 22:11:01,065 utils (0.000) INSERT INTO "django_migrations" ("app", "name", "applied") VALUES ('auth', '0006_require_contenttypes_0002', '2024-02-28T22:11:01.064517+00:00'::timestamptz) RETURNING "django_migrations"."id"; args=('auth', '0006_require_contenttypes_0002', datetime.datetime(2024, 2, 28, 22, 11, 1, 64517, tzinfo=datetime.timezone.utc)); alias=default
DEBUG 2024-02-28 22:11:01,065 utils (0.001) COMMIT; args=None; alias=default
DEBUG 2024-02-28 22:11:01,066 utils (0.000) BEGIN; args=None; alias=default
DEBUG 2024-02-28 22:11:01,077 utils (0.001) 
            SELECT
                c.relname,
                CASE
                    WHEN c.relispartition THEN 'p'
                    WHEN c.relkind IN ('m', 'v') THEN 'v'
                    ELSE 't'
                END,
                obj_description(c.oid, 'pg_class')
            FROM pg_catalog.pg_class c
            LEFT JOIN pg_catalog.pg_namespace n ON n.oid = c.relnamespace
            WHERE c.relkind IN ('f', 'm', 'p', 'r', 'v')
                AND n.nspname NOT IN ('pg_catalog', 'pg_toast')
                AND pg_catalog.pg_table_is_visible(c.oid)
        ; args=None; alias=default
DEBUG 2024-02-28 22:11:01,078 utils (0.000) INSERT INTO "django_migrations" ("app", "name", "applied") VALUES ('auth', '0007_alter_validators_add_error_messages', '2024-02-28T22:11:01.077715+00:00'::timestamptz) RETURNING "django_migrations"."id"; args=('auth', '0007_alter_validators_add_error_messages', datetime.datetime(2024, 2, 28, 22, 11, 1, 77715, tzinfo=datetime.timezone.utc)); alias=default
DEBUG 2024-02-28 22:11:01,079 utils (0.001) COMMIT; args=None; alias=default
DEBUG 2024-02-28 22:11:01,079 utils (0.000) BEGIN; args=None; alias=default
DEBUG 2024-02-28 22:11:01,089 schema ALTER TABLE "auth_user" ALTER COLUMN "username" TYPE varchar(150); (params None)
DEBUG 2024-02-28 22:11:01,092 utils (0.003) ALTER TABLE "auth_user" ALTER COLUMN "username" TYPE varchar(150); args=None; alias=default
DEBUG 2024-02-28 22:11:01,093 utils (0.001) 
            SELECT
                c.relname,
                CASE
                    WHEN c.relispartition THEN 'p'
                    WHEN c.relkind IN ('m', 'v') THEN 'v'
                    ELSE 't'
                END,
                obj_description(c.oid, 'pg_class')
            FROM pg_catalog.pg_class c
            LEFT JOIN pg_catalog.pg_namespace n ON n.oid = c.relnamespace
            WHERE c.relkind IN ('f', 'm', 'p', 'r', 'v')
                AND n.nspname NOT IN ('pg_catalog', 'pg_toast')
                AND pg_catalog.pg_table_is_visible(c.oid)
        ; args=None; alias=default
DEBUG 2024-02-28 22:11:01,094 utils (0.000) INSERT INTO "django_migrations" ("app", "name", "applied") VALUES ('auth', '0008_alter_user_username_max_length', '2024-02-28T22:11:01.093861+00:00'::timestamptz) RETURNING "django_migrations"."id"; args=('auth', '0008_alter_user_username_max_length', datetime.datetime(2024, 2, 28, 22, 11, 1, 93861, tzinfo=datetime.timezone.utc)); alias=default
DEBUG 2024-02-28 22:11:01,095 utils (0.001) COMMIT; args=None; alias=default
DEBUG 2024-02-28 22:11:01,095 utils (0.000) BEGIN; args=None; alias=default
DEBUG 2024-02-28 22:11:01,100 schema ALTER TABLE "auth_user" ALTER COLUMN "last_name" TYPE varchar(150); (params None)
DEBUG 2024-02-28 22:11:01,101 utils (0.000) ALTER TABLE "auth_user" ALTER COLUMN "last_name" TYPE varchar(150); args=None; alias=default
DEBUG 2024-02-28 22:11:01,102 utils (0.001) 
            SELECT
                c.relname,
                CASE
                    WHEN c.relispartition THEN 'p'
                    WHEN c.relkind IN ('m', 'v') THEN 'v'
                    ELSE 't'
                END,
                obj_description(c.oid, 'pg_class')
            FROM pg_catalog.pg_class c
            LEFT JOIN pg_catalog.pg_namespace n ON n.oid = c.relnamespace
            WHERE c.relkind IN ('f', 'm', 'p', 'r', 'v')
                AND n.nspname NOT IN ('pg_catalog', 'pg_toast')
                AND pg_catalog.pg_table_is_visible(c.oid)
        ; args=None; alias=default
DEBUG 2024-02-28 22:11:01,103 utils (0.001) INSERT INTO "django_migrations" ("app", "name", "applied") VALUES ('auth', '0009_alter_user_last_name_max_length', '2024-02-28T22:11:01.102870+00:00'::timestamptz) RETURNING "django_migrations"."id"; args=('auth', '0009_alter_user_last_name_max_length', datetime.datetime(2024, 2, 28, 22, 11, 1, 102870, tzinfo=datetime.timezone.utc)); alias=default
DEBUG 2024-02-28 22:11:01,105 utils (0.001) COMMIT; args=None; alias=default
DEBUG 2024-02-28 22:11:01,105 utils (0.000) BEGIN; args=None; alias=default
DEBUG 2024-02-28 22:11:01,111 schema ALTER TABLE "auth_group" ALTER COLUMN "name" TYPE varchar(150); (params None)
DEBUG 2024-02-28 22:11:01,112 utils (0.001) ALTER TABLE "auth_group" ALTER COLUMN "name" TYPE varchar(150); args=None; alias=default
DEBUG 2024-02-28 22:11:01,113 utils (0.001) 
            SELECT
                c.relname,
                CASE
                    WHEN c.relispartition THEN 'p'
                    WHEN c.relkind IN ('m', 'v') THEN 'v'
                    ELSE 't'
                END,
                obj_description(c.oid, 'pg_class')
            FROM pg_catalog.pg_class c
            LEFT JOIN pg_catalog.pg_namespace n ON n.oid = c.relnamespace
            WHERE c.relkind IN ('f', 'm', 'p', 'r', 'v')
                AND n.nspname NOT IN ('pg_catalog', 'pg_toast')
                AND pg_catalog.pg_table_is_visible(c.oid)
        ; args=None; alias=default
DEBUG 2024-02-28 22:11:01,114 utils (0.000) INSERT INTO "django_migrations" ("app", "name", "applied") VALUES ('auth', '0010_alter_group_name_max_length', '2024-02-28T22:11:01.114138+00:00'::timestamptz) RETURNING "django_migrations"."id"; args=('auth', '0010_alter_group_name_max_length', datetime.datetime(2024, 2, 28, 22, 11, 1, 114138, tzinfo=datetime.timezone.utc)); alias=default
DEBUG 2024-02-28 22:11:01,115 utils (0.001) COMMIT; args=None; alias=default
DEBUG 2024-02-28 22:11:01,115 utils (0.000) BEGIN; args=None; alias=default
DEBUG 2024-02-28 22:11:01,126 utils (0.001) 
            SELECT
                c.relname,
                CASE
                    WHEN c.relispartition THEN 'p'
                    WHEN c.relkind IN ('m', 'v') THEN 'v'
                    ELSE 't'
                END,
                obj_description(c.oid, 'pg_class')
            FROM pg_catalog.pg_class c
            LEFT JOIN pg_catalog.pg_namespace n ON n.oid = c.relnamespace
            WHERE c.relkind IN ('f', 'm', 'p', 'r', 'v')
                AND n.nspname NOT IN ('pg_catalog', 'pg_toast')
                AND pg_catalog.pg_table_is_visible(c.oid)
        ; args=None; alias=default
DEBUG 2024-02-28 22:11:01,126 utils (0.000) INSERT INTO "django_migrations" ("app", "name", "applied") VALUES ('auth', '0011_update_proxy_permissions', '2024-02-28T22:11:01.126390+00:00'::timestamptz) RETURNING "django_migrations"."id"; args=('auth', '0011_update_proxy_permissions', datetime.datetime(2024, 2, 28, 22, 11, 1, 126390, tzinfo=datetime.timezone.utc)); alias=default
DEBUG 2024-02-28 22:11:01,127 utils (0.001) COMMIT; args=None; alias=default
DEBUG 2024-02-28 22:11:01,128 utils (0.000) BEGIN; args=None; alias=default
DEBUG 2024-02-28 22:11:01,136 schema ALTER TABLE "auth_user" ALTER COLUMN "first_name" TYPE varchar(150); (params None)
DEBUG 2024-02-28 22:11:01,137 utils (0.000) ALTER TABLE "auth_user" ALTER COLUMN "first_name" TYPE varchar(150); args=None; alias=default
DEBUG 2024-02-28 22:11:01,138 utils (0.001) 
            SELECT
                c.relname,
                CASE
                    WHEN c.relispartition THEN 'p'
                    WHEN c.relkind IN ('m', 'v') THEN 'v'
                    ELSE 't'
                END,
                obj_description(c.oid, 'pg_class')
            FROM pg_catalog.pg_class c
            LEFT JOIN pg_catalog.pg_namespace n ON n.oid = c.relnamespace
            WHERE c.relkind IN ('f', 'm', 'p', 'r', 'v')
                AND n.nspname NOT IN ('pg_catalog', 'pg_toast')
                AND pg_catalog.pg_table_is_visible(c.oid)
        ; args=None; alias=default
DEBUG 2024-02-28 22:11:01,139 utils (0.000) INSERT INTO "django_migrations" ("app", "name", "applied") VALUES ('auth', '0012_alter_user_first_name_max_length', '2024-02-28T22:11:01.138604+00:00'::timestamptz) RETURNING "django_migrations"."id"; args=('auth', '0012_alter_user_first_name_max_length', datetime.datetime(2024, 2, 28, 22, 11, 1, 138604, tzinfo=datetime.timezone.utc)); alias=default
DEBUG 2024-02-28 22:11:01,140 utils (0.001) COMMIT; args=None; alias=default
DEBUG 2024-02-28 22:11:01,140 utils (0.000) BEGIN; args=None; alias=default
DEBUG 2024-02-28 22:11:01,141 schema CREATE TABLE "pong_gamedata" ("id" bigint NOT NULL PRIMARY KEY GENERATED BY DEFAULT AS IDENTITY, "player1_name" varchar(255) NOT NULL, "player1_points" integer NOT NULL CHECK ("player1_points" >= 0), "player2_name" varchar(255) NOT NULL, "player2_points" integer NOT NULL CHECK ("player2_points" >= 0), "game_end_timestamp" timestamp with time zone NOT NULL, "game_duration_secs" integer NOT NULL CHECK ("game_duration_secs" >= 0), "is_tournament_game" boolean NOT NULL); (params None)
DEBUG 2024-02-28 22:11:01,146 utils (0.004) CREATE TABLE "pong_gamedata" ("id" bigint NOT NULL PRIMARY KEY GENERATED BY DEFAULT AS IDENTITY, "player1_name" varchar(255) NOT NULL, "player1_points" integer NOT NULL CHECK ("player1_points" >= 0), "player2_name" varchar(255) NOT NULL, "player2_points" integer NOT NULL CHECK ("player2_points" >= 0), "game_end_timestamp" timestamp with time zone NOT NULL, "game_duration_secs" integer NOT NULL CHECK ("game_duration_secs" >= 0), "is_tournament_game" boolean NOT NULL); args=None; alias=default
DEBUG 2024-02-28 22:11:01,148 schema CREATE TABLE "pong_tournamentdata" ("id" bigint NOT NULL PRIMARY KEY GENERATED BY DEFAULT AS IDENTITY, "tour_id" integer NOT NULL, "match_id_semi_1" integer NOT NULL CHECK ("match_id_semi_1" >= 0), "match_id_semi_2" integer NOT NULL CHECK ("match_id_semi_2" >= 0), "match_id_final" integer NOT NULL CHECK ("match_id_final" >= 0), "tournament_end_timestamp" timestamp with time zone NOT NULL, "tournament_duration_secs" integer NOT NULL CHECK ("tournament_duration_secs" >= 0), "player_ranking" jsonb NOT NULL, "blockchain_hash" varchar(255) NULL); (params None)
DEBUG 2024-02-28 22:11:01,152 utils (0.004) CREATE TABLE "pong_tournamentdata" ("id" bigint NOT NULL PRIMARY KEY GENERATED BY DEFAULT AS IDENTITY, "tour_id" integer NOT NULL, "match_id_semi_1" integer NOT NULL CHECK ("match_id_semi_1" >= 0), "match_id_semi_2" integer NOT NULL CHECK ("match_id_semi_2" >= 0), "match_id_final" integer NOT NULL CHECK ("match_id_final" >= 0), "tournament_end_timestamp" timestamp with time zone NOT NULL, "tournament_duration_secs" integer NOT NULL CHECK ("tournament_duration_secs" >= 0), "player_ranking" jsonb NOT NULL, "blockchain_hash" varchar(255) NULL); args=None; alias=default
DEBUG 2024-02-28 22:11:01,154 utils (0.002) 
            SELECT
                c.relname,
                CASE
                    WHEN c.relispartition THEN 'p'
                    WHEN c.relkind IN ('m', 'v') THEN 'v'
                    ELSE 't'
                END,
                obj_description(c.oid, 'pg_class')
            FROM pg_catalog.pg_class c
            LEFT JOIN pg_catalog.pg_namespace n ON n.oid = c.relnamespace
            WHERE c.relkind IN ('f', 'm', 'p', 'r', 'v')
                AND n.nspname NOT IN ('pg_catalog', 'pg_toast')
                AND pg_catalog.pg_table_is_visible(c.oid)
        ; args=None; alias=default
DEBUG 2024-02-28 22:11:01,156 utils (0.000) INSERT INTO "django_migrations" ("app", "name", "applied") VALUES ('pong', '0001_initial', '2024-02-28T22:11:01.155290+00:00'::timestamptz) RETURNING "django_migrations"."id"; args=('pong', '0001_initial', datetime.datetime(2024, 2, 28, 22, 11, 1, 155290, tzinfo=datetime.timezone.utc)); alias=default
DEBUG 2024-02-28 22:11:01,157 utils (0.001) COMMIT; args=None; alias=default
DEBUG 2024-02-28 22:11:01,157 utils (0.000) BEGIN; args=None; alias=default
DEBUG 2024-02-28 22:11:01,158 schema CREATE TABLE "django_session" ("session_key" varchar(40) NOT NULL PRIMARY KEY, "session_data" text NOT NULL, "expire_date" timestamp with time zone NOT NULL); (params None)
DEBUG 2024-02-28 22:11:01,162 utils (0.004) CREATE TABLE "django_session" ("session_key" varchar(40) NOT NULL PRIMARY KEY, "session_data" text NOT NULL, "expire_date" timestamp with time zone NOT NULL); args=None; alias=default
DEBUG 2024-02-28 22:11:01,163 schema CREATE INDEX "django_session_session_key_c0390e0f_like" ON "django_session" ("session_key" varchar_pattern_ops); (params None)
DEBUG 2024-02-28 22:11:01,164 utils (0.002) CREATE INDEX "django_session_session_key_c0390e0f_like" ON "django_session" ("session_key" varchar_pattern_ops); args=None; alias=default
DEBUG 2024-02-28 22:11:01,165 schema CREATE INDEX "django_session_expire_date_a5c62663" ON "django_session" ("expire_date"); (params None)
DEBUG 2024-02-28 22:11:01,166 utils (0.002) CREATE INDEX "django_session_expire_date_a5c62663" ON "django_session" ("expire_date"); args=None; alias=default
DEBUG 2024-02-28 22:11:01,167 utils (0.001) COMMIT; args=None; alias=default
DEBUG 2024-02-28 22:11:01,168 utils (0.001) 
            SELECT
                c.relname,
                CASE
                    WHEN c.relispartition THEN 'p'
                    WHEN c.relkind IN ('m', 'v') THEN 'v'
                    ELSE 't'
                END,
                obj_description(c.oid, 'pg_class')
            FROM pg_catalog.pg_class c
            LEFT JOIN pg_catalog.pg_namespace n ON n.oid = c.relnamespace
            WHERE c.relkind IN ('f', 'm', 'p', 'r', 'v')
                AND n.nspname NOT IN ('pg_catalog', 'pg_toast')
                AND pg_catalog.pg_table_is_visible(c.oid)
        ; args=None; alias=default
DEBUG 2024-02-28 22:11:01,170 utils (0.001) INSERT INTO "django_migrations" ("app", "name", "applied") VALUES ('sessions', '0001_initial', '2024-02-28T22:11:01.169186+00:00'::timestamptz) RETURNING "django_migrations"."id"; args=('sessions', '0001_initial', datetime.datetime(2024, 2, 28, 22, 11, 1, 169186, tzinfo=datetime.timezone.utc)); alias=default
DEBUG 2024-02-28 22:11:01,171 utils (0.001) 
            SELECT
                c.relname,
                CASE
                    WHEN c.relispartition THEN 'p'
                    WHEN c.relkind IN ('m', 'v') THEN 'v'
                    ELSE 't'
                END,
                obj_description(c.oid, 'pg_class')
            FROM pg_catalog.pg_class c
            LEFT JOIN pg_catalog.pg_namespace n ON n.oid = c.relnamespace
            WHERE c.relkind IN ('f', 'm', 'p', 'r', 'v')
                AND n.nspname NOT IN ('pg_catalog', 'pg_toast')
                AND pg_catalog.pg_table_is_visible(c.oid)
        ; args=None; alias=default
DEBUG 2024-02-28 22:11:01,172 utils (0.000) SELECT "django_migrations"."id", "django_migrations"."app", "django_migrations"."name", "django_migrations"."applied" FROM "django_migrations"; args=(); alias=default
DEBUG 2024-02-28 22:11:01,182 utils (0.001) SELECT "django_content_type"."id", "django_content_type"."app_label", "django_content_type"."model" FROM "django_content_type" WHERE "django_content_type"."app_label" = 'admin'; args=('admin',); alias=default
DEBUG 2024-02-28 22:11:01,182 utils (0.000) BEGIN; args=None; alias=default
DEBUG 2024-02-28 22:11:01,183 utils (0.000) INSERT INTO "django_content_type" ("app_label", "model") VALUES ('admin', 'logentry') RETURNING "django_content_type"."id"; args=('admin', 'logentry'); alias=default
DEBUG 2024-02-28 22:11:01,184 utils (0.001) COMMIT; args=None; alias=default
DEBUG 2024-02-28 22:11:01,185 utils (0.000) SELECT "django_content_type"."id", "django_content_type"."app_label", "django_content_type"."model" FROM "django_content_type" WHERE ("django_content_type"."app_label" = 'admin' AND "django_content_type"."model" = 'logentry') LIMIT 21; args=('admin', 'logentry'); alias=default
DEBUG 2024-02-28 22:11:01,187 utils (0.001) SELECT "auth_permission"."content_type_id", "auth_permission"."codename" FROM "auth_permission" INNER JOIN "django_content_type" ON ("auth_permission"."content_type_id" = "django_content_type"."id") WHERE "auth_permission"."content_type_id" IN (1) ORDER BY "django_content_type"."app_label" ASC, "django_content_type"."model" ASC, "auth_permission"."codename" ASC; args=(1,); alias=default
DEBUG 2024-02-28 22:11:01,188 utils (0.000) BEGIN; args=None; alias=default
DEBUG 2024-02-28 22:11:01,189 utils (0.001) INSERT INTO "auth_permission" ("name", "content_type_id", "codename") VALUES ('Can add log entry', 1, 'add_logentry'), ('Can change log entry', 1, 'change_logentry'), ('Can delete log entry', 1, 'delete_logentry'), ('Can view log entry', 1, 'view_logentry') RETURNING "auth_permission"."id"; args=('Can add log entry', 1, 'add_logentry', 'Can change log entry', 1, 'change_logentry', 'Can delete log entry', 1, 'delete_logentry', 'Can view log entry', 1, 'view_logentry'); alias=default
DEBUG 2024-02-28 22:11:01,191 utils (0.001) COMMIT; args=None; alias=default
DEBUG 2024-02-28 22:11:01,191 utils (0.000) SELECT "django_content_type"."id", "django_content_type"."app_label", "django_content_type"."model" FROM "django_content_type" WHERE "django_content_type"."app_label" = 'admin'; args=('admin',); alias=default
DEBUG 2024-02-28 22:11:01,193 utils (0.000) SELECT COUNT(*) AS "__count" FROM "pong_gamedata"; args=(); alias=default
DEBUG 2024-02-28 22:11:01,194 utils (0.000) SELECT COUNT(*) AS "__count" FROM "pong_tournamentdata"; args=(); alias=default
DEBUG 2024-02-28 22:11:01,195 utils (0.000) SELECT COUNT(*) AS "__count" FROM "pong_gamedata"; args=(); alias=default
DEBUG 2024-02-28 22:11:01,226 utils (0.001) INSERT INTO "pong_gamedata" ("player1_name", "player1_points", "player2_name", "player2_points", "game_end_timestamp", "game_duration_secs", "is_tournament_game") VALUES ('Player 6', 2, 'Player 1', 11, '2024-01-24T09:40:14.194544+01:00'::timestamptz, 782, false) RETURNING "pong_gamedata"."id"; args=('Player 6', 2, 'Player 1', 11, datetime.datetime(2024, 1, 24, 9, 40, 14, 194544, tzinfo=<DstTzInfo 'Europe/Paris' CET+1:00:00 STD>), 782, False); alias=default
DEBUG 2024-02-28 22:11:01,228 utils (0.001) INSERT INTO "pong_gamedata" ("player1_name", "player1_points", "player2_name", "player2_points", "game_end_timestamp", "game_duration_secs", "is_tournament_game") VALUES ('Player 15', 11, 'Player 11', 6, '2023-11-09T08:30:44.194544+01:00'::timestamptz, 451, false) RETURNING "pong_gamedata"."id"; args=('Player 15', 11, 'Player 11', 6, datetime.datetime(2023, 11, 9, 8, 30, 44, 194544, tzinfo=<DstTzInfo 'Europe/Paris' CET+1:00:00 STD>), 451, False); alias=default
DEBUG 2024-02-28 22:11:01,229 utils (0.001) INSERT INTO "pong_gamedata" ("player1_name", "player1_points", "player2_name", "player2_points", "game_end_timestamp", "game_duration_secs", "is_tournament_game") VALUES ('Player 16', 1, 'Player 9', 11, '2023-12-15T08:26:49.194544+01:00'::timestamptz, 445, false) RETURNING "pong_gamedata"."id"; args=('Player 16', 1, 'Player 9', 11, datetime.datetime(2023, 12, 15, 8, 26, 49, 194544, tzinfo=<DstTzInfo 'Europe/Paris' CET+1:00:00 STD>), 445, False); alias=default
DEBUG 2024-02-28 22:11:01,230 utils (0.001) INSERT INTO "pong_gamedata" ("player1_name", "player1_points", "player2_name", "player2_points", "game_end_timestamp", "game_duration_secs", "is_tournament_game") VALUES ('Player 3', 11, 'Player 10', 9, '2023-12-15T16:25:31.194544+01:00'::timestamptz, 979, false) RETURNING "pong_gamedata"."id"; args=('Player 3', 11, 'Player 10', 9, datetime.datetime(2023, 12, 15, 16, 25, 31, 194544, tzinfo=<DstTzInfo 'Europe/Paris' CET+1:00:00 STD>), 979, False); alias=default
DEBUG 2024-02-28 22:11:01,232 utils (0.001) INSERT INTO "pong_gamedata" ("player1_name", "player1_points", "player2_name", "player2_points", "game_end_timestamp", "game_duration_secs", "is_tournament_game") VALUES ('Player 14', 9, 'Player 5', 11, '2024-01-22T14:00:21.194544+01:00'::timestamptz, 565, false) RETURNING "pong_gamedata"."id"; args=('Player 14', 9, 'Player 5', 11, datetime.datetime(2024, 1, 22, 14, 0, 21, 194544, tzinfo=<DstTzInfo 'Europe/Paris' CET+1:00:00 STD>), 565, False); alias=default
DEBUG 2024-02-28 22:11:01,233 utils (0.001) INSERT INTO "pong_gamedata" ("player1_name", "player1_points", "player2_name", "player2_points", "game_end_timestamp", "game_duration_secs", "is_tournament_game") VALUES ('Player 1', 11, 'Player 9', 2, '2024-01-13T20:20:42.194544+01:00'::timestamptz, 346, false) RETURNING "pong_gamedata"."id"; args=('Player 1', 11, 'Player 9', 2, datetime.datetime(2024, 1, 13, 20, 20, 42, 194544, tzinfo=<DstTzInfo 'Europe/Paris' CET+1:00:00 STD>), 346, False); alias=default
DEBUG 2024-02-28 22:11:01,234 utils (0.001) INSERT INTO "pong_gamedata" ("player1_name", "player1_points", "player2_name", "player2_points", "game_end_timestamp", "game_duration_secs", "is_tournament_game") VALUES ('Player 0', 11, 'Player 18', 1, '2023-12-30T02:25:15.194544+01:00'::timestamptz, 492, false) RETURNING "pong_gamedata"."id"; args=('Player 0', 11, 'Player 18', 1, datetime.datetime(2023, 12, 30, 2, 25, 15, 194544, tzinfo=<DstTzInfo 'Europe/Paris' CET+1:00:00 STD>), 492, False); alias=default
DEBUG 2024-02-28 22:11:01,236 utils (0.001) INSERT INTO "pong_gamedata" ("player1_name", "player1_points", "player2_name", "player2_points", "game_end_timestamp", "game_duration_secs", "is_tournament_game") VALUES ('Player 13', 4, 'Player 17', 11, '2023-12-05T19:38:24.194544+01:00'::timestamptz, 770, false) RETURNING "pong_gamedata"."id"; args=('Player 13', 4, 'Player 17', 11, datetime.datetime(2023, 12, 5, 19, 38, 24, 194544, tzinfo=<DstTzInfo 'Europe/Paris' CET+1:00:00 STD>), 770, False); alias=default
DEBUG 2024-02-28 22:11:01,237 utils (0.000) SELECT COUNT(*) AS "__count" FROM "pong_tournamentdata"; args=(); alias=default
DEBUG 2024-02-28 22:11:01,239 utils (0.001) INSERT INTO "pong_gamedata" ("player1_name", "player1_points", "player2_name", "player2_points", "game_end_timestamp", "game_duration_secs", "is_tournament_game") VALUES ('Player 13', 11, 'Player 2', 3, '2024-02-18T03:00:15.194544+01:00'::timestamptz, 104, true) RETURNING "pong_gamedata"."id"; args=('Player 13', 11, 'Player 2', 3, datetime.datetime(2024, 2, 18, 3, 0, 15, 194544, tzinfo=<DstTzInfo 'Europe/Paris' CET+1:00:00 STD>), 104, True); alias=default
DEBUG 2024-02-28 22:11:01,241 utils (0.001) INSERT INTO "pong_gamedata" ("player1_name", "player1_points", "player2_name", "player2_points", "game_end_timestamp", "game_duration_secs", "is_tournament_game") VALUES ('Player 0', 11, 'Player 9', 0, '2024-02-18T02:55:43.194544+01:00'::timestamptz, 291, true) RETURNING "pong_gamedata"."id"; args=('Player 0', 11, 'Player 9', 0, datetime.datetime(2024, 2, 18, 2, 55, 43, 194544, tzinfo=<DstTzInfo 'Europe/Paris' CET+1:00:00 STD>), 291, True); alias=default
DEBUG 2024-02-28 22:11:01,242 utils (0.001) INSERT INTO "pong_gamedata" ("player1_name", "player1_points", "player2_name", "player2_points", "game_end_timestamp", "game_duration_secs", "is_tournament_game") VALUES ('Player 13', 11, 'Player 0', 5, '2024-02-18T03:06:37.194544+01:00'::timestamptz, 457, true) RETURNING "pong_gamedata"."id"; args=('Player 13', 11, 'Player 0', 5, datetime.datetime(2024, 2, 18, 3, 6, 37, 194544, tzinfo=<DstTzInfo 'Europe/Paris' CET+1:00:00 STD>), 457, True); alias=default
DEBUG 2024-02-28 22:11:01,243 utils (0.001) INSERT INTO "pong_tournamentdata" ("tour_id", "match_id_semi_1", "match_id_semi_2", "match_id_final", "tournament_end_timestamp", "tournament_duration_secs", "player_ranking", "blockchain_hash") VALUES (0, 9, 10, 11, '2024-02-18T03:06:37.194544+01:00'::timestamptz, 945, '["Player 13", "Player 0", "Player 2", "Player 9"]', '0x0') RETURNING "pong_tournamentdata"."id"; args=(0, 9, 10, 11, datetime.datetime(2024, 2, 18, 3, 6, 37, 194544, tzinfo=<DstTzInfo 'Europe/Paris' CET+1:00:00 STD>), 945, <psycopg2._json.Json object at 0x7fdc854fc980>, '0x0'); alias=default
DEBUG 2024-02-28 22:11:01,245 utils (0.001) INSERT INTO "pong_gamedata" ("player1_name", "player1_points", "player2_name", "player2_points", "game_end_timestamp", "game_duration_secs", "is_tournament_game") VALUES ('Player 3', 9, 'Player 7', 11, '2024-02-14T05:23:39.194544+01:00'::timestamptz, 333, true) RETURNING "pong_gamedata"."id"; args=('Player 3', 9, 'Player 7', 11, datetime.datetime(2024, 2, 14, 5, 23, 39, 194544, tzinfo=<DstTzInfo 'Europe/Paris' CET+1:00:00 STD>), 333, True); alias=default
DEBUG 2024-02-28 22:11:01,246 utils (0.001) INSERT INTO "pong_gamedata" ("player1_name", "player1_points", "player2_name", "player2_points", "game_end_timestamp", "game_duration_secs", "is_tournament_game") VALUES ('Player 11', 0, 'Player 1', 11, '2024-02-14T05:24:36.194544+01:00'::timestamptz, 602, true) RETURNING "pong_gamedata"."id"; args=('Player 11', 0, 'Player 1', 11, datetime.datetime(2024, 2, 14, 5, 24, 36, 194544, tzinfo=<DstTzInfo 'Europe/Paris' CET+1:00:00 STD>), 602, True); alias=default
DEBUG 2024-02-28 22:11:01,247 utils (0.001) INSERT INTO "pong_gamedata" ("player1_name", "player1_points", "player2_name", "player2_points", "game_end_timestamp", "game_duration_secs", "is_tournament_game") VALUES ('Player 7', 10, 'Player 1', 11, '2024-02-14T05:28:27.194544+01:00'::timestamptz, 904, true) RETURNING "pong_gamedata"."id"; args=('Player 7', 10, 'Player 1', 11, datetime.datetime(2024, 2, 14, 5, 28, 27, 194544, tzinfo=<DstTzInfo 'Europe/Paris' CET+1:00:00 STD>), 904, True); alias=default
DEBUG 2024-02-28 22:11:01,248 utils (0.001) INSERT INTO "pong_tournamentdata" ("tour_id", "match_id_semi_1", "match_id_semi_2", "match_id_final", "tournament_end_timestamp", "tournament_duration_secs", "player_ranking", "blockchain_hash") VALUES (0, 12, 13, 14, '2024-02-14T05:28:27.194544+01:00'::timestamptz, 833, '["Player 1", "Player 7", "Player 3", "Player 11"]', '0x0') RETURNING "pong_tournamentdata"."id"; args=(0, 12, 13, 14, datetime.datetime(2024, 2, 14, 5, 28, 27, 194544, tzinfo=<DstTzInfo 'Europe/Paris' CET+1:00:00 STD>), 833, <psycopg2._json.Json object at 0x7fdc854ff440>, '0x0'); alias=default
DEBUG 2024-02-28 22:11:01,249 utils (0.000) SELECT COUNT(*) AS "__count" FROM "pong_gamedata"; args=(); alias=default
DEBUG 2024-02-28 22:11:01,250 utils (0.000) SELECT COUNT(*) AS "__count" FROM "pong_tournamentdata"; args=(); alias=default
DEBUG 2024-02-28 22:11:01,251 utils (0.000) SELECT "django_content_type"."id", "django_content_type"."app_label", "django_content_type"."model" FROM "django_content_type" WHERE "django_content_type"."app_label" = 'auth'; args=('auth',); alias=default
DEBUG 2024-02-28 22:11:01,251 utils (0.000) BEGIN; args=None; alias=default
DEBUG 2024-02-28 22:11:01,252 utils (0.000) INSERT INTO "django_content_type" ("app_label", "model") VALUES ('auth', 'permission'), ('auth', 'group'), ('auth', 'user') RETURNING "django_content_type"."id"; args=('auth', 'permission', 'auth', 'group', 'auth', 'user'); alias=default
DEBUG 2024-02-28 22:11:01,253 utils (0.001) COMMIT; args=None; alias=default
DEBUG 2024-02-28 22:11:01,254 utils (0.000) SELECT "django_content_type"."id", "django_content_type"."app_label", "django_content_type"."model" FROM "django_content_type" WHERE ("django_content_type"."app_label" = 'auth' AND "django_content_type"."model" = 'permission') LIMIT 21; args=('auth', 'permission'); alias=default
DEBUG 2024-02-28 22:11:01,256 utils (0.001) SELECT "django_content_type"."id", "django_content_type"."app_label", "django_content_type"."model" FROM "django_content_type" WHERE ("django_content_type"."app_label" = 'auth' AND "django_content_type"."model" = 'group') LIMIT 21; args=('auth', 'group'); alias=default
DEBUG 2024-02-28 22:11:01,258 utils (0.000) SELECT "django_content_type"."id", "django_content_type"."app_label", "django_content_type"."model" FROM "django_content_type" WHERE ("django_content_type"."app_label" = 'auth' AND "django_content_type"."model" = 'user') LIMIT 21; args=('auth', 'user'); alias=default
DEBUG 2024-02-28 22:11:01,260 utils (0.000) SELECT "auth_permission"."content_type_id", "auth_permission"."codename" FROM "auth_permission" INNER JOIN "django_content_type" ON ("auth_permission"."content_type_id" = "django_content_type"."id") WHERE "auth_permission"."content_type_id" IN (2, 3, 4) ORDER BY "django_content_type"."app_label" ASC, "django_content_type"."model" ASC, "auth_permission"."codename" ASC; args=(2, 3, 4); alias=default
DEBUG 2024-02-28 22:11:01,260 utils (0.000) BEGIN; args=None; alias=default
DEBUG 2024-02-28 22:11:01,261 utils (0.001) INSERT INTO "auth_permission" ("name", "content_type_id", "codename") VALUES ('Can add permission', 2, 'add_permission'), ('Can change permission', 2, 'change_permission'), ('Can delete permission', 2, 'delete_permission'), ('Can view permission', 2, 'view_permission'), ('Can add group', 3, 'add_group'), ('Can change group', 3, 'change_group'), ('Can delete group', 3, 'delete_group'), ('Can view group', 3, 'view_group'), ('Can add user', 4, 'add_user'), ('Can change user', 4, 'change_user'), ('Can delete user', 4, 'delete_user'), ('Can view user', 4, 'view_user') RETURNING "auth_permission"."id"; args=('Can add permission', 2, 'add_permission', 'Can change permission', 2, 'change_permission', 'Can delete permission', 2, 'delete_permission', 'Can view permission', 2, 'view_permission', 'Can add group', 3, 'add_group', 'Can change group', 3, 'change_group', 'Can delete group', 3, 'delete_group', 'Can view group', 3, 'view_group', 'Can add user', 4, 'add_user', 'Can change user', 4, 'change_user', 'Can delete user', 4, 'delete_user', 'Can view user', 4, 'view_user'); alias=default
DEBUG 2024-02-28 22:11:01,262 utils (0.001) COMMIT; args=None; alias=default
DEBUG 2024-02-28 22:11:01,263 utils (0.000) SELECT "django_content_type"."id", "django_content_type"."app_label", "django_content_type"."model" FROM "django_content_type" WHERE "django_content_type"."app_label" = 'auth'; args=('auth',); alias=default
DEBUG 2024-02-28 22:11:01,264 utils (0.000) SELECT COUNT(*) AS "__count" FROM "pong_gamedata"; args=(); alias=default
DEBUG 2024-02-28 22:11:01,265 utils (0.000) SELECT COUNT(*) AS "__count" FROM "pong_tournamentdata"; args=(); alias=default
DEBUG 2024-02-28 22:11:01,266 utils (0.000) SELECT COUNT(*) AS "__count" FROM "pong_gamedata"; args=(); alias=default
DEBUG 2024-02-28 22:11:01,267 utils (0.000) SELECT COUNT(*) AS "__count" FROM "pong_tournamentdata"; args=(); alias=default
DEBUG 2024-02-28 22:11:01,267 utils (0.000) SELECT COUNT(*) AS "__count" FROM "pong_gamedata"; args=(); alias=default
DEBUG 2024-02-28 22:11:01,268 utils (0.000) SELECT COUNT(*) AS "__count" FROM "pong_tournamentdata"; args=(); alias=default
DEBUG 2024-02-28 22:11:01,269 utils (0.000) SELECT "django_content_type"."id", "django_content_type"."app_label", "django_content_type"."model" FROM "django_content_type" WHERE "django_content_type"."app_label" = 'contenttypes'; args=('contenttypes',); alias=default
DEBUG 2024-02-28 22:11:01,269 utils (0.000) BEGIN; args=None; alias=default
DEBUG 2024-02-28 22:11:01,270 utils (0.000) INSERT INTO "django_content_type" ("app_label", "model") VALUES ('contenttypes', 'contenttype') RETURNING "django_content_type"."id"; args=('contenttypes', 'contenttype'); alias=default
DEBUG 2024-02-28 22:11:01,271 utils (0.001) COMMIT; args=None; alias=default
DEBUG 2024-02-28 22:11:01,272 utils (0.000) SELECT "django_content_type"."id", "django_content_type"."app_label", "django_content_type"."model" FROM "django_content_type" WHERE ("django_content_type"."app_label" = 'contenttypes' AND "django_content_type"."model" = 'contenttype') LIMIT 21; args=('contenttypes', 'contenttype'); alias=default
DEBUG 2024-02-28 22:11:01,275 utils (0.000) SELECT "auth_permission"."content_type_id", "auth_permission"."codename" FROM "auth_permission" INNER JOIN "django_content_type" ON ("auth_permission"."content_type_id" = "django_content_type"."id") WHERE "auth_permission"."content_type_id" IN (5) ORDER BY "django_content_type"."app_label" ASC, "django_content_type"."model" ASC, "auth_permission"."codename" ASC; args=(5,); alias=default
DEBUG 2024-02-28 22:11:01,275 utils (0.000) BEGIN; args=None; alias=default
DEBUG 2024-02-28 22:11:01,276 utils (0.000) INSERT INTO "auth_permission" ("name", "content_type_id", "codename") VALUES ('Can add content type', 5, 'add_contenttype'), ('Can change content type', 5, 'change_contenttype'), ('Can delete content type', 5, 'delete_contenttype'), ('Can view content type', 5, 'view_contenttype') RETURNING "auth_permission"."id"; args=('Can add content type', 5, 'add_contenttype', 'Can change content type', 5, 'change_contenttype', 'Can delete content type', 5, 'delete_contenttype', 'Can view content type', 5, 'view_contenttype'); alias=default
DEBUG 2024-02-28 22:11:01,277 utils (0.001) COMMIT; args=None; alias=default
DEBUG 2024-02-28 22:11:01,277 utils (0.000) SELECT "django_content_type"."id", "django_content_type"."app_label", "django_content_type"."model" FROM "django_content_type" WHERE "django_content_type"."app_label" = 'contenttypes'; args=('contenttypes',); alias=default
DEBUG 2024-02-28 22:11:01,278 utils (0.000) SELECT COUNT(*) AS "__count" FROM "pong_gamedata"; args=(); alias=default
DEBUG 2024-02-28 22:11:01,279 utils (0.000) SELECT COUNT(*) AS "__count" FROM "pong_tournamentdata"; args=(); alias=default
DEBUG 2024-02-28 22:11:01,280 utils (0.000) SELECT COUNT(*) AS "__count" FROM "pong_gamedata"; args=(); alias=default
DEBUG 2024-02-28 22:11:01,281 utils (0.000) SELECT COUNT(*) AS "__count" FROM "pong_tournamentdata"; args=(); alias=default
DEBUG 2024-02-28 22:11:01,282 utils (0.000) SELECT COUNT(*) AS "__count" FROM "pong_gamedata"; args=(); alias=default
DEBUG 2024-02-28 22:11:01,283 utils (0.000) SELECT COUNT(*) AS "__count" FROM "pong_tournamentdata"; args=(); alias=default
DEBUG 2024-02-28 22:11:01,283 utils (0.000) SELECT "django_content_type"."id", "django_content_type"."app_label", "django_content_type"."model" FROM "django_content_type" WHERE "django_content_type"."app_label" = 'sessions'; args=('sessions',); alias=default
DEBUG 2024-02-28 22:11:01,284 utils (0.000) BEGIN; args=None; alias=default
DEBUG 2024-02-28 22:11:01,284 utils (0.000) INSERT INTO "django_content_type" ("app_label", "model") VALUES ('sessions', 'session') RETURNING "django_content_type"."id"; args=('sessions', 'session'); alias=default
DEBUG 2024-02-28 22:11:01,285 utils (0.001) COMMIT; args=None; alias=default
DEBUG 2024-02-28 22:11:01,286 utils (0.000) SELECT "django_content_type"."id", "django_content_type"."app_label", "django_content_type"."model" FROM "django_content_type" WHERE ("django_content_type"."app_label" = 'sessions' AND "django_content_type"."model" = 'session') LIMIT 21; args=('sessions', 'session'); alias=default
DEBUG 2024-02-28 22:11:01,288 utils (0.001) SELECT "auth_permission"."content_type_id", "auth_permission"."codename" FROM "auth_permission" INNER JOIN "django_content_type" ON ("auth_permission"."content_type_id" = "django_content_type"."id") WHERE "auth_permission"."content_type_id" IN (6) ORDER BY "django_content_type"."app_label" ASC, "django_content_type"."model" ASC, "auth_permission"."codename" ASC; args=(6,); alias=default
DEBUG 2024-02-28 22:11:01,289 utils (0.000) BEGIN; args=None; alias=default
DEBUG 2024-02-28 22:11:01,290 utils (0.001) INSERT INTO "auth_permission" ("name", "content_type_id", "codename") VALUES ('Can add session', 6, 'add_session'), ('Can change session', 6, 'change_session'), ('Can delete session', 6, 'delete_session'), ('Can view session', 6, 'view_session') RETURNING "auth_permission"."id"; args=('Can add session', 6, 'add_session', 'Can change session', 6, 'change_session', 'Can delete session', 6, 'delete_session', 'Can view session', 6, 'view_session'); alias=default
DEBUG 2024-02-28 22:11:01,291 utils (0.001) COMMIT; args=None; alias=default
DEBUG 2024-02-28 22:11:01,292 utils (0.000) SELECT "django_content_type"."id", "django_content_type"."app_label", "django_content_type"."model" FROM "django_content_type" WHERE "django_content_type"."app_label" = 'sessions'; args=('sessions',); alias=default
DEBUG 2024-02-28 22:11:01,293 utils (0.000) SELECT COUNT(*) AS "__count" FROM "pong_gamedata"; args=(); alias=default
DEBUG 2024-02-28 22:11:01,294 utils (0.000) SELECT COUNT(*) AS "__count" FROM "pong_tournamentdata"; args=(); alias=default
DEBUG 2024-02-28 22:11:01,294 utils (0.000) SELECT COUNT(*) AS "__count" FROM "pong_gamedata"; args=(); alias=default
DEBUG 2024-02-28 22:11:01,295 utils (0.000) SELECT COUNT(*) AS "__count" FROM "pong_tournamentdata"; args=(); alias=default
DEBUG 2024-02-28 22:11:01,296 utils (0.000) SELECT COUNT(*) AS "__count" FROM "pong_gamedata"; args=(); alias=default
DEBUG 2024-02-28 22:11:01,297 utils (0.000) SELECT COUNT(*) AS "__count" FROM "pong_tournamentdata"; args=(); alias=default
DEBUG 2024-02-28 22:11:01,298 utils (0.000) SELECT "django_content_type"."id", "django_content_type"."app_label", "django_content_type"."model" FROM "django_content_type" WHERE "django_content_type"."app_label" = 'pong'; args=('pong',); alias=default
DEBUG 2024-02-28 22:11:01,298 utils (0.000) BEGIN; args=None; alias=default
DEBUG 2024-02-28 22:11:01,299 utils (0.000) INSERT INTO "django_content_type" ("app_label", "model") VALUES ('pong', 'gamedata'), ('pong', 'tournamentdata') RETURNING "django_content_type"."id"; args=('pong', 'gamedata', 'pong', 'tournamentdata'); alias=default
DEBUG 2024-02-28 22:11:01,299 utils (0.001) COMMIT; args=None; alias=default
DEBUG 2024-02-28 22:11:01,300 utils (0.000) SELECT "django_content_type"."id", "django_content_type"."app_label", "django_content_type"."model" FROM "django_content_type" WHERE ("django_content_type"."app_label" = 'pong' AND "django_content_type"."model" = 'gamedata') LIMIT 21; args=('pong', 'gamedata'); alias=default
DEBUG 2024-02-28 22:11:01,301 utils (0.000) SELECT "django_content_type"."id", "django_content_type"."app_label", "django_content_type"."model" FROM "django_content_type" WHERE ("django_content_type"."app_label" = 'pong' AND "django_content_type"."model" = 'tournamentdata') LIMIT 21; args=('pong', 'tournamentdata'); alias=default
DEBUG 2024-02-28 22:11:01,303 utils (0.000) SELECT "auth_permission"."content_type_id", "auth_permission"."codename" FROM "auth_permission" INNER JOIN "django_content_type" ON ("auth_permission"."content_type_id" = "django_content_type"."id") WHERE "auth_permission"."content_type_id" IN (8, 7) ORDER BY "django_content_type"."app_label" ASC, "django_content_type"."model" ASC, "auth_permission"."codename" ASC; args=(8, 7); alias=default
DEBUG 2024-02-28 22:11:01,303 utils (0.000) BEGIN; args=None; alias=default
DEBUG 2024-02-28 22:11:01,304 utils (0.000) INSERT INTO "auth_permission" ("name", "content_type_id", "codename") VALUES ('Can add game data', 7, 'add_gamedata'), ('Can change game data', 7, 'change_gamedata'), ('Can delete game data', 7, 'delete_gamedata'), ('Can view game data', 7, 'view_gamedata'), ('Can add tournament data', 8, 'add_tournamentdata'), ('Can change tournament data', 8, 'change_tournamentdata'), ('Can delete tournament data', 8, 'delete_tournamentdata'), ('Can view tournament data', 8, 'view_tournamentdata') RETURNING "auth_permission"."id"; args=('Can add game data', 7, 'add_gamedata', 'Can change game data', 7, 'change_gamedata', 'Can delete game data', 7, 'delete_gamedata', 'Can view game data', 7, 'view_gamedata', 'Can add tournament data', 8, 'add_tournamentdata', 'Can change tournament data', 8, 'change_tournamentdata', 'Can delete tournament data', 8, 'delete_tournamentdata', 'Can view tournament data', 8, 'view_tournamentdata'); alias=default
DEBUG 2024-02-28 22:11:01,306 utils (0.001) COMMIT; args=None; alias=default
DEBUG 2024-02-28 22:11:01,307 utils (0.000) SELECT "django_content_type"."id", "django_content_type"."app_label", "django_content_type"."model" FROM "django_content_type" WHERE "django_content_type"."app_label" = 'pong'; args=('pong',); alias=default
DEBUG 2024-02-28 22:11:01,308 utils (0.000) SELECT COUNT(*) AS "__count" FROM "pong_gamedata"; args=(); alias=default
DEBUG 2024-02-28 22:11:01,309 utils (0.000) SELECT COUNT(*) AS "__count" FROM "pong_tournamentdata"; args=(); alias=default
DEBUG 2024-02-28 22:11:01,310 utils (0.000) SELECT COUNT(*) AS "__count" FROM "pong_gamedata"; args=(); alias=default
DEBUG 2024-02-28 22:11:01,311 utils (0.000) SELECT COUNT(*) AS "__count" FROM "pong_tournamentdata"; args=(); alias=default
DEBUG 2024-02-28 22:11:01,312 utils (0.000) SELECT COUNT(*) AS "__count" FROM "pong_gamedata"; args=(); alias=default
DEBUG 2024-02-28 22:11:01,312 utils (0.000) SELECT COUNT(*) AS "__count" FROM "pong_tournamentdata"; args=(); alias=default
