DEBUG 2024-02-27 23:45:11,717 utils (0.005) 
            SELECT
                c.relname,
                CASE
                    WHEN c.relispartition THEN 'p'
                    WHEN c.relkind IN ('m', 'v') THEN 'v'
                    ELSE 't'
                END,
                obj_description(c.oid, 'pg_class')
            FROM pg_catalog.pg_class c
            LEFT JOIN pg_catalog.pg_namespace n ON n.oid = c.relnamespace
            WHERE c.relkind IN ('f', 'm', 'p', 'r', 'v')
                AND n.nspname NOT IN ('pg_catalog', 'pg_toast')
                AND pg_catalog.pg_table_is_visible(c.oid)
        ; args=None; alias=default
DEBUG 2024-02-27 23:45:11,721 utils (0.000) SELECT "django_migrations"."id", "django_migrations"."app", "django_migrations"."name", "django_migrations"."applied" FROM "django_migrations"; args=(); alias=default
DEBUG 2024-02-27 23:45:11,722 utils (0.001) 
            SELECT
                c.relname,
                CASE
                    WHEN c.relispartition THEN 'p'
                    WHEN c.relkind IN ('m', 'v') THEN 'v'
                    ELSE 't'
                END,
                obj_description(c.oid, 'pg_class')
            FROM pg_catalog.pg_class c
            LEFT JOIN pg_catalog.pg_namespace n ON n.oid = c.relnamespace
            WHERE c.relkind IN ('f', 'm', 'p', 'r', 'v')
                AND n.nspname NOT IN ('pg_catalog', 'pg_toast')
                AND pg_catalog.pg_table_is_visible(c.oid)
        ; args=None; alias=default
DEBUG 2024-02-27 23:45:11,723 utils (0.000) SELECT "django_migrations"."id", "django_migrations"."app", "django_migrations"."name", "django_migrations"."applied" FROM "django_migrations"; args=(); alias=default
DEBUG 2024-02-27 23:45:11,741 utils (0.001) 
            SELECT
                c.relname,
                CASE
                    WHEN c.relispartition THEN 'p'
                    WHEN c.relkind IN ('m', 'v') THEN 'v'
                    ELSE 't'
                END,
                obj_description(c.oid, 'pg_class')
            FROM pg_catalog.pg_class c
            LEFT JOIN pg_catalog.pg_namespace n ON n.oid = c.relnamespace
            WHERE c.relkind IN ('f', 'm', 'p', 'r', 'v')
                AND n.nspname NOT IN ('pg_catalog', 'pg_toast')
                AND pg_catalog.pg_table_is_visible(c.oid)
        ; args=None; alias=default
DEBUG 2024-02-27 23:45:11,742 utils (0.001) 
            SELECT
                c.relname,
                CASE
                    WHEN c.relispartition THEN 'p'
                    WHEN c.relkind IN ('m', 'v') THEN 'v'
                    ELSE 't'
                END,
                obj_description(c.oid, 'pg_class')
            FROM pg_catalog.pg_class c
            LEFT JOIN pg_catalog.pg_namespace n ON n.oid = c.relnamespace
            WHERE c.relkind IN ('f', 'm', 'p', 'r', 'v')
                AND n.nspname NOT IN ('pg_catalog', 'pg_toast')
                AND pg_catalog.pg_table_is_visible(c.oid)
        ; args=None; alias=default
DEBUG 2024-02-27 23:45:11,742 utils (0.000) SELECT "django_migrations"."id", "django_migrations"."app", "django_migrations"."name", "django_migrations"."applied" FROM "django_migrations"; args=(); alias=default
DEBUG 2024-02-27 23:45:11,744 utils (0.001) SELECT "django_content_type"."id", "django_content_type"."app_label", "django_content_type"."model" FROM "django_content_type" WHERE "django_content_type"."app_label" = 'admin'; args=('admin',); alias=default
DEBUG 2024-02-27 23:45:11,746 utils (0.001) SELECT "django_content_type"."id", "django_content_type"."app_label", "django_content_type"."model" FROM "django_content_type" WHERE ("django_content_type"."app_label" = 'admin' AND "django_content_type"."model" = 'logentry') LIMIT 21; args=('admin', 'logentry'); alias=default
DEBUG 2024-02-27 23:45:11,751 utils (0.001) SELECT "auth_permission"."content_type_id", "auth_permission"."codename" FROM "auth_permission" INNER JOIN "django_content_type" ON ("auth_permission"."content_type_id" = "django_content_type"."id") WHERE "auth_permission"."content_type_id" IN (1) ORDER BY "django_content_type"."app_label" ASC, "django_content_type"."model" ASC, "auth_permission"."codename" ASC; args=(1,); alias=default
DEBUG 2024-02-27 23:45:11,752 utils (0.000) SELECT "django_content_type"."id", "django_content_type"."app_label", "django_content_type"."model" FROM "django_content_type" WHERE "django_content_type"."app_label" = 'admin'; args=('admin',); alias=default
DEBUG 2024-02-27 23:45:11,753 utils (0.001) SELECT COUNT(*) AS "__count" FROM "pong_gamedata"; args=(); alias=default
DEBUG 2024-02-27 23:45:11,755 utils (0.000) SELECT COUNT(*) AS "__count" FROM "pong_tournamentdata"; args=(); alias=default
DEBUG 2024-02-27 23:45:11,756 utils (0.000) SELECT COUNT(*) AS "__count" FROM "pong_gamedata"; args=(); alias=default
DEBUG 2024-02-27 23:45:11,757 utils (0.000) SELECT COUNT(*) AS "__count" FROM "pong_tournamentdata"; args=(); alias=default
DEBUG 2024-02-27 23:45:11,797 utils (0.010) INSERT INTO "pong_gamedata" ("player1_name", "player1_points", "player2_name", "player2_points", "game_end_timestamp", "game_duration_secs", "is_tournament_game") VALUES ('Player 12', 10, 'Player 9', 11, '2024-01-14T09:11:03.755318+01:00'::timestamptz, 873, true) RETURNING "pong_gamedata"."id"; args=('Player 12', 10, 'Player 9', 11, datetime.datetime(2024, 1, 14, 9, 11, 3, 755318, tzinfo=<DstTzInfo 'Europe/Paris' CET+1:00:00 STD>), 873, True); alias=default
DEBUG 2024-02-27 23:45:11,799 utils (0.001) INSERT INTO "pong_gamedata" ("player1_name", "player1_points", "player2_name", "player2_points", "game_end_timestamp", "game_duration_secs", "is_tournament_game") VALUES ('Player 5', 0, 'Player 2', 11, '2024-01-14T09:08:40.755318+01:00'::timestamptz, 552, true) RETURNING "pong_gamedata"."id"; args=('Player 5', 0, 'Player 2', 11, datetime.datetime(2024, 1, 14, 9, 8, 40, 755318, tzinfo=<DstTzInfo 'Europe/Paris' CET+1:00:00 STD>), 552, True); alias=default
DEBUG 2024-02-27 23:45:11,801 utils (0.001) INSERT INTO "pong_gamedata" ("player1_name", "player1_points", "player2_name", "player2_points", "game_end_timestamp", "game_duration_secs", "is_tournament_game") VALUES ('Player 9', 11, 'Player 2', 0, '2024-01-14T09:13:01.755318+01:00'::timestamptz, 258, true) RETURNING "pong_gamedata"."id"; args=('Player 9', 11, 'Player 2', 0, datetime.datetime(2024, 1, 14, 9, 13, 1, 755318, tzinfo=<DstTzInfo 'Europe/Paris' CET+1:00:00 STD>), 258, True); alias=default
DEBUG 2024-02-27 23:45:11,802 utils (0.000) INSERT INTO "pong_tournamentdata" ("tour_id", "match_id_semi_1", "match_id_semi_2", "match_id_final", "tournament_end_timestamp", "tournament_duration_secs", "player_ranking", "blockchain_hash") VALUES (0, 2497, 2498, 2499, '2024-01-14T09:13:01.755318+01:00'::timestamptz, 991, '["Player 9", "Player 2", "Player 12", "Player 5"]', '0x0') RETURNING "pong_tournamentdata"."id"; args=(0, 2497, 2498, 2499, datetime.datetime(2024, 1, 14, 9, 13, 1, 755318, tzinfo=<DstTzInfo 'Europe/Paris' CET+1:00:00 STD>), 991, <psycopg2._json.Json object at 0x7f10e87b6e10>, '0x0'); alias=default
DEBUG 2024-02-27 23:45:11,803 utils (0.001) INSERT INTO "pong_gamedata" ("player1_name", "player1_points", "player2_name", "player2_points", "game_end_timestamp", "game_duration_secs", "is_tournament_game") VALUES ('Player 3', 3, 'Player 12', 11, '2023-12-29T05:37:05.755318+01:00'::timestamptz, 998, true) RETURNING "pong_gamedata"."id"; args=('Player 3', 3, 'Player 12', 11, datetime.datetime(2023, 12, 29, 5, 37, 5, 755318, tzinfo=<DstTzInfo 'Europe/Paris' CET+1:00:00 STD>), 998, True); alias=default
DEBUG 2024-02-27 23:45:11,805 utils (0.001) INSERT INTO "pong_gamedata" ("player1_name", "player1_points", "player2_name", "player2_points", "game_end_timestamp", "game_duration_secs", "is_tournament_game") VALUES ('Player 4', 3, 'Player 9', 11, '2023-12-29T05:37:07.755318+01:00'::timestamptz, 344, true) RETURNING "pong_gamedata"."id"; args=('Player 4', 3, 'Player 9', 11, datetime.datetime(2023, 12, 29, 5, 37, 7, 755318, tzinfo=<DstTzInfo 'Europe/Paris' CET+1:00:00 STD>), 344, True); alias=default
DEBUG 2024-02-27 23:45:11,806 utils (0.001) INSERT INTO "pong_gamedata" ("player1_name", "player1_points", "player2_name", "player2_points", "game_end_timestamp", "game_duration_secs", "is_tournament_game") VALUES ('Player 12', 2, 'Player 9', 11, '2023-12-29T05:37:07.755318+01:00'::timestamptz, 628, true) RETURNING "pong_gamedata"."id"; args=('Player 12', 2, 'Player 9', 11, datetime.datetime(2023, 12, 29, 5, 37, 7, 755318, tzinfo=<DstTzInfo 'Europe/Paris' CET+1:00:00 STD>), 628, True); alias=default
DEBUG 2024-02-27 23:45:11,807 utils (0.000) INSERT INTO "pong_tournamentdata" ("tour_id", "match_id_semi_1", "match_id_semi_2", "match_id_final", "tournament_end_timestamp", "tournament_duration_secs", "player_ranking", "blockchain_hash") VALUES (0, 2500, 2501, 2502, '2023-12-29T05:37:07.755318+01:00'::timestamptz, 1000, '["Player 9", "Player 12", "Player 3", "Player 4"]', '0x0') RETURNING "pong_tournamentdata"."id"; args=(0, 2500, 2501, 2502, datetime.datetime(2023, 12, 29, 5, 37, 7, 755318, tzinfo=<DstTzInfo 'Europe/Paris' CET+1:00:00 STD>), 1000, <psycopg2._json.Json object at 0x7f10e87b7320>, '0x0'); alias=default
DEBUG 2024-02-27 23:45:11,808 utils (0.000) SELECT COUNT(*) AS "__count" FROM "pong_gamedata"; args=(); alias=default
DEBUG 2024-02-27 23:45:11,809 utils (0.000) SELECT COUNT(*) AS "__count" FROM "pong_tournamentdata"; args=(); alias=default
DEBUG 2024-02-27 23:45:11,809 utils (0.000) SELECT "django_content_type"."id", "django_content_type"."app_label", "django_content_type"."model" FROM "django_content_type" WHERE "django_content_type"."app_label" = 'auth'; args=('auth',); alias=default
DEBUG 2024-02-27 23:45:11,810 utils (0.000) SELECT "django_content_type"."id", "django_content_type"."app_label", "django_content_type"."model" FROM "django_content_type" WHERE ("django_content_type"."app_label" = 'auth' AND "django_content_type"."model" = 'permission') LIMIT 21; args=('auth', 'permission'); alias=default
DEBUG 2024-02-27 23:45:11,812 utils (0.000) SELECT "django_content_type"."id", "django_content_type"."app_label", "django_content_type"."model" FROM "django_content_type" WHERE ("django_content_type"."app_label" = 'auth' AND "django_content_type"."model" = 'group') LIMIT 21; args=('auth', 'group'); alias=default
DEBUG 2024-02-27 23:45:11,814 utils (0.000) SELECT "django_content_type"."id", "django_content_type"."app_label", "django_content_type"."model" FROM "django_content_type" WHERE ("django_content_type"."app_label" = 'auth' AND "django_content_type"."model" = 'user') LIMIT 21; args=('auth', 'user'); alias=default
DEBUG 2024-02-27 23:45:11,817 utils (0.001) SELECT "auth_permission"."content_type_id", "auth_permission"."codename" FROM "auth_permission" INNER JOIN "django_content_type" ON ("auth_permission"."content_type_id" = "django_content_type"."id") WHERE "auth_permission"."content_type_id" IN (2, 3, 4) ORDER BY "django_content_type"."app_label" ASC, "django_content_type"."model" ASC, "auth_permission"."codename" ASC; args=(2, 3, 4); alias=default
DEBUG 2024-02-27 23:45:11,818 utils (0.000) SELECT "django_content_type"."id", "django_content_type"."app_label", "django_content_type"."model" FROM "django_content_type" WHERE "django_content_type"."app_label" = 'auth'; args=('auth',); alias=default
DEBUG 2024-02-27 23:45:11,819 utils (0.000) SELECT COUNT(*) AS "__count" FROM "pong_gamedata"; args=(); alias=default
DEBUG 2024-02-27 23:45:11,820 utils (0.000) SELECT COUNT(*) AS "__count" FROM "pong_tournamentdata"; args=(); alias=default
DEBUG 2024-02-27 23:45:11,821 utils (0.000) SELECT COUNT(*) AS "__count" FROM "pong_gamedata"; args=(); alias=default
DEBUG 2024-02-27 23:45:11,822 utils (0.000) SELECT COUNT(*) AS "__count" FROM "pong_tournamentdata"; args=(); alias=default
DEBUG 2024-02-27 23:45:11,823 utils (0.001) INSERT INTO "pong_gamedata" ("player1_name", "player1_points", "player2_name", "player2_points", "game_end_timestamp", "game_duration_secs", "is_tournament_game") VALUES ('Player 7', 8, 'Player 6', 11, '2024-02-27T11:13:37.820537+01:00'::timestamptz, 647, true) RETURNING "pong_gamedata"."id"; args=('Player 7', 8, 'Player 6', 11, datetime.datetime(2024, 2, 27, 11, 13, 37, 820537, tzinfo=<DstTzInfo 'Europe/Paris' CET+1:00:00 STD>), 647, True); alias=default
DEBUG 2024-02-27 23:45:11,824 utils (0.001) INSERT INTO "pong_gamedata" ("player1_name", "player1_points", "player2_name", "player2_points", "game_end_timestamp", "game_duration_secs", "is_tournament_game") VALUES ('Player 2', 1, 'Player 4', 11, '2024-02-27T11:10:15.820537+01:00'::timestamptz, 85, true) RETURNING "pong_gamedata"."id"; args=('Player 2', 1, 'Player 4', 11, datetime.datetime(2024, 2, 27, 11, 10, 15, 820537, tzinfo=<DstTzInfo 'Europe/Paris' CET+1:00:00 STD>), 85, True); alias=default
DEBUG 2024-02-27 23:45:11,826 utils (0.001) INSERT INTO "pong_gamedata" ("player1_name", "player1_points", "player2_name", "player2_points", "game_end_timestamp", "game_duration_secs", "is_tournament_game") VALUES ('Player 6', 11, 'Player 4', 5, '2024-02-27T11:16:33.820537+01:00'::timestamptz, 558, true) RETURNING "pong_gamedata"."id"; args=('Player 6', 11, 'Player 4', 5, datetime.datetime(2024, 2, 27, 11, 16, 33, 820537, tzinfo=<DstTzInfo 'Europe/Paris' CET+1:00:00 STD>), 558, True); alias=default
DEBUG 2024-02-27 23:45:11,826 utils (0.000) INSERT INTO "pong_tournamentdata" ("tour_id", "match_id_semi_1", "match_id_semi_2", "match_id_final", "tournament_end_timestamp", "tournament_duration_secs", "player_ranking", "blockchain_hash") VALUES (0, 2503, 2504, 2505, '2024-02-27T11:16:33.820537+01:00'::timestamptz, 823, '["Player 6", "Player 4", "Player 7", "Player 2"]', '0x0') RETURNING "pong_tournamentdata"."id"; args=(0, 2503, 2504, 2505, datetime.datetime(2024, 2, 27, 11, 16, 33, 820537, tzinfo=<DstTzInfo 'Europe/Paris' CET+1:00:00 STD>), 823, <psycopg2._json.Json object at 0x7f10e85dc1d0>, '0x0'); alias=default
DEBUG 2024-02-27 23:45:11,828 utils (0.001) INSERT INTO "pong_gamedata" ("player1_name", "player1_points", "player2_name", "player2_points", "game_end_timestamp", "game_duration_secs", "is_tournament_game") VALUES ('Player 15', 11, 'Player 7', 2, '2023-12-13T19:22:21.820537+01:00'::timestamptz, 762, true) RETURNING "pong_gamedata"."id"; args=('Player 15', 11, 'Player 7', 2, datetime.datetime(2023, 12, 13, 19, 22, 21, 820537, tzinfo=<DstTzInfo 'Europe/Paris' CET+1:00:00 STD>), 762, True); alias=default
DEBUG 2024-02-27 23:45:11,829 utils (0.001) INSERT INTO "pong_gamedata" ("player1_name", "player1_points", "player2_name", "player2_points", "game_end_timestamp", "game_duration_secs", "is_tournament_game") VALUES ('Player 13', 8, 'Player 4', 11, '2023-12-13T19:22:56.820537+01:00'::timestamptz, 572, true) RETURNING "pong_gamedata"."id"; args=('Player 13', 8, 'Player 4', 11, datetime.datetime(2023, 12, 13, 19, 22, 56, 820537, tzinfo=<DstTzInfo 'Europe/Paris' CET+1:00:00 STD>), 572, True); alias=default
DEBUG 2024-02-27 23:45:11,832 utils (0.001) INSERT INTO "pong_gamedata" ("player1_name", "player1_points", "player2_name", "player2_points", "game_end_timestamp", "game_duration_secs", "is_tournament_game") VALUES ('Player 15', 4, 'Player 4', 11, '2023-12-13T19:23:21.820537+01:00'::timestamptz, 248, true) RETURNING "pong_gamedata"."id"; args=('Player 15', 4, 'Player 4', 11, datetime.datetime(2023, 12, 13, 19, 23, 21, 820537, tzinfo=<DstTzInfo 'Europe/Paris' CET+1:00:00 STD>), 248, True); alias=default
DEBUG 2024-02-27 23:45:11,833 utils (0.001) INSERT INTO "pong_tournamentdata" ("tour_id", "match_id_semi_1", "match_id_semi_2", "match_id_final", "tournament_end_timestamp", "tournament_duration_secs", "player_ranking", "blockchain_hash") VALUES (0, 2506, 2507, 2508, '2023-12-13T19:23:21.820537+01:00'::timestamptz, 822, '["Player 4", "Player 15", "Player 7", "Player 13"]', '0x0') RETURNING "pong_tournamentdata"."id"; args=(0, 2506, 2507, 2508, datetime.datetime(2023, 12, 13, 19, 23, 21, 820537, tzinfo=<DstTzInfo 'Europe/Paris' CET+1:00:00 STD>), 822, <psycopg2._json.Json object at 0x7f10e85dc740>, '0x0'); alias=default
DEBUG 2024-02-27 23:45:11,835 utils (0.000) SELECT COUNT(*) AS "__count" FROM "pong_gamedata"; args=(); alias=default
DEBUG 2024-02-27 23:45:11,836 utils (0.000) SELECT COUNT(*) AS "__count" FROM "pong_tournamentdata"; args=(); alias=default
DEBUG 2024-02-27 23:45:11,837 utils (0.000) SELECT "django_content_type"."id", "django_content_type"."app_label", "django_content_type"."model" FROM "django_content_type" WHERE "django_content_type"."app_label" = 'contenttypes'; args=('contenttypes',); alias=default
DEBUG 2024-02-27 23:45:11,837 utils (0.000) SELECT "django_content_type"."id", "django_content_type"."app_label", "django_content_type"."model" FROM "django_content_type" WHERE ("django_content_type"."app_label" = 'contenttypes' AND "django_content_type"."model" = 'contenttype') LIMIT 21; args=('contenttypes', 'contenttype'); alias=default
DEBUG 2024-02-27 23:45:11,839 utils (0.000) SELECT "auth_permission"."content_type_id", "auth_permission"."codename" FROM "auth_permission" INNER JOIN "django_content_type" ON ("auth_permission"."content_type_id" = "django_content_type"."id") WHERE "auth_permission"."content_type_id" IN (5) ORDER BY "django_content_type"."app_label" ASC, "django_content_type"."model" ASC, "auth_permission"."codename" ASC; args=(5,); alias=default
DEBUG 2024-02-27 23:45:11,840 utils (0.000) SELECT "django_content_type"."id", "django_content_type"."app_label", "django_content_type"."model" FROM "django_content_type" WHERE "django_content_type"."app_label" = 'contenttypes'; args=('contenttypes',); alias=default
DEBUG 2024-02-27 23:45:11,841 utils (0.000) SELECT COUNT(*) AS "__count" FROM "pong_gamedata"; args=(); alias=default
DEBUG 2024-02-27 23:45:11,842 utils (0.000) SELECT COUNT(*) AS "__count" FROM "pong_tournamentdata"; args=(); alias=default
DEBUG 2024-02-27 23:45:11,843 utils (0.000) SELECT COUNT(*) AS "__count" FROM "pong_gamedata"; args=(); alias=default
DEBUG 2024-02-27 23:45:11,844 utils (0.000) SELECT COUNT(*) AS "__count" FROM "pong_tournamentdata"; args=(); alias=default
DEBUG 2024-02-27 23:45:11,846 utils (0.001) INSERT INTO "pong_gamedata" ("player1_name", "player1_points", "player2_name", "player2_points", "game_end_timestamp", "game_duration_secs", "is_tournament_game") VALUES ('Player 4', 11, 'Player 5', 9, '2023-12-18T08:13:28.842187+01:00'::timestamptz, 244, true) RETURNING "pong_gamedata"."id"; args=('Player 4', 11, 'Player 5', 9, datetime.datetime(2023, 12, 18, 8, 13, 28, 842187, tzinfo=<DstTzInfo 'Europe/Paris' CET+1:00:00 STD>), 244, True); alias=default
DEBUG 2024-02-27 23:45:11,848 utils (0.001) INSERT INTO "pong_gamedata" ("player1_name", "player1_points", "player2_name", "player2_points", "game_end_timestamp", "game_duration_secs", "is_tournament_game") VALUES ('Player 9', 11, 'Player 13', 4, '2023-12-18T08:15:59.842187+01:00'::timestamptz, 477, true) RETURNING "pong_gamedata"."id"; args=('Player 9', 11, 'Player 13', 4, datetime.datetime(2023, 12, 18, 8, 15, 59, 842187, tzinfo=<DstTzInfo 'Europe/Paris' CET+1:00:00 STD>), 477, True); alias=default
DEBUG 2024-02-27 23:45:11,850 utils (0.001) INSERT INTO "pong_gamedata" ("player1_name", "player1_points", "player2_name", "player2_points", "game_end_timestamp", "game_duration_secs", "is_tournament_game") VALUES ('Player 4', 5, 'Player 9', 11, '2023-12-18T08:20:16.842187+01:00'::timestamptz, 526, true) RETURNING "pong_gamedata"."id"; args=('Player 4', 5, 'Player 9', 11, datetime.datetime(2023, 12, 18, 8, 20, 16, 842187, tzinfo=<DstTzInfo 'Europe/Paris' CET+1:00:00 STD>), 526, True); alias=default
DEBUG 2024-02-27 23:45:11,851 utils (0.000) INSERT INTO "pong_tournamentdata" ("tour_id", "match_id_semi_1", "match_id_semi_2", "match_id_final", "tournament_end_timestamp", "tournament_duration_secs", "player_ranking", "blockchain_hash") VALUES (0, 2509, 2510, 2511, '2023-12-18T08:20:16.842187+01:00'::timestamptz, 734, '["Player 9", "Player 4", "Player 5", "Player 13"]', '0x0') RETURNING "pong_tournamentdata"."id"; args=(0, 2509, 2510, 2511, datetime.datetime(2023, 12, 18, 8, 20, 16, 842187, tzinfo=<DstTzInfo 'Europe/Paris' CET+1:00:00 STD>), 734, <psycopg2._json.Json object at 0x7f10e85dd3d0>, '0x0'); alias=default
DEBUG 2024-02-27 23:45:11,852 utils (0.001) INSERT INTO "pong_gamedata" ("player1_name", "player1_points", "player2_name", "player2_points", "game_end_timestamp", "game_duration_secs", "is_tournament_game") VALUES ('Player 7', 11, 'Player 14', 3, '2024-02-19T06:39:59.842187+01:00'::timestamptz, 841, true) RETURNING "pong_gamedata"."id"; args=('Player 7', 11, 'Player 14', 3, datetime.datetime(2024, 2, 19, 6, 39, 59, 842187, tzinfo=<DstTzInfo 'Europe/Paris' CET+1:00:00 STD>), 841, True); alias=default
DEBUG 2024-02-27 23:45:11,854 utils (0.001) INSERT INTO "pong_gamedata" ("player1_name", "player1_points", "player2_name", "player2_points", "game_end_timestamp", "game_duration_secs", "is_tournament_game") VALUES ('Player 1', 2, 'Player 10', 11, '2024-02-19T06:39:23.842187+01:00'::timestamptz, 756, true) RETURNING "pong_gamedata"."id"; args=('Player 1', 2, 'Player 10', 11, datetime.datetime(2024, 2, 19, 6, 39, 23, 842187, tzinfo=<DstTzInfo 'Europe/Paris' CET+1:00:00 STD>), 756, True); alias=default
DEBUG 2024-02-27 23:45:11,855 utils (0.001) INSERT INTO "pong_gamedata" ("player1_name", "player1_points", "player2_name", "player2_points", "game_end_timestamp", "game_duration_secs", "is_tournament_game") VALUES ('Player 7', 11, 'Player 10', 8, '2024-02-19T06:40:56.842187+01:00'::timestamptz, 63, true) RETURNING "pong_gamedata"."id"; args=('Player 7', 11, 'Player 10', 8, datetime.datetime(2024, 2, 19, 6, 40, 56, 842187, tzinfo=<DstTzInfo 'Europe/Paris' CET+1:00:00 STD>), 63, True); alias=default
DEBUG 2024-02-27 23:45:11,856 utils (0.000) INSERT INTO "pong_tournamentdata" ("tour_id", "match_id_semi_1", "match_id_semi_2", "match_id_final", "tournament_end_timestamp", "tournament_duration_secs", "player_ranking", "blockchain_hash") VALUES (0, 2512, 2513, 2514, '2024-02-19T06:40:56.842187+01:00'::timestamptz, 898, '["Player 7", "Player 10", "Player 14", "Player 1"]', '0x0') RETURNING "pong_tournamentdata"."id"; args=(0, 2512, 2513, 2514, datetime.datetime(2024, 2, 19, 6, 40, 56, 842187, tzinfo=<DstTzInfo 'Europe/Paris' CET+1:00:00 STD>), 898, <psycopg2._json.Json object at 0x7f10e85de1e0>, '0x0'); alias=default
DEBUG 2024-02-27 23:45:11,857 utils (0.000) SELECT COUNT(*) AS "__count" FROM "pong_gamedata"; args=(); alias=default
DEBUG 2024-02-27 23:45:11,857 utils (0.000) SELECT COUNT(*) AS "__count" FROM "pong_tournamentdata"; args=(); alias=default
DEBUG 2024-02-27 23:45:11,858 utils (0.000) SELECT "django_content_type"."id", "django_content_type"."app_label", "django_content_type"."model" FROM "django_content_type" WHERE "django_content_type"."app_label" = 'sessions'; args=('sessions',); alias=default
DEBUG 2024-02-27 23:45:11,859 utils (0.000) SELECT "django_content_type"."id", "django_content_type"."app_label", "django_content_type"."model" FROM "django_content_type" WHERE ("django_content_type"."app_label" = 'sessions' AND "django_content_type"."model" = 'session') LIMIT 21; args=('sessions', 'session'); alias=default
DEBUG 2024-02-27 23:45:11,861 utils (0.000) SELECT "auth_permission"."content_type_id", "auth_permission"."codename" FROM "auth_permission" INNER JOIN "django_content_type" ON ("auth_permission"."content_type_id" = "django_content_type"."id") WHERE "auth_permission"."content_type_id" IN (6) ORDER BY "django_content_type"."app_label" ASC, "django_content_type"."model" ASC, "auth_permission"."codename" ASC; args=(6,); alias=default
DEBUG 2024-02-27 23:45:11,862 utils (0.001) SELECT "django_content_type"."id", "django_content_type"."app_label", "django_content_type"."model" FROM "django_content_type" WHERE "django_content_type"."app_label" = 'sessions'; args=('sessions',); alias=default
DEBUG 2024-02-27 23:45:11,864 utils (0.001) SELECT COUNT(*) AS "__count" FROM "pong_gamedata"; args=(); alias=default
DEBUG 2024-02-27 23:45:11,866 utils (0.001) SELECT COUNT(*) AS "__count" FROM "pong_tournamentdata"; args=(); alias=default
DEBUG 2024-02-27 23:45:11,868 utils (0.000) SELECT COUNT(*) AS "__count" FROM "pong_gamedata"; args=(); alias=default
DEBUG 2024-02-27 23:45:11,869 utils (0.000) SELECT COUNT(*) AS "__count" FROM "pong_tournamentdata"; args=(); alias=default
DEBUG 2024-02-27 23:45:11,871 utils (0.001) INSERT INTO "pong_gamedata" ("player1_name", "player1_points", "player2_name", "player2_points", "game_end_timestamp", "game_duration_secs", "is_tournament_game") VALUES ('Player 10', 11, 'Player 2', 5, '2023-12-15T06:04:52.866910+01:00'::timestamptz, 525, true) RETURNING "pong_gamedata"."id"; args=('Player 10', 11, 'Player 2', 5, datetime.datetime(2023, 12, 15, 6, 4, 52, 866910, tzinfo=<DstTzInfo 'Europe/Paris' CET+1:00:00 STD>), 525, True); alias=default
DEBUG 2024-02-27 23:45:11,872 utils (0.001) INSERT INTO "pong_gamedata" ("player1_name", "player1_points", "player2_name", "player2_points", "game_end_timestamp", "game_duration_secs", "is_tournament_game") VALUES ('Player 15', 2, 'Player 3', 11, '2023-12-15T06:11:41.866910+01:00'::timestamptz, 529, true) RETURNING "pong_gamedata"."id"; args=('Player 15', 2, 'Player 3', 11, datetime.datetime(2023, 12, 15, 6, 11, 41, 866910, tzinfo=<DstTzInfo 'Europe/Paris' CET+1:00:00 STD>), 529, True); alias=default
DEBUG 2024-02-27 23:45:11,873 utils (0.001) INSERT INTO "pong_gamedata" ("player1_name", "player1_points", "player2_name", "player2_points", "game_end_timestamp", "game_duration_secs", "is_tournament_game") VALUES ('Player 10', 11, 'Player 3', 4, '2023-12-15T06:12:01.866910+01:00'::timestamptz, 78, true) RETURNING "pong_gamedata"."id"; args=('Player 10', 11, 'Player 3', 4, datetime.datetime(2023, 12, 15, 6, 12, 1, 866910, tzinfo=<DstTzInfo 'Europe/Paris' CET+1:00:00 STD>), 78, True); alias=default
DEBUG 2024-02-27 23:45:11,874 utils (0.000) INSERT INTO "pong_tournamentdata" ("tour_id", "match_id_semi_1", "match_id_semi_2", "match_id_final", "tournament_end_timestamp", "tournament_duration_secs", "player_ranking", "blockchain_hash") VALUES (0, 2515, 2516, 2517, '2023-12-15T06:12:01.866910+01:00'::timestamptz, 954, '["Player 10", "Player 3", "Player 2", "Player 15"]', '0x0') RETURNING "pong_tournamentdata"."id"; args=(0, 2515, 2516, 2517, datetime.datetime(2023, 12, 15, 6, 12, 1, 866910, tzinfo=<DstTzInfo 'Europe/Paris' CET+1:00:00 STD>), 954, <psycopg2._json.Json object at 0x7f10e85dcb90>, '0x0'); alias=default
DEBUG 2024-02-27 23:45:11,876 utils (0.001) INSERT INTO "pong_gamedata" ("player1_name", "player1_points", "player2_name", "player2_points", "game_end_timestamp", "game_duration_secs", "is_tournament_game") VALUES ('Player 6', 3, 'Player 5', 11, '2023-12-05T02:26:49.866910+01:00'::timestamptz, 393, true) RETURNING "pong_gamedata"."id"; args=('Player 6', 3, 'Player 5', 11, datetime.datetime(2023, 12, 5, 2, 26, 49, 866910, tzinfo=<DstTzInfo 'Europe/Paris' CET+1:00:00 STD>), 393, True); alias=default
DEBUG 2024-02-27 23:45:11,877 utils (0.001) INSERT INTO "pong_gamedata" ("player1_name", "player1_points", "player2_name", "player2_points", "game_end_timestamp", "game_duration_secs", "is_tournament_game") VALUES ('Player 14', 11, 'Player 13', 4, '2023-12-05T02:31:05.866910+01:00'::timestamptz, 372, true) RETURNING "pong_gamedata"."id"; args=('Player 14', 11, 'Player 13', 4, datetime.datetime(2023, 12, 5, 2, 31, 5, 866910, tzinfo=<DstTzInfo 'Europe/Paris' CET+1:00:00 STD>), 372, True); alias=default
DEBUG 2024-02-27 23:45:11,878 utils (0.001) INSERT INTO "pong_gamedata" ("player1_name", "player1_points", "player2_name", "player2_points", "game_end_timestamp", "game_duration_secs", "is_tournament_game") VALUES ('Player 5', 7, 'Player 14', 11, '2023-12-05T02:31:32.866910+01:00'::timestamptz, 241, true) RETURNING "pong_gamedata"."id"; args=('Player 5', 7, 'Player 14', 11, datetime.datetime(2023, 12, 5, 2, 31, 32, 866910, tzinfo=<DstTzInfo 'Europe/Paris' CET+1:00:00 STD>), 241, True); alias=default
DEBUG 2024-02-27 23:45:11,881 utils (0.001) INSERT INTO "pong_tournamentdata" ("tour_id", "match_id_semi_1", "match_id_semi_2", "match_id_final", "tournament_end_timestamp", "tournament_duration_secs", "player_ranking", "blockchain_hash") VALUES (0, 2518, 2519, 2520, '2023-12-05T02:31:32.866910+01:00'::timestamptz, 676, '["Player 14", "Player 5", "Player 6", "Player 13"]', '0x0') RETURNING "pong_tournamentdata"."id"; args=(0, 2518, 2519, 2520, datetime.datetime(2023, 12, 5, 2, 31, 32, 866910, tzinfo=<DstTzInfo 'Europe/Paris' CET+1:00:00 STD>), 676, <psycopg2._json.Json object at 0x7f10e85df770>, '0x0'); alias=default
DEBUG 2024-02-27 23:45:11,883 utils (0.001) SELECT COUNT(*) AS "__count" FROM "pong_gamedata"; args=(); alias=default
DEBUG 2024-02-27 23:45:11,884 utils (0.000) SELECT COUNT(*) AS "__count" FROM "pong_tournamentdata"; args=(); alias=default
DEBUG 2024-02-27 23:45:11,886 utils (0.001) SELECT "django_content_type"."id", "django_content_type"."app_label", "django_content_type"."model" FROM "django_content_type" WHERE "django_content_type"."app_label" = 'pong'; args=('pong',); alias=default
DEBUG 2024-02-27 23:45:11,887 utils (0.000) SELECT "django_content_type"."id", "django_content_type"."app_label", "django_content_type"."model" FROM "django_content_type" WHERE ("django_content_type"."app_label" = 'pong' AND "django_content_type"."model" = 'gamedata') LIMIT 21; args=('pong', 'gamedata'); alias=default
DEBUG 2024-02-27 23:45:11,888 utils (0.000) SELECT "django_content_type"."id", "django_content_type"."app_label", "django_content_type"."model" FROM "django_content_type" WHERE ("django_content_type"."app_label" = 'pong' AND "django_content_type"."model" = 'tournamentdata') LIMIT 21; args=('pong', 'tournamentdata'); alias=default
DEBUG 2024-02-27 23:45:11,890 utils (0.000) SELECT "auth_permission"."content_type_id", "auth_permission"."codename" FROM "auth_permission" INNER JOIN "django_content_type" ON ("auth_permission"."content_type_id" = "django_content_type"."id") WHERE "auth_permission"."content_type_id" IN (8, 7) ORDER BY "django_content_type"."app_label" ASC, "django_content_type"."model" ASC, "auth_permission"."codename" ASC; args=(8, 7); alias=default
DEBUG 2024-02-27 23:45:11,890 utils (0.000) SELECT "django_content_type"."id", "django_content_type"."app_label", "django_content_type"."model" FROM "django_content_type" WHERE "django_content_type"."app_label" = 'pong'; args=('pong',); alias=default
DEBUG 2024-02-27 23:45:11,892 utils (0.000) SELECT COUNT(*) AS "__count" FROM "pong_gamedata"; args=(); alias=default
DEBUG 2024-02-27 23:45:11,893 utils (0.000) SELECT COUNT(*) AS "__count" FROM "pong_tournamentdata"; args=(); alias=default
DEBUG 2024-02-27 23:45:11,894 utils (0.000) SELECT COUNT(*) AS "__count" FROM "pong_gamedata"; args=(); alias=default
DEBUG 2024-02-27 23:45:11,895 utils (0.000) SELECT COUNT(*) AS "__count" FROM "pong_tournamentdata"; args=(); alias=default
DEBUG 2024-02-27 23:45:11,898 utils (0.002) INSERT INTO "pong_gamedata" ("player1_name", "player1_points", "player2_name", "player2_points", "game_end_timestamp", "game_duration_secs", "is_tournament_game") VALUES ('Player 12', 11, 'Player 14', 0, '2023-12-29T11:34:07.893212+01:00'::timestamptz, 997, true) RETURNING "pong_gamedata"."id"; args=('Player 12', 11, 'Player 14', 0, datetime.datetime(2023, 12, 29, 11, 34, 7, 893212, tzinfo=<DstTzInfo 'Europe/Paris' CET+1:00:00 STD>), 997, True); alias=default
DEBUG 2024-02-27 23:45:11,901 utils (0.001) INSERT INTO "pong_gamedata" ("player1_name", "player1_points", "player2_name", "player2_points", "game_end_timestamp", "game_duration_secs", "is_tournament_game") VALUES ('Player 0', 11, 'Player 15', 8, '2023-12-29T11:33:58.893212+01:00'::timestamptz, 213, true) RETURNING "pong_gamedata"."id"; args=('Player 0', 11, 'Player 15', 8, datetime.datetime(2023, 12, 29, 11, 33, 58, 893212, tzinfo=<DstTzInfo 'Europe/Paris' CET+1:00:00 STD>), 213, True); alias=default
DEBUG 2024-02-27 23:45:11,903 utils (0.001) INSERT INTO "pong_gamedata" ("player1_name", "player1_points", "player2_name", "player2_points", "game_end_timestamp", "game_duration_secs", "is_tournament_game") VALUES ('Player 12', 11, 'Player 0', 0, '2023-12-29T11:34:08.893212+01:00'::timestamptz, 17, true) RETURNING "pong_gamedata"."id"; args=('Player 12', 11, 'Player 0', 0, datetime.datetime(2023, 12, 29, 11, 34, 8, 893212, tzinfo=<DstTzInfo 'Europe/Paris' CET+1:00:00 STD>), 17, True); alias=default
DEBUG 2024-02-27 23:45:11,903 utils (0.000) INSERT INTO "pong_tournamentdata" ("tour_id", "match_id_semi_1", "match_id_semi_2", "match_id_final", "tournament_end_timestamp", "tournament_duration_secs", "player_ranking", "blockchain_hash") VALUES (0, 2521, 2522, 2523, '2023-12-29T11:34:08.893212+01:00'::timestamptz, 998, '["Player 12", "Player 0", "Player 14", "Player 15"]', '0x0') RETURNING "pong_tournamentdata"."id"; args=(0, 2521, 2522, 2523, datetime.datetime(2023, 12, 29, 11, 34, 8, 893212, tzinfo=<DstTzInfo 'Europe/Paris' CET+1:00:00 STD>), 998, <psycopg2._json.Json object at 0x7f10e85dcb30>, '0x0'); alias=default
DEBUG 2024-02-27 23:45:11,905 utils (0.001) INSERT INTO "pong_gamedata" ("player1_name", "player1_points", "player2_name", "player2_points", "game_end_timestamp", "game_duration_secs", "is_tournament_game") VALUES ('Player 6', 9, 'Player 3', 11, '2024-02-07T19:14:46.893212+01:00'::timestamptz, 404, true) RETURNING "pong_gamedata"."id"; args=('Player 6', 9, 'Player 3', 11, datetime.datetime(2024, 2, 7, 19, 14, 46, 893212, tzinfo=<DstTzInfo 'Europe/Paris' CET+1:00:00 STD>), 404, True); alias=default
DEBUG 2024-02-27 23:45:11,906 utils (0.001) INSERT INTO "pong_gamedata" ("player1_name", "player1_points", "player2_name", "player2_points", "game_end_timestamp", "game_duration_secs", "is_tournament_game") VALUES ('Player 15', 5, 'Player 0', 11, '2024-02-07T19:16:00.893212+01:00'::timestamptz, 749, true) RETURNING "pong_gamedata"."id"; args=('Player 15', 5, 'Player 0', 11, datetime.datetime(2024, 2, 7, 19, 16, 0, 893212, tzinfo=<DstTzInfo 'Europe/Paris' CET+1:00:00 STD>), 749, True); alias=default
DEBUG 2024-02-27 23:45:11,907 utils (0.001) INSERT INTO "pong_gamedata" ("player1_name", "player1_points", "player2_name", "player2_points", "game_end_timestamp", "game_duration_secs", "is_tournament_game") VALUES ('Player 3', 11, 'Player 0', 8, '2024-02-07T19:18:54.893212+01:00'::timestamptz, 760, true) RETURNING "pong_gamedata"."id"; args=('Player 3', 11, 'Player 0', 8, datetime.datetime(2024, 2, 7, 19, 18, 54, 893212, tzinfo=<DstTzInfo 'Europe/Paris' CET+1:00:00 STD>), 760, True); alias=default
DEBUG 2024-02-27 23:45:11,908 utils (0.000) INSERT INTO "pong_tournamentdata" ("tour_id", "match_id_semi_1", "match_id_semi_2", "match_id_final", "tournament_end_timestamp", "tournament_duration_secs", "player_ranking", "blockchain_hash") VALUES (0, 2524, 2525, 2526, '2024-02-07T19:18:54.893212+01:00'::timestamptz, 923, '["Player 3", "Player 0", "Player 6", "Player 15"]', '0x0') RETURNING "pong_tournamentdata"."id"; args=(0, 2524, 2525, 2526, datetime.datetime(2024, 2, 7, 19, 18, 54, 893212, tzinfo=<DstTzInfo 'Europe/Paris' CET+1:00:00 STD>), 923, <psycopg2._json.Json object at 0x7f10e85dd1f0>, '0x0'); alias=default
DEBUG 2024-02-27 23:45:11,909 utils (0.000) SELECT COUNT(*) AS "__count" FROM "pong_gamedata"; args=(); alias=default
DEBUG 2024-02-27 23:45:11,911 utils (0.000) SELECT COUNT(*) AS "__count" FROM "pong_tournamentdata"; args=(); alias=default
