DEBUG 2024-02-26 20:35:04,742 utils (0.001) 
            SELECT
                c.relname,
                CASE
                    WHEN c.relispartition THEN 'p'
                    WHEN c.relkind IN ('m', 'v') THEN 'v'
                    ELSE 't'
                END,
                obj_description(c.oid, 'pg_class')
            FROM pg_catalog.pg_class c
            LEFT JOIN pg_catalog.pg_namespace n ON n.oid = c.relnamespace
            WHERE c.relkind IN ('f', 'm', 'p', 'r', 'v')
                AND n.nspname NOT IN ('pg_catalog', 'pg_toast')
                AND pg_catalog.pg_table_is_visible(c.oid)
        ; args=None; alias=default
DEBUG 2024-02-26 20:35:04,743 utils (0.000) SELECT "django_migrations"."id", "django_migrations"."app", "django_migrations"."name", "django_migrations"."applied" FROM "django_migrations"; args=(); alias=default
DEBUG 2024-02-26 20:35:04,744 utils (0.001) 
            SELECT
                c.relname,
                CASE
                    WHEN c.relispartition THEN 'p'
                    WHEN c.relkind IN ('m', 'v') THEN 'v'
                    ELSE 't'
                END,
                obj_description(c.oid, 'pg_class')
            FROM pg_catalog.pg_class c
            LEFT JOIN pg_catalog.pg_namespace n ON n.oid = c.relnamespace
            WHERE c.relkind IN ('f', 'm', 'p', 'r', 'v')
                AND n.nspname NOT IN ('pg_catalog', 'pg_toast')
                AND pg_catalog.pg_table_is_visible(c.oid)
        ; args=None; alias=default
DEBUG 2024-02-26 20:35:04,745 utils (0.000) SELECT "django_migrations"."id", "django_migrations"."app", "django_migrations"."name", "django_migrations"."applied" FROM "django_migrations"; args=(); alias=default
DEBUG 2024-02-26 20:35:04,753 utils (0.001) 
            SELECT
                c.relname,
                CASE
                    WHEN c.relispartition THEN 'p'
                    WHEN c.relkind IN ('m', 'v') THEN 'v'
                    ELSE 't'
                END,
                obj_description(c.oid, 'pg_class')
            FROM pg_catalog.pg_class c
            LEFT JOIN pg_catalog.pg_namespace n ON n.oid = c.relnamespace
            WHERE c.relkind IN ('f', 'm', 'p', 'r', 'v')
                AND n.nspname NOT IN ('pg_catalog', 'pg_toast')
                AND pg_catalog.pg_table_is_visible(c.oid)
        ; args=None; alias=default
DEBUG 2024-02-26 20:35:04,754 utils (0.001) 
            SELECT
                c.relname,
                CASE
                    WHEN c.relispartition THEN 'p'
                    WHEN c.relkind IN ('m', 'v') THEN 'v'
                    ELSE 't'
                END,
                obj_description(c.oid, 'pg_class')
            FROM pg_catalog.pg_class c
            LEFT JOIN pg_catalog.pg_namespace n ON n.oid = c.relnamespace
            WHERE c.relkind IN ('f', 'm', 'p', 'r', 'v')
                AND n.nspname NOT IN ('pg_catalog', 'pg_toast')
                AND pg_catalog.pg_table_is_visible(c.oid)
        ; args=None; alias=default
DEBUG 2024-02-26 20:35:04,754 utils (0.000) SELECT "django_migrations"."id", "django_migrations"."app", "django_migrations"."name", "django_migrations"."applied" FROM "django_migrations"; args=(); alias=default
DEBUG 2024-02-26 20:35:04,757 utils (0.002) SELECT "django_content_type"."id", "django_content_type"."app_label", "django_content_type"."model" FROM "django_content_type" WHERE "django_content_type"."app_label" = 'admin'; args=('admin',); alias=default
DEBUG 2024-02-26 20:35:04,758 utils (0.000) SELECT "django_content_type"."id", "django_content_type"."app_label", "django_content_type"."model" FROM "django_content_type" WHERE ("django_content_type"."app_label" = 'admin' AND "django_content_type"."model" = 'logentry') LIMIT 21; args=('admin', 'logentry'); alias=default
DEBUG 2024-02-26 20:35:04,761 utils (0.001) SELECT "auth_permission"."content_type_id", "auth_permission"."codename" FROM "auth_permission" INNER JOIN "django_content_type" ON ("auth_permission"."content_type_id" = "django_content_type"."id") WHERE "auth_permission"."content_type_id" IN (1) ORDER BY "django_content_type"."app_label" ASC, "django_content_type"."model" ASC, "auth_permission"."codename" ASC; args=(1,); alias=default
DEBUG 2024-02-26 20:35:04,761 utils (0.000) SELECT "django_content_type"."id", "django_content_type"."app_label", "django_content_type"."model" FROM "django_content_type" WHERE "django_content_type"."app_label" = 'admin'; args=('admin',); alias=default
DEBUG 2024-02-26 20:35:04,761 utils (0.000) BEGIN; args=None; alias=default
DEBUG 2024-02-26 20:35:04,762 utils (0.001) DELETE FROM "pong_gamedata"; args=(); alias=default
DEBUG 2024-02-26 20:35:04,764 utils (0.002) COMMIT; args=None; alias=default
DEBUG 2024-02-26 20:35:04,764 utils (0.000) BEGIN; args=None; alias=default
DEBUG 2024-02-26 20:35:04,765 utils (0.001) DELETE FROM "pong_tournamentdata"; args=(); alias=default
DEBUG 2024-02-26 20:35:04,767 utils (0.002) COMMIT; args=None; alias=default
DEBUG 2024-02-26 20:35:04,768 utils (0.001) SELECT COUNT(*) AS "__count" FROM "pong_gamedata"; args=(); alias=default
DEBUG 2024-02-26 20:35:04,769 utils (0.000) SELECT COUNT(*) AS "__count" FROM "pong_tournamentdata"; args=(); alias=default
DEBUG 2024-02-26 20:35:04,769 utils (0.000) SELECT COUNT(*) AS "__count" FROM "pong_gamedata"; args=(); alias=default
DEBUG 2024-02-26 20:35:04,770 utils (0.000) SELECT COUNT(*) AS "__count" FROM "pong_tournamentdata"; args=(); alias=default
DEBUG 2024-02-26 20:35:04,770 utils (0.000) SELECT COUNT(*) AS "__count" FROM "pong_gamedata"; args=(); alias=default
DEBUG 2024-02-26 20:35:04,771 utils (0.000) SELECT COUNT(*) AS "__count" FROM "pong_tournamentdata"; args=(); alias=default
DEBUG 2024-02-26 20:35:04,771 utils (0.000) SELECT "django_content_type"."id", "django_content_type"."app_label", "django_content_type"."model" FROM "django_content_type" WHERE "django_content_type"."app_label" = 'auth'; args=('auth',); alias=default
DEBUG 2024-02-26 20:35:04,772 utils (0.000) SELECT "django_content_type"."id", "django_content_type"."app_label", "django_content_type"."model" FROM "django_content_type" WHERE ("django_content_type"."app_label" = 'auth' AND "django_content_type"."model" = 'permission') LIMIT 21; args=('auth', 'permission'); alias=default
DEBUG 2024-02-26 20:35:04,772 utils (0.000) SELECT "django_content_type"."id", "django_content_type"."app_label", "django_content_type"."model" FROM "django_content_type" WHERE ("django_content_type"."app_label" = 'auth' AND "django_content_type"."model" = 'group') LIMIT 21; args=('auth', 'group'); alias=default
DEBUG 2024-02-26 20:35:04,773 utils (0.000) SELECT "django_content_type"."id", "django_content_type"."app_label", "django_content_type"."model" FROM "django_content_type" WHERE ("django_content_type"."app_label" = 'auth' AND "django_content_type"."model" = 'user') LIMIT 21; args=('auth', 'user'); alias=default
DEBUG 2024-02-26 20:35:04,774 utils (0.000) SELECT "auth_permission"."content_type_id", "auth_permission"."codename" FROM "auth_permission" INNER JOIN "django_content_type" ON ("auth_permission"."content_type_id" = "django_content_type"."id") WHERE "auth_permission"."content_type_id" IN (2, 3, 4) ORDER BY "django_content_type"."app_label" ASC, "django_content_type"."model" ASC, "auth_permission"."codename" ASC; args=(2, 3, 4); alias=default
DEBUG 2024-02-26 20:35:04,774 utils (0.000) SELECT "django_content_type"."id", "django_content_type"."app_label", "django_content_type"."model" FROM "django_content_type" WHERE "django_content_type"."app_label" = 'auth'; args=('auth',); alias=default
DEBUG 2024-02-26 20:35:04,774 utils (0.000) BEGIN; args=None; alias=default
DEBUG 2024-02-26 20:35:04,775 utils (0.000) DELETE FROM "pong_gamedata"; args=(); alias=default
DEBUG 2024-02-26 20:35:04,775 utils (0.000) COMMIT; args=None; alias=default
DEBUG 2024-02-26 20:35:04,775 utils (0.000) BEGIN; args=None; alias=default
DEBUG 2024-02-26 20:35:04,775 utils (0.000) DELETE FROM "pong_tournamentdata"; args=(); alias=default
DEBUG 2024-02-26 20:35:04,775 utils (0.000) COMMIT; args=None; alias=default
DEBUG 2024-02-26 20:35:04,776 utils (0.000) SELECT COUNT(*) AS "__count" FROM "pong_gamedata"; args=(); alias=default
DEBUG 2024-02-26 20:35:04,776 utils (0.000) SELECT COUNT(*) AS "__count" FROM "pong_tournamentdata"; args=(); alias=default
DEBUG 2024-02-26 20:35:04,776 utils (0.000) SELECT COUNT(*) AS "__count" FROM "pong_gamedata"; args=(); alias=default
DEBUG 2024-02-26 20:35:04,777 utils (0.000) SELECT COUNT(*) AS "__count" FROM "pong_tournamentdata"; args=(); alias=default
DEBUG 2024-02-26 20:35:04,778 utils (0.000) SELECT COUNT(*) AS "__count" FROM "pong_gamedata"; args=(); alias=default
DEBUG 2024-02-26 20:35:04,778 utils (0.000) SELECT COUNT(*) AS "__count" FROM "pong_tournamentdata"; args=(); alias=default
DEBUG 2024-02-26 20:35:04,778 utils (0.000) SELECT "django_content_type"."id", "django_content_type"."app_label", "django_content_type"."model" FROM "django_content_type" WHERE "django_content_type"."app_label" = 'contenttypes'; args=('contenttypes',); alias=default
DEBUG 2024-02-26 20:35:04,779 utils (0.000) SELECT "django_content_type"."id", "django_content_type"."app_label", "django_content_type"."model" FROM "django_content_type" WHERE ("django_content_type"."app_label" = 'contenttypes' AND "django_content_type"."model" = 'contenttype') LIMIT 21; args=('contenttypes', 'contenttype'); alias=default
DEBUG 2024-02-26 20:35:04,780 utils (0.000) SELECT "auth_permission"."content_type_id", "auth_permission"."codename" FROM "auth_permission" INNER JOIN "django_content_type" ON ("auth_permission"."content_type_id" = "django_content_type"."id") WHERE "auth_permission"."content_type_id" IN (5) ORDER BY "django_content_type"."app_label" ASC, "django_content_type"."model" ASC, "auth_permission"."codename" ASC; args=(5,); alias=default
DEBUG 2024-02-26 20:35:04,780 utils (0.000) SELECT "django_content_type"."id", "django_content_type"."app_label", "django_content_type"."model" FROM "django_content_type" WHERE "django_content_type"."app_label" = 'contenttypes'; args=('contenttypes',); alias=default
DEBUG 2024-02-26 20:35:04,780 utils (0.000) BEGIN; args=None; alias=default
DEBUG 2024-02-26 20:35:04,781 utils (0.000) DELETE FROM "pong_gamedata"; args=(); alias=default
DEBUG 2024-02-26 20:35:04,781 utils (0.000) COMMIT; args=None; alias=default
DEBUG 2024-02-26 20:35:04,781 utils (0.000) BEGIN; args=None; alias=default
DEBUG 2024-02-26 20:35:04,781 utils (0.000) DELETE FROM "pong_tournamentdata"; args=(); alias=default
DEBUG 2024-02-26 20:35:04,781 utils (0.000) COMMIT; args=None; alias=default
DEBUG 2024-02-26 20:35:04,781 utils (0.000) SELECT COUNT(*) AS "__count" FROM "pong_gamedata"; args=(); alias=default
DEBUG 2024-02-26 20:35:04,782 utils (0.000) SELECT COUNT(*) AS "__count" FROM "pong_tournamentdata"; args=(); alias=default
DEBUG 2024-02-26 20:35:04,782 utils (0.000) SELECT COUNT(*) AS "__count" FROM "pong_gamedata"; args=(); alias=default
DEBUG 2024-02-26 20:35:04,783 utils (0.000) SELECT COUNT(*) AS "__count" FROM "pong_tournamentdata"; args=(); alias=default
DEBUG 2024-02-26 20:35:04,783 utils (0.000) SELECT COUNT(*) AS "__count" FROM "pong_gamedata"; args=(); alias=default
DEBUG 2024-02-26 20:35:04,783 utils (0.000) SELECT COUNT(*) AS "__count" FROM "pong_tournamentdata"; args=(); alias=default
DEBUG 2024-02-26 20:35:04,784 utils (0.000) SELECT "django_content_type"."id", "django_content_type"."app_label", "django_content_type"."model" FROM "django_content_type" WHERE "django_content_type"."app_label" = 'sessions'; args=('sessions',); alias=default
DEBUG 2024-02-26 20:35:04,784 utils (0.000) SELECT "django_content_type"."id", "django_content_type"."app_label", "django_content_type"."model" FROM "django_content_type" WHERE ("django_content_type"."app_label" = 'sessions' AND "django_content_type"."model" = 'session') LIMIT 21; args=('sessions', 'session'); alias=default
DEBUG 2024-02-26 20:35:04,785 utils (0.000) SELECT "auth_permission"."content_type_id", "auth_permission"."codename" FROM "auth_permission" INNER JOIN "django_content_type" ON ("auth_permission"."content_type_id" = "django_content_type"."id") WHERE "auth_permission"."content_type_id" IN (6) ORDER BY "django_content_type"."app_label" ASC, "django_content_type"."model" ASC, "auth_permission"."codename" ASC; args=(6,); alias=default
DEBUG 2024-02-26 20:35:04,786 utils (0.000) SELECT "django_content_type"."id", "django_content_type"."app_label", "django_content_type"."model" FROM "django_content_type" WHERE "django_content_type"."app_label" = 'sessions'; args=('sessions',); alias=default
DEBUG 2024-02-26 20:35:04,786 utils (0.000) BEGIN; args=None; alias=default
DEBUG 2024-02-26 20:35:04,786 utils (0.000) DELETE FROM "pong_gamedata"; args=(); alias=default
DEBUG 2024-02-26 20:35:04,786 utils (0.000) COMMIT; args=None; alias=default
DEBUG 2024-02-26 20:35:04,786 utils (0.000) BEGIN; args=None; alias=default
DEBUG 2024-02-26 20:35:04,786 utils (0.000) DELETE FROM "pong_tournamentdata"; args=(); alias=default
DEBUG 2024-02-26 20:35:04,786 utils (0.000) COMMIT; args=None; alias=default
DEBUG 2024-02-26 20:35:04,787 utils (0.000) SELECT COUNT(*) AS "__count" FROM "pong_gamedata"; args=(); alias=default
DEBUG 2024-02-26 20:35:04,787 utils (0.000) SELECT COUNT(*) AS "__count" FROM "pong_tournamentdata"; args=(); alias=default
DEBUG 2024-02-26 20:35:04,787 utils (0.000) SELECT COUNT(*) AS "__count" FROM "pong_gamedata"; args=(); alias=default
DEBUG 2024-02-26 20:35:04,788 utils (0.000) SELECT COUNT(*) AS "__count" FROM "pong_tournamentdata"; args=(); alias=default
DEBUG 2024-02-26 20:35:04,788 utils (0.000) SELECT COUNT(*) AS "__count" FROM "pong_gamedata"; args=(); alias=default
DEBUG 2024-02-26 20:35:04,789 utils (0.000) SELECT COUNT(*) AS "__count" FROM "pong_tournamentdata"; args=(); alias=default
DEBUG 2024-02-26 20:35:04,789 utils (0.000) SELECT "django_content_type"."id", "django_content_type"."app_label", "django_content_type"."model" FROM "django_content_type" WHERE "django_content_type"."app_label" = 'pong'; args=('pong',); alias=default
DEBUG 2024-02-26 20:35:04,790 utils (0.000) SELECT "django_content_type"."id", "django_content_type"."app_label", "django_content_type"."model" FROM "django_content_type" WHERE ("django_content_type"."app_label" = 'pong' AND "django_content_type"."model" = 'gamedata') LIMIT 21; args=('pong', 'gamedata'); alias=default
DEBUG 2024-02-26 20:35:04,790 utils (0.000) SELECT "django_content_type"."id", "django_content_type"."app_label", "django_content_type"."model" FROM "django_content_type" WHERE ("django_content_type"."app_label" = 'pong' AND "django_content_type"."model" = 'tournamentdata') LIMIT 21; args=('pong', 'tournamentdata'); alias=default
DEBUG 2024-02-26 20:35:04,791 utils (0.000) SELECT "auth_permission"."content_type_id", "auth_permission"."codename" FROM "auth_permission" INNER JOIN "django_content_type" ON ("auth_permission"."content_type_id" = "django_content_type"."id") WHERE "auth_permission"."content_type_id" IN (8, 7) ORDER BY "django_content_type"."app_label" ASC, "django_content_type"."model" ASC, "auth_permission"."codename" ASC; args=(8, 7); alias=default
DEBUG 2024-02-26 20:35:04,791 utils (0.000) SELECT "django_content_type"."id", "django_content_type"."app_label", "django_content_type"."model" FROM "django_content_type" WHERE "django_content_type"."app_label" = 'pong'; args=('pong',); alias=default
DEBUG 2024-02-26 20:35:04,792 utils (0.000) BEGIN; args=None; alias=default
DEBUG 2024-02-26 20:35:04,792 utils (0.000) DELETE FROM "pong_gamedata"; args=(); alias=default
DEBUG 2024-02-26 20:35:04,792 utils (0.000) COMMIT; args=None; alias=default
DEBUG 2024-02-26 20:35:04,792 utils (0.000) BEGIN; args=None; alias=default
DEBUG 2024-02-26 20:35:04,792 utils (0.000) DELETE FROM "pong_tournamentdata"; args=(); alias=default
DEBUG 2024-02-26 20:35:04,792 utils (0.000) COMMIT; args=None; alias=default
DEBUG 2024-02-26 20:35:04,793 utils (0.000) SELECT COUNT(*) AS "__count" FROM "pong_gamedata"; args=(); alias=default
DEBUG 2024-02-26 20:35:04,793 utils (0.000) SELECT COUNT(*) AS "__count" FROM "pong_tournamentdata"; args=(); alias=default
DEBUG 2024-02-26 20:35:04,794 utils (0.000) SELECT COUNT(*) AS "__count" FROM "pong_gamedata"; args=(); alias=default
DEBUG 2024-02-26 20:35:04,794 utils (0.000) SELECT COUNT(*) AS "__count" FROM "pong_tournamentdata"; args=(); alias=default
DEBUG 2024-02-26 20:35:04,795 utils (0.000) SELECT COUNT(*) AS "__count" FROM "pong_gamedata"; args=(); alias=default
DEBUG 2024-02-26 20:35:04,795 utils (0.000) SELECT COUNT(*) AS "__count" FROM "pong_tournamentdata"; args=(); alias=default
