DEBUG 2024-02-27 23:19:04,988 utils (0.002) 
            SELECT
                c.relname,
                CASE
                    WHEN c.relispartition THEN 'p'
                    WHEN c.relkind IN ('m', 'v') THEN 'v'
                    ELSE 't'
                END,
                obj_description(c.oid, 'pg_class')
            FROM pg_catalog.pg_class c
            LEFT JOIN pg_catalog.pg_namespace n ON n.oid = c.relnamespace
            WHERE c.relkind IN ('f', 'm', 'p', 'r', 'v')
                AND n.nspname NOT IN ('pg_catalog', 'pg_toast')
                AND pg_catalog.pg_table_is_visible(c.oid)
        ; args=None; alias=default
DEBUG 2024-02-27 23:19:04,991 utils (0.001) SELECT "django_migrations"."id", "django_migrations"."app", "django_migrations"."name", "django_migrations"."applied" FROM "django_migrations"; args=(); alias=default
DEBUG 2024-02-27 23:19:04,993 utils (0.001) 
            SELECT
                c.relname,
                CASE
                    WHEN c.relispartition THEN 'p'
                    WHEN c.relkind IN ('m', 'v') THEN 'v'
                    ELSE 't'
                END,
                obj_description(c.oid, 'pg_class')
            FROM pg_catalog.pg_class c
            LEFT JOIN pg_catalog.pg_namespace n ON n.oid = c.relnamespace
            WHERE c.relkind IN ('f', 'm', 'p', 'r', 'v')
                AND n.nspname NOT IN ('pg_catalog', 'pg_toast')
                AND pg_catalog.pg_table_is_visible(c.oid)
        ; args=None; alias=default
DEBUG 2024-02-27 23:19:04,994 utils (0.000) SELECT "django_migrations"."id", "django_migrations"."app", "django_migrations"."name", "django_migrations"."applied" FROM "django_migrations"; args=(); alias=default
DEBUG 2024-02-27 23:19:05,012 utils (0.001) 
            SELECT
                c.relname,
                CASE
                    WHEN c.relispartition THEN 'p'
                    WHEN c.relkind IN ('m', 'v') THEN 'v'
                    ELSE 't'
                END,
                obj_description(c.oid, 'pg_class')
            FROM pg_catalog.pg_class c
            LEFT JOIN pg_catalog.pg_namespace n ON n.oid = c.relnamespace
            WHERE c.relkind IN ('f', 'm', 'p', 'r', 'v')
                AND n.nspname NOT IN ('pg_catalog', 'pg_toast')
                AND pg_catalog.pg_table_is_visible(c.oid)
        ; args=None; alias=default
DEBUG 2024-02-27 23:19:05,013 utils (0.001) 
            SELECT
                c.relname,
                CASE
                    WHEN c.relispartition THEN 'p'
                    WHEN c.relkind IN ('m', 'v') THEN 'v'
                    ELSE 't'
                END,
                obj_description(c.oid, 'pg_class')
            FROM pg_catalog.pg_class c
            LEFT JOIN pg_catalog.pg_namespace n ON n.oid = c.relnamespace
            WHERE c.relkind IN ('f', 'm', 'p', 'r', 'v')
                AND n.nspname NOT IN ('pg_catalog', 'pg_toast')
                AND pg_catalog.pg_table_is_visible(c.oid)
        ; args=None; alias=default
DEBUG 2024-02-27 23:19:05,014 utils (0.000) SELECT "django_migrations"."id", "django_migrations"."app", "django_migrations"."name", "django_migrations"."applied" FROM "django_migrations"; args=(); alias=default
DEBUG 2024-02-27 23:19:05,015 utils (0.001) SELECT "django_content_type"."id", "django_content_type"."app_label", "django_content_type"."model" FROM "django_content_type" WHERE "django_content_type"."app_label" = 'admin'; args=('admin',); alias=default
DEBUG 2024-02-27 23:19:05,016 utils (0.000) SELECT "django_content_type"."id", "django_content_type"."app_label", "django_content_type"."model" FROM "django_content_type" WHERE ("django_content_type"."app_label" = 'admin' AND "django_content_type"."model" = 'logentry') LIMIT 21; args=('admin', 'logentry'); alias=default
DEBUG 2024-02-27 23:19:05,018 utils (0.001) SELECT "auth_permission"."content_type_id", "auth_permission"."codename" FROM "auth_permission" INNER JOIN "django_content_type" ON ("auth_permission"."content_type_id" = "django_content_type"."id") WHERE "auth_permission"."content_type_id" IN (1) ORDER BY "django_content_type"."app_label" ASC, "django_content_type"."model" ASC, "auth_permission"."codename" ASC; args=(1,); alias=default
DEBUG 2024-02-27 23:19:05,019 utils (0.000) SELECT "django_content_type"."id", "django_content_type"."app_label", "django_content_type"."model" FROM "django_content_type" WHERE "django_content_type"."app_label" = 'admin'; args=('admin',); alias=default
DEBUG 2024-02-27 23:19:05,020 utils (0.000) SELECT COUNT(*) AS "__count" FROM "pong_gamedata"; args=(); alias=default
DEBUG 2024-02-27 23:19:05,021 utils (0.000) SELECT COUNT(*) AS "__count" FROM "pong_tournamentdata"; args=(); alias=default
DEBUG 2024-02-27 23:19:05,022 utils (0.000) SELECT COUNT(*) AS "__count" FROM "pong_gamedata"; args=(); alias=default
DEBUG 2024-02-27 23:19:05,024 utils (0.000) SELECT COUNT(*) AS "__count" FROM "pong_tournamentdata"; args=(); alias=default
DEBUG 2024-02-27 23:19:05,062 utils (0.009) INSERT INTO "pong_gamedata" ("player1_name", "player1_points", "player2_name", "player2_points", "game_end_timestamp", "game_duration_secs", "is_tournament_game") VALUES ('Player 6', 9, 'Player 2', 11, '2024-01-06T11:07:21.021905+01:00'::timestamptz, 1000, true) RETURNING "pong_gamedata"."id"; args=('Player 6', 9, 'Player 2', 11, datetime.datetime(2024, 1, 6, 11, 7, 21, 21905, tzinfo=<DstTzInfo 'Europe/Paris' CET+1:00:00 STD>), 1000, True); alias=default
DEBUG 2024-02-27 23:19:05,064 utils (0.001) INSERT INTO "pong_gamedata" ("player1_name", "player1_points", "player2_name", "player2_points", "game_end_timestamp", "game_duration_secs", "is_tournament_game") VALUES ('Player 8', 11, 'Player 12', 9, '2024-01-06T10:59:10.021905+01:00'::timestamptz, 399, true) RETURNING "pong_gamedata"."id"; args=('Player 8', 11, 'Player 12', 9, datetime.datetime(2024, 1, 6, 10, 59, 10, 21905, tzinfo=<DstTzInfo 'Europe/Paris' CET+1:00:00 STD>), 399, True); alias=default
DEBUG 2024-02-27 23:19:05,065 utils (0.001) INSERT INTO "pong_gamedata" ("player1_name", "player1_points", "player2_name", "player2_points", "game_end_timestamp", "game_duration_secs", "is_tournament_game") VALUES ('Player 2', 5, 'Player 8', 11, '2024-01-06T11:07:21.021905+01:00'::timestamptz, 966, true) RETURNING "pong_gamedata"."id"; args=('Player 2', 5, 'Player 8', 11, datetime.datetime(2024, 1, 6, 11, 7, 21, 21905, tzinfo=<DstTzInfo 'Europe/Paris' CET+1:00:00 STD>), 966, True); alias=default
DEBUG 2024-02-27 23:19:05,066 utils (0.000) INSERT INTO "pong_tournamentdata" ("tour_id", "match_id_semi_1", "match_id_semi_2", "match_id_final", "tournament_end_timestamp", "tournament_duration_secs", "player_ranking", "blockchain_hash") VALUES (0, 2421, 2422, 2423, '2024-01-06T11:07:21.021905+01:00'::timestamptz, 1000, '["Player 8", "Player 2", "Player 6", "Player 12"]', '0x0') RETURNING "pong_tournamentdata"."id"; args=(0, 2421, 2422, 2423, datetime.datetime(2024, 1, 6, 11, 7, 21, 21905, tzinfo=<DstTzInfo 'Europe/Paris' CET+1:00:00 STD>), 1000, <psycopg2._json.Json object at 0x7f6f7d0729c0>, '0x0'); alias=default
DEBUG 2024-02-27 23:19:05,068 utils (0.001) INSERT INTO "pong_gamedata" ("player1_name", "player1_points", "player2_name", "player2_points", "game_end_timestamp", "game_duration_secs", "is_tournament_game") VALUES ('Player 6', 8, 'Player 2', 11, '2024-02-01T10:02:09.021905+01:00'::timestamptz, 868, true) RETURNING "pong_gamedata"."id"; args=('Player 6', 8, 'Player 2', 11, datetime.datetime(2024, 2, 1, 10, 2, 9, 21905, tzinfo=<DstTzInfo 'Europe/Paris' CET+1:00:00 STD>), 868, True); alias=default
DEBUG 2024-02-27 23:19:05,069 utils (0.001) INSERT INTO "pong_gamedata" ("player1_name", "player1_points", "player2_name", "player2_points", "game_end_timestamp", "game_duration_secs", "is_tournament_game") VALUES ('Player 7', 1, 'Player 11', 11, '2024-02-01T09:51:36.021905+01:00'::timestamptz, 171, true) RETURNING "pong_gamedata"."id"; args=('Player 7', 1, 'Player 11', 11, datetime.datetime(2024, 2, 1, 9, 51, 36, 21905, tzinfo=<DstTzInfo 'Europe/Paris' CET+1:00:00 STD>), 171, True); alias=default
DEBUG 2024-02-27 23:19:05,070 utils (0.001) INSERT INTO "pong_gamedata" ("player1_name", "player1_points", "player2_name", "player2_points", "game_end_timestamp", "game_duration_secs", "is_tournament_game") VALUES ('Player 2', 2, 'Player 11', 11, '2024-02-01T10:03:56.021905+01:00'::timestamptz, 107, true) RETURNING "pong_gamedata"."id"; args=('Player 2', 2, 'Player 11', 11, datetime.datetime(2024, 2, 1, 10, 3, 56, 21905, tzinfo=<DstTzInfo 'Europe/Paris' CET+1:00:00 STD>), 107, True); alias=default
DEBUG 2024-02-27 23:19:05,071 utils (0.000) INSERT INTO "pong_tournamentdata" ("tour_id", "match_id_semi_1", "match_id_semi_2", "match_id_final", "tournament_end_timestamp", "tournament_duration_secs", "player_ranking", "blockchain_hash") VALUES (0, 2424, 2425, 2426, '2024-02-01T10:03:56.021905+01:00'::timestamptz, 975, '["Player 11", "Player 2", "Player 6", "Player 7"]', '0x0') RETURNING "pong_tournamentdata"."id"; args=(0, 2424, 2425, 2426, datetime.datetime(2024, 2, 1, 10, 3, 56, 21905, tzinfo=<DstTzInfo 'Europe/Paris' CET+1:00:00 STD>), 975, <psycopg2._json.Json object at 0x7f6f7d0733e0>, '0x0'); alias=default
DEBUG 2024-02-27 23:19:05,072 utils (0.000) SELECT COUNT(*) AS "__count" FROM "pong_gamedata"; args=(); alias=default
DEBUG 2024-02-27 23:19:05,074 utils (0.001) SELECT COUNT(*) AS "__count" FROM "pong_tournamentdata"; args=(); alias=default
DEBUG 2024-02-27 23:19:05,075 utils (0.000) SELECT "django_content_type"."id", "django_content_type"."app_label", "django_content_type"."model" FROM "django_content_type" WHERE "django_content_type"."app_label" = 'auth'; args=('auth',); alias=default
DEBUG 2024-02-27 23:19:05,077 utils (0.000) SELECT "django_content_type"."id", "django_content_type"."app_label", "django_content_type"."model" FROM "django_content_type" WHERE ("django_content_type"."app_label" = 'auth' AND "django_content_type"."model" = 'permission') LIMIT 21; args=('auth', 'permission'); alias=default
DEBUG 2024-02-27 23:19:05,079 utils (0.000) SELECT "django_content_type"."id", "django_content_type"."app_label", "django_content_type"."model" FROM "django_content_type" WHERE ("django_content_type"."app_label" = 'auth' AND "django_content_type"."model" = 'group') LIMIT 21; args=('auth', 'group'); alias=default
DEBUG 2024-02-27 23:19:05,080 utils (0.000) SELECT "django_content_type"."id", "django_content_type"."app_label", "django_content_type"."model" FROM "django_content_type" WHERE ("django_content_type"."app_label" = 'auth' AND "django_content_type"."model" = 'user') LIMIT 21; args=('auth', 'user'); alias=default
DEBUG 2024-02-27 23:19:05,082 utils (0.001) SELECT "auth_permission"."content_type_id", "auth_permission"."codename" FROM "auth_permission" INNER JOIN "django_content_type" ON ("auth_permission"."content_type_id" = "django_content_type"."id") WHERE "auth_permission"."content_type_id" IN (2, 3, 4) ORDER BY "django_content_type"."app_label" ASC, "django_content_type"."model" ASC, "auth_permission"."codename" ASC; args=(2, 3, 4); alias=default
DEBUG 2024-02-27 23:19:05,083 utils (0.000) SELECT "django_content_type"."id", "django_content_type"."app_label", "django_content_type"."model" FROM "django_content_type" WHERE "django_content_type"."app_label" = 'auth'; args=('auth',); alias=default
DEBUG 2024-02-27 23:19:05,084 utils (0.000) SELECT COUNT(*) AS "__count" FROM "pong_gamedata"; args=(); alias=default
DEBUG 2024-02-27 23:19:05,085 utils (0.000) SELECT COUNT(*) AS "__count" FROM "pong_tournamentdata"; args=(); alias=default
DEBUG 2024-02-27 23:19:05,086 utils (0.000) SELECT COUNT(*) AS "__count" FROM "pong_gamedata"; args=(); alias=default
DEBUG 2024-02-27 23:19:05,087 utils (0.000) SELECT COUNT(*) AS "__count" FROM "pong_tournamentdata"; args=(); alias=default
DEBUG 2024-02-27 23:19:05,089 utils (0.001) INSERT INTO "pong_gamedata" ("player1_name", "player1_points", "player2_name", "player2_points", "game_end_timestamp", "game_duration_secs", "is_tournament_game") VALUES ('Player 12', 0, 'Player 2', 11, '2023-11-28T04:12:08.085535+01:00'::timestamptz, 979, true) RETURNING "pong_gamedata"."id"; args=('Player 12', 0, 'Player 2', 11, datetime.datetime(2023, 11, 28, 4, 12, 8, 85535, tzinfo=<DstTzInfo 'Europe/Paris' CET+1:00:00 STD>), 979, True); alias=default
DEBUG 2024-02-27 23:19:05,091 utils (0.001) INSERT INTO "pong_gamedata" ("player1_name", "player1_points", "player2_name", "player2_points", "game_end_timestamp", "game_duration_secs", "is_tournament_game") VALUES ('Player 1', 1, 'Player 5', 11, '2023-11-28T04:06:42.085535+01:00'::timestamptz, 555, true) RETURNING "pong_gamedata"."id"; args=('Player 1', 1, 'Player 5', 11, datetime.datetime(2023, 11, 28, 4, 6, 42, 85535, tzinfo=<DstTzInfo 'Europe/Paris' CET+1:00:00 STD>), 555, True); alias=default
DEBUG 2024-02-27 23:19:05,094 utils (0.001) INSERT INTO "pong_gamedata" ("player1_name", "player1_points", "player2_name", "player2_points", "game_end_timestamp", "game_duration_secs", "is_tournament_game") VALUES ('Player 2', 11, 'Player 5', 10, '2023-11-28T04:12:16.085535+01:00'::timestamptz, 254, true) RETURNING "pong_gamedata"."id"; args=('Player 2', 11, 'Player 5', 10, datetime.datetime(2023, 11, 28, 4, 12, 16, 85535, tzinfo=<DstTzInfo 'Europe/Paris' CET+1:00:00 STD>), 254, True); alias=default
DEBUG 2024-02-27 23:19:05,095 utils (0.001) INSERT INTO "pong_tournamentdata" ("tour_id", "match_id_semi_1", "match_id_semi_2", "match_id_final", "tournament_end_timestamp", "tournament_duration_secs", "player_ranking", "blockchain_hash") VALUES (0, 2427, 2428, 2429, '2023-11-28T04:12:16.085535+01:00'::timestamptz, 987, '["Player 2", "Player 5", "Player 12", "Player 1"]', '0x0') RETURNING "pong_tournamentdata"."id"; args=(0, 2427, 2428, 2429, datetime.datetime(2023, 11, 28, 4, 12, 16, 85535, tzinfo=<DstTzInfo 'Europe/Paris' CET+1:00:00 STD>), 987, <psycopg2._json.Json object at 0x7f6f7d073950>, '0x0'); alias=default
DEBUG 2024-02-27 23:19:05,097 utils (0.001) INSERT INTO "pong_gamedata" ("player1_name", "player1_points", "player2_name", "player2_points", "game_end_timestamp", "game_duration_secs", "is_tournament_game") VALUES ('Player 14', 4, 'Player 2', 11, '2024-02-15T23:35:30.085535+01:00'::timestamptz, 611, true) RETURNING "pong_gamedata"."id"; args=('Player 14', 4, 'Player 2', 11, datetime.datetime(2024, 2, 15, 23, 35, 30, 85535, tzinfo=<DstTzInfo 'Europe/Paris' CET+1:00:00 STD>), 611, True); alias=default
DEBUG 2024-02-27 23:19:05,099 utils (0.001) INSERT INTO "pong_gamedata" ("player1_name", "player1_points", "player2_name", "player2_points", "game_end_timestamp", "game_duration_secs", "is_tournament_game") VALUES ('Player 3', 11, 'Player 4', 2, '2024-02-15T23:38:35.085535+01:00'::timestamptz, 842, true) RETURNING "pong_gamedata"."id"; args=('Player 3', 11, 'Player 4', 2, datetime.datetime(2024, 2, 15, 23, 38, 35, 85535, tzinfo=<DstTzInfo 'Europe/Paris' CET+1:00:00 STD>), 842, True); alias=default
DEBUG 2024-02-27 23:19:05,101 utils (0.001) INSERT INTO "pong_gamedata" ("player1_name", "player1_points", "player2_name", "player2_points", "game_end_timestamp", "game_duration_secs", "is_tournament_game") VALUES ('Player 2', 11, 'Player 3', 0, '2024-02-15T23:39:05.085535+01:00'::timestamptz, 837, true) RETURNING "pong_gamedata"."id"; args=('Player 2', 11, 'Player 3', 0, datetime.datetime(2024, 2, 15, 23, 39, 5, 85535, tzinfo=<DstTzInfo 'Europe/Paris' CET+1:00:00 STD>), 837, True); alias=default
DEBUG 2024-02-27 23:19:05,101 utils (0.000) INSERT INTO "pong_tournamentdata" ("tour_id", "match_id_semi_1", "match_id_semi_2", "match_id_final", "tournament_end_timestamp", "tournament_duration_secs", "player_ranking", "blockchain_hash") VALUES (0, 2430, 2431, 2432, '2024-02-15T23:39:05.085535+01:00'::timestamptz, 872, '["Player 2", "Player 3", "Player 14", "Player 4"]', '0x0') RETURNING "pong_tournamentdata"."id"; args=(0, 2430, 2431, 2432, datetime.datetime(2024, 2, 15, 23, 39, 5, 85535, tzinfo=<DstTzInfo 'Europe/Paris' CET+1:00:00 STD>), 872, <psycopg2._json.Json object at 0x7f6f7ce982c0>, '0x0'); alias=default
DEBUG 2024-02-27 23:19:05,102 utils (0.000) SELECT COUNT(*) AS "__count" FROM "pong_gamedata"; args=(); alias=default
DEBUG 2024-02-27 23:19:05,103 utils (0.000) SELECT COUNT(*) AS "__count" FROM "pong_tournamentdata"; args=(); alias=default
DEBUG 2024-02-27 23:19:05,104 utils (0.000) SELECT "django_content_type"."id", "django_content_type"."app_label", "django_content_type"."model" FROM "django_content_type" WHERE "django_content_type"."app_label" = 'contenttypes'; args=('contenttypes',); alias=default
DEBUG 2024-02-27 23:19:05,106 utils (0.000) SELECT "django_content_type"."id", "django_content_type"."app_label", "django_content_type"."model" FROM "django_content_type" WHERE ("django_content_type"."app_label" = 'contenttypes' AND "django_content_type"."model" = 'contenttype') LIMIT 21; args=('contenttypes', 'contenttype'); alias=default
DEBUG 2024-02-27 23:19:05,108 utils (0.000) SELECT "auth_permission"."content_type_id", "auth_permission"."codename" FROM "auth_permission" INNER JOIN "django_content_type" ON ("auth_permission"."content_type_id" = "django_content_type"."id") WHERE "auth_permission"."content_type_id" IN (5) ORDER BY "django_content_type"."app_label" ASC, "django_content_type"."model" ASC, "auth_permission"."codename" ASC; args=(5,); alias=default
DEBUG 2024-02-27 23:19:05,109 utils (0.000) SELECT "django_content_type"."id", "django_content_type"."app_label", "django_content_type"."model" FROM "django_content_type" WHERE "django_content_type"."app_label" = 'contenttypes'; args=('contenttypes',); alias=default
DEBUG 2024-02-27 23:19:05,111 utils (0.001) SELECT COUNT(*) AS "__count" FROM "pong_gamedata"; args=(); alias=default
DEBUG 2024-02-27 23:19:05,113 utils (0.000) SELECT COUNT(*) AS "__count" FROM "pong_tournamentdata"; args=(); alias=default
DEBUG 2024-02-27 23:19:05,115 utils (0.000) SELECT COUNT(*) AS "__count" FROM "pong_gamedata"; args=(); alias=default
DEBUG 2024-02-27 23:19:05,116 utils (0.000) SELECT COUNT(*) AS "__count" FROM "pong_tournamentdata"; args=(); alias=default
DEBUG 2024-02-27 23:19:05,118 utils (0.001) INSERT INTO "pong_gamedata" ("player1_name", "player1_points", "player2_name", "player2_points", "game_end_timestamp", "game_duration_secs", "is_tournament_game") VALUES ('Player 1', 11, 'Player 8', 7, '2023-12-19T03:55:31.113848+01:00'::timestamptz, 31, true) RETURNING "pong_gamedata"."id"; args=('Player 1', 11, 'Player 8', 7, datetime.datetime(2023, 12, 19, 3, 55, 31, 113848, tzinfo=<DstTzInfo 'Europe/Paris' CET+1:00:00 STD>), 31, True); alias=default
DEBUG 2024-02-27 23:19:05,119 utils (0.001) INSERT INTO "pong_gamedata" ("player1_name", "player1_points", "player2_name", "player2_points", "game_end_timestamp", "game_duration_secs", "is_tournament_game") VALUES ('Player 4', 7, 'Player 3', 11, '2023-12-19T03:54:08.113848+01:00'::timestamptz, 441, true) RETURNING "pong_gamedata"."id"; args=('Player 4', 7, 'Player 3', 11, datetime.datetime(2023, 12, 19, 3, 54, 8, 113848, tzinfo=<DstTzInfo 'Europe/Paris' CET+1:00:00 STD>), 441, True); alias=default
DEBUG 2024-02-27 23:19:05,120 utils (0.001) INSERT INTO "pong_gamedata" ("player1_name", "player1_points", "player2_name", "player2_points", "game_end_timestamp", "game_duration_secs", "is_tournament_game") VALUES ('Player 1', 11, 'Player 3', 1, '2023-12-19T04:01:11.113848+01:00'::timestamptz, 888, true) RETURNING "pong_gamedata"."id"; args=('Player 1', 11, 'Player 3', 1, datetime.datetime(2023, 12, 19, 4, 1, 11, 113848, tzinfo=<DstTzInfo 'Europe/Paris' CET+1:00:00 STD>), 888, True); alias=default
DEBUG 2024-02-27 23:19:05,121 utils (0.000) INSERT INTO "pong_tournamentdata" ("tour_id", "match_id_semi_1", "match_id_semi_2", "match_id_final", "tournament_end_timestamp", "tournament_duration_secs", "player_ranking", "blockchain_hash") VALUES (0, 2433, 2434, 2435, '2023-12-19T04:01:11.113848+01:00'::timestamptz, 864, '["Player 1", "Player 3", "Player 8", "Player 4"]', '0x0') RETURNING "pong_tournamentdata"."id"; args=(0, 2433, 2434, 2435, datetime.datetime(2023, 12, 19, 4, 1, 11, 113848, tzinfo=<DstTzInfo 'Europe/Paris' CET+1:00:00 STD>), 864, <psycopg2._json.Json object at 0x7f6f7ce98bc0>, '0x0'); alias=default
DEBUG 2024-02-27 23:19:05,123 utils (0.001) INSERT INTO "pong_gamedata" ("player1_name", "player1_points", "player2_name", "player2_points", "game_end_timestamp", "game_duration_secs", "is_tournament_game") VALUES ('Player 8', 11, 'Player 9', 6, '2024-02-15T10:41:55.113848+01:00'::timestamptz, 673, true) RETURNING "pong_gamedata"."id"; args=('Player 8', 11, 'Player 9', 6, datetime.datetime(2024, 2, 15, 10, 41, 55, 113848, tzinfo=<DstTzInfo 'Europe/Paris' CET+1:00:00 STD>), 673, True); alias=default
DEBUG 2024-02-27 23:19:05,125 utils (0.001) INSERT INTO "pong_gamedata" ("player1_name", "player1_points", "player2_name", "player2_points", "game_end_timestamp", "game_duration_secs", "is_tournament_game") VALUES ('Player 14', 11, 'Player 15', 5, '2024-02-15T10:33:39.113848+01:00'::timestamptz, 105, true) RETURNING "pong_gamedata"."id"; args=('Player 14', 11, 'Player 15', 5, datetime.datetime(2024, 2, 15, 10, 33, 39, 113848, tzinfo=<DstTzInfo 'Europe/Paris' CET+1:00:00 STD>), 105, True); alias=default
DEBUG 2024-02-27 23:19:05,126 utils (0.001) INSERT INTO "pong_gamedata" ("player1_name", "player1_points", "player2_name", "player2_points", "game_end_timestamp", "game_duration_secs", "is_tournament_game") VALUES ('Player 8', 11, 'Player 14', 6, '2024-02-15T10:44:14.113848+01:00'::timestamptz, 627, true) RETURNING "pong_gamedata"."id"; args=('Player 8', 11, 'Player 14', 6, datetime.datetime(2024, 2, 15, 10, 44, 14, 113848, tzinfo=<DstTzInfo 'Europe/Paris' CET+1:00:00 STD>), 627, True); alias=default
DEBUG 2024-02-27 23:19:05,128 utils (0.001) INSERT INTO "pong_tournamentdata" ("tour_id", "match_id_semi_1", "match_id_semi_2", "match_id_final", "tournament_end_timestamp", "tournament_duration_secs", "player_ranking", "blockchain_hash") VALUES (0, 2436, 2437, 2438, '2024-02-15T10:44:14.113848+01:00'::timestamptz, 812, '["Player 8", "Player 14", "Player 9", "Player 15"]', '0x0') RETURNING "pong_tournamentdata"."id"; args=(0, 2436, 2437, 2438, datetime.datetime(2024, 2, 15, 10, 44, 14, 113848, tzinfo=<DstTzInfo 'Europe/Paris' CET+1:00:00 STD>), 812, <psycopg2._json.Json object at 0x7f6f7ce99910>, '0x0'); alias=default
DEBUG 2024-02-27 23:19:05,129 utils (0.001) SELECT COUNT(*) AS "__count" FROM "pong_gamedata"; args=(); alias=default
DEBUG 2024-02-27 23:19:05,130 utils (0.000) SELECT COUNT(*) AS "__count" FROM "pong_tournamentdata"; args=(); alias=default
DEBUG 2024-02-27 23:19:05,131 utils (0.000) SELECT "django_content_type"."id", "django_content_type"."app_label", "django_content_type"."model" FROM "django_content_type" WHERE "django_content_type"."app_label" = 'sessions'; args=('sessions',); alias=default
DEBUG 2024-02-27 23:19:05,132 utils (0.000) SELECT "django_content_type"."id", "django_content_type"."app_label", "django_content_type"."model" FROM "django_content_type" WHERE ("django_content_type"."app_label" = 'sessions' AND "django_content_type"."model" = 'session') LIMIT 21; args=('sessions', 'session'); alias=default
DEBUG 2024-02-27 23:19:05,133 utils (0.000) SELECT "auth_permission"."content_type_id", "auth_permission"."codename" FROM "auth_permission" INNER JOIN "django_content_type" ON ("auth_permission"."content_type_id" = "django_content_type"."id") WHERE "auth_permission"."content_type_id" IN (6) ORDER BY "django_content_type"."app_label" ASC, "django_content_type"."model" ASC, "auth_permission"."codename" ASC; args=(6,); alias=default
DEBUG 2024-02-27 23:19:05,134 utils (0.000) SELECT "django_content_type"."id", "django_content_type"."app_label", "django_content_type"."model" FROM "django_content_type" WHERE "django_content_type"."app_label" = 'sessions'; args=('sessions',); alias=default
DEBUG 2024-02-27 23:19:05,135 utils (0.000) SELECT COUNT(*) AS "__count" FROM "pong_gamedata"; args=(); alias=default
DEBUG 2024-02-27 23:19:05,136 utils (0.000) SELECT COUNT(*) AS "__count" FROM "pong_tournamentdata"; args=(); alias=default
DEBUG 2024-02-27 23:19:05,137 utils (0.000) SELECT COUNT(*) AS "__count" FROM "pong_gamedata"; args=(); alias=default
DEBUG 2024-02-27 23:19:05,138 utils (0.000) SELECT COUNT(*) AS "__count" FROM "pong_tournamentdata"; args=(); alias=default
DEBUG 2024-02-27 23:19:05,139 utils (0.001) INSERT INTO "pong_gamedata" ("player1_name", "player1_points", "player2_name", "player2_points", "game_end_timestamp", "game_duration_secs", "is_tournament_game") VALUES ('Player 14', 11, 'Player 3', 10, '2024-01-29T00:22:19.136620+01:00'::timestamptz, 703, true) RETURNING "pong_gamedata"."id"; args=('Player 14', 11, 'Player 3', 10, datetime.datetime(2024, 1, 29, 0, 22, 19, 136620, tzinfo=<DstTzInfo 'Europe/Paris' CET+1:00:00 STD>), 703, True); alias=default
DEBUG 2024-02-27 23:19:05,141 utils (0.001) INSERT INTO "pong_gamedata" ("player1_name", "player1_points", "player2_name", "player2_points", "game_end_timestamp", "game_duration_secs", "is_tournament_game") VALUES ('Player 9', 11, 'Player 5', 9, '2024-01-29T00:25:38.136620+01:00'::timestamptz, 872, true) RETURNING "pong_gamedata"."id"; args=('Player 9', 11, 'Player 5', 9, datetime.datetime(2024, 1, 29, 0, 25, 38, 136620, tzinfo=<DstTzInfo 'Europe/Paris' CET+1:00:00 STD>), 872, True); alias=default
DEBUG 2024-02-27 23:19:05,143 utils (0.001) INSERT INTO "pong_gamedata" ("player1_name", "player1_points", "player2_name", "player2_points", "game_end_timestamp", "game_duration_secs", "is_tournament_game") VALUES ('Player 14', 11, 'Player 9', 4, '2024-01-29T00:26:08.136620+01:00'::timestamptz, 669, true) RETURNING "pong_gamedata"."id"; args=('Player 14', 11, 'Player 9', 4, datetime.datetime(2024, 1, 29, 0, 26, 8, 136620, tzinfo=<DstTzInfo 'Europe/Paris' CET+1:00:00 STD>), 669, True); alias=default
DEBUG 2024-02-27 23:19:05,144 utils (0.001) INSERT INTO "pong_tournamentdata" ("tour_id", "match_id_semi_1", "match_id_semi_2", "match_id_final", "tournament_end_timestamp", "tournament_duration_secs", "player_ranking", "blockchain_hash") VALUES (0, 2439, 2440, 2441, '2024-01-29T00:26:08.136620+01:00'::timestamptz, 932, '["Player 14", "Player 9", "Player 3", "Player 5"]', '0x0') RETURNING "pong_tournamentdata"."id"; args=(0, 2439, 2440, 2441, datetime.datetime(2024, 1, 29, 0, 26, 8, 136620, tzinfo=<DstTzInfo 'Europe/Paris' CET+1:00:00 STD>), 932, <psycopg2._json.Json object at 0x7f6f7ce99c70>, '0x0'); alias=default
DEBUG 2024-02-27 23:19:05,146 utils (0.001) INSERT INTO "pong_gamedata" ("player1_name", "player1_points", "player2_name", "player2_points", "game_end_timestamp", "game_duration_secs", "is_tournament_game") VALUES ('Player 5', 1, 'Player 6', 11, '2024-02-23T22:21:38.136620+01:00'::timestamptz, 915, true) RETURNING "pong_gamedata"."id"; args=('Player 5', 1, 'Player 6', 11, datetime.datetime(2024, 2, 23, 22, 21, 38, 136620, tzinfo=<DstTzInfo 'Europe/Paris' CET+1:00:00 STD>), 915, True); alias=default
DEBUG 2024-02-27 23:19:05,147 utils (0.001) INSERT INTO "pong_gamedata" ("player1_name", "player1_points", "player2_name", "player2_points", "game_end_timestamp", "game_duration_secs", "is_tournament_game") VALUES ('Player 0', 2, 'Player 7', 11, '2024-02-23T22:16:27.136620+01:00'::timestamptz, 58, true) RETURNING "pong_gamedata"."id"; args=('Player 0', 2, 'Player 7', 11, datetime.datetime(2024, 2, 23, 22, 16, 27, 136620, tzinfo=<DstTzInfo 'Europe/Paris' CET+1:00:00 STD>), 58, True); alias=default
DEBUG 2024-02-27 23:19:05,148 utils (0.001) INSERT INTO "pong_gamedata" ("player1_name", "player1_points", "player2_name", "player2_points", "game_end_timestamp", "game_duration_secs", "is_tournament_game") VALUES ('Player 6', 11, 'Player 7', 7, '2024-02-23T22:22:12.136620+01:00'::timestamptz, 642, true) RETURNING "pong_gamedata"."id"; args=('Player 6', 11, 'Player 7', 7, datetime.datetime(2024, 2, 23, 22, 22, 12, 136620, tzinfo=<DstTzInfo 'Europe/Paris' CET+1:00:00 STD>), 642, True); alias=default
DEBUG 2024-02-27 23:19:05,149 utils (0.000) INSERT INTO "pong_tournamentdata" ("tour_id", "match_id_semi_1", "match_id_semi_2", "match_id_final", "tournament_end_timestamp", "tournament_duration_secs", "player_ranking", "blockchain_hash") VALUES (0, 2442, 2443, 2444, '2024-02-23T22:22:12.136620+01:00'::timestamptz, 949, '["Player 6", "Player 7", "Player 5", "Player 0"]', '0x0') RETURNING "pong_tournamentdata"."id"; args=(0, 2442, 2443, 2444, datetime.datetime(2024, 2, 23, 22, 22, 12, 136620, tzinfo=<DstTzInfo 'Europe/Paris' CET+1:00:00 STD>), 949, <psycopg2._json.Json object at 0x7f6f7ce9aba0>, '0x0'); alias=default
DEBUG 2024-02-27 23:19:05,150 utils (0.000) SELECT COUNT(*) AS "__count" FROM "pong_gamedata"; args=(); alias=default
DEBUG 2024-02-27 23:19:05,151 utils (0.000) SELECT COUNT(*) AS "__count" FROM "pong_tournamentdata"; args=(); alias=default
DEBUG 2024-02-27 23:19:05,152 utils (0.000) SELECT "django_content_type"."id", "django_content_type"."app_label", "django_content_type"."model" FROM "django_content_type" WHERE "django_content_type"."app_label" = 'pong'; args=('pong',); alias=default
DEBUG 2024-02-27 23:19:05,153 utils (0.000) SELECT "django_content_type"."id", "django_content_type"."app_label", "django_content_type"."model" FROM "django_content_type" WHERE ("django_content_type"."app_label" = 'pong' AND "django_content_type"."model" = 'gamedata') LIMIT 21; args=('pong', 'gamedata'); alias=default
DEBUG 2024-02-27 23:19:05,154 utils (0.000) SELECT "django_content_type"."id", "django_content_type"."app_label", "django_content_type"."model" FROM "django_content_type" WHERE ("django_content_type"."app_label" = 'pong' AND "django_content_type"."model" = 'tournamentdata') LIMIT 21; args=('pong', 'tournamentdata'); alias=default
DEBUG 2024-02-27 23:19:05,155 utils (0.000) SELECT "auth_permission"."content_type_id", "auth_permission"."codename" FROM "auth_permission" INNER JOIN "django_content_type" ON ("auth_permission"."content_type_id" = "django_content_type"."id") WHERE "auth_permission"."content_type_id" IN (8, 7) ORDER BY "django_content_type"."app_label" ASC, "django_content_type"."model" ASC, "auth_permission"."codename" ASC; args=(8, 7); alias=default
DEBUG 2024-02-27 23:19:05,156 utils (0.000) SELECT "django_content_type"."id", "django_content_type"."app_label", "django_content_type"."model" FROM "django_content_type" WHERE "django_content_type"."app_label" = 'pong'; args=('pong',); alias=default
DEBUG 2024-02-27 23:19:05,158 utils (0.000) SELECT COUNT(*) AS "__count" FROM "pong_gamedata"; args=(); alias=default
DEBUG 2024-02-27 23:19:05,159 utils (0.000) SELECT COUNT(*) AS "__count" FROM "pong_tournamentdata"; args=(); alias=default
DEBUG 2024-02-27 23:19:05,161 utils (0.001) SELECT COUNT(*) AS "__count" FROM "pong_gamedata"; args=(); alias=default
DEBUG 2024-02-27 23:19:05,163 utils (0.000) SELECT COUNT(*) AS "__count" FROM "pong_tournamentdata"; args=(); alias=default
DEBUG 2024-02-27 23:19:05,164 utils (0.001) INSERT INTO "pong_gamedata" ("player1_name", "player1_points", "player2_name", "player2_points", "game_end_timestamp", "game_duration_secs", "is_tournament_game") VALUES ('Player 14', 10, 'Player 12', 11, '2024-02-26T18:05:55.160194+01:00'::timestamptz, 971, true) RETURNING "pong_gamedata"."id"; args=('Player 14', 10, 'Player 12', 11, datetime.datetime(2024, 2, 26, 18, 5, 55, 160194, tzinfo=<DstTzInfo 'Europe/Paris' CET+1:00:00 STD>), 971, True); alias=default
DEBUG 2024-02-27 23:19:05,166 utils (0.001) INSERT INTO "pong_gamedata" ("player1_name", "player1_points", "player2_name", "player2_points", "game_end_timestamp", "game_duration_secs", "is_tournament_game") VALUES ('Player 2', 11, 'Player 1', 8, '2024-02-26T18:06:14.160194+01:00'::timestamptz, 903, true) RETURNING "pong_gamedata"."id"; args=('Player 2', 11, 'Player 1', 8, datetime.datetime(2024, 2, 26, 18, 6, 14, 160194, tzinfo=<DstTzInfo 'Europe/Paris' CET+1:00:00 STD>), 903, True); alias=default
DEBUG 2024-02-27 23:19:05,167 utils (0.001) INSERT INTO "pong_gamedata" ("player1_name", "player1_points", "player2_name", "player2_points", "game_end_timestamp", "game_duration_secs", "is_tournament_game") VALUES ('Player 12', 11, 'Player 2', 9, '2024-02-26T18:06:19.160194+01:00'::timestamptz, 714, true) RETURNING "pong_gamedata"."id"; args=('Player 12', 11, 'Player 2', 9, datetime.datetime(2024, 2, 26, 18, 6, 19, 160194, tzinfo=<DstTzInfo 'Europe/Paris' CET+1:00:00 STD>), 714, True); alias=default
DEBUG 2024-02-27 23:19:05,168 utils (0.000) INSERT INTO "pong_tournamentdata" ("tour_id", "match_id_semi_1", "match_id_semi_2", "match_id_final", "tournament_end_timestamp", "tournament_duration_secs", "player_ranking", "blockchain_hash") VALUES (0, 2445, 2446, 2447, '2024-02-26T18:06:19.160194+01:00'::timestamptz, 995, '["Player 12", "Player 2", "Player 14", "Player 1"]', '0x0') RETURNING "pong_tournamentdata"."id"; args=(0, 2445, 2446, 2447, datetime.datetime(2024, 2, 26, 18, 6, 19, 160194, tzinfo=<DstTzInfo 'Europe/Paris' CET+1:00:00 STD>), 995, <psycopg2._json.Json object at 0x7f6f7ce9aae0>, '0x0'); alias=default
DEBUG 2024-02-27 23:19:05,169 utils (0.001) INSERT INTO "pong_gamedata" ("player1_name", "player1_points", "player2_name", "player2_points", "game_end_timestamp", "game_duration_secs", "is_tournament_game") VALUES ('Player 5', 6, 'Player 14', 11, '2023-11-24T00:15:59.160194+01:00'::timestamptz, 688, true) RETURNING "pong_gamedata"."id"; args=('Player 5', 6, 'Player 14', 11, datetime.datetime(2023, 11, 24, 0, 15, 59, 160194, tzinfo=<DstTzInfo 'Europe/Paris' CET+1:00:00 STD>), 688, True); alias=default
DEBUG 2024-02-27 23:19:05,170 utils (0.001) INSERT INTO "pong_gamedata" ("player1_name", "player1_points", "player2_name", "player2_points", "game_end_timestamp", "game_duration_secs", "is_tournament_game") VALUES ('Player 0', 11, 'Player 15', 4, '2023-11-24T00:06:20.160194+01:00'::timestamptz, 277, true) RETURNING "pong_gamedata"."id"; args=('Player 0', 11, 'Player 15', 4, datetime.datetime(2023, 11, 24, 0, 6, 20, 160194, tzinfo=<DstTzInfo 'Europe/Paris' CET+1:00:00 STD>), 277, True); alias=default
DEBUG 2024-02-27 23:19:05,172 utils (0.001) INSERT INTO "pong_gamedata" ("player1_name", "player1_points", "player2_name", "player2_points", "game_end_timestamp", "game_duration_secs", "is_tournament_game") VALUES ('Player 14', 0, 'Player 0', 11, '2023-11-24T00:17:24.160194+01:00'::timestamptz, 678, true) RETURNING "pong_gamedata"."id"; args=('Player 14', 0, 'Player 0', 11, datetime.datetime(2023, 11, 24, 0, 17, 24, 160194, tzinfo=<DstTzInfo 'Europe/Paris' CET+1:00:00 STD>), 678, True); alias=default
DEBUG 2024-02-27 23:19:05,172 utils (0.000) INSERT INTO "pong_tournamentdata" ("tour_id", "match_id_semi_1", "match_id_semi_2", "match_id_final", "tournament_end_timestamp", "tournament_duration_secs", "player_ranking", "blockchain_hash") VALUES (0, 2448, 2449, 2450, '2023-11-24T00:17:24.160194+01:00'::timestamptz, 941, '["Player 0", "Player 14", "Player 5", "Player 15"]', '0x0') RETURNING "pong_tournamentdata"."id"; args=(0, 2448, 2449, 2450, datetime.datetime(2023, 11, 24, 0, 17, 24, 160194, tzinfo=<DstTzInfo 'Europe/Paris' CET+1:00:00 STD>), 941, <psycopg2._json.Json object at 0x7f6f7ce984a0>, '0x0'); alias=default
DEBUG 2024-02-27 23:19:05,174 utils (0.001) SELECT COUNT(*) AS "__count" FROM "pong_gamedata"; args=(); alias=default
DEBUG 2024-02-27 23:19:05,176 utils (0.000) SELECT COUNT(*) AS "__count" FROM "pong_tournamentdata"; args=(); alias=default
