DEBUG 2024-02-28 21:24:03,797 utils (0.002) 
            SELECT
                c.relname,
                CASE
                    WHEN c.relispartition THEN 'p'
                    WHEN c.relkind IN ('m', 'v') THEN 'v'
                    ELSE 't'
                END,
                obj_description(c.oid, 'pg_class')
            FROM pg_catalog.pg_class c
            LEFT JOIN pg_catalog.pg_namespace n ON n.oid = c.relnamespace
            WHERE c.relkind IN ('f', 'm', 'p', 'r', 'v')
                AND n.nspname NOT IN ('pg_catalog', 'pg_toast')
                AND pg_catalog.pg_table_is_visible(c.oid)
        ; args=None; alias=default
DEBUG 2024-02-28 21:24:03,799 utils (0.000) SELECT "django_migrations"."id", "django_migrations"."app", "django_migrations"."name", "django_migrations"."applied" FROM "django_migrations"; args=(); alias=default
DEBUG 2024-02-28 21:24:03,801 utils (0.001) 
            SELECT
                c.relname,
                CASE
                    WHEN c.relispartition THEN 'p'
                    WHEN c.relkind IN ('m', 'v') THEN 'v'
                    ELSE 't'
                END,
                obj_description(c.oid, 'pg_class')
            FROM pg_catalog.pg_class c
            LEFT JOIN pg_catalog.pg_namespace n ON n.oid = c.relnamespace
            WHERE c.relkind IN ('f', 'm', 'p', 'r', 'v')
                AND n.nspname NOT IN ('pg_catalog', 'pg_toast')
                AND pg_catalog.pg_table_is_visible(c.oid)
        ; args=None; alias=default
DEBUG 2024-02-28 21:24:03,802 utils (0.000) SELECT "django_migrations"."id", "django_migrations"."app", "django_migrations"."name", "django_migrations"."applied" FROM "django_migrations"; args=(); alias=default
DEBUG 2024-02-28 21:24:03,821 utils (0.001) 
            SELECT
                c.relname,
                CASE
                    WHEN c.relispartition THEN 'p'
                    WHEN c.relkind IN ('m', 'v') THEN 'v'
                    ELSE 't'
                END,
                obj_description(c.oid, 'pg_class')
            FROM pg_catalog.pg_class c
            LEFT JOIN pg_catalog.pg_namespace n ON n.oid = c.relnamespace
            WHERE c.relkind IN ('f', 'm', 'p', 'r', 'v')
                AND n.nspname NOT IN ('pg_catalog', 'pg_toast')
                AND pg_catalog.pg_table_is_visible(c.oid)
        ; args=None; alias=default
DEBUG 2024-02-28 21:24:03,822 utils (0.001) 
            SELECT
                c.relname,
                CASE
                    WHEN c.relispartition THEN 'p'
                    WHEN c.relkind IN ('m', 'v') THEN 'v'
                    ELSE 't'
                END,
                obj_description(c.oid, 'pg_class')
            FROM pg_catalog.pg_class c
            LEFT JOIN pg_catalog.pg_namespace n ON n.oid = c.relnamespace
            WHERE c.relkind IN ('f', 'm', 'p', 'r', 'v')
                AND n.nspname NOT IN ('pg_catalog', 'pg_toast')
                AND pg_catalog.pg_table_is_visible(c.oid)
        ; args=None; alias=default
DEBUG 2024-02-28 21:24:03,823 utils (0.000) SELECT "django_migrations"."id", "django_migrations"."app", "django_migrations"."name", "django_migrations"."applied" FROM "django_migrations"; args=(); alias=default
DEBUG 2024-02-28 21:24:03,824 utils (0.001) SELECT "django_content_type"."id", "django_content_type"."app_label", "django_content_type"."model" FROM "django_content_type" WHERE "django_content_type"."app_label" = 'admin'; args=('admin',); alias=default
DEBUG 2024-02-28 21:24:03,826 utils (0.000) SELECT "django_content_type"."id", "django_content_type"."app_label", "django_content_type"."model" FROM "django_content_type" WHERE ("django_content_type"."app_label" = 'admin' AND "django_content_type"."model" = 'logentry') LIMIT 21; args=('admin', 'logentry'); alias=default
DEBUG 2024-02-28 21:24:03,828 utils (0.001) SELECT "auth_permission"."content_type_id", "auth_permission"."codename" FROM "auth_permission" INNER JOIN "django_content_type" ON ("auth_permission"."content_type_id" = "django_content_type"."id") WHERE "auth_permission"."content_type_id" IN (1) ORDER BY "django_content_type"."app_label" ASC, "django_content_type"."model" ASC, "auth_permission"."codename" ASC; args=(1,); alias=default
DEBUG 2024-02-28 21:24:03,829 utils (0.000) SELECT "django_content_type"."id", "django_content_type"."app_label", "django_content_type"."model" FROM "django_content_type" WHERE "django_content_type"."app_label" = 'admin'; args=('admin',); alias=default
DEBUG 2024-02-28 21:24:03,830 utils (0.001) SELECT COUNT(*) AS "__count" FROM "pong_gamedata"; args=(); alias=default
DEBUG 2024-02-28 21:24:03,831 utils (0.000) SELECT COUNT(*) AS "__count" FROM "pong_tournamentdata"; args=(); alias=default
DEBUG 2024-02-28 21:24:03,832 utils (0.000) SELECT COUNT(*) AS "__count" FROM "pong_gamedata"; args=(); alias=default
DEBUG 2024-02-28 21:24:03,858 utils (0.001) INSERT INTO "pong_gamedata" ("player1_name", "player1_points", "player2_name", "player2_points", "game_end_timestamp", "game_duration_secs", "is_tournament_game") VALUES ('Player 6', 8, 'Player 15', 11, '2024-02-14T00:04:30.831770+01:00'::timestamptz, 705, false) RETURNING "pong_gamedata"."id"; args=('Player 6', 8, 'Player 15', 11, datetime.datetime(2024, 2, 14, 0, 4, 30, 831770, tzinfo=<DstTzInfo 'Europe/Paris' CET+1:00:00 STD>), 705, False); alias=default
DEBUG 2024-02-28 21:24:03,859 utils (0.001) INSERT INTO "pong_gamedata" ("player1_name", "player1_points", "player2_name", "player2_points", "game_end_timestamp", "game_duration_secs", "is_tournament_game") VALUES ('Player 10', 4, 'Player 14', 11, '2024-02-16T02:40:53.831770+01:00'::timestamptz, 214, false) RETURNING "pong_gamedata"."id"; args=('Player 10', 4, 'Player 14', 11, datetime.datetime(2024, 2, 16, 2, 40, 53, 831770, tzinfo=<DstTzInfo 'Europe/Paris' CET+1:00:00 STD>), 214, False); alias=default
DEBUG 2024-02-28 21:24:03,861 utils (0.001) INSERT INTO "pong_gamedata" ("player1_name", "player1_points", "player2_name", "player2_points", "game_end_timestamp", "game_duration_secs", "is_tournament_game") VALUES ('Player 0', 8, 'Player 5', 11, '2024-01-30T08:51:12.831770+01:00'::timestamptz, 712, false) RETURNING "pong_gamedata"."id"; args=('Player 0', 8, 'Player 5', 11, datetime.datetime(2024, 1, 30, 8, 51, 12, 831770, tzinfo=<DstTzInfo 'Europe/Paris' CET+1:00:00 STD>), 712, False); alias=default
DEBUG 2024-02-28 21:24:03,862 utils (0.001) INSERT INTO "pong_gamedata" ("player1_name", "player1_points", "player2_name", "player2_points", "game_end_timestamp", "game_duration_secs", "is_tournament_game") VALUES ('Player 7', 11, 'Player 13', 4, '2024-01-06T14:47:03.831770+01:00'::timestamptz, 199, false) RETURNING "pong_gamedata"."id"; args=('Player 7', 11, 'Player 13', 4, datetime.datetime(2024, 1, 6, 14, 47, 3, 831770, tzinfo=<DstTzInfo 'Europe/Paris' CET+1:00:00 STD>), 199, False); alias=default
DEBUG 2024-02-28 21:24:03,863 utils (0.001) INSERT INTO "pong_gamedata" ("player1_name", "player1_points", "player2_name", "player2_points", "game_end_timestamp", "game_duration_secs", "is_tournament_game") VALUES ('Player 13', 11, 'Player 9', 8, '2024-01-24T09:32:28.831770+01:00'::timestamptz, 631, false) RETURNING "pong_gamedata"."id"; args=('Player 13', 11, 'Player 9', 8, datetime.datetime(2024, 1, 24, 9, 32, 28, 831770, tzinfo=<DstTzInfo 'Europe/Paris' CET+1:00:00 STD>), 631, False); alias=default
DEBUG 2024-02-28 21:24:03,864 utils (0.001) INSERT INTO "pong_gamedata" ("player1_name", "player1_points", "player2_name", "player2_points", "game_end_timestamp", "game_duration_secs", "is_tournament_game") VALUES ('Player 0', 9, 'Player 15', 11, '2024-02-26T06:14:02.831770+01:00'::timestamptz, 979, false) RETURNING "pong_gamedata"."id"; args=('Player 0', 9, 'Player 15', 11, datetime.datetime(2024, 2, 26, 6, 14, 2, 831770, tzinfo=<DstTzInfo 'Europe/Paris' CET+1:00:00 STD>), 979, False); alias=default
DEBUG 2024-02-28 21:24:03,866 utils (0.001) INSERT INTO "pong_gamedata" ("player1_name", "player1_points", "player2_name", "player2_points", "game_end_timestamp", "game_duration_secs", "is_tournament_game") VALUES ('Player 8', 11, 'Player 0', 10, '2024-02-14T19:07:33.831770+01:00'::timestamptz, 826, false) RETURNING "pong_gamedata"."id"; args=('Player 8', 11, 'Player 0', 10, datetime.datetime(2024, 2, 14, 19, 7, 33, 831770, tzinfo=<DstTzInfo 'Europe/Paris' CET+1:00:00 STD>), 826, False); alias=default
DEBUG 2024-02-28 21:24:03,867 utils (0.001) INSERT INTO "pong_gamedata" ("player1_name", "player1_points", "player2_name", "player2_points", "game_end_timestamp", "game_duration_secs", "is_tournament_game") VALUES ('Player 1', 11, 'Player 9', 4, '2023-12-26T15:30:52.831770+01:00'::timestamptz, 723, false) RETURNING "pong_gamedata"."id"; args=('Player 1', 11, 'Player 9', 4, datetime.datetime(2023, 12, 26, 15, 30, 52, 831770, tzinfo=<DstTzInfo 'Europe/Paris' CET+1:00:00 STD>), 723, False); alias=default
DEBUG 2024-02-28 21:24:03,868 utils (0.000) SELECT COUNT(*) AS "__count" FROM "pong_tournamentdata"; args=(); alias=default
DEBUG 2024-02-28 21:24:03,870 utils (0.001) INSERT INTO "pong_gamedata" ("player1_name", "player1_points", "player2_name", "player2_points", "game_end_timestamp", "game_duration_secs", "is_tournament_game") VALUES ('Player 4', 7, 'Player 12', 11, '2023-11-30T11:51:20.831770+01:00'::timestamptz, 888, true) RETURNING "pong_gamedata"."id"; args=('Player 4', 7, 'Player 12', 11, datetime.datetime(2023, 11, 30, 11, 51, 20, 831770, tzinfo=<DstTzInfo 'Europe/Paris' CET+1:00:00 STD>), 888, True); alias=default
DEBUG 2024-02-28 21:24:03,872 utils (0.001) INSERT INTO "pong_gamedata" ("player1_name", "player1_points", "player2_name", "player2_points", "game_end_timestamp", "game_duration_secs", "is_tournament_game") VALUES ('Player 3', 8, 'Player 10', 11, '2023-11-30T11:41:46.831770+01:00'::timestamptz, 162, true) RETURNING "pong_gamedata"."id"; args=('Player 3', 8, 'Player 10', 11, datetime.datetime(2023, 11, 30, 11, 41, 46, 831770, tzinfo=<DstTzInfo 'Europe/Paris' CET+1:00:00 STD>), 162, True); alias=default
DEBUG 2024-02-28 21:24:03,873 utils (0.001) INSERT INTO "pong_gamedata" ("player1_name", "player1_points", "player2_name", "player2_points", "game_end_timestamp", "game_duration_secs", "is_tournament_game") VALUES ('Player 12', 7, 'Player 10', 11, '2023-11-30T11:52:38.831770+01:00'::timestamptz, 943, true) RETURNING "pong_gamedata"."id"; args=('Player 12', 7, 'Player 10', 11, datetime.datetime(2023, 11, 30, 11, 52, 38, 831770, tzinfo=<DstTzInfo 'Europe/Paris' CET+1:00:00 STD>), 943, True); alias=default
DEBUG 2024-02-28 21:24:03,875 utils (0.001) INSERT INTO "pong_tournamentdata" ("tour_id", "match_id_semi_1", "match_id_semi_2", "match_id_final", "tournament_end_timestamp", "tournament_duration_secs", "player_ranking", "blockchain_hash") VALUES (0, 9, 10, 11, '2023-11-30T11:52:38.831770+01:00'::timestamptz, 966, '["Player 10", "Player 12", "Player 4", "Player 3"]', '0x0') RETURNING "pong_tournamentdata"."id"; args=(0, 9, 10, 11, datetime.datetime(2023, 11, 30, 11, 52, 38, 831770, tzinfo=<DstTzInfo 'Europe/Paris' CET+1:00:00 STD>), 966, <psycopg2._json.Json object at 0x7f3d2f5272f0>, '0x0'); alias=default
DEBUG 2024-02-28 21:24:03,876 utils (0.001) INSERT INTO "pong_gamedata" ("player1_name", "player1_points", "player2_name", "player2_points", "game_end_timestamp", "game_duration_secs", "is_tournament_game") VALUES ('Player 14', 4, 'Player 15', 11, '2024-02-25T10:38:08.831770+01:00'::timestamptz, 35, true) RETURNING "pong_gamedata"."id"; args=('Player 14', 4, 'Player 15', 11, datetime.datetime(2024, 2, 25, 10, 38, 8, 831770, tzinfo=<DstTzInfo 'Europe/Paris' CET+1:00:00 STD>), 35, True); alias=default
DEBUG 2024-02-28 21:24:03,877 utils (0.001) INSERT INTO "pong_gamedata" ("player1_name", "player1_points", "player2_name", "player2_points", "game_end_timestamp", "game_duration_secs", "is_tournament_game") VALUES ('Player 4', 11, 'Player 2', 4, '2024-02-25T10:40:14.831770+01:00'::timestamptz, 30, true) RETURNING "pong_gamedata"."id"; args=('Player 4', 11, 'Player 2', 4, datetime.datetime(2024, 2, 25, 10, 40, 14, 831770, tzinfo=<DstTzInfo 'Europe/Paris' CET+1:00:00 STD>), 30, True); alias=default
DEBUG 2024-02-28 21:24:03,878 utils (0.001) INSERT INTO "pong_gamedata" ("player1_name", "player1_points", "player2_name", "player2_points", "game_end_timestamp", "game_duration_secs", "is_tournament_game") VALUES ('Player 15', 11, 'Player 4', 7, '2024-02-25T10:43:37.831770+01:00'::timestamptz, 867, true) RETURNING "pong_gamedata"."id"; args=('Player 15', 11, 'Player 4', 7, datetime.datetime(2024, 2, 25, 10, 43, 37, 831770, tzinfo=<DstTzInfo 'Europe/Paris' CET+1:00:00 STD>), 867, True); alias=default
DEBUG 2024-02-28 21:24:03,879 utils (0.001) INSERT INTO "pong_tournamentdata" ("tour_id", "match_id_semi_1", "match_id_semi_2", "match_id_final", "tournament_end_timestamp", "tournament_duration_secs", "player_ranking", "blockchain_hash") VALUES (0, 12, 13, 14, '2024-02-25T10:43:37.831770+01:00'::timestamptz, 364, '["Player 15", "Player 4", "Player 14", "Player 2"]', '0x0') RETURNING "pong_tournamentdata"."id"; args=(0, 12, 13, 14, datetime.datetime(2024, 2, 25, 10, 43, 37, 831770, tzinfo=<DstTzInfo 'Europe/Paris' CET+1:00:00 STD>), 364, <psycopg2._json.Json object at 0x7f3d2f5276b0>, '0x0'); alias=default
DEBUG 2024-02-28 21:24:03,880 utils (0.000) SELECT COUNT(*) AS "__count" FROM "pong_gamedata"; args=(); alias=default
DEBUG 2024-02-28 21:24:03,881 utils (0.000) SELECT COUNT(*) AS "__count" FROM "pong_tournamentdata"; args=(); alias=default
DEBUG 2024-02-28 21:24:03,882 utils (0.000) SELECT "django_content_type"."id", "django_content_type"."app_label", "django_content_type"."model" FROM "django_content_type" WHERE "django_content_type"."app_label" = 'auth'; args=('auth',); alias=default
DEBUG 2024-02-28 21:24:03,882 utils (0.000) BEGIN; args=None; alias=default
DEBUG 2024-02-28 21:24:03,883 utils (0.000) INSERT INTO "django_content_type" ("app_label", "model") VALUES ('auth', 'permission'), ('auth', 'group'), ('auth', 'user') RETURNING "django_content_type"."id"; args=('auth', 'permission', 'auth', 'group', 'auth', 'user'); alias=default
DEBUG 2024-02-28 21:24:03,883 utils (0.001) COMMIT; args=None; alias=default
DEBUG 2024-02-28 21:24:03,885 utils (0.000) SELECT "django_content_type"."id", "django_content_type"."app_label", "django_content_type"."model" FROM "django_content_type" WHERE ("django_content_type"."app_label" = 'auth' AND "django_content_type"."model" = 'permission') LIMIT 21; args=('auth', 'permission'); alias=default
DEBUG 2024-02-28 21:24:03,886 utils (0.000) SELECT "django_content_type"."id", "django_content_type"."app_label", "django_content_type"."model" FROM "django_content_type" WHERE ("django_content_type"."app_label" = 'auth' AND "django_content_type"."model" = 'group') LIMIT 21; args=('auth', 'group'); alias=default
DEBUG 2024-02-28 21:24:03,888 utils (0.000) SELECT "django_content_type"."id", "django_content_type"."app_label", "django_content_type"."model" FROM "django_content_type" WHERE ("django_content_type"."app_label" = 'auth' AND "django_content_type"."model" = 'user') LIMIT 21; args=('auth', 'user'); alias=default
DEBUG 2024-02-28 21:24:03,890 utils (0.001) SELECT "auth_permission"."content_type_id", "auth_permission"."codename" FROM "auth_permission" INNER JOIN "django_content_type" ON ("auth_permission"."content_type_id" = "django_content_type"."id") WHERE "auth_permission"."content_type_id" IN (2, 3, 4) ORDER BY "django_content_type"."app_label" ASC, "django_content_type"."model" ASC, "auth_permission"."codename" ASC; args=(2, 3, 4); alias=default
DEBUG 2024-02-28 21:24:03,890 utils (0.000) BEGIN; args=None; alias=default
DEBUG 2024-02-28 21:24:03,891 utils (0.001) INSERT INTO "auth_permission" ("name", "content_type_id", "codename") VALUES ('Can add permission', 2, 'add_permission'), ('Can change permission', 2, 'change_permission'), ('Can delete permission', 2, 'delete_permission'), ('Can view permission', 2, 'view_permission'), ('Can add group', 3, 'add_group'), ('Can change group', 3, 'change_group'), ('Can delete group', 3, 'delete_group'), ('Can view group', 3, 'view_group'), ('Can add user', 4, 'add_user'), ('Can change user', 4, 'change_user'), ('Can delete user', 4, 'delete_user'), ('Can view user', 4, 'view_user') RETURNING "auth_permission"."id"; args=('Can add permission', 2, 'add_permission', 'Can change permission', 2, 'change_permission', 'Can delete permission', 2, 'delete_permission', 'Can view permission', 2, 'view_permission', 'Can add group', 3, 'add_group', 'Can change group', 3, 'change_group', 'Can delete group', 3, 'delete_group', 'Can view group', 3, 'view_group', 'Can add user', 4, 'add_user', 'Can change user', 4, 'change_user', 'Can delete user', 4, 'delete_user', 'Can view user', 4, 'view_user'); alias=default
DEBUG 2024-02-28 21:24:03,892 utils (0.001) COMMIT; args=None; alias=default
DEBUG 2024-02-28 21:24:03,893 utils (0.000) SELECT "django_content_type"."id", "django_content_type"."app_label", "django_content_type"."model" FROM "django_content_type" WHERE "django_content_type"."app_label" = 'auth'; args=('auth',); alias=default
DEBUG 2024-02-28 21:24:03,894 utils (0.000) SELECT COUNT(*) AS "__count" FROM "pong_gamedata"; args=(); alias=default
DEBUG 2024-02-28 21:24:03,895 utils (0.000) SELECT COUNT(*) AS "__count" FROM "pong_tournamentdata"; args=(); alias=default
DEBUG 2024-02-28 21:24:03,896 utils (0.000) SELECT COUNT(*) AS "__count" FROM "pong_gamedata"; args=(); alias=default
DEBUG 2024-02-28 21:24:03,896 utils (0.000) SELECT COUNT(*) AS "__count" FROM "pong_tournamentdata"; args=(); alias=default
DEBUG 2024-02-28 21:24:03,897 utils (0.000) SELECT COUNT(*) AS "__count" FROM "pong_gamedata"; args=(); alias=default
DEBUG 2024-02-28 21:24:03,898 utils (0.000) SELECT COUNT(*) AS "__count" FROM "pong_tournamentdata"; args=(); alias=default
DEBUG 2024-02-28 21:24:03,899 utils (0.000) SELECT "django_content_type"."id", "django_content_type"."app_label", "django_content_type"."model" FROM "django_content_type" WHERE "django_content_type"."app_label" = 'contenttypes'; args=('contenttypes',); alias=default
DEBUG 2024-02-28 21:24:03,899 utils (0.000) BEGIN; args=None; alias=default
DEBUG 2024-02-28 21:24:03,900 utils (0.000) INSERT INTO "django_content_type" ("app_label", "model") VALUES ('contenttypes', 'contenttype') RETURNING "django_content_type"."id"; args=('contenttypes', 'contenttype'); alias=default
DEBUG 2024-02-28 21:24:03,901 utils (0.001) COMMIT; args=None; alias=default
DEBUG 2024-02-28 21:24:03,902 utils (0.000) SELECT "django_content_type"."id", "django_content_type"."app_label", "django_content_type"."model" FROM "django_content_type" WHERE ("django_content_type"."app_label" = 'contenttypes' AND "django_content_type"."model" = 'contenttype') LIMIT 21; args=('contenttypes', 'contenttype'); alias=default
DEBUG 2024-02-28 21:24:03,904 utils (0.000) SELECT "auth_permission"."content_type_id", "auth_permission"."codename" FROM "auth_permission" INNER JOIN "django_content_type" ON ("auth_permission"."content_type_id" = "django_content_type"."id") WHERE "auth_permission"."content_type_id" IN (5) ORDER BY "django_content_type"."app_label" ASC, "django_content_type"."model" ASC, "auth_permission"."codename" ASC; args=(5,); alias=default
DEBUG 2024-02-28 21:24:03,904 utils (0.000) BEGIN; args=None; alias=default
DEBUG 2024-02-28 21:24:03,905 utils (0.000) INSERT INTO "auth_permission" ("name", "content_type_id", "codename") VALUES ('Can add content type', 5, 'add_contenttype'), ('Can change content type', 5, 'change_contenttype'), ('Can delete content type', 5, 'delete_contenttype'), ('Can view content type', 5, 'view_contenttype') RETURNING "auth_permission"."id"; args=('Can add content type', 5, 'add_contenttype', 'Can change content type', 5, 'change_contenttype', 'Can delete content type', 5, 'delete_contenttype', 'Can view content type', 5, 'view_contenttype'); alias=default
DEBUG 2024-02-28 21:24:03,906 utils (0.001) COMMIT; args=None; alias=default
DEBUG 2024-02-28 21:24:03,907 utils (0.000) SELECT "django_content_type"."id", "django_content_type"."app_label", "django_content_type"."model" FROM "django_content_type" WHERE "django_content_type"."app_label" = 'contenttypes'; args=('contenttypes',); alias=default
DEBUG 2024-02-28 21:24:03,907 utils (0.000) SELECT COUNT(*) AS "__count" FROM "pong_gamedata"; args=(); alias=default
DEBUG 2024-02-28 21:24:03,908 utils (0.000) SELECT COUNT(*) AS "__count" FROM "pong_tournamentdata"; args=(); alias=default
DEBUG 2024-02-28 21:24:03,909 utils (0.000) SELECT COUNT(*) AS "__count" FROM "pong_gamedata"; args=(); alias=default
DEBUG 2024-02-28 21:24:03,910 utils (0.000) SELECT COUNT(*) AS "__count" FROM "pong_tournamentdata"; args=(); alias=default
DEBUG 2024-02-28 21:24:03,911 utils (0.000) SELECT COUNT(*) AS "__count" FROM "pong_gamedata"; args=(); alias=default
DEBUG 2024-02-28 21:24:03,911 utils (0.000) SELECT COUNT(*) AS "__count" FROM "pong_tournamentdata"; args=(); alias=default
DEBUG 2024-02-28 21:24:03,912 utils (0.000) SELECT "django_content_type"."id", "django_content_type"."app_label", "django_content_type"."model" FROM "django_content_type" WHERE "django_content_type"."app_label" = 'sessions'; args=('sessions',); alias=default
DEBUG 2024-02-28 21:24:03,912 utils (0.000) BEGIN; args=None; alias=default
DEBUG 2024-02-28 21:24:03,913 utils (0.000) INSERT INTO "django_content_type" ("app_label", "model") VALUES ('sessions', 'session') RETURNING "django_content_type"."id"; args=('sessions', 'session'); alias=default
DEBUG 2024-02-28 21:24:03,914 utils (0.001) COMMIT; args=None; alias=default
DEBUG 2024-02-28 21:24:03,915 utils (0.000) SELECT "django_content_type"."id", "django_content_type"."app_label", "django_content_type"."model" FROM "django_content_type" WHERE ("django_content_type"."app_label" = 'sessions' AND "django_content_type"."model" = 'session') LIMIT 21; args=('sessions', 'session'); alias=default
DEBUG 2024-02-28 21:24:03,916 utils (0.000) SELECT "auth_permission"."content_type_id", "auth_permission"."codename" FROM "auth_permission" INNER JOIN "django_content_type" ON ("auth_permission"."content_type_id" = "django_content_type"."id") WHERE "auth_permission"."content_type_id" IN (6) ORDER BY "django_content_type"."app_label" ASC, "django_content_type"."model" ASC, "auth_permission"."codename" ASC; args=(6,); alias=default
DEBUG 2024-02-28 21:24:03,916 utils (0.000) BEGIN; args=None; alias=default
DEBUG 2024-02-28 21:24:03,917 utils (0.000) INSERT INTO "auth_permission" ("name", "content_type_id", "codename") VALUES ('Can add session', 6, 'add_session'), ('Can change session', 6, 'change_session'), ('Can delete session', 6, 'delete_session'), ('Can view session', 6, 'view_session') RETURNING "auth_permission"."id"; args=('Can add session', 6, 'add_session', 'Can change session', 6, 'change_session', 'Can delete session', 6, 'delete_session', 'Can view session', 6, 'view_session'); alias=default
DEBUG 2024-02-28 21:24:03,918 utils (0.001) COMMIT; args=None; alias=default
DEBUG 2024-02-28 21:24:03,919 utils (0.000) SELECT "django_content_type"."id", "django_content_type"."app_label", "django_content_type"."model" FROM "django_content_type" WHERE "django_content_type"."app_label" = 'sessions'; args=('sessions',); alias=default
DEBUG 2024-02-28 21:24:03,920 utils (0.000) SELECT COUNT(*) AS "__count" FROM "pong_gamedata"; args=(); alias=default
DEBUG 2024-02-28 21:24:03,921 utils (0.000) SELECT COUNT(*) AS "__count" FROM "pong_tournamentdata"; args=(); alias=default
DEBUG 2024-02-28 21:24:03,922 utils (0.000) SELECT COUNT(*) AS "__count" FROM "pong_gamedata"; args=(); alias=default
DEBUG 2024-02-28 21:24:03,923 utils (0.000) SELECT COUNT(*) AS "__count" FROM "pong_tournamentdata"; args=(); alias=default
DEBUG 2024-02-28 21:24:03,924 utils (0.000) SELECT COUNT(*) AS "__count" FROM "pong_gamedata"; args=(); alias=default
DEBUG 2024-02-28 21:24:03,925 utils (0.000) SELECT COUNT(*) AS "__count" FROM "pong_tournamentdata"; args=(); alias=default
DEBUG 2024-02-28 21:24:03,926 utils (0.000) SELECT "django_content_type"."id", "django_content_type"."app_label", "django_content_type"."model" FROM "django_content_type" WHERE "django_content_type"."app_label" = 'pong'; args=('pong',); alias=default
DEBUG 2024-02-28 21:24:03,926 utils (0.000) BEGIN; args=None; alias=default
DEBUG 2024-02-28 21:24:03,927 utils (0.000) INSERT INTO "django_content_type" ("app_label", "model") VALUES ('pong', 'gamedata'), ('pong', 'tournamentdata') RETURNING "django_content_type"."id"; args=('pong', 'gamedata', 'pong', 'tournamentdata'); alias=default
DEBUG 2024-02-28 21:24:03,927 utils (0.001) COMMIT; args=None; alias=default
DEBUG 2024-02-28 21:24:03,928 utils (0.000) SELECT "django_content_type"."id", "django_content_type"."app_label", "django_content_type"."model" FROM "django_content_type" WHERE ("django_content_type"."app_label" = 'pong' AND "django_content_type"."model" = 'gamedata') LIMIT 21; args=('pong', 'gamedata'); alias=default
DEBUG 2024-02-28 21:24:03,929 utils (0.000) SELECT "django_content_type"."id", "django_content_type"."app_label", "django_content_type"."model" FROM "django_content_type" WHERE ("django_content_type"."app_label" = 'pong' AND "django_content_type"."model" = 'tournamentdata') LIMIT 21; args=('pong', 'tournamentdata'); alias=default
DEBUG 2024-02-28 21:24:03,931 utils (0.000) SELECT "auth_permission"."content_type_id", "auth_permission"."codename" FROM "auth_permission" INNER JOIN "django_content_type" ON ("auth_permission"."content_type_id" = "django_content_type"."id") WHERE "auth_permission"."content_type_id" IN (8, 7) ORDER BY "django_content_type"."app_label" ASC, "django_content_type"."model" ASC, "auth_permission"."codename" ASC; args=(8, 7); alias=default
DEBUG 2024-02-28 21:24:03,931 utils (0.000) BEGIN; args=None; alias=default
DEBUG 2024-02-28 21:24:03,932 utils (0.000) INSERT INTO "auth_permission" ("name", "content_type_id", "codename") VALUES ('Can add game data', 7, 'add_gamedata'), ('Can change game data', 7, 'change_gamedata'), ('Can delete game data', 7, 'delete_gamedata'), ('Can view game data', 7, 'view_gamedata'), ('Can add tournament data', 8, 'add_tournamentdata'), ('Can change tournament data', 8, 'change_tournamentdata'), ('Can delete tournament data', 8, 'delete_tournamentdata'), ('Can view tournament data', 8, 'view_tournamentdata') RETURNING "auth_permission"."id"; args=('Can add game data', 7, 'add_gamedata', 'Can change game data', 7, 'change_gamedata', 'Can delete game data', 7, 'delete_gamedata', 'Can view game data', 7, 'view_gamedata', 'Can add tournament data', 8, 'add_tournamentdata', 'Can change tournament data', 8, 'change_tournamentdata', 'Can delete tournament data', 8, 'delete_tournamentdata', 'Can view tournament data', 8, 'view_tournamentdata'); alias=default
DEBUG 2024-02-28 21:24:03,933 utils (0.001) COMMIT; args=None; alias=default
DEBUG 2024-02-28 21:24:03,933 utils (0.000) SELECT "django_content_type"."id", "django_content_type"."app_label", "django_content_type"."model" FROM "django_content_type" WHERE "django_content_type"."app_label" = 'pong'; args=('pong',); alias=default
DEBUG 2024-02-28 21:24:03,934 utils (0.000) SELECT COUNT(*) AS "__count" FROM "pong_gamedata"; args=(); alias=default
DEBUG 2024-02-28 21:24:03,936 utils (0.001) SELECT COUNT(*) AS "__count" FROM "pong_tournamentdata"; args=(); alias=default
DEBUG 2024-02-28 21:24:03,937 utils (0.000) SELECT COUNT(*) AS "__count" FROM "pong_gamedata"; args=(); alias=default
DEBUG 2024-02-28 21:24:03,939 utils (0.000) SELECT COUNT(*) AS "__count" FROM "pong_tournamentdata"; args=(); alias=default
DEBUG 2024-02-28 21:24:03,940 utils (0.000) SELECT COUNT(*) AS "__count" FROM "pong_gamedata"; args=(); alias=default
DEBUG 2024-02-28 21:24:03,941 utils (0.000) SELECT COUNT(*) AS "__count" FROM "pong_tournamentdata"; args=(); alias=default
