DEBUG 2024-03-01 18:47:56,903 utils (0.002) 
            SELECT
                c.relname,
                CASE
                    WHEN c.relispartition THEN 'p'
                    WHEN c.relkind IN ('m', 'v') THEN 'v'
                    ELSE 't'
                END,
                obj_description(c.oid, 'pg_class')
            FROM pg_catalog.pg_class c
            LEFT JOIN pg_catalog.pg_namespace n ON n.oid = c.relnamespace
            WHERE c.relkind IN ('f', 'm', 'p', 'r', 'v')
                AND n.nspname NOT IN ('pg_catalog', 'pg_toast')
                AND pg_catalog.pg_table_is_visible(c.oid)
        ; args=None; alias=default
DEBUG 2024-03-01 18:47:56,907 utils (0.001) 
            SELECT
                c.relname,
                CASE
                    WHEN c.relispartition THEN 'p'
                    WHEN c.relkind IN ('m', 'v') THEN 'v'
                    ELSE 't'
                END,
                obj_description(c.oid, 'pg_class')
            FROM pg_catalog.pg_class c
            LEFT JOIN pg_catalog.pg_namespace n ON n.oid = c.relnamespace
            WHERE c.relkind IN ('f', 'm', 'p', 'r', 'v')
                AND n.nspname NOT IN ('pg_catalog', 'pg_toast')
                AND pg_catalog.pg_table_is_visible(c.oid)
        ; args=None; alias=default
DEBUG 2024-03-01 18:47:56,908 utils (0.001) 
            SELECT
                c.relname,
                CASE
                    WHEN c.relispartition THEN 'p'
                    WHEN c.relkind IN ('m', 'v') THEN 'v'
                    ELSE 't'
                END,
                obj_description(c.oid, 'pg_class')
            FROM pg_catalog.pg_class c
            LEFT JOIN pg_catalog.pg_namespace n ON n.oid = c.relnamespace
            WHERE c.relkind IN ('f', 'm', 'p', 'r', 'v')
                AND n.nspname NOT IN ('pg_catalog', 'pg_toast')
                AND pg_catalog.pg_table_is_visible(c.oid)
        ; args=None; alias=default
DEBUG 2024-03-01 18:47:56,909 utils (0.000) BEGIN; args=None; alias=default
DEBUG 2024-03-01 18:47:56,909 schema CREATE TABLE "django_migrations" ("id" bigint NOT NULL PRIMARY KEY GENERATED BY DEFAULT AS IDENTITY, "app" varchar(255) NOT NULL, "name" varchar(255) NOT NULL, "applied" timestamp with time zone NOT NULL); (params None)
DEBUG 2024-03-01 18:47:56,925 utils (0.016) CREATE TABLE "django_migrations" ("id" bigint NOT NULL PRIMARY KEY GENERATED BY DEFAULT AS IDENTITY, "app" varchar(255) NOT NULL, "name" varchar(255) NOT NULL, "applied" timestamp with time zone NOT NULL); args=None; alias=default
DEBUG 2024-03-01 18:47:56,928 utils (0.002) COMMIT; args=None; alias=default
DEBUG 2024-03-01 18:47:56,929 utils (0.000) BEGIN; args=None; alias=default
DEBUG 2024-03-01 18:47:56,931 schema CREATE TABLE "django_content_type" ("id" integer NOT NULL PRIMARY KEY GENERATED BY DEFAULT AS IDENTITY, "name" varchar(100) NOT NULL, "app_label" varchar(100) NOT NULL, "model" varchar(100) NOT NULL); (params None)
DEBUG 2024-03-01 18:47:56,933 utils (0.002) CREATE TABLE "django_content_type" ("id" integer NOT NULL PRIMARY KEY GENERATED BY DEFAULT AS IDENTITY, "name" varchar(100) NOT NULL, "app_label" varchar(100) NOT NULL, "model" varchar(100) NOT NULL); args=None; alias=default
DEBUG 2024-03-01 18:47:56,936 schema ALTER TABLE "django_content_type" ADD CONSTRAINT "django_content_type_app_label_model_76bd3d3b_uniq" UNIQUE ("app_label", "model"); (params None)
DEBUG 2024-03-01 18:47:56,938 utils (0.002) ALTER TABLE "django_content_type" ADD CONSTRAINT "django_content_type_app_label_model_76bd3d3b_uniq" UNIQUE ("app_label", "model"); args=None; alias=default
DEBUG 2024-03-01 18:47:56,941 utils (0.003) 
            SELECT
                c.relname,
                CASE
                    WHEN c.relispartition THEN 'p'
                    WHEN c.relkind IN ('m', 'v') THEN 'v'
                    ELSE 't'
                END,
                obj_description(c.oid, 'pg_class')
            FROM pg_catalog.pg_class c
            LEFT JOIN pg_catalog.pg_namespace n ON n.oid = c.relnamespace
            WHERE c.relkind IN ('f', 'm', 'p', 'r', 'v')
                AND n.nspname NOT IN ('pg_catalog', 'pg_toast')
                AND pg_catalog.pg_table_is_visible(c.oid)
        ; args=None; alias=default
DEBUG 2024-03-01 18:47:56,947 utils (0.001) INSERT INTO "django_migrations" ("app", "name", "applied") VALUES ('contenttypes', '0001_initial', '2024-03-01T18:47:56.942469+00:00'::timestamptz) RETURNING "django_migrations"."id"; args=('contenttypes', '0001_initial', datetime.datetime(2024, 3, 1, 18, 47, 56, 942469, tzinfo=datetime.timezone.utc)); alias=default
DEBUG 2024-03-01 18:47:56,949 utils (0.001) COMMIT; args=None; alias=default
DEBUG 2024-03-01 18:47:56,949 utils (0.000) BEGIN; args=None; alias=default
DEBUG 2024-03-01 18:47:56,952 schema CREATE TABLE "auth_permission" ("id" integer NOT NULL PRIMARY KEY GENERATED BY DEFAULT AS IDENTITY, "name" varchar(50) NOT NULL, "content_type_id" integer NOT NULL, "codename" varchar(100) NOT NULL); (params None)
DEBUG 2024-03-01 18:47:56,955 utils (0.003) CREATE TABLE "auth_permission" ("id" integer NOT NULL PRIMARY KEY GENERATED BY DEFAULT AS IDENTITY, "name" varchar(50) NOT NULL, "content_type_id" integer NOT NULL, "codename" varchar(100) NOT NULL); args=None; alias=default
DEBUG 2024-03-01 18:47:56,958 schema CREATE TABLE "auth_group" ("id" integer NOT NULL PRIMARY KEY GENERATED BY DEFAULT AS IDENTITY, "name" varchar(80) NOT NULL UNIQUE); (params None)
DEBUG 2024-03-01 18:47:56,962 utils (0.004) CREATE TABLE "auth_group" ("id" integer NOT NULL PRIMARY KEY GENERATED BY DEFAULT AS IDENTITY, "name" varchar(80) NOT NULL UNIQUE); args=None; alias=default
DEBUG 2024-03-01 18:47:56,963 schema CREATE TABLE "auth_group_permissions" ("id" bigint NOT NULL PRIMARY KEY GENERATED BY DEFAULT AS IDENTITY, "group_id" integer NOT NULL, "permission_id" integer NOT NULL); (params None)
DEBUG 2024-03-01 18:47:56,966 utils (0.003) CREATE TABLE "auth_group_permissions" ("id" bigint NOT NULL PRIMARY KEY GENERATED BY DEFAULT AS IDENTITY, "group_id" integer NOT NULL, "permission_id" integer NOT NULL); args=None; alias=default
DEBUG 2024-03-01 18:47:56,974 schema CREATE TABLE "auth_user" ("id" integer NOT NULL PRIMARY KEY GENERATED BY DEFAULT AS IDENTITY, "password" varchar(128) NOT NULL, "last_login" timestamp with time zone NOT NULL, "is_superuser" boolean NOT NULL, "username" varchar(30) NOT NULL UNIQUE, "first_name" varchar(30) NOT NULL, "last_name" varchar(30) NOT NULL, "email" varchar(75) NOT NULL, "is_staff" boolean NOT NULL, "is_active" boolean NOT NULL, "date_joined" timestamp with time zone NOT NULL); (params None)
DEBUG 2024-03-01 18:47:56,978 utils (0.003) CREATE TABLE "auth_user" ("id" integer NOT NULL PRIMARY KEY GENERATED BY DEFAULT AS IDENTITY, "password" varchar(128) NOT NULL, "last_login" timestamp with time zone NOT NULL, "is_superuser" boolean NOT NULL, "username" varchar(30) NOT NULL UNIQUE, "first_name" varchar(30) NOT NULL, "last_name" varchar(30) NOT NULL, "email" varchar(75) NOT NULL, "is_staff" boolean NOT NULL, "is_active" boolean NOT NULL, "date_joined" timestamp with time zone NOT NULL); args=None; alias=default
DEBUG 2024-03-01 18:47:56,979 schema CREATE TABLE "auth_user_groups" ("id" bigint NOT NULL PRIMARY KEY GENERATED BY DEFAULT AS IDENTITY, "user_id" integer NOT NULL, "group_id" integer NOT NULL); (params None)
DEBUG 2024-03-01 18:47:56,981 utils (0.002) CREATE TABLE "auth_user_groups" ("id" bigint NOT NULL PRIMARY KEY GENERATED BY DEFAULT AS IDENTITY, "user_id" integer NOT NULL, "group_id" integer NOT NULL); args=None; alias=default
DEBUG 2024-03-01 18:47:56,982 schema CREATE TABLE "auth_user_user_permissions" ("id" bigint NOT NULL PRIMARY KEY GENERATED BY DEFAULT AS IDENTITY, "user_id" integer NOT NULL, "permission_id" integer NOT NULL); (params None)
DEBUG 2024-03-01 18:47:56,984 utils (0.002) CREATE TABLE "auth_user_user_permissions" ("id" bigint NOT NULL PRIMARY KEY GENERATED BY DEFAULT AS IDENTITY, "user_id" integer NOT NULL, "permission_id" integer NOT NULL); args=None; alias=default
DEBUG 2024-03-01 18:47:56,984 schema ALTER TABLE "auth_permission" ADD CONSTRAINT "auth_permission_content_type_id_codename_01ab375a_uniq" UNIQUE ("content_type_id", "codename"); (params None)
DEBUG 2024-03-01 18:47:56,986 utils (0.001) ALTER TABLE "auth_permission" ADD CONSTRAINT "auth_permission_content_type_id_codename_01ab375a_uniq" UNIQUE ("content_type_id", "codename"); args=None; alias=default
DEBUG 2024-03-01 18:47:56,986 schema ALTER TABLE "auth_permission" ADD CONSTRAINT "auth_permission_content_type_id_2f476e4b_fk_django_co" FOREIGN KEY ("content_type_id") REFERENCES "django_content_type" ("id") DEFERRABLE INITIALLY DEFERRED; (params None)
DEBUG 2024-03-01 18:47:56,990 utils (0.004) ALTER TABLE "auth_permission" ADD CONSTRAINT "auth_permission_content_type_id_2f476e4b_fk_django_co" FOREIGN KEY ("content_type_id") REFERENCES "django_content_type" ("id") DEFERRABLE INITIALLY DEFERRED; args=None; alias=default
DEBUG 2024-03-01 18:47:56,990 schema CREATE INDEX "auth_permission_content_type_id_2f476e4b" ON "auth_permission" ("content_type_id"); (params None)
DEBUG 2024-03-01 18:47:56,992 utils (0.002) CREATE INDEX "auth_permission_content_type_id_2f476e4b" ON "auth_permission" ("content_type_id"); args=None; alias=default
DEBUG 2024-03-01 18:47:56,992 schema CREATE INDEX "auth_group_name_a6ea08ec_like" ON "auth_group" ("name" varchar_pattern_ops); (params None)
DEBUG 2024-03-01 18:47:56,994 utils (0.002) CREATE INDEX "auth_group_name_a6ea08ec_like" ON "auth_group" ("name" varchar_pattern_ops); args=None; alias=default
DEBUG 2024-03-01 18:47:56,995 schema ALTER TABLE "auth_group_permissions" ADD CONSTRAINT "auth_group_permissions_group_id_permission_id_0cd325b0_uniq" UNIQUE ("group_id", "permission_id"); (params None)
DEBUG 2024-03-01 18:47:56,996 utils (0.001) ALTER TABLE "auth_group_permissions" ADD CONSTRAINT "auth_group_permissions_group_id_permission_id_0cd325b0_uniq" UNIQUE ("group_id", "permission_id"); args=None; alias=default
DEBUG 2024-03-01 18:47:56,997 schema ALTER TABLE "auth_group_permissions" ADD CONSTRAINT "auth_group_permissions_group_id_b120cbf9_fk_auth_group_id" FOREIGN KEY ("group_id") REFERENCES "auth_group" ("id") DEFERRABLE INITIALLY DEFERRED; (params None)
DEBUG 2024-03-01 18:47:56,998 utils (0.001) ALTER TABLE "auth_group_permissions" ADD CONSTRAINT "auth_group_permissions_group_id_b120cbf9_fk_auth_group_id" FOREIGN KEY ("group_id") REFERENCES "auth_group" ("id") DEFERRABLE INITIALLY DEFERRED; args=None; alias=default
DEBUG 2024-03-01 18:47:56,998 schema ALTER TABLE "auth_group_permissions" ADD CONSTRAINT "auth_group_permissio_permission_id_84c5c92e_fk_auth_perm" FOREIGN KEY ("permission_id") REFERENCES "auth_permission" ("id") DEFERRABLE INITIALLY DEFERRED; (params None)
DEBUG 2024-03-01 18:47:56,999 utils (0.001) ALTER TABLE "auth_group_permissions" ADD CONSTRAINT "auth_group_permissio_permission_id_84c5c92e_fk_auth_perm" FOREIGN KEY ("permission_id") REFERENCES "auth_permission" ("id") DEFERRABLE INITIALLY DEFERRED; args=None; alias=default
DEBUG 2024-03-01 18:47:57,000 schema CREATE INDEX "auth_group_permissions_group_id_b120cbf9" ON "auth_group_permissions" ("group_id"); (params None)
DEBUG 2024-03-01 18:47:57,001 utils (0.001) CREATE INDEX "auth_group_permissions_group_id_b120cbf9" ON "auth_group_permissions" ("group_id"); args=None; alias=default
DEBUG 2024-03-01 18:47:57,001 schema CREATE INDEX "auth_group_permissions_permission_id_84c5c92e" ON "auth_group_permissions" ("permission_id"); (params None)
DEBUG 2024-03-01 18:47:57,002 utils (0.001) CREATE INDEX "auth_group_permissions_permission_id_84c5c92e" ON "auth_group_permissions" ("permission_id"); args=None; alias=default
DEBUG 2024-03-01 18:47:57,002 schema CREATE INDEX "auth_user_username_6821ab7c_like" ON "auth_user" ("username" varchar_pattern_ops); (params None)
DEBUG 2024-03-01 18:47:57,004 utils (0.001) CREATE INDEX "auth_user_username_6821ab7c_like" ON "auth_user" ("username" varchar_pattern_ops); args=None; alias=default
DEBUG 2024-03-01 18:47:57,004 schema ALTER TABLE "auth_user_groups" ADD CONSTRAINT "auth_user_groups_user_id_group_id_94350c0c_uniq" UNIQUE ("user_id", "group_id"); (params None)
DEBUG 2024-03-01 18:47:57,005 utils (0.001) ALTER TABLE "auth_user_groups" ADD CONSTRAINT "auth_user_groups_user_id_group_id_94350c0c_uniq" UNIQUE ("user_id", "group_id"); args=None; alias=default
DEBUG 2024-03-01 18:47:57,006 schema ALTER TABLE "auth_user_groups" ADD CONSTRAINT "auth_user_groups_user_id_6a12ed8b_fk_auth_user_id" FOREIGN KEY ("user_id") REFERENCES "auth_user" ("id") DEFERRABLE INITIALLY DEFERRED; (params None)
DEBUG 2024-03-01 18:47:57,007 utils (0.001) ALTER TABLE "auth_user_groups" ADD CONSTRAINT "auth_user_groups_user_id_6a12ed8b_fk_auth_user_id" FOREIGN KEY ("user_id") REFERENCES "auth_user" ("id") DEFERRABLE INITIALLY DEFERRED; args=None; alias=default
DEBUG 2024-03-01 18:47:57,007 schema ALTER TABLE "auth_user_groups" ADD CONSTRAINT "auth_user_groups_group_id_97559544_fk_auth_group_id" FOREIGN KEY ("group_id") REFERENCES "auth_group" ("id") DEFERRABLE INITIALLY DEFERRED; (params None)
DEBUG 2024-03-01 18:47:57,008 utils (0.001) ALTER TABLE "auth_user_groups" ADD CONSTRAINT "auth_user_groups_group_id_97559544_fk_auth_group_id" FOREIGN KEY ("group_id") REFERENCES "auth_group" ("id") DEFERRABLE INITIALLY DEFERRED; args=None; alias=default
DEBUG 2024-03-01 18:47:57,008 schema CREATE INDEX "auth_user_groups_user_id_6a12ed8b" ON "auth_user_groups" ("user_id"); (params None)
DEBUG 2024-03-01 18:47:57,010 utils (0.001) CREATE INDEX "auth_user_groups_user_id_6a12ed8b" ON "auth_user_groups" ("user_id"); args=None; alias=default
DEBUG 2024-03-01 18:47:57,010 schema CREATE INDEX "auth_user_groups_group_id_97559544" ON "auth_user_groups" ("group_id"); (params None)
DEBUG 2024-03-01 18:47:57,011 utils (0.001) CREATE INDEX "auth_user_groups_group_id_97559544" ON "auth_user_groups" ("group_id"); args=None; alias=default
DEBUG 2024-03-01 18:47:57,012 schema ALTER TABLE "auth_user_user_permissions" ADD CONSTRAINT "auth_user_user_permissions_user_id_permission_id_14a6b632_uniq" UNIQUE ("user_id", "permission_id"); (params None)
DEBUG 2024-03-01 18:47:57,013 utils (0.001) ALTER TABLE "auth_user_user_permissions" ADD CONSTRAINT "auth_user_user_permissions_user_id_permission_id_14a6b632_uniq" UNIQUE ("user_id", "permission_id"); args=None; alias=default
DEBUG 2024-03-01 18:47:57,013 schema ALTER TABLE "auth_user_user_permissions" ADD CONSTRAINT "auth_user_user_permissions_user_id_a95ead1b_fk_auth_user_id" FOREIGN KEY ("user_id") REFERENCES "auth_user" ("id") DEFERRABLE INITIALLY DEFERRED; (params None)
DEBUG 2024-03-01 18:47:57,015 utils (0.001) ALTER TABLE "auth_user_user_permissions" ADD CONSTRAINT "auth_user_user_permissions_user_id_a95ead1b_fk_auth_user_id" FOREIGN KEY ("user_id") REFERENCES "auth_user" ("id") DEFERRABLE INITIALLY DEFERRED; args=None; alias=default
DEBUG 2024-03-01 18:47:57,015 schema ALTER TABLE "auth_user_user_permissions" ADD CONSTRAINT "auth_user_user_permi_permission_id_1fbb5f2c_fk_auth_perm" FOREIGN KEY ("permission_id") REFERENCES "auth_permission" ("id") DEFERRABLE INITIALLY DEFERRED; (params None)
DEBUG 2024-03-01 18:47:57,016 utils (0.001) ALTER TABLE "auth_user_user_permissions" ADD CONSTRAINT "auth_user_user_permi_permission_id_1fbb5f2c_fk_auth_perm" FOREIGN KEY ("permission_id") REFERENCES "auth_permission" ("id") DEFERRABLE INITIALLY DEFERRED; args=None; alias=default
DEBUG 2024-03-01 18:47:57,017 schema CREATE INDEX "auth_user_user_permissions_user_id_a95ead1b" ON "auth_user_user_permissions" ("user_id"); (params None)
DEBUG 2024-03-01 18:47:57,018 utils (0.002) CREATE INDEX "auth_user_user_permissions_user_id_a95ead1b" ON "auth_user_user_permissions" ("user_id"); args=None; alias=default
DEBUG 2024-03-01 18:47:57,019 schema CREATE INDEX "auth_user_user_permissions_permission_id_1fbb5f2c" ON "auth_user_user_permissions" ("permission_id"); (params None)
DEBUG 2024-03-01 18:47:57,021 utils (0.002) CREATE INDEX "auth_user_user_permissions_permission_id_1fbb5f2c" ON "auth_user_user_permissions" ("permission_id"); args=None; alias=default
DEBUG 2024-03-01 18:47:57,022 utils (0.001) COMMIT; args=None; alias=default
DEBUG 2024-03-01 18:47:57,024 utils (0.001) 
            SELECT
                c.relname,
                CASE
                    WHEN c.relispartition THEN 'p'
                    WHEN c.relkind IN ('m', 'v') THEN 'v'
                    ELSE 't'
                END,
                obj_description(c.oid, 'pg_class')
            FROM pg_catalog.pg_class c
            LEFT JOIN pg_catalog.pg_namespace n ON n.oid = c.relnamespace
            WHERE c.relkind IN ('f', 'm', 'p', 'r', 'v')
                AND n.nspname NOT IN ('pg_catalog', 'pg_toast')
                AND pg_catalog.pg_table_is_visible(c.oid)
        ; args=None; alias=default
DEBUG 2024-03-01 18:47:57,025 utils (0.001) INSERT INTO "django_migrations" ("app", "name", "applied") VALUES ('auth', '0001_initial', '2024-03-01T18:47:57.024605+00:00'::timestamptz) RETURNING "django_migrations"."id"; args=('auth', '0001_initial', datetime.datetime(2024, 3, 1, 18, 47, 57, 24605, tzinfo=datetime.timezone.utc)); alias=default
DEBUG 2024-03-01 18:47:57,026 utils (0.000) BEGIN; args=None; alias=default
DEBUG 2024-03-01 18:47:57,034 schema CREATE TABLE "django_admin_log" ("id" integer NOT NULL PRIMARY KEY GENERATED BY DEFAULT AS IDENTITY, "action_time" timestamp with time zone NOT NULL, "object_id" text NULL, "object_repr" varchar(200) NOT NULL, "action_flag" smallint NOT NULL CHECK ("action_flag" >= 0), "change_message" text NOT NULL, "content_type_id" integer NULL, "user_id" integer NOT NULL); (params None)
DEBUG 2024-03-01 18:47:57,037 utils (0.003) CREATE TABLE "django_admin_log" ("id" integer NOT NULL PRIMARY KEY GENERATED BY DEFAULT AS IDENTITY, "action_time" timestamp with time zone NOT NULL, "object_id" text NULL, "object_repr" varchar(200) NOT NULL, "action_flag" smallint NOT NULL CHECK ("action_flag" >= 0), "change_message" text NOT NULL, "content_type_id" integer NULL, "user_id" integer NOT NULL); args=None; alias=default
DEBUG 2024-03-01 18:47:57,038 schema ALTER TABLE "django_admin_log" ADD CONSTRAINT "django_admin_log_content_type_id_c4bce8eb_fk_django_co" FOREIGN KEY ("content_type_id") REFERENCES "django_content_type" ("id") DEFERRABLE INITIALLY DEFERRED; (params None)
DEBUG 2024-03-01 18:47:57,038 utils (0.001) ALTER TABLE "django_admin_log" ADD CONSTRAINT "django_admin_log_content_type_id_c4bce8eb_fk_django_co" FOREIGN KEY ("content_type_id") REFERENCES "django_content_type" ("id") DEFERRABLE INITIALLY DEFERRED; args=None; alias=default
DEBUG 2024-03-01 18:47:57,038 schema ALTER TABLE "django_admin_log" ADD CONSTRAINT "django_admin_log_user_id_c564eba6_fk_auth_user_id" FOREIGN KEY ("user_id") REFERENCES "auth_user" ("id") DEFERRABLE INITIALLY DEFERRED; (params None)
DEBUG 2024-03-01 18:47:57,039 utils (0.001) ALTER TABLE "django_admin_log" ADD CONSTRAINT "django_admin_log_user_id_c564eba6_fk_auth_user_id" FOREIGN KEY ("user_id") REFERENCES "auth_user" ("id") DEFERRABLE INITIALLY DEFERRED; args=None; alias=default
DEBUG 2024-03-01 18:47:57,039 schema CREATE INDEX "django_admin_log_content_type_id_c4bce8eb" ON "django_admin_log" ("content_type_id"); (params None)
DEBUG 2024-03-01 18:47:57,041 utils (0.002) CREATE INDEX "django_admin_log_content_type_id_c4bce8eb" ON "django_admin_log" ("content_type_id"); args=None; alias=default
DEBUG 2024-03-01 18:47:57,041 schema CREATE INDEX "django_admin_log_user_id_c564eba6" ON "django_admin_log" ("user_id"); (params None)
DEBUG 2024-03-01 18:47:57,042 utils (0.001) CREATE INDEX "django_admin_log_user_id_c564eba6" ON "django_admin_log" ("user_id"); args=None; alias=default
DEBUG 2024-03-01 18:47:57,043 utils (0.001) COMMIT; args=None; alias=default
DEBUG 2024-03-01 18:47:57,044 utils (0.001) 
            SELECT
                c.relname,
                CASE
                    WHEN c.relispartition THEN 'p'
                    WHEN c.relkind IN ('m', 'v') THEN 'v'
                    ELSE 't'
                END,
                obj_description(c.oid, 'pg_class')
            FROM pg_catalog.pg_class c
            LEFT JOIN pg_catalog.pg_namespace n ON n.oid = c.relnamespace
            WHERE c.relkind IN ('f', 'm', 'p', 'r', 'v')
                AND n.nspname NOT IN ('pg_catalog', 'pg_toast')
                AND pg_catalog.pg_table_is_visible(c.oid)
        ; args=None; alias=default
DEBUG 2024-03-01 18:47:57,045 utils (0.001) INSERT INTO "django_migrations" ("app", "name", "applied") VALUES ('admin', '0001_initial', '2024-03-01T18:47:57.045166+00:00'::timestamptz) RETURNING "django_migrations"."id"; args=('admin', '0001_initial', datetime.datetime(2024, 3, 1, 18, 47, 57, 45166, tzinfo=datetime.timezone.utc)); alias=default
DEBUG 2024-03-01 18:47:57,046 utils (0.000) BEGIN; args=None; alias=default
DEBUG 2024-03-01 18:47:57,055 utils (0.002) 
            SELECT
                c.relname,
                CASE
                    WHEN c.relispartition THEN 'p'
                    WHEN c.relkind IN ('m', 'v') THEN 'v'
                    ELSE 't'
                END,
                obj_description(c.oid, 'pg_class')
            FROM pg_catalog.pg_class c
            LEFT JOIN pg_catalog.pg_namespace n ON n.oid = c.relnamespace
            WHERE c.relkind IN ('f', 'm', 'p', 'r', 'v')
                AND n.nspname NOT IN ('pg_catalog', 'pg_toast')
                AND pg_catalog.pg_table_is_visible(c.oid)
        ; args=None; alias=default
DEBUG 2024-03-01 18:47:57,056 utils (0.000) INSERT INTO "django_migrations" ("app", "name", "applied") VALUES ('admin', '0002_logentry_remove_auto_add', '2024-03-01T18:47:57.055821+00:00'::timestamptz) RETURNING "django_migrations"."id"; args=('admin', '0002_logentry_remove_auto_add', datetime.datetime(2024, 3, 1, 18, 47, 57, 55821, tzinfo=datetime.timezone.utc)); alias=default
DEBUG 2024-03-01 18:47:57,057 utils (0.000) COMMIT; args=None; alias=default
DEBUG 2024-03-01 18:47:57,057 utils (0.000) BEGIN; args=None; alias=default
DEBUG 2024-03-01 18:47:57,065 utils (0.001) 
            SELECT
                c.relname,
                CASE
                    WHEN c.relispartition THEN 'p'
                    WHEN c.relkind IN ('m', 'v') THEN 'v'
                    ELSE 't'
                END,
                obj_description(c.oid, 'pg_class')
            FROM pg_catalog.pg_class c
            LEFT JOIN pg_catalog.pg_namespace n ON n.oid = c.relnamespace
            WHERE c.relkind IN ('f', 'm', 'p', 'r', 'v')
                AND n.nspname NOT IN ('pg_catalog', 'pg_toast')
                AND pg_catalog.pg_table_is_visible(c.oid)
        ; args=None; alias=default
DEBUG 2024-03-01 18:47:57,066 utils (0.000) INSERT INTO "django_migrations" ("app", "name", "applied") VALUES ('admin', '0003_logentry_add_action_flag_choices', '2024-03-01T18:47:57.065616+00:00'::timestamptz) RETURNING "django_migrations"."id"; args=('admin', '0003_logentry_add_action_flag_choices', datetime.datetime(2024, 3, 1, 18, 47, 57, 65616, tzinfo=datetime.timezone.utc)); alias=default
DEBUG 2024-03-01 18:47:57,066 utils (0.000) COMMIT; args=None; alias=default
DEBUG 2024-03-01 18:47:57,066 utils (0.000) BEGIN; args=None; alias=default
DEBUG 2024-03-01 18:47:57,072 schema ALTER TABLE "django_content_type" ALTER COLUMN "name" DROP NOT NULL; (params None)
DEBUG 2024-03-01 18:47:57,073 utils (0.000) ALTER TABLE "django_content_type" ALTER COLUMN "name" DROP NOT NULL; args=None; alias=default
DEBUG 2024-03-01 18:47:57,080 schema ALTER TABLE "django_content_type" DROP COLUMN "name" CASCADE; (params None)
DEBUG 2024-03-01 18:47:57,082 utils (0.001) ALTER TABLE "django_content_type" DROP COLUMN "name" CASCADE; args=None; alias=default
DEBUG 2024-03-01 18:47:57,083 utils (0.001) 
            SELECT
                c.relname,
                CASE
                    WHEN c.relispartition THEN 'p'
                    WHEN c.relkind IN ('m', 'v') THEN 'v'
                    ELSE 't'
                END,
                obj_description(c.oid, 'pg_class')
            FROM pg_catalog.pg_class c
            LEFT JOIN pg_catalog.pg_namespace n ON n.oid = c.relnamespace
            WHERE c.relkind IN ('f', 'm', 'p', 'r', 'v')
                AND n.nspname NOT IN ('pg_catalog', 'pg_toast')
                AND pg_catalog.pg_table_is_visible(c.oid)
        ; args=None; alias=default
DEBUG 2024-03-01 18:47:57,083 utils (0.000) INSERT INTO "django_migrations" ("app", "name", "applied") VALUES ('contenttypes', '0002_remove_content_type_name', '2024-03-01T18:47:57.083469+00:00'::timestamptz) RETURNING "django_migrations"."id"; args=('contenttypes', '0002_remove_content_type_name', datetime.datetime(2024, 3, 1, 18, 47, 57, 83469, tzinfo=datetime.timezone.utc)); alias=default
DEBUG 2024-03-01 18:47:57,084 utils (0.001) COMMIT; args=None; alias=default
DEBUG 2024-03-01 18:47:57,084 utils (0.000) BEGIN; args=None; alias=default
DEBUG 2024-03-01 18:47:57,090 schema ALTER TABLE "auth_permission" ALTER COLUMN "name" TYPE varchar(255); (params None)
DEBUG 2024-03-01 18:47:57,091 utils (0.000) ALTER TABLE "auth_permission" ALTER COLUMN "name" TYPE varchar(255); args=None; alias=default
DEBUG 2024-03-01 18:47:57,092 utils (0.001) 
            SELECT
                c.relname,
                CASE
                    WHEN c.relispartition THEN 'p'
                    WHEN c.relkind IN ('m', 'v') THEN 'v'
                    ELSE 't'
                END,
                obj_description(c.oid, 'pg_class')
            FROM pg_catalog.pg_class c
            LEFT JOIN pg_catalog.pg_namespace n ON n.oid = c.relnamespace
            WHERE c.relkind IN ('f', 'm', 'p', 'r', 'v')
                AND n.nspname NOT IN ('pg_catalog', 'pg_toast')
                AND pg_catalog.pg_table_is_visible(c.oid)
        ; args=None; alias=default
DEBUG 2024-03-01 18:47:57,093 utils (0.000) INSERT INTO "django_migrations" ("app", "name", "applied") VALUES ('auth', '0002_alter_permission_name_max_length', '2024-03-01T18:47:57.092873+00:00'::timestamptz) RETURNING "django_migrations"."id"; args=('auth', '0002_alter_permission_name_max_length', datetime.datetime(2024, 3, 1, 18, 47, 57, 92873, tzinfo=datetime.timezone.utc)); alias=default
DEBUG 2024-03-01 18:47:57,093 utils (0.001) COMMIT; args=None; alias=default
DEBUG 2024-03-01 18:47:57,094 utils (0.000) BEGIN; args=None; alias=default
DEBUG 2024-03-01 18:47:57,101 schema ALTER TABLE "auth_user" ALTER COLUMN "email" TYPE varchar(254); (params None)
DEBUG 2024-03-01 18:47:57,102 utils (0.001) ALTER TABLE "auth_user" ALTER COLUMN "email" TYPE varchar(254); args=None; alias=default
DEBUG 2024-03-01 18:47:57,103 utils (0.001) 
            SELECT
                c.relname,
                CASE
                    WHEN c.relispartition THEN 'p'
                    WHEN c.relkind IN ('m', 'v') THEN 'v'
                    ELSE 't'
                END,
                obj_description(c.oid, 'pg_class')
            FROM pg_catalog.pg_class c
            LEFT JOIN pg_catalog.pg_namespace n ON n.oid = c.relnamespace
            WHERE c.relkind IN ('f', 'm', 'p', 'r', 'v')
                AND n.nspname NOT IN ('pg_catalog', 'pg_toast')
                AND pg_catalog.pg_table_is_visible(c.oid)
        ; args=None; alias=default
DEBUG 2024-03-01 18:47:57,104 utils (0.000) INSERT INTO "django_migrations" ("app", "name", "applied") VALUES ('auth', '0003_alter_user_email_max_length', '2024-03-01T18:47:57.103649+00:00'::timestamptz) RETURNING "django_migrations"."id"; args=('auth', '0003_alter_user_email_max_length', datetime.datetime(2024, 3, 1, 18, 47, 57, 103649, tzinfo=datetime.timezone.utc)); alias=default
DEBUG 2024-03-01 18:47:57,104 utils (0.000) COMMIT; args=None; alias=default
DEBUG 2024-03-01 18:47:57,104 utils (0.000) BEGIN; args=None; alias=default
DEBUG 2024-03-01 18:47:57,112 utils (0.001) 
            SELECT
                c.relname,
                CASE
                    WHEN c.relispartition THEN 'p'
                    WHEN c.relkind IN ('m', 'v') THEN 'v'
                    ELSE 't'
                END,
                obj_description(c.oid, 'pg_class')
            FROM pg_catalog.pg_class c
            LEFT JOIN pg_catalog.pg_namespace n ON n.oid = c.relnamespace
            WHERE c.relkind IN ('f', 'm', 'p', 'r', 'v')
                AND n.nspname NOT IN ('pg_catalog', 'pg_toast')
                AND pg_catalog.pg_table_is_visible(c.oid)
        ; args=None; alias=default
DEBUG 2024-03-01 18:47:57,112 utils (0.000) INSERT INTO "django_migrations" ("app", "name", "applied") VALUES ('auth', '0004_alter_user_username_opts', '2024-03-01T18:47:57.112326+00:00'::timestamptz) RETURNING "django_migrations"."id"; args=('auth', '0004_alter_user_username_opts', datetime.datetime(2024, 3, 1, 18, 47, 57, 112326, tzinfo=datetime.timezone.utc)); alias=default
DEBUG 2024-03-01 18:47:57,113 utils (0.000) COMMIT; args=None; alias=default
DEBUG 2024-03-01 18:47:57,113 utils (0.000) BEGIN; args=None; alias=default
DEBUG 2024-03-01 18:47:57,118 schema ALTER TABLE "auth_user" ALTER COLUMN "last_login" DROP NOT NULL; (params None)
DEBUG 2024-03-01 18:47:57,119 utils (0.000) ALTER TABLE "auth_user" ALTER COLUMN "last_login" DROP NOT NULL; args=None; alias=default
DEBUG 2024-03-01 18:47:57,120 utils (0.001) 
            SELECT
                c.relname,
                CASE
                    WHEN c.relispartition THEN 'p'
                    WHEN c.relkind IN ('m', 'v') THEN 'v'
                    ELSE 't'
                END,
                obj_description(c.oid, 'pg_class')
            FROM pg_catalog.pg_class c
            LEFT JOIN pg_catalog.pg_namespace n ON n.oid = c.relnamespace
            WHERE c.relkind IN ('f', 'm', 'p', 'r', 'v')
                AND n.nspname NOT IN ('pg_catalog', 'pg_toast')
                AND pg_catalog.pg_table_is_visible(c.oid)
        ; args=None; alias=default
DEBUG 2024-03-01 18:47:57,120 utils (0.000) INSERT INTO "django_migrations" ("app", "name", "applied") VALUES ('auth', '0005_alter_user_last_login_null', '2024-03-01T18:47:57.120544+00:00'::timestamptz) RETURNING "django_migrations"."id"; args=('auth', '0005_alter_user_last_login_null', datetime.datetime(2024, 3, 1, 18, 47, 57, 120544, tzinfo=datetime.timezone.utc)); alias=default
DEBUG 2024-03-01 18:47:57,121 utils (0.000) COMMIT; args=None; alias=default
DEBUG 2024-03-01 18:47:57,121 utils (0.000) BEGIN; args=None; alias=default
DEBUG 2024-03-01 18:47:57,122 utils (0.001) 
            SELECT
                c.relname,
                CASE
                    WHEN c.relispartition THEN 'p'
                    WHEN c.relkind IN ('m', 'v') THEN 'v'
                    ELSE 't'
                END,
                obj_description(c.oid, 'pg_class')
            FROM pg_catalog.pg_class c
            LEFT JOIN pg_catalog.pg_namespace n ON n.oid = c.relnamespace
            WHERE c.relkind IN ('f', 'm', 'p', 'r', 'v')
                AND n.nspname NOT IN ('pg_catalog', 'pg_toast')
                AND pg_catalog.pg_table_is_visible(c.oid)
        ; args=None; alias=default
DEBUG 2024-03-01 18:47:57,122 utils (0.000) INSERT INTO "django_migrations" ("app", "name", "applied") VALUES ('auth', '0006_require_contenttypes_0002', '2024-03-01T18:47:57.122506+00:00'::timestamptz) RETURNING "django_migrations"."id"; args=('auth', '0006_require_contenttypes_0002', datetime.datetime(2024, 3, 1, 18, 47, 57, 122506, tzinfo=datetime.timezone.utc)); alias=default
DEBUG 2024-03-01 18:47:57,123 utils (0.000) COMMIT; args=None; alias=default
DEBUG 2024-03-01 18:47:57,123 utils (0.000) BEGIN; args=None; alias=default
DEBUG 2024-03-01 18:47:57,130 utils (0.001) 
            SELECT
                c.relname,
                CASE
                    WHEN c.relispartition THEN 'p'
                    WHEN c.relkind IN ('m', 'v') THEN 'v'
                    ELSE 't'
                END,
                obj_description(c.oid, 'pg_class')
            FROM pg_catalog.pg_class c
            LEFT JOIN pg_catalog.pg_namespace n ON n.oid = c.relnamespace
            WHERE c.relkind IN ('f', 'm', 'p', 'r', 'v')
                AND n.nspname NOT IN ('pg_catalog', 'pg_toast')
                AND pg_catalog.pg_table_is_visible(c.oid)
        ; args=None; alias=default
DEBUG 2024-03-01 18:47:57,131 utils (0.000) INSERT INTO "django_migrations" ("app", "name", "applied") VALUES ('auth', '0007_alter_validators_add_error_messages', '2024-03-01T18:47:57.130784+00:00'::timestamptz) RETURNING "django_migrations"."id"; args=('auth', '0007_alter_validators_add_error_messages', datetime.datetime(2024, 3, 1, 18, 47, 57, 130784, tzinfo=datetime.timezone.utc)); alias=default
DEBUG 2024-03-01 18:47:57,131 utils (0.000) COMMIT; args=None; alias=default
DEBUG 2024-03-01 18:47:57,132 utils (0.000) BEGIN; args=None; alias=default
DEBUG 2024-03-01 18:47:57,138 schema ALTER TABLE "auth_user" ALTER COLUMN "username" TYPE varchar(150); (params None)
DEBUG 2024-03-01 18:47:57,141 utils (0.002) ALTER TABLE "auth_user" ALTER COLUMN "username" TYPE varchar(150); args=None; alias=default
DEBUG 2024-03-01 18:47:57,142 utils (0.001) 
            SELECT
                c.relname,
                CASE
                    WHEN c.relispartition THEN 'p'
                    WHEN c.relkind IN ('m', 'v') THEN 'v'
                    ELSE 't'
                END,
                obj_description(c.oid, 'pg_class')
            FROM pg_catalog.pg_class c
            LEFT JOIN pg_catalog.pg_namespace n ON n.oid = c.relnamespace
            WHERE c.relkind IN ('f', 'm', 'p', 'r', 'v')
                AND n.nspname NOT IN ('pg_catalog', 'pg_toast')
                AND pg_catalog.pg_table_is_visible(c.oid)
        ; args=None; alias=default
DEBUG 2024-03-01 18:47:57,142 utils (0.000) INSERT INTO "django_migrations" ("app", "name", "applied") VALUES ('auth', '0008_alter_user_username_max_length', '2024-03-01T18:47:57.142341+00:00'::timestamptz) RETURNING "django_migrations"."id"; args=('auth', '0008_alter_user_username_max_length', datetime.datetime(2024, 3, 1, 18, 47, 57, 142341, tzinfo=datetime.timezone.utc)); alias=default
DEBUG 2024-03-01 18:47:57,143 utils (0.001) COMMIT; args=None; alias=default
DEBUG 2024-03-01 18:47:57,143 utils (0.000) BEGIN; args=None; alias=default
DEBUG 2024-03-01 18:47:57,149 schema ALTER TABLE "auth_user" ALTER COLUMN "last_name" TYPE varchar(150); (params None)
DEBUG 2024-03-01 18:47:57,150 utils (0.001) ALTER TABLE "auth_user" ALTER COLUMN "last_name" TYPE varchar(150); args=None; alias=default
DEBUG 2024-03-01 18:47:57,151 utils (0.001) 
            SELECT
                c.relname,
                CASE
                    WHEN c.relispartition THEN 'p'
                    WHEN c.relkind IN ('m', 'v') THEN 'v'
                    ELSE 't'
                END,
                obj_description(c.oid, 'pg_class')
            FROM pg_catalog.pg_class c
            LEFT JOIN pg_catalog.pg_namespace n ON n.oid = c.relnamespace
            WHERE c.relkind IN ('f', 'm', 'p', 'r', 'v')
                AND n.nspname NOT IN ('pg_catalog', 'pg_toast')
                AND pg_catalog.pg_table_is_visible(c.oid)
        ; args=None; alias=default
DEBUG 2024-03-01 18:47:57,151 utils (0.000) INSERT INTO "django_migrations" ("app", "name", "applied") VALUES ('auth', '0009_alter_user_last_name_max_length', '2024-03-01T18:47:57.151311+00:00'::timestamptz) RETURNING "django_migrations"."id"; args=('auth', '0009_alter_user_last_name_max_length', datetime.datetime(2024, 3, 1, 18, 47, 57, 151311, tzinfo=datetime.timezone.utc)); alias=default
DEBUG 2024-03-01 18:47:57,152 utils (0.000) COMMIT; args=None; alias=default
DEBUG 2024-03-01 18:47:57,152 utils (0.000) BEGIN; args=None; alias=default
DEBUG 2024-03-01 18:47:57,159 schema ALTER TABLE "auth_group" ALTER COLUMN "name" TYPE varchar(150); (params None)
DEBUG 2024-03-01 18:47:57,161 utils (0.001) ALTER TABLE "auth_group" ALTER COLUMN "name" TYPE varchar(150); args=None; alias=default
DEBUG 2024-03-01 18:47:57,162 utils (0.001) 
            SELECT
                c.relname,
                CASE
                    WHEN c.relispartition THEN 'p'
                    WHEN c.relkind IN ('m', 'v') THEN 'v'
                    ELSE 't'
                END,
                obj_description(c.oid, 'pg_class')
            FROM pg_catalog.pg_class c
            LEFT JOIN pg_catalog.pg_namespace n ON n.oid = c.relnamespace
            WHERE c.relkind IN ('f', 'm', 'p', 'r', 'v')
                AND n.nspname NOT IN ('pg_catalog', 'pg_toast')
                AND pg_catalog.pg_table_is_visible(c.oid)
        ; args=None; alias=default
DEBUG 2024-03-01 18:47:57,163 utils (0.000) INSERT INTO "django_migrations" ("app", "name", "applied") VALUES ('auth', '0010_alter_group_name_max_length', '2024-03-01T18:47:57.162624+00:00'::timestamptz) RETURNING "django_migrations"."id"; args=('auth', '0010_alter_group_name_max_length', datetime.datetime(2024, 3, 1, 18, 47, 57, 162624, tzinfo=datetime.timezone.utc)); alias=default
DEBUG 2024-03-01 18:47:57,164 utils (0.001) COMMIT; args=None; alias=default
DEBUG 2024-03-01 18:47:57,164 utils (0.000) BEGIN; args=None; alias=default
DEBUG 2024-03-01 18:47:57,171 utils (0.002) 
            SELECT
                c.relname,
                CASE
                    WHEN c.relispartition THEN 'p'
                    WHEN c.relkind IN ('m', 'v') THEN 'v'
                    ELSE 't'
                END,
                obj_description(c.oid, 'pg_class')
            FROM pg_catalog.pg_class c
            LEFT JOIN pg_catalog.pg_namespace n ON n.oid = c.relnamespace
            WHERE c.relkind IN ('f', 'm', 'p', 'r', 'v')
                AND n.nspname NOT IN ('pg_catalog', 'pg_toast')
                AND pg_catalog.pg_table_is_visible(c.oid)
        ; args=None; alias=default
DEBUG 2024-03-01 18:47:57,172 utils (0.000) INSERT INTO "django_migrations" ("app", "name", "applied") VALUES ('auth', '0011_update_proxy_permissions', '2024-03-01T18:47:57.171490+00:00'::timestamptz) RETURNING "django_migrations"."id"; args=('auth', '0011_update_proxy_permissions', datetime.datetime(2024, 3, 1, 18, 47, 57, 171490, tzinfo=datetime.timezone.utc)); alias=default
DEBUG 2024-03-01 18:47:57,172 utils (0.000) COMMIT; args=None; alias=default
DEBUG 2024-03-01 18:47:57,173 utils (0.000) BEGIN; args=None; alias=default
DEBUG 2024-03-01 18:47:57,181 schema ALTER TABLE "auth_user" ALTER COLUMN "first_name" TYPE varchar(150); (params None)
DEBUG 2024-03-01 18:47:57,182 utils (0.001) ALTER TABLE "auth_user" ALTER COLUMN "first_name" TYPE varchar(150); args=None; alias=default
DEBUG 2024-03-01 18:47:57,184 utils (0.001) 
            SELECT
                c.relname,
                CASE
                    WHEN c.relispartition THEN 'p'
                    WHEN c.relkind IN ('m', 'v') THEN 'v'
                    ELSE 't'
                END,
                obj_description(c.oid, 'pg_class')
            FROM pg_catalog.pg_class c
            LEFT JOIN pg_catalog.pg_namespace n ON n.oid = c.relnamespace
            WHERE c.relkind IN ('f', 'm', 'p', 'r', 'v')
                AND n.nspname NOT IN ('pg_catalog', 'pg_toast')
                AND pg_catalog.pg_table_is_visible(c.oid)
        ; args=None; alias=default
DEBUG 2024-03-01 18:47:57,185 utils (0.000) INSERT INTO "django_migrations" ("app", "name", "applied") VALUES ('auth', '0012_alter_user_first_name_max_length', '2024-03-01T18:47:57.184766+00:00'::timestamptz) RETURNING "django_migrations"."id"; args=('auth', '0012_alter_user_first_name_max_length', datetime.datetime(2024, 3, 1, 18, 47, 57, 184766, tzinfo=datetime.timezone.utc)); alias=default
DEBUG 2024-03-01 18:47:57,186 utils (0.001) COMMIT; args=None; alias=default
DEBUG 2024-03-01 18:47:57,186 utils (0.000) BEGIN; args=None; alias=default
DEBUG 2024-03-01 18:47:57,188 schema CREATE TABLE "pong_gamedata" ("id" bigint NOT NULL PRIMARY KEY GENERATED BY DEFAULT AS IDENTITY, "player1_name" varchar(255) NOT NULL, "player1_points" integer NOT NULL CHECK ("player1_points" >= 0), "player2_name" varchar(255) NOT NULL, "player2_points" integer NOT NULL CHECK ("player2_points" >= 0), "game_end_timestamp" timestamp with time zone NOT NULL, "game_duration_secs" integer NOT NULL CHECK ("game_duration_secs" >= 0), "is_tournament_game" boolean NOT NULL); (params None)
DEBUG 2024-03-01 18:47:57,193 utils (0.004) CREATE TABLE "pong_gamedata" ("id" bigint NOT NULL PRIMARY KEY GENERATED BY DEFAULT AS IDENTITY, "player1_name" varchar(255) NOT NULL, "player1_points" integer NOT NULL CHECK ("player1_points" >= 0), "player2_name" varchar(255) NOT NULL, "player2_points" integer NOT NULL CHECK ("player2_points" >= 0), "game_end_timestamp" timestamp with time zone NOT NULL, "game_duration_secs" integer NOT NULL CHECK ("game_duration_secs" >= 0), "is_tournament_game" boolean NOT NULL); args=None; alias=default
DEBUG 2024-03-01 18:47:57,195 schema CREATE TABLE "pong_tournamentdata" ("id" bigint NOT NULL PRIMARY KEY GENERATED BY DEFAULT AS IDENTITY, "tour_id" integer NOT NULL, "match_id_semi_1" integer NOT NULL CHECK ("match_id_semi_1" >= 0), "match_id_semi_2" integer NOT NULL CHECK ("match_id_semi_2" >= 0), "match_id_final" integer NOT NULL CHECK ("match_id_final" >= 0), "tournament_end_timestamp" timestamp with time zone NOT NULL, "tournament_duration_secs" integer NOT NULL CHECK ("tournament_duration_secs" >= 0), "player_ranking" jsonb NOT NULL, "blockchain_hash" varchar(255) NULL); (params None)
DEBUG 2024-03-01 18:47:57,200 utils (0.004) CREATE TABLE "pong_tournamentdata" ("id" bigint NOT NULL PRIMARY KEY GENERATED BY DEFAULT AS IDENTITY, "tour_id" integer NOT NULL, "match_id_semi_1" integer NOT NULL CHECK ("match_id_semi_1" >= 0), "match_id_semi_2" integer NOT NULL CHECK ("match_id_semi_2" >= 0), "match_id_final" integer NOT NULL CHECK ("match_id_final" >= 0), "tournament_end_timestamp" timestamp with time zone NOT NULL, "tournament_duration_secs" integer NOT NULL CHECK ("tournament_duration_secs" >= 0), "player_ranking" jsonb NOT NULL, "blockchain_hash" varchar(255) NULL); args=None; alias=default
DEBUG 2024-03-01 18:47:57,201 utils (0.001) 
            SELECT
                c.relname,
                CASE
                    WHEN c.relispartition THEN 'p'
                    WHEN c.relkind IN ('m', 'v') THEN 'v'
                    ELSE 't'
                END,
                obj_description(c.oid, 'pg_class')
            FROM pg_catalog.pg_class c
            LEFT JOIN pg_catalog.pg_namespace n ON n.oid = c.relnamespace
            WHERE c.relkind IN ('f', 'm', 'p', 'r', 'v')
                AND n.nspname NOT IN ('pg_catalog', 'pg_toast')
                AND pg_catalog.pg_table_is_visible(c.oid)
        ; args=None; alias=default
DEBUG 2024-03-01 18:47:57,202 utils (0.000) INSERT INTO "django_migrations" ("app", "name", "applied") VALUES ('pong', '0001_initial', '2024-03-01T18:47:57.201781+00:00'::timestamptz) RETURNING "django_migrations"."id"; args=('pong', '0001_initial', datetime.datetime(2024, 3, 1, 18, 47, 57, 201781, tzinfo=datetime.timezone.utc)); alias=default
DEBUG 2024-03-01 18:47:57,203 utils (0.001) COMMIT; args=None; alias=default
DEBUG 2024-03-01 18:47:57,203 utils (0.000) BEGIN; args=None; alias=default
DEBUG 2024-03-01 18:47:57,204 schema CREATE TABLE "django_session" ("session_key" varchar(40) NOT NULL PRIMARY KEY, "session_data" text NOT NULL, "expire_date" timestamp with time zone NOT NULL); (params None)
DEBUG 2024-03-01 18:47:57,208 utils (0.004) CREATE TABLE "django_session" ("session_key" varchar(40) NOT NULL PRIMARY KEY, "session_data" text NOT NULL, "expire_date" timestamp with time zone NOT NULL); args=None; alias=default
DEBUG 2024-03-01 18:47:57,209 schema CREATE INDEX "django_session_session_key_c0390e0f_like" ON "django_session" ("session_key" varchar_pattern_ops); (params None)
DEBUG 2024-03-01 18:47:57,212 utils (0.003) CREATE INDEX "django_session_session_key_c0390e0f_like" ON "django_session" ("session_key" varchar_pattern_ops); args=None; alias=default
DEBUG 2024-03-01 18:47:57,212 schema CREATE INDEX "django_session_expire_date_a5c62663" ON "django_session" ("expire_date"); (params None)
DEBUG 2024-03-01 18:47:57,215 utils (0.002) CREATE INDEX "django_session_expire_date_a5c62663" ON "django_session" ("expire_date"); args=None; alias=default
DEBUG 2024-03-01 18:47:57,217 utils (0.001) COMMIT; args=None; alias=default
DEBUG 2024-03-01 18:47:57,222 utils (0.004) 
            SELECT
                c.relname,
                CASE
                    WHEN c.relispartition THEN 'p'
                    WHEN c.relkind IN ('m', 'v') THEN 'v'
                    ELSE 't'
                END,
                obj_description(c.oid, 'pg_class')
            FROM pg_catalog.pg_class c
            LEFT JOIN pg_catalog.pg_namespace n ON n.oid = c.relnamespace
            WHERE c.relkind IN ('f', 'm', 'p', 'r', 'v')
                AND n.nspname NOT IN ('pg_catalog', 'pg_toast')
                AND pg_catalog.pg_table_is_visible(c.oid)
        ; args=None; alias=default
DEBUG 2024-03-01 18:47:57,224 utils (0.001) INSERT INTO "django_migrations" ("app", "name", "applied") VALUES ('sessions', '0001_initial', '2024-03-01T18:47:57.222829+00:00'::timestamptz) RETURNING "django_migrations"."id"; args=('sessions', '0001_initial', datetime.datetime(2024, 3, 1, 18, 47, 57, 222829, tzinfo=datetime.timezone.utc)); alias=default
DEBUG 2024-03-01 18:47:57,229 utils (0.003) 
            SELECT
                c.relname,
                CASE
                    WHEN c.relispartition THEN 'p'
                    WHEN c.relkind IN ('m', 'v') THEN 'v'
                    ELSE 't'
                END,
                obj_description(c.oid, 'pg_class')
            FROM pg_catalog.pg_class c
            LEFT JOIN pg_catalog.pg_namespace n ON n.oid = c.relnamespace
            WHERE c.relkind IN ('f', 'm', 'p', 'r', 'v')
                AND n.nspname NOT IN ('pg_catalog', 'pg_toast')
                AND pg_catalog.pg_table_is_visible(c.oid)
        ; args=None; alias=default
DEBUG 2024-03-01 18:47:57,230 utils (0.000) SELECT "django_migrations"."id", "django_migrations"."app", "django_migrations"."name", "django_migrations"."applied" FROM "django_migrations"; args=(); alias=default
DEBUG 2024-03-01 18:47:57,252 utils (0.002) SELECT "django_content_type"."id", "django_content_type"."app_label", "django_content_type"."model" FROM "django_content_type" WHERE "django_content_type"."app_label" = 'admin'; args=('admin',); alias=default
DEBUG 2024-03-01 18:47:57,252 utils (0.000) BEGIN; args=None; alias=default
DEBUG 2024-03-01 18:47:57,254 utils (0.002) INSERT INTO "django_content_type" ("app_label", "model") VALUES ('admin', 'logentry') RETURNING "django_content_type"."id"; args=('admin', 'logentry'); alias=default
DEBUG 2024-03-01 18:47:57,255 utils (0.001) COMMIT; args=None; alias=default
DEBUG 2024-03-01 18:47:57,256 utils (0.001) SELECT "django_content_type"."id", "django_content_type"."app_label", "django_content_type"."model" FROM "django_content_type" WHERE ("django_content_type"."app_label" = 'admin' AND "django_content_type"."model" = 'logentry') LIMIT 21; args=('admin', 'logentry'); alias=default
DEBUG 2024-03-01 18:47:57,265 utils (0.003) SELECT "auth_permission"."content_type_id", "auth_permission"."codename" FROM "auth_permission" INNER JOIN "django_content_type" ON ("auth_permission"."content_type_id" = "django_content_type"."id") WHERE "auth_permission"."content_type_id" IN (1) ORDER BY "django_content_type"."app_label" ASC, "django_content_type"."model" ASC, "auth_permission"."codename" ASC; args=(1,); alias=default
DEBUG 2024-03-01 18:47:57,267 utils (0.000) BEGIN; args=None; alias=default
DEBUG 2024-03-01 18:47:57,269 utils (0.001) INSERT INTO "auth_permission" ("name", "content_type_id", "codename") VALUES ('Can add log entry', 1, 'add_logentry'), ('Can change log entry', 1, 'change_logentry'), ('Can delete log entry', 1, 'delete_logentry'), ('Can view log entry', 1, 'view_logentry') RETURNING "auth_permission"."id"; args=('Can add log entry', 1, 'add_logentry', 'Can change log entry', 1, 'change_logentry', 'Can delete log entry', 1, 'delete_logentry', 'Can view log entry', 1, 'view_logentry'); alias=default
DEBUG 2024-03-01 18:47:57,271 utils (0.001) COMMIT; args=None; alias=default
DEBUG 2024-03-01 18:47:57,273 utils (0.000) SELECT "django_content_type"."id", "django_content_type"."app_label", "django_content_type"."model" FROM "django_content_type" WHERE "django_content_type"."app_label" = 'admin'; args=('admin',); alias=default
DEBUG 2024-03-01 18:47:57,276 utils (0.002) SELECT COUNT(*) AS "__count" FROM "pong_gamedata"; args=(); alias=default
DEBUG 2024-03-01 18:47:57,277 utils (0.000) SELECT COUNT(*) AS "__count" FROM "pong_tournamentdata"; args=(); alias=default
DEBUG 2024-03-01 18:47:57,278 utils (0.000) SELECT COUNT(*) AS "__count" FROM "pong_gamedata"; args=(); alias=default
DEBUG 2024-03-01 18:47:57,304 utils (0.001) INSERT INTO "pong_gamedata" ("player1_name", "player1_points", "player2_name", "player2_points", "game_end_timestamp", "game_duration_secs", "is_tournament_game") VALUES ('Player 7', 11, 'Player 10', 10, '2023-11-17T19:35:29.278064+01:00'::timestamptz, 204, false) RETURNING "pong_gamedata"."id"; args=('Player 7', 11, 'Player 10', 10, datetime.datetime(2023, 11, 17, 19, 35, 29, 278064, tzinfo=<DstTzInfo 'Europe/Paris' CET+1:00:00 STD>), 204, False); alias=default
DEBUG 2024-03-01 18:47:57,306 utils (0.001) INSERT INTO "pong_gamedata" ("player1_name", "player1_points", "player2_name", "player2_points", "game_end_timestamp", "game_duration_secs", "is_tournament_game") VALUES ('Player 13', 5, 'Player 12', 11, '2023-12-17T06:47:52.278064+01:00'::timestamptz, 347, false) RETURNING "pong_gamedata"."id"; args=('Player 13', 5, 'Player 12', 11, datetime.datetime(2023, 12, 17, 6, 47, 52, 278064, tzinfo=<DstTzInfo 'Europe/Paris' CET+1:00:00 STD>), 347, False); alias=default
DEBUG 2024-03-01 18:47:57,307 utils (0.001) INSERT INTO "pong_gamedata" ("player1_name", "player1_points", "player2_name", "player2_points", "game_end_timestamp", "game_duration_secs", "is_tournament_game") VALUES ('Player 13', 11, 'Player 12', 10, '2024-02-25T06:37:42.278064+01:00'::timestamptz, 954, false) RETURNING "pong_gamedata"."id"; args=('Player 13', 11, 'Player 12', 10, datetime.datetime(2024, 2, 25, 6, 37, 42, 278064, tzinfo=<DstTzInfo 'Europe/Paris' CET+1:00:00 STD>), 954, False); alias=default
DEBUG 2024-03-01 18:47:57,308 utils (0.001) INSERT INTO "pong_gamedata" ("player1_name", "player1_points", "player2_name", "player2_points", "game_end_timestamp", "game_duration_secs", "is_tournament_game") VALUES ('Player 11', 11, 'Player 8', 7, '2023-11-10T09:01:55.278064+01:00'::timestamptz, 704, false) RETURNING "pong_gamedata"."id"; args=('Player 11', 11, 'Player 8', 7, datetime.datetime(2023, 11, 10, 9, 1, 55, 278064, tzinfo=<DstTzInfo 'Europe/Paris' CET+1:00:00 STD>), 704, False); alias=default
DEBUG 2024-03-01 18:47:57,308 utils (0.000) INSERT INTO "pong_gamedata" ("player1_name", "player1_points", "player2_name", "player2_points", "game_end_timestamp", "game_duration_secs", "is_tournament_game") VALUES ('Player 17', 0, 'Player 5', 11, '2023-12-12T06:00:44.278064+01:00'::timestamptz, 958, false) RETURNING "pong_gamedata"."id"; args=('Player 17', 0, 'Player 5', 11, datetime.datetime(2023, 12, 12, 6, 0, 44, 278064, tzinfo=<DstTzInfo 'Europe/Paris' CET+1:00:00 STD>), 958, False); alias=default
DEBUG 2024-03-01 18:47:57,309 utils (0.001) INSERT INTO "pong_gamedata" ("player1_name", "player1_points", "player2_name", "player2_points", "game_end_timestamp", "game_duration_secs", "is_tournament_game") VALUES ('Player 9', 7, 'Player 8', 11, '2024-01-16T17:07:53.278064+01:00'::timestamptz, 253, false) RETURNING "pong_gamedata"."id"; args=('Player 9', 7, 'Player 8', 11, datetime.datetime(2024, 1, 16, 17, 7, 53, 278064, tzinfo=<DstTzInfo 'Europe/Paris' CET+1:00:00 STD>), 253, False); alias=default
DEBUG 2024-03-01 18:47:57,310 utils (0.001) INSERT INTO "pong_gamedata" ("player1_name", "player1_points", "player2_name", "player2_points", "game_end_timestamp", "game_duration_secs", "is_tournament_game") VALUES ('Player 5', 11, 'Player 16', 4, '2023-11-26T12:41:38.278064+01:00'::timestamptz, 912, false) RETURNING "pong_gamedata"."id"; args=('Player 5', 11, 'Player 16', 4, datetime.datetime(2023, 11, 26, 12, 41, 38, 278064, tzinfo=<DstTzInfo 'Europe/Paris' CET+1:00:00 STD>), 912, False); alias=default
DEBUG 2024-03-01 18:47:57,311 utils (0.001) INSERT INTO "pong_gamedata" ("player1_name", "player1_points", "player2_name", "player2_points", "game_end_timestamp", "game_duration_secs", "is_tournament_game") VALUES ('Player 12', 11, 'Player 16', 10, '2023-12-17T03:19:51.278064+01:00'::timestamptz, 318, false) RETURNING "pong_gamedata"."id"; args=('Player 12', 11, 'Player 16', 10, datetime.datetime(2023, 12, 17, 3, 19, 51, 278064, tzinfo=<DstTzInfo 'Europe/Paris' CET+1:00:00 STD>), 318, False); alias=default
DEBUG 2024-03-01 18:47:57,313 utils (0.001) SELECT COUNT(*) AS "__count" FROM "pong_tournamentdata"; args=(); alias=default
DEBUG 2024-03-01 18:47:57,315 utils (0.001) INSERT INTO "pong_gamedata" ("player1_name", "player1_points", "player2_name", "player2_points", "game_end_timestamp", "game_duration_secs", "is_tournament_game") VALUES ('Player 14', 11, 'Player 1', 0, '2023-11-20T14:57:50.278064+01:00'::timestamptz, 33, true) RETURNING "pong_gamedata"."id"; args=('Player 14', 11, 'Player 1', 0, datetime.datetime(2023, 11, 20, 14, 57, 50, 278064, tzinfo=<DstTzInfo 'Europe/Paris' CET+1:00:00 STD>), 33, True); alias=default
DEBUG 2024-03-01 18:47:57,318 utils (0.001) INSERT INTO "pong_gamedata" ("player1_name", "player1_points", "player2_name", "player2_points", "game_end_timestamp", "game_duration_secs", "is_tournament_game") VALUES ('Player 2', 5, 'Player 9', 11, '2023-11-20T14:46:50.278064+01:00'::timestamptz, 178, true) RETURNING "pong_gamedata"."id"; args=('Player 2', 5, 'Player 9', 11, datetime.datetime(2023, 11, 20, 14, 46, 50, 278064, tzinfo=<DstTzInfo 'Europe/Paris' CET+1:00:00 STD>), 178, True); alias=default
DEBUG 2024-03-01 18:47:57,320 utils (0.001) INSERT INTO "pong_gamedata" ("player1_name", "player1_points", "player2_name", "player2_points", "game_end_timestamp", "game_duration_secs", "is_tournament_game") VALUES ('Player 14', 3, 'Player 9', 11, '2023-11-20T15:00:00.278064+01:00'::timestamptz, 928, true) RETURNING "pong_gamedata"."id"; args=('Player 14', 3, 'Player 9', 11, datetime.datetime(2023, 11, 20, 15, 0, 0, 278064, tzinfo=<DstTzInfo 'Europe/Paris' CET+1:00:00 STD>), 928, True); alias=default
DEBUG 2024-03-01 18:47:57,701 utils (0.001) INSERT INTO "pong_tournamentdata" ("tour_id", "match_id_semi_1", "match_id_semi_2", "match_id_final", "tournament_end_timestamp", "tournament_duration_secs", "player_ranking", "blockchain_hash") VALUES (0, 9, 10, 11, '2023-11-20T15:00:00.278064+01:00'::timestamptz, 968, '["Player 9", "Player 14", "Player 1", "Player 2"]', '0xa904bb1dfe094776011e4b4c07e88497656c7510ab69272eb68974436358f4b4') RETURNING "pong_tournamentdata"."id"; args=(0, 9, 10, 11, datetime.datetime(2023, 11, 20, 15, 0, 0, 278064, tzinfo=<DstTzInfo 'Europe/Paris' CET+1:00:00 STD>), 968, <psycopg2._json.Json object at 0x7f219fd0baa0>, '0xa904bb1dfe094776011e4b4c07e88497656c7510ab69272eb68974436358f4b4'); alias=default
DEBUG 2024-03-01 18:47:57,702 utils (0.001) INSERT INTO "pong_gamedata" ("player1_name", "player1_points", "player2_name", "player2_points", "game_end_timestamp", "game_duration_secs", "is_tournament_game") VALUES ('Player 14', 7, 'Player 8', 11, '2023-11-15T03:07:18.278064+01:00'::timestamptz, 501, true) RETURNING "pong_gamedata"."id"; args=('Player 14', 7, 'Player 8', 11, datetime.datetime(2023, 11, 15, 3, 7, 18, 278064, tzinfo=<DstTzInfo 'Europe/Paris' CET+1:00:00 STD>), 501, True); alias=default
DEBUG 2024-03-01 18:47:57,704 utils (0.001) INSERT INTO "pong_gamedata" ("player1_name", "player1_points", "player2_name", "player2_points", "game_end_timestamp", "game_duration_secs", "is_tournament_game") VALUES ('Player 15', 11, 'Player 3', 3, '2023-11-15T03:09:05.278064+01:00'::timestamptz, 671, true) RETURNING "pong_gamedata"."id"; args=('Player 15', 11, 'Player 3', 3, datetime.datetime(2023, 11, 15, 3, 9, 5, 278064, tzinfo=<DstTzInfo 'Europe/Paris' CET+1:00:00 STD>), 671, True); alias=default
DEBUG 2024-03-01 18:47:57,705 utils (0.001) INSERT INTO "pong_gamedata" ("player1_name", "player1_points", "player2_name", "player2_points", "game_end_timestamp", "game_duration_secs", "is_tournament_game") VALUES ('Player 8', 9, 'Player 15', 11, '2023-11-15T03:11:34.278064+01:00'::timestamptz, 634, true) RETURNING "pong_gamedata"."id"; args=('Player 8', 9, 'Player 15', 11, datetime.datetime(2023, 11, 15, 3, 11, 34, 278064, tzinfo=<DstTzInfo 'Europe/Paris' CET+1:00:00 STD>), 634, True); alias=default
DEBUG 2024-03-01 18:47:57,929 utils (0.001) INSERT INTO "pong_tournamentdata" ("tour_id", "match_id_semi_1", "match_id_semi_2", "match_id_final", "tournament_end_timestamp", "tournament_duration_secs", "player_ranking", "blockchain_hash") VALUES (0, 12, 13, 14, '2023-11-15T03:11:34.278064+01:00'::timestamptz, 820, '["Player 15", "Player 8", "Player 14", "Player 3"]', '0x9f0d93e753383df56837fd00ade33710b3967cbcdb513c859df9633493edaa1b') RETURNING "pong_tournamentdata"."id"; args=(0, 12, 13, 14, datetime.datetime(2023, 11, 15, 3, 11, 34, 278064, tzinfo=<DstTzInfo 'Europe/Paris' CET+1:00:00 STD>), 820, <psycopg2._json.Json object at 0x7f219fd59040>, '0x9f0d93e753383df56837fd00ade33710b3967cbcdb513c859df9633493edaa1b'); alias=default
DEBUG 2024-03-01 18:47:57,931 utils (0.001) SELECT COUNT(*) AS "__count" FROM "pong_gamedata"; args=(); alias=default
DEBUG 2024-03-01 18:47:57,932 utils (0.000) SELECT COUNT(*) AS "__count" FROM "pong_tournamentdata"; args=(); alias=default
DEBUG 2024-03-01 18:47:57,934 utils (0.000) SELECT "django_content_type"."id", "django_content_type"."app_label", "django_content_type"."model" FROM "django_content_type" WHERE "django_content_type"."app_label" = 'auth'; args=('auth',); alias=default
DEBUG 2024-03-01 18:47:57,935 utils (0.000) BEGIN; args=None; alias=default
DEBUG 2024-03-01 18:47:57,936 utils (0.001) INSERT INTO "django_content_type" ("app_label", "model") VALUES ('auth', 'permission'), ('auth', 'group'), ('auth', 'user') RETURNING "django_content_type"."id"; args=('auth', 'permission', 'auth', 'group', 'auth', 'user'); alias=default
DEBUG 2024-03-01 18:47:57,936 utils (0.000) COMMIT; args=None; alias=default
DEBUG 2024-03-01 18:47:57,938 utils (0.001) SELECT "django_content_type"."id", "django_content_type"."app_label", "django_content_type"."model" FROM "django_content_type" WHERE ("django_content_type"."app_label" = 'auth' AND "django_content_type"."model" = 'permission') LIMIT 21; args=('auth', 'permission'); alias=default
DEBUG 2024-03-01 18:47:57,941 utils (0.001) SELECT "django_content_type"."id", "django_content_type"."app_label", "django_content_type"."model" FROM "django_content_type" WHERE ("django_content_type"."app_label" = 'auth' AND "django_content_type"."model" = 'group') LIMIT 21; args=('auth', 'group'); alias=default
DEBUG 2024-03-01 18:47:57,944 utils (0.000) SELECT "django_content_type"."id", "django_content_type"."app_label", "django_content_type"."model" FROM "django_content_type" WHERE ("django_content_type"."app_label" = 'auth' AND "django_content_type"."model" = 'user') LIMIT 21; args=('auth', 'user'); alias=default
DEBUG 2024-03-01 18:47:57,948 utils (0.001) SELECT "auth_permission"."content_type_id", "auth_permission"."codename" FROM "auth_permission" INNER JOIN "django_content_type" ON ("auth_permission"."content_type_id" = "django_content_type"."id") WHERE "auth_permission"."content_type_id" IN (2, 3, 4) ORDER BY "django_content_type"."app_label" ASC, "django_content_type"."model" ASC, "auth_permission"."codename" ASC; args=(2, 3, 4); alias=default
DEBUG 2024-03-01 18:47:57,950 utils (0.000) BEGIN; args=None; alias=default
DEBUG 2024-03-01 18:47:57,952 utils (0.001) INSERT INTO "auth_permission" ("name", "content_type_id", "codename") VALUES ('Can add permission', 2, 'add_permission'), ('Can change permission', 2, 'change_permission'), ('Can delete permission', 2, 'delete_permission'), ('Can view permission', 2, 'view_permission'), ('Can add group', 3, 'add_group'), ('Can change group', 3, 'change_group'), ('Can delete group', 3, 'delete_group'), ('Can view group', 3, 'view_group'), ('Can add user', 4, 'add_user'), ('Can change user', 4, 'change_user'), ('Can delete user', 4, 'delete_user'), ('Can view user', 4, 'view_user') RETURNING "auth_permission"."id"; args=('Can add permission', 2, 'add_permission', 'Can change permission', 2, 'change_permission', 'Can delete permission', 2, 'delete_permission', 'Can view permission', 2, 'view_permission', 'Can add group', 3, 'add_group', 'Can change group', 3, 'change_group', 'Can delete group', 3, 'delete_group', 'Can view group', 3, 'view_group', 'Can add user', 4, 'add_user', 'Can change user', 4, 'change_user', 'Can delete user', 4, 'delete_user', 'Can view user', 4, 'view_user'); alias=default
DEBUG 2024-03-01 18:47:57,954 utils (0.001) COMMIT; args=None; alias=default
DEBUG 2024-03-01 18:47:57,955 utils (0.000) SELECT "django_content_type"."id", "django_content_type"."app_label", "django_content_type"."model" FROM "django_content_type" WHERE "django_content_type"."app_label" = 'auth'; args=('auth',); alias=default
DEBUG 2024-03-01 18:47:57,957 utils (0.000) SELECT COUNT(*) AS "__count" FROM "pong_gamedata"; args=(); alias=default
DEBUG 2024-03-01 18:47:57,959 utils (0.000) SELECT COUNT(*) AS "__count" FROM "pong_tournamentdata"; args=(); alias=default
DEBUG 2024-03-01 18:47:57,961 utils (0.001) SELECT COUNT(*) AS "__count" FROM "pong_gamedata"; args=(); alias=default
DEBUG 2024-03-01 18:47:57,966 utils (0.003) SELECT COUNT(*) AS "__count" FROM "pong_tournamentdata"; args=(); alias=default
DEBUG 2024-03-01 18:47:57,968 utils (0.000) SELECT COUNT(*) AS "__count" FROM "pong_gamedata"; args=(); alias=default
DEBUG 2024-03-01 18:47:57,971 utils (0.001) SELECT COUNT(*) AS "__count" FROM "pong_tournamentdata"; args=(); alias=default
DEBUG 2024-03-01 18:47:57,973 utils (0.001) SELECT "django_content_type"."id", "django_content_type"."app_label", "django_content_type"."model" FROM "django_content_type" WHERE "django_content_type"."app_label" = 'contenttypes'; args=('contenttypes',); alias=default
DEBUG 2024-03-01 18:47:57,973 utils (0.000) BEGIN; args=None; alias=default
DEBUG 2024-03-01 18:47:57,974 utils (0.000) INSERT INTO "django_content_type" ("app_label", "model") VALUES ('contenttypes', 'contenttype') RETURNING "django_content_type"."id"; args=('contenttypes', 'contenttype'); alias=default
DEBUG 2024-03-01 18:47:57,975 utils (0.000) COMMIT; args=None; alias=default
DEBUG 2024-03-01 18:47:57,976 utils (0.000) SELECT "django_content_type"."id", "django_content_type"."app_label", "django_content_type"."model" FROM "django_content_type" WHERE ("django_content_type"."app_label" = 'contenttypes' AND "django_content_type"."model" = 'contenttype') LIMIT 21; args=('contenttypes', 'contenttype'); alias=default
DEBUG 2024-03-01 18:47:57,979 utils (0.001) SELECT "auth_permission"."content_type_id", "auth_permission"."codename" FROM "auth_permission" INNER JOIN "django_content_type" ON ("auth_permission"."content_type_id" = "django_content_type"."id") WHERE "auth_permission"."content_type_id" IN (5) ORDER BY "django_content_type"."app_label" ASC, "django_content_type"."model" ASC, "auth_permission"."codename" ASC; args=(5,); alias=default
DEBUG 2024-03-01 18:47:57,980 utils (0.000) BEGIN; args=None; alias=default
DEBUG 2024-03-01 18:47:57,981 utils (0.001) INSERT INTO "auth_permission" ("name", "content_type_id", "codename") VALUES ('Can add content type', 5, 'add_contenttype'), ('Can change content type', 5, 'change_contenttype'), ('Can delete content type', 5, 'delete_contenttype'), ('Can view content type', 5, 'view_contenttype') RETURNING "auth_permission"."id"; args=('Can add content type', 5, 'add_contenttype', 'Can change content type', 5, 'change_contenttype', 'Can delete content type', 5, 'delete_contenttype', 'Can view content type', 5, 'view_contenttype'); alias=default
DEBUG 2024-03-01 18:47:57,982 utils (0.000) COMMIT; args=None; alias=default
DEBUG 2024-03-01 18:47:57,983 utils (0.001) SELECT "django_content_type"."id", "django_content_type"."app_label", "django_content_type"."model" FROM "django_content_type" WHERE "django_content_type"."app_label" = 'contenttypes'; args=('contenttypes',); alias=default
DEBUG 2024-03-01 18:47:57,985 utils (0.000) SELECT COUNT(*) AS "__count" FROM "pong_gamedata"; args=(); alias=default
DEBUG 2024-03-01 18:47:57,987 utils (0.000) SELECT COUNT(*) AS "__count" FROM "pong_tournamentdata"; args=(); alias=default
DEBUG 2024-03-01 18:47:57,988 utils (0.000) SELECT COUNT(*) AS "__count" FROM "pong_gamedata"; args=(); alias=default
DEBUG 2024-03-01 18:47:57,990 utils (0.000) SELECT COUNT(*) AS "__count" FROM "pong_tournamentdata"; args=(); alias=default
DEBUG 2024-03-01 18:47:57,991 utils (0.000) SELECT COUNT(*) AS "__count" FROM "pong_gamedata"; args=(); alias=default
DEBUG 2024-03-01 18:47:57,992 utils (0.000) SELECT COUNT(*) AS "__count" FROM "pong_tournamentdata"; args=(); alias=default
DEBUG 2024-03-01 18:47:57,994 utils (0.000) SELECT "django_content_type"."id", "django_content_type"."app_label", "django_content_type"."model" FROM "django_content_type" WHERE "django_content_type"."app_label" = 'sessions'; args=('sessions',); alias=default
DEBUG 2024-03-01 18:47:57,994 utils (0.000) BEGIN; args=None; alias=default
DEBUG 2024-03-01 18:47:57,995 utils (0.000) INSERT INTO "django_content_type" ("app_label", "model") VALUES ('sessions', 'session') RETURNING "django_content_type"."id"; args=('sessions', 'session'); alias=default
DEBUG 2024-03-01 18:47:57,996 utils (0.001) COMMIT; args=None; alias=default
DEBUG 2024-03-01 18:47:57,998 utils (0.000) SELECT "django_content_type"."id", "django_content_type"."app_label", "django_content_type"."model" FROM "django_content_type" WHERE ("django_content_type"."app_label" = 'sessions' AND "django_content_type"."model" = 'session') LIMIT 21; args=('sessions', 'session'); alias=default
DEBUG 2024-03-01 18:47:58,001 utils (0.001) SELECT "auth_permission"."content_type_id", "auth_permission"."codename" FROM "auth_permission" INNER JOIN "django_content_type" ON ("auth_permission"."content_type_id" = "django_content_type"."id") WHERE "auth_permission"."content_type_id" IN (6) ORDER BY "django_content_type"."app_label" ASC, "django_content_type"."model" ASC, "auth_permission"."codename" ASC; args=(6,); alias=default
DEBUG 2024-03-01 18:47:58,002 utils (0.000) BEGIN; args=None; alias=default
DEBUG 2024-03-01 18:47:58,003 utils (0.001) INSERT INTO "auth_permission" ("name", "content_type_id", "codename") VALUES ('Can add session', 6, 'add_session'), ('Can change session', 6, 'change_session'), ('Can delete session', 6, 'delete_session'), ('Can view session', 6, 'view_session') RETURNING "auth_permission"."id"; args=('Can add session', 6, 'add_session', 'Can change session', 6, 'change_session', 'Can delete session', 6, 'delete_session', 'Can view session', 6, 'view_session'); alias=default
DEBUG 2024-03-01 18:47:58,004 utils (0.001) COMMIT; args=None; alias=default
DEBUG 2024-03-01 18:47:58,006 utils (0.001) SELECT "django_content_type"."id", "django_content_type"."app_label", "django_content_type"."model" FROM "django_content_type" WHERE "django_content_type"."app_label" = 'sessions'; args=('sessions',); alias=default
DEBUG 2024-03-01 18:47:58,009 utils (0.001) SELECT COUNT(*) AS "__count" FROM "pong_gamedata"; args=(); alias=default
DEBUG 2024-03-01 18:47:58,010 utils (0.000) SELECT COUNT(*) AS "__count" FROM "pong_tournamentdata"; args=(); alias=default
DEBUG 2024-03-01 18:47:58,012 utils (0.000) SELECT COUNT(*) AS "__count" FROM "pong_gamedata"; args=(); alias=default
DEBUG 2024-03-01 18:47:58,013 utils (0.000) SELECT COUNT(*) AS "__count" FROM "pong_tournamentdata"; args=(); alias=default
DEBUG 2024-03-01 18:47:58,015 utils (0.000) SELECT COUNT(*) AS "__count" FROM "pong_gamedata"; args=(); alias=default
DEBUG 2024-03-01 18:47:58,016 utils (0.000) SELECT COUNT(*) AS "__count" FROM "pong_tournamentdata"; args=(); alias=default
DEBUG 2024-03-01 18:47:58,018 utils (0.001) SELECT "django_content_type"."id", "django_content_type"."app_label", "django_content_type"."model" FROM "django_content_type" WHERE "django_content_type"."app_label" = 'pong'; args=('pong',); alias=default
DEBUG 2024-03-01 18:47:58,026 utils (0.000) BEGIN; args=None; alias=default
DEBUG 2024-03-01 18:47:58,027 utils (0.001) INSERT INTO "django_content_type" ("app_label", "model") VALUES ('pong', 'gamedata'), ('pong', 'tournamentdata') RETURNING "django_content_type"."id"; args=('pong', 'gamedata', 'pong', 'tournamentdata'); alias=default
DEBUG 2024-03-01 18:47:58,028 utils (0.001) COMMIT; args=None; alias=default
DEBUG 2024-03-01 18:47:58,030 utils (0.001) SELECT "django_content_type"."id", "django_content_type"."app_label", "django_content_type"."model" FROM "django_content_type" WHERE ("django_content_type"."app_label" = 'pong' AND "django_content_type"."model" = 'gamedata') LIMIT 21; args=('pong', 'gamedata'); alias=default
DEBUG 2024-03-01 18:47:58,032 utils (0.001) SELECT "django_content_type"."id", "django_content_type"."app_label", "django_content_type"."model" FROM "django_content_type" WHERE ("django_content_type"."app_label" = 'pong' AND "django_content_type"."model" = 'tournamentdata') LIMIT 21; args=('pong', 'tournamentdata'); alias=default
DEBUG 2024-03-01 18:47:58,035 utils (0.001) SELECT "auth_permission"."content_type_id", "auth_permission"."codename" FROM "auth_permission" INNER JOIN "django_content_type" ON ("auth_permission"."content_type_id" = "django_content_type"."id") WHERE "auth_permission"."content_type_id" IN (8, 7) ORDER BY "django_content_type"."app_label" ASC, "django_content_type"."model" ASC, "auth_permission"."codename" ASC; args=(8, 7); alias=default
DEBUG 2024-03-01 18:47:58,035 utils (0.000) BEGIN; args=None; alias=default
DEBUG 2024-03-01 18:47:58,037 utils (0.001) INSERT INTO "auth_permission" ("name", "content_type_id", "codename") VALUES ('Can add game data', 7, 'add_gamedata'), ('Can change game data', 7, 'change_gamedata'), ('Can delete game data', 7, 'delete_gamedata'), ('Can view game data', 7, 'view_gamedata'), ('Can add tournament data', 8, 'add_tournamentdata'), ('Can change tournament data', 8, 'change_tournamentdata'), ('Can delete tournament data', 8, 'delete_tournamentdata'), ('Can view tournament data', 8, 'view_tournamentdata') RETURNING "auth_permission"."id"; args=('Can add game data', 7, 'add_gamedata', 'Can change game data', 7, 'change_gamedata', 'Can delete game data', 7, 'delete_gamedata', 'Can view game data', 7, 'view_gamedata', 'Can add tournament data', 8, 'add_tournamentdata', 'Can change tournament data', 8, 'change_tournamentdata', 'Can delete tournament data', 8, 'delete_tournamentdata', 'Can view tournament data', 8, 'view_tournamentdata'); alias=default
DEBUG 2024-03-01 18:47:58,038 utils (0.001) COMMIT; args=None; alias=default
DEBUG 2024-03-01 18:47:58,038 utils (0.000) SELECT "django_content_type"."id", "django_content_type"."app_label", "django_content_type"."model" FROM "django_content_type" WHERE "django_content_type"."app_label" = 'pong'; args=('pong',); alias=default
DEBUG 2024-03-01 18:47:58,040 utils (0.000) SELECT COUNT(*) AS "__count" FROM "pong_gamedata"; args=(); alias=default
DEBUG 2024-03-01 18:47:58,040 utils (0.000) SELECT COUNT(*) AS "__count" FROM "pong_tournamentdata"; args=(); alias=default
DEBUG 2024-03-01 18:47:58,042 utils (0.001) SELECT COUNT(*) AS "__count" FROM "pong_gamedata"; args=(); alias=default
DEBUG 2024-03-01 18:47:58,043 utils (0.000) SELECT COUNT(*) AS "__count" FROM "pong_tournamentdata"; args=(); alias=default
DEBUG 2024-03-01 18:47:58,044 utils (0.000) SELECT COUNT(*) AS "__count" FROM "pong_gamedata"; args=(); alias=default
DEBUG 2024-03-01 18:47:58,046 utils (0.000) SELECT COUNT(*) AS "__count" FROM "pong_tournamentdata"; args=(); alias=default
