DEBUG 2024-03-01 17:53:28,892 utils (0.001) 
            SELECT
                c.relname,
                CASE
                    WHEN c.relispartition THEN 'p'
                    WHEN c.relkind IN ('m', 'v') THEN 'v'
                    ELSE 't'
                END,
                obj_description(c.oid, 'pg_class')
            FROM pg_catalog.pg_class c
            LEFT JOIN pg_catalog.pg_namespace n ON n.oid = c.relnamespace
            WHERE c.relkind IN ('f', 'm', 'p', 'r', 'v')
                AND n.nspname NOT IN ('pg_catalog', 'pg_toast')
                AND pg_catalog.pg_table_is_visible(c.oid)
        ; args=None; alias=default
DEBUG 2024-03-01 17:53:28,893 utils (0.000) 
            SELECT
                c.relname,
                CASE
                    WHEN c.relispartition THEN 'p'
                    WHEN c.relkind IN ('m', 'v') THEN 'v'
                    ELSE 't'
                END,
                obj_description(c.oid, 'pg_class')
            FROM pg_catalog.pg_class c
            LEFT JOIN pg_catalog.pg_namespace n ON n.oid = c.relnamespace
            WHERE c.relkind IN ('f', 'm', 'p', 'r', 'v')
                AND n.nspname NOT IN ('pg_catalog', 'pg_toast')
                AND pg_catalog.pg_table_is_visible(c.oid)
        ; args=None; alias=default
DEBUG 2024-03-01 17:53:28,894 utils (0.000) 
            SELECT
                c.relname,
                CASE
                    WHEN c.relispartition THEN 'p'
                    WHEN c.relkind IN ('m', 'v') THEN 'v'
                    ELSE 't'
                END,
                obj_description(c.oid, 'pg_class')
            FROM pg_catalog.pg_class c
            LEFT JOIN pg_catalog.pg_namespace n ON n.oid = c.relnamespace
            WHERE c.relkind IN ('f', 'm', 'p', 'r', 'v')
                AND n.nspname NOT IN ('pg_catalog', 'pg_toast')
                AND pg_catalog.pg_table_is_visible(c.oid)
        ; args=None; alias=default
DEBUG 2024-03-01 17:53:28,894 utils (0.000) BEGIN; args=None; alias=default
DEBUG 2024-03-01 17:53:28,894 schema CREATE TABLE "django_migrations" ("id" bigint NOT NULL PRIMARY KEY GENERATED BY DEFAULT AS IDENTITY, "app" varchar(255) NOT NULL, "name" varchar(255) NOT NULL, "applied" timestamp with time zone NOT NULL); (params None)
DEBUG 2024-03-01 17:53:28,898 utils (0.003) CREATE TABLE "django_migrations" ("id" bigint NOT NULL PRIMARY KEY GENERATED BY DEFAULT AS IDENTITY, "app" varchar(255) NOT NULL, "name" varchar(255) NOT NULL, "applied" timestamp with time zone NOT NULL); args=None; alias=default
DEBUG 2024-03-01 17:53:28,898 utils (0.001) COMMIT; args=None; alias=default
DEBUG 2024-03-01 17:53:28,899 utils (0.000) BEGIN; args=None; alias=default
DEBUG 2024-03-01 17:53:28,899 schema CREATE TABLE "django_content_type" ("id" integer NOT NULL PRIMARY KEY GENERATED BY DEFAULT AS IDENTITY, "name" varchar(100) NOT NULL, "app_label" varchar(100) NOT NULL, "model" varchar(100) NOT NULL); (params None)
DEBUG 2024-03-01 17:53:28,901 utils (0.001) CREATE TABLE "django_content_type" ("id" integer NOT NULL PRIMARY KEY GENERATED BY DEFAULT AS IDENTITY, "name" varchar(100) NOT NULL, "app_label" varchar(100) NOT NULL, "model" varchar(100) NOT NULL); args=None; alias=default
DEBUG 2024-03-01 17:53:28,902 schema ALTER TABLE "django_content_type" ADD CONSTRAINT "django_content_type_app_label_model_76bd3d3b_uniq" UNIQUE ("app_label", "model"); (params None)
DEBUG 2024-03-01 17:53:28,904 utils (0.001) ALTER TABLE "django_content_type" ADD CONSTRAINT "django_content_type_app_label_model_76bd3d3b_uniq" UNIQUE ("app_label", "model"); args=None; alias=default
DEBUG 2024-03-01 17:53:28,905 utils (0.001) 
            SELECT
                c.relname,
                CASE
                    WHEN c.relispartition THEN 'p'
                    WHEN c.relkind IN ('m', 'v') THEN 'v'
                    ELSE 't'
                END,
                obj_description(c.oid, 'pg_class')
            FROM pg_catalog.pg_class c
            LEFT JOIN pg_catalog.pg_namespace n ON n.oid = c.relnamespace
            WHERE c.relkind IN ('f', 'm', 'p', 'r', 'v')
                AND n.nspname NOT IN ('pg_catalog', 'pg_toast')
                AND pg_catalog.pg_table_is_visible(c.oid)
        ; args=None; alias=default
DEBUG 2024-03-01 17:53:28,907 utils (0.000) INSERT INTO "django_migrations" ("app", "name", "applied") VALUES ('contenttypes', '0001_initial', '2024-03-01T17:53:28.905646+00:00'::timestamptz) RETURNING "django_migrations"."id"; args=('contenttypes', '0001_initial', datetime.datetime(2024, 3, 1, 17, 53, 28, 905646, tzinfo=datetime.timezone.utc)); alias=default
DEBUG 2024-03-01 17:53:28,907 utils (0.000) COMMIT; args=None; alias=default
DEBUG 2024-03-01 17:53:28,908 utils (0.000) BEGIN; args=None; alias=default
DEBUG 2024-03-01 17:53:28,909 schema CREATE TABLE "auth_permission" ("id" integer NOT NULL PRIMARY KEY GENERATED BY DEFAULT AS IDENTITY, "name" varchar(50) NOT NULL, "content_type_id" integer NOT NULL, "codename" varchar(100) NOT NULL); (params None)
DEBUG 2024-03-01 17:53:28,910 utils (0.001) CREATE TABLE "auth_permission" ("id" integer NOT NULL PRIMARY KEY GENERATED BY DEFAULT AS IDENTITY, "name" varchar(50) NOT NULL, "content_type_id" integer NOT NULL, "codename" varchar(100) NOT NULL); args=None; alias=default
DEBUG 2024-03-01 17:53:28,912 schema CREATE TABLE "auth_group" ("id" integer NOT NULL PRIMARY KEY GENERATED BY DEFAULT AS IDENTITY, "name" varchar(80) NOT NULL UNIQUE); (params None)
DEBUG 2024-03-01 17:53:28,914 utils (0.002) CREATE TABLE "auth_group" ("id" integer NOT NULL PRIMARY KEY GENERATED BY DEFAULT AS IDENTITY, "name" varchar(80) NOT NULL UNIQUE); args=None; alias=default
DEBUG 2024-03-01 17:53:28,914 schema CREATE TABLE "auth_group_permissions" ("id" bigint NOT NULL PRIMARY KEY GENERATED BY DEFAULT AS IDENTITY, "group_id" integer NOT NULL, "permission_id" integer NOT NULL); (params None)
DEBUG 2024-03-01 17:53:28,916 utils (0.001) CREATE TABLE "auth_group_permissions" ("id" bigint NOT NULL PRIMARY KEY GENERATED BY DEFAULT AS IDENTITY, "group_id" integer NOT NULL, "permission_id" integer NOT NULL); args=None; alias=default
DEBUG 2024-03-01 17:53:28,919 schema CREATE TABLE "auth_user" ("id" integer NOT NULL PRIMARY KEY GENERATED BY DEFAULT AS IDENTITY, "password" varchar(128) NOT NULL, "last_login" timestamp with time zone NOT NULL, "is_superuser" boolean NOT NULL, "username" varchar(30) NOT NULL UNIQUE, "first_name" varchar(30) NOT NULL, "last_name" varchar(30) NOT NULL, "email" varchar(75) NOT NULL, "is_staff" boolean NOT NULL, "is_active" boolean NOT NULL, "date_joined" timestamp with time zone NOT NULL); (params None)
DEBUG 2024-03-01 17:53:28,921 utils (0.002) CREATE TABLE "auth_user" ("id" integer NOT NULL PRIMARY KEY GENERATED BY DEFAULT AS IDENTITY, "password" varchar(128) NOT NULL, "last_login" timestamp with time zone NOT NULL, "is_superuser" boolean NOT NULL, "username" varchar(30) NOT NULL UNIQUE, "first_name" varchar(30) NOT NULL, "last_name" varchar(30) NOT NULL, "email" varchar(75) NOT NULL, "is_staff" boolean NOT NULL, "is_active" boolean NOT NULL, "date_joined" timestamp with time zone NOT NULL); args=None; alias=default
DEBUG 2024-03-01 17:53:28,921 schema CREATE TABLE "auth_user_groups" ("id" bigint NOT NULL PRIMARY KEY GENERATED BY DEFAULT AS IDENTITY, "user_id" integer NOT NULL, "group_id" integer NOT NULL); (params None)
DEBUG 2024-03-01 17:53:28,923 utils (0.001) CREATE TABLE "auth_user_groups" ("id" bigint NOT NULL PRIMARY KEY GENERATED BY DEFAULT AS IDENTITY, "user_id" integer NOT NULL, "group_id" integer NOT NULL); args=None; alias=default
DEBUG 2024-03-01 17:53:28,923 schema CREATE TABLE "auth_user_user_permissions" ("id" bigint NOT NULL PRIMARY KEY GENERATED BY DEFAULT AS IDENTITY, "user_id" integer NOT NULL, "permission_id" integer NOT NULL); (params None)
DEBUG 2024-03-01 17:53:28,925 utils (0.001) CREATE TABLE "auth_user_user_permissions" ("id" bigint NOT NULL PRIMARY KEY GENERATED BY DEFAULT AS IDENTITY, "user_id" integer NOT NULL, "permission_id" integer NOT NULL); args=None; alias=default
DEBUG 2024-03-01 17:53:28,925 schema ALTER TABLE "auth_permission" ADD CONSTRAINT "auth_permission_content_type_id_codename_01ab375a_uniq" UNIQUE ("content_type_id", "codename"); (params None)
DEBUG 2024-03-01 17:53:28,926 utils (0.001) ALTER TABLE "auth_permission" ADD CONSTRAINT "auth_permission_content_type_id_codename_01ab375a_uniq" UNIQUE ("content_type_id", "codename"); args=None; alias=default
DEBUG 2024-03-01 17:53:28,926 schema ALTER TABLE "auth_permission" ADD CONSTRAINT "auth_permission_content_type_id_2f476e4b_fk_django_co" FOREIGN KEY ("content_type_id") REFERENCES "django_content_type" ("id") DEFERRABLE INITIALLY DEFERRED; (params None)
DEBUG 2024-03-01 17:53:28,927 utils (0.001) ALTER TABLE "auth_permission" ADD CONSTRAINT "auth_permission_content_type_id_2f476e4b_fk_django_co" FOREIGN KEY ("content_type_id") REFERENCES "django_content_type" ("id") DEFERRABLE INITIALLY DEFERRED; args=None; alias=default
DEBUG 2024-03-01 17:53:28,927 schema CREATE INDEX "auth_permission_content_type_id_2f476e4b" ON "auth_permission" ("content_type_id"); (params None)
DEBUG 2024-03-01 17:53:28,928 utils (0.001) CREATE INDEX "auth_permission_content_type_id_2f476e4b" ON "auth_permission" ("content_type_id"); args=None; alias=default
DEBUG 2024-03-01 17:53:28,928 schema CREATE INDEX "auth_group_name_a6ea08ec_like" ON "auth_group" ("name" varchar_pattern_ops); (params None)
DEBUG 2024-03-01 17:53:28,929 utils (0.001) CREATE INDEX "auth_group_name_a6ea08ec_like" ON "auth_group" ("name" varchar_pattern_ops); args=None; alias=default
DEBUG 2024-03-01 17:53:28,929 schema ALTER TABLE "auth_group_permissions" ADD CONSTRAINT "auth_group_permissions_group_id_permission_id_0cd325b0_uniq" UNIQUE ("group_id", "permission_id"); (params None)
DEBUG 2024-03-01 17:53:28,930 utils (0.001) ALTER TABLE "auth_group_permissions" ADD CONSTRAINT "auth_group_permissions_group_id_permission_id_0cd325b0_uniq" UNIQUE ("group_id", "permission_id"); args=None; alias=default
DEBUG 2024-03-01 17:53:28,930 schema ALTER TABLE "auth_group_permissions" ADD CONSTRAINT "auth_group_permissions_group_id_b120cbf9_fk_auth_group_id" FOREIGN KEY ("group_id") REFERENCES "auth_group" ("id") DEFERRABLE INITIALLY DEFERRED; (params None)
DEBUG 2024-03-01 17:53:28,930 utils (0.000) ALTER TABLE "auth_group_permissions" ADD CONSTRAINT "auth_group_permissions_group_id_b120cbf9_fk_auth_group_id" FOREIGN KEY ("group_id") REFERENCES "auth_group" ("id") DEFERRABLE INITIALLY DEFERRED; args=None; alias=default
DEBUG 2024-03-01 17:53:28,930 schema ALTER TABLE "auth_group_permissions" ADD CONSTRAINT "auth_group_permissio_permission_id_84c5c92e_fk_auth_perm" FOREIGN KEY ("permission_id") REFERENCES "auth_permission" ("id") DEFERRABLE INITIALLY DEFERRED; (params None)
DEBUG 2024-03-01 17:53:28,931 utils (0.000) ALTER TABLE "auth_group_permissions" ADD CONSTRAINT "auth_group_permissio_permission_id_84c5c92e_fk_auth_perm" FOREIGN KEY ("permission_id") REFERENCES "auth_permission" ("id") DEFERRABLE INITIALLY DEFERRED; args=None; alias=default
DEBUG 2024-03-01 17:53:28,931 schema CREATE INDEX "auth_group_permissions_group_id_b120cbf9" ON "auth_group_permissions" ("group_id"); (params None)
DEBUG 2024-03-01 17:53:28,932 utils (0.001) CREATE INDEX "auth_group_permissions_group_id_b120cbf9" ON "auth_group_permissions" ("group_id"); args=None; alias=default
DEBUG 2024-03-01 17:53:28,932 schema CREATE INDEX "auth_group_permissions_permission_id_84c5c92e" ON "auth_group_permissions" ("permission_id"); (params None)
DEBUG 2024-03-01 17:53:28,933 utils (0.001) CREATE INDEX "auth_group_permissions_permission_id_84c5c92e" ON "auth_group_permissions" ("permission_id"); args=None; alias=default
DEBUG 2024-03-01 17:53:28,933 schema CREATE INDEX "auth_user_username_6821ab7c_like" ON "auth_user" ("username" varchar_pattern_ops); (params None)
DEBUG 2024-03-01 17:53:28,933 utils (0.001) CREATE INDEX "auth_user_username_6821ab7c_like" ON "auth_user" ("username" varchar_pattern_ops); args=None; alias=default
DEBUG 2024-03-01 17:53:28,934 schema ALTER TABLE "auth_user_groups" ADD CONSTRAINT "auth_user_groups_user_id_group_id_94350c0c_uniq" UNIQUE ("user_id", "group_id"); (params None)
DEBUG 2024-03-01 17:53:28,934 utils (0.001) ALTER TABLE "auth_user_groups" ADD CONSTRAINT "auth_user_groups_user_id_group_id_94350c0c_uniq" UNIQUE ("user_id", "group_id"); args=None; alias=default
DEBUG 2024-03-01 17:53:28,934 schema ALTER TABLE "auth_user_groups" ADD CONSTRAINT "auth_user_groups_user_id_6a12ed8b_fk_auth_user_id" FOREIGN KEY ("user_id") REFERENCES "auth_user" ("id") DEFERRABLE INITIALLY DEFERRED; (params None)
DEBUG 2024-03-01 17:53:28,935 utils (0.000) ALTER TABLE "auth_user_groups" ADD CONSTRAINT "auth_user_groups_user_id_6a12ed8b_fk_auth_user_id" FOREIGN KEY ("user_id") REFERENCES "auth_user" ("id") DEFERRABLE INITIALLY DEFERRED; args=None; alias=default
DEBUG 2024-03-01 17:53:28,935 schema ALTER TABLE "auth_user_groups" ADD CONSTRAINT "auth_user_groups_group_id_97559544_fk_auth_group_id" FOREIGN KEY ("group_id") REFERENCES "auth_group" ("id") DEFERRABLE INITIALLY DEFERRED; (params None)
DEBUG 2024-03-01 17:53:28,935 utils (0.000) ALTER TABLE "auth_user_groups" ADD CONSTRAINT "auth_user_groups_group_id_97559544_fk_auth_group_id" FOREIGN KEY ("group_id") REFERENCES "auth_group" ("id") DEFERRABLE INITIALLY DEFERRED; args=None; alias=default
DEBUG 2024-03-01 17:53:28,936 schema CREATE INDEX "auth_user_groups_user_id_6a12ed8b" ON "auth_user_groups" ("user_id"); (params None)
DEBUG 2024-03-01 17:53:28,936 utils (0.001) CREATE INDEX "auth_user_groups_user_id_6a12ed8b" ON "auth_user_groups" ("user_id"); args=None; alias=default
DEBUG 2024-03-01 17:53:28,936 schema CREATE INDEX "auth_user_groups_group_id_97559544" ON "auth_user_groups" ("group_id"); (params None)
DEBUG 2024-03-01 17:53:28,937 utils (0.001) CREATE INDEX "auth_user_groups_group_id_97559544" ON "auth_user_groups" ("group_id"); args=None; alias=default
DEBUG 2024-03-01 17:53:28,938 schema ALTER TABLE "auth_user_user_permissions" ADD CONSTRAINT "auth_user_user_permissions_user_id_permission_id_14a6b632_uniq" UNIQUE ("user_id", "permission_id"); (params None)
DEBUG 2024-03-01 17:53:28,939 utils (0.001) ALTER TABLE "auth_user_user_permissions" ADD CONSTRAINT "auth_user_user_permissions_user_id_permission_id_14a6b632_uniq" UNIQUE ("user_id", "permission_id"); args=None; alias=default
DEBUG 2024-03-01 17:53:28,939 schema ALTER TABLE "auth_user_user_permissions" ADD CONSTRAINT "auth_user_user_permissions_user_id_a95ead1b_fk_auth_user_id" FOREIGN KEY ("user_id") REFERENCES "auth_user" ("id") DEFERRABLE INITIALLY DEFERRED; (params None)
DEBUG 2024-03-01 17:53:28,939 utils (0.000) ALTER TABLE "auth_user_user_permissions" ADD CONSTRAINT "auth_user_user_permissions_user_id_a95ead1b_fk_auth_user_id" FOREIGN KEY ("user_id") REFERENCES "auth_user" ("id") DEFERRABLE INITIALLY DEFERRED; args=None; alias=default
DEBUG 2024-03-01 17:53:28,939 schema ALTER TABLE "auth_user_user_permissions" ADD CONSTRAINT "auth_user_user_permi_permission_id_1fbb5f2c_fk_auth_perm" FOREIGN KEY ("permission_id") REFERENCES "auth_permission" ("id") DEFERRABLE INITIALLY DEFERRED; (params None)
DEBUG 2024-03-01 17:53:28,940 utils (0.000) ALTER TABLE "auth_user_user_permissions" ADD CONSTRAINT "auth_user_user_permi_permission_id_1fbb5f2c_fk_auth_perm" FOREIGN KEY ("permission_id") REFERENCES "auth_permission" ("id") DEFERRABLE INITIALLY DEFERRED; args=None; alias=default
DEBUG 2024-03-01 17:53:28,940 schema CREATE INDEX "auth_user_user_permissions_user_id_a95ead1b" ON "auth_user_user_permissions" ("user_id"); (params None)
DEBUG 2024-03-01 17:53:28,941 utils (0.001) CREATE INDEX "auth_user_user_permissions_user_id_a95ead1b" ON "auth_user_user_permissions" ("user_id"); args=None; alias=default
DEBUG 2024-03-01 17:53:28,941 schema CREATE INDEX "auth_user_user_permissions_permission_id_1fbb5f2c" ON "auth_user_user_permissions" ("permission_id"); (params None)
DEBUG 2024-03-01 17:53:28,942 utils (0.001) CREATE INDEX "auth_user_user_permissions_permission_id_1fbb5f2c" ON "auth_user_user_permissions" ("permission_id"); args=None; alias=default
DEBUG 2024-03-01 17:53:28,942 utils (0.000) COMMIT; args=None; alias=default
DEBUG 2024-03-01 17:53:28,943 utils (0.001) 
            SELECT
                c.relname,
                CASE
                    WHEN c.relispartition THEN 'p'
                    WHEN c.relkind IN ('m', 'v') THEN 'v'
                    ELSE 't'
                END,
                obj_description(c.oid, 'pg_class')
            FROM pg_catalog.pg_class c
            LEFT JOIN pg_catalog.pg_namespace n ON n.oid = c.relnamespace
            WHERE c.relkind IN ('f', 'm', 'p', 'r', 'v')
                AND n.nspname NOT IN ('pg_catalog', 'pg_toast')
                AND pg_catalog.pg_table_is_visible(c.oid)
        ; args=None; alias=default
DEBUG 2024-03-01 17:53:28,944 utils (0.000) INSERT INTO "django_migrations" ("app", "name", "applied") VALUES ('auth', '0001_initial', '2024-03-01T17:53:28.943423+00:00'::timestamptz) RETURNING "django_migrations"."id"; args=('auth', '0001_initial', datetime.datetime(2024, 3, 1, 17, 53, 28, 943423, tzinfo=datetime.timezone.utc)); alias=default
DEBUG 2024-03-01 17:53:28,944 utils (0.000) BEGIN; args=None; alias=default
DEBUG 2024-03-01 17:53:28,948 schema CREATE TABLE "django_admin_log" ("id" integer NOT NULL PRIMARY KEY GENERATED BY DEFAULT AS IDENTITY, "action_time" timestamp with time zone NOT NULL, "object_id" text NULL, "object_repr" varchar(200) NOT NULL, "action_flag" smallint NOT NULL CHECK ("action_flag" >= 0), "change_message" text NOT NULL, "content_type_id" integer NULL, "user_id" integer NOT NULL); (params None)
DEBUG 2024-03-01 17:53:28,950 utils (0.002) CREATE TABLE "django_admin_log" ("id" integer NOT NULL PRIMARY KEY GENERATED BY DEFAULT AS IDENTITY, "action_time" timestamp with time zone NOT NULL, "object_id" text NULL, "object_repr" varchar(200) NOT NULL, "action_flag" smallint NOT NULL CHECK ("action_flag" >= 0), "change_message" text NOT NULL, "content_type_id" integer NULL, "user_id" integer NOT NULL); args=None; alias=default
DEBUG 2024-03-01 17:53:28,950 schema ALTER TABLE "django_admin_log" ADD CONSTRAINT "django_admin_log_content_type_id_c4bce8eb_fk_django_co" FOREIGN KEY ("content_type_id") REFERENCES "django_content_type" ("id") DEFERRABLE INITIALLY DEFERRED; (params None)
DEBUG 2024-03-01 17:53:28,951 utils (0.000) ALTER TABLE "django_admin_log" ADD CONSTRAINT "django_admin_log_content_type_id_c4bce8eb_fk_django_co" FOREIGN KEY ("content_type_id") REFERENCES "django_content_type" ("id") DEFERRABLE INITIALLY DEFERRED; args=None; alias=default
DEBUG 2024-03-01 17:53:28,951 schema ALTER TABLE "django_admin_log" ADD CONSTRAINT "django_admin_log_user_id_c564eba6_fk_auth_user_id" FOREIGN KEY ("user_id") REFERENCES "auth_user" ("id") DEFERRABLE INITIALLY DEFERRED; (params None)
DEBUG 2024-03-01 17:53:28,951 utils (0.000) ALTER TABLE "django_admin_log" ADD CONSTRAINT "django_admin_log_user_id_c564eba6_fk_auth_user_id" FOREIGN KEY ("user_id") REFERENCES "auth_user" ("id") DEFERRABLE INITIALLY DEFERRED; args=None; alias=default
DEBUG 2024-03-01 17:53:28,951 schema CREATE INDEX "django_admin_log_content_type_id_c4bce8eb" ON "django_admin_log" ("content_type_id"); (params None)
DEBUG 2024-03-01 17:53:28,952 utils (0.001) CREATE INDEX "django_admin_log_content_type_id_c4bce8eb" ON "django_admin_log" ("content_type_id"); args=None; alias=default
DEBUG 2024-03-01 17:53:28,952 schema CREATE INDEX "django_admin_log_user_id_c564eba6" ON "django_admin_log" ("user_id"); (params None)
DEBUG 2024-03-01 17:53:28,953 utils (0.001) CREATE INDEX "django_admin_log_user_id_c564eba6" ON "django_admin_log" ("user_id"); args=None; alias=default
DEBUG 2024-03-01 17:53:28,954 utils (0.000) COMMIT; args=None; alias=default
DEBUG 2024-03-01 17:53:28,954 utils (0.001) 
            SELECT
                c.relname,
                CASE
                    WHEN c.relispartition THEN 'p'
                    WHEN c.relkind IN ('m', 'v') THEN 'v'
                    ELSE 't'
                END,
                obj_description(c.oid, 'pg_class')
            FROM pg_catalog.pg_class c
            LEFT JOIN pg_catalog.pg_namespace n ON n.oid = c.relnamespace
            WHERE c.relkind IN ('f', 'm', 'p', 'r', 'v')
                AND n.nspname NOT IN ('pg_catalog', 'pg_toast')
                AND pg_catalog.pg_table_is_visible(c.oid)
        ; args=None; alias=default
DEBUG 2024-03-01 17:53:28,955 utils (0.000) INSERT INTO "django_migrations" ("app", "name", "applied") VALUES ('admin', '0001_initial', '2024-03-01T17:53:28.954819+00:00'::timestamptz) RETURNING "django_migrations"."id"; args=('admin', '0001_initial', datetime.datetime(2024, 3, 1, 17, 53, 28, 954819, tzinfo=datetime.timezone.utc)); alias=default
DEBUG 2024-03-01 17:53:28,955 utils (0.000) BEGIN; args=None; alias=default
DEBUG 2024-03-01 17:53:28,960 utils (0.001) 
            SELECT
                c.relname,
                CASE
                    WHEN c.relispartition THEN 'p'
                    WHEN c.relkind IN ('m', 'v') THEN 'v'
                    ELSE 't'
                END,
                obj_description(c.oid, 'pg_class')
            FROM pg_catalog.pg_class c
            LEFT JOIN pg_catalog.pg_namespace n ON n.oid = c.relnamespace
            WHERE c.relkind IN ('f', 'm', 'p', 'r', 'v')
                AND n.nspname NOT IN ('pg_catalog', 'pg_toast')
                AND pg_catalog.pg_table_is_visible(c.oid)
        ; args=None; alias=default
DEBUG 2024-03-01 17:53:28,960 utils (0.000) INSERT INTO "django_migrations" ("app", "name", "applied") VALUES ('admin', '0002_logentry_remove_auto_add', '2024-03-01T17:53:28.960587+00:00'::timestamptz) RETURNING "django_migrations"."id"; args=('admin', '0002_logentry_remove_auto_add', datetime.datetime(2024, 3, 1, 17, 53, 28, 960587, tzinfo=datetime.timezone.utc)); alias=default
DEBUG 2024-03-01 17:53:28,961 utils (0.000) COMMIT; args=None; alias=default
DEBUG 2024-03-01 17:53:28,961 utils (0.000) BEGIN; args=None; alias=default
DEBUG 2024-03-01 17:53:28,965 utils (0.001) 
            SELECT
                c.relname,
                CASE
                    WHEN c.relispartition THEN 'p'
                    WHEN c.relkind IN ('m', 'v') THEN 'v'
                    ELSE 't'
                END,
                obj_description(c.oid, 'pg_class')
            FROM pg_catalog.pg_class c
            LEFT JOIN pg_catalog.pg_namespace n ON n.oid = c.relnamespace
            WHERE c.relkind IN ('f', 'm', 'p', 'r', 'v')
                AND n.nspname NOT IN ('pg_catalog', 'pg_toast')
                AND pg_catalog.pg_table_is_visible(c.oid)
        ; args=None; alias=default
DEBUG 2024-03-01 17:53:28,966 utils (0.000) INSERT INTO "django_migrations" ("app", "name", "applied") VALUES ('admin', '0003_logentry_add_action_flag_choices', '2024-03-01T17:53:28.966037+00:00'::timestamptz) RETURNING "django_migrations"."id"; args=('admin', '0003_logentry_add_action_flag_choices', datetime.datetime(2024, 3, 1, 17, 53, 28, 966037, tzinfo=datetime.timezone.utc)); alias=default
DEBUG 2024-03-01 17:53:28,966 utils (0.000) COMMIT; args=None; alias=default
DEBUG 2024-03-01 17:53:28,966 utils (0.000) BEGIN; args=None; alias=default
DEBUG 2024-03-01 17:53:28,969 schema ALTER TABLE "django_content_type" ALTER COLUMN "name" DROP NOT NULL; (params None)
DEBUG 2024-03-01 17:53:28,970 utils (0.001) ALTER TABLE "django_content_type" ALTER COLUMN "name" DROP NOT NULL; args=None; alias=default
DEBUG 2024-03-01 17:53:28,976 schema ALTER TABLE "django_content_type" DROP COLUMN "name" CASCADE; (params None)
DEBUG 2024-03-01 17:53:28,977 utils (0.000) ALTER TABLE "django_content_type" DROP COLUMN "name" CASCADE; args=None; alias=default
DEBUG 2024-03-01 17:53:28,977 utils (0.001) 
            SELECT
                c.relname,
                CASE
                    WHEN c.relispartition THEN 'p'
                    WHEN c.relkind IN ('m', 'v') THEN 'v'
                    ELSE 't'
                END,
                obj_description(c.oid, 'pg_class')
            FROM pg_catalog.pg_class c
            LEFT JOIN pg_catalog.pg_namespace n ON n.oid = c.relnamespace
            WHERE c.relkind IN ('f', 'm', 'p', 'r', 'v')
                AND n.nspname NOT IN ('pg_catalog', 'pg_toast')
                AND pg_catalog.pg_table_is_visible(c.oid)
        ; args=None; alias=default
DEBUG 2024-03-01 17:53:28,978 utils (0.000) INSERT INTO "django_migrations" ("app", "name", "applied") VALUES ('contenttypes', '0002_remove_content_type_name', '2024-03-01T17:53:28.977809+00:00'::timestamptz) RETURNING "django_migrations"."id"; args=('contenttypes', '0002_remove_content_type_name', datetime.datetime(2024, 3, 1, 17, 53, 28, 977809, tzinfo=datetime.timezone.utc)); alias=default
DEBUG 2024-03-01 17:53:28,978 utils (0.000) COMMIT; args=None; alias=default
DEBUG 2024-03-01 17:53:28,978 utils (0.000) BEGIN; args=None; alias=default
DEBUG 2024-03-01 17:53:28,982 schema ALTER TABLE "auth_permission" ALTER COLUMN "name" TYPE varchar(255); (params None)
DEBUG 2024-03-01 17:53:28,982 utils (0.000) ALTER TABLE "auth_permission" ALTER COLUMN "name" TYPE varchar(255); args=None; alias=default
DEBUG 2024-03-01 17:53:28,983 utils (0.001) 
            SELECT
                c.relname,
                CASE
                    WHEN c.relispartition THEN 'p'
                    WHEN c.relkind IN ('m', 'v') THEN 'v'
                    ELSE 't'
                END,
                obj_description(c.oid, 'pg_class')
            FROM pg_catalog.pg_class c
            LEFT JOIN pg_catalog.pg_namespace n ON n.oid = c.relnamespace
            WHERE c.relkind IN ('f', 'm', 'p', 'r', 'v')
                AND n.nspname NOT IN ('pg_catalog', 'pg_toast')
                AND pg_catalog.pg_table_is_visible(c.oid)
        ; args=None; alias=default
DEBUG 2024-03-01 17:53:28,983 utils (0.000) INSERT INTO "django_migrations" ("app", "name", "applied") VALUES ('auth', '0002_alter_permission_name_max_length', '2024-03-01T17:53:28.983652+00:00'::timestamptz) RETURNING "django_migrations"."id"; args=('auth', '0002_alter_permission_name_max_length', datetime.datetime(2024, 3, 1, 17, 53, 28, 983652, tzinfo=datetime.timezone.utc)); alias=default
DEBUG 2024-03-01 17:53:28,984 utils (0.000) COMMIT; args=None; alias=default
DEBUG 2024-03-01 17:53:28,984 utils (0.000) BEGIN; args=None; alias=default
DEBUG 2024-03-01 17:53:28,989 schema ALTER TABLE "auth_user" ALTER COLUMN "email" TYPE varchar(254); (params None)
DEBUG 2024-03-01 17:53:28,990 utils (0.001) ALTER TABLE "auth_user" ALTER COLUMN "email" TYPE varchar(254); args=None; alias=default
DEBUG 2024-03-01 17:53:28,991 utils (0.001) 
            SELECT
                c.relname,
                CASE
                    WHEN c.relispartition THEN 'p'
                    WHEN c.relkind IN ('m', 'v') THEN 'v'
                    ELSE 't'
                END,
                obj_description(c.oid, 'pg_class')
            FROM pg_catalog.pg_class c
            LEFT JOIN pg_catalog.pg_namespace n ON n.oid = c.relnamespace
            WHERE c.relkind IN ('f', 'm', 'p', 'r', 'v')
                AND n.nspname NOT IN ('pg_catalog', 'pg_toast')
                AND pg_catalog.pg_table_is_visible(c.oid)
        ; args=None; alias=default
DEBUG 2024-03-01 17:53:28,991 utils (0.000) INSERT INTO "django_migrations" ("app", "name", "applied") VALUES ('auth', '0003_alter_user_email_max_length', '2024-03-01T17:53:28.991262+00:00'::timestamptz) RETURNING "django_migrations"."id"; args=('auth', '0003_alter_user_email_max_length', datetime.datetime(2024, 3, 1, 17, 53, 28, 991262, tzinfo=datetime.timezone.utc)); alias=default
DEBUG 2024-03-01 17:53:28,992 utils (0.000) COMMIT; args=None; alias=default
DEBUG 2024-03-01 17:53:28,992 utils (0.000) BEGIN; args=None; alias=default
DEBUG 2024-03-01 17:53:28,996 utils (0.001) 
            SELECT
                c.relname,
                CASE
                    WHEN c.relispartition THEN 'p'
                    WHEN c.relkind IN ('m', 'v') THEN 'v'
                    ELSE 't'
                END,
                obj_description(c.oid, 'pg_class')
            FROM pg_catalog.pg_class c
            LEFT JOIN pg_catalog.pg_namespace n ON n.oid = c.relnamespace
            WHERE c.relkind IN ('f', 'm', 'p', 'r', 'v')
                AND n.nspname NOT IN ('pg_catalog', 'pg_toast')
                AND pg_catalog.pg_table_is_visible(c.oid)
        ; args=None; alias=default
DEBUG 2024-03-01 17:53:28,997 utils (0.000) INSERT INTO "django_migrations" ("app", "name", "applied") VALUES ('auth', '0004_alter_user_username_opts', '2024-03-01T17:53:28.996853+00:00'::timestamptz) RETURNING "django_migrations"."id"; args=('auth', '0004_alter_user_username_opts', datetime.datetime(2024, 3, 1, 17, 53, 28, 996853, tzinfo=datetime.timezone.utc)); alias=default
DEBUG 2024-03-01 17:53:28,997 utils (0.000) COMMIT; args=None; alias=default
DEBUG 2024-03-01 17:53:28,997 utils (0.000) BEGIN; args=None; alias=default
DEBUG 2024-03-01 17:53:29,001 schema ALTER TABLE "auth_user" ALTER COLUMN "last_login" DROP NOT NULL; (params None)
DEBUG 2024-03-01 17:53:29,001 utils (0.000) ALTER TABLE "auth_user" ALTER COLUMN "last_login" DROP NOT NULL; args=None; alias=default
DEBUG 2024-03-01 17:53:29,002 utils (0.001) 
            SELECT
                c.relname,
                CASE
                    WHEN c.relispartition THEN 'p'
                    WHEN c.relkind IN ('m', 'v') THEN 'v'
                    ELSE 't'
                END,
                obj_description(c.oid, 'pg_class')
            FROM pg_catalog.pg_class c
            LEFT JOIN pg_catalog.pg_namespace n ON n.oid = c.relnamespace
            WHERE c.relkind IN ('f', 'm', 'p', 'r', 'v')
                AND n.nspname NOT IN ('pg_catalog', 'pg_toast')
                AND pg_catalog.pg_table_is_visible(c.oid)
        ; args=None; alias=default
DEBUG 2024-03-01 17:53:29,002 utils (0.000) INSERT INTO "django_migrations" ("app", "name", "applied") VALUES ('auth', '0005_alter_user_last_login_null', '2024-03-01T17:53:29.002631+00:00'::timestamptz) RETURNING "django_migrations"."id"; args=('auth', '0005_alter_user_last_login_null', datetime.datetime(2024, 3, 1, 17, 53, 29, 2631, tzinfo=datetime.timezone.utc)); alias=default
DEBUG 2024-03-01 17:53:29,003 utils (0.001) COMMIT; args=None; alias=default
DEBUG 2024-03-01 17:53:29,003 utils (0.000) BEGIN; args=None; alias=default
DEBUG 2024-03-01 17:53:29,005 utils (0.001) 
            SELECT
                c.relname,
                CASE
                    WHEN c.relispartition THEN 'p'
                    WHEN c.relkind IN ('m', 'v') THEN 'v'
                    ELSE 't'
                END,
                obj_description(c.oid, 'pg_class')
            FROM pg_catalog.pg_class c
            LEFT JOIN pg_catalog.pg_namespace n ON n.oid = c.relnamespace
            WHERE c.relkind IN ('f', 'm', 'p', 'r', 'v')
                AND n.nspname NOT IN ('pg_catalog', 'pg_toast')
                AND pg_catalog.pg_table_is_visible(c.oid)
        ; args=None; alias=default
DEBUG 2024-03-01 17:53:29,005 utils (0.000) INSERT INTO "django_migrations" ("app", "name", "applied") VALUES ('auth', '0006_require_contenttypes_0002', '2024-03-01T17:53:29.005140+00:00'::timestamptz) RETURNING "django_migrations"."id"; args=('auth', '0006_require_contenttypes_0002', datetime.datetime(2024, 3, 1, 17, 53, 29, 5140, tzinfo=datetime.timezone.utc)); alias=default
DEBUG 2024-03-01 17:53:29,005 utils (0.000) COMMIT; args=None; alias=default
DEBUG 2024-03-01 17:53:29,006 utils (0.000) BEGIN; args=None; alias=default
DEBUG 2024-03-01 17:53:29,010 utils (0.001) 
            SELECT
                c.relname,
                CASE
                    WHEN c.relispartition THEN 'p'
                    WHEN c.relkind IN ('m', 'v') THEN 'v'
                    ELSE 't'
                END,
                obj_description(c.oid, 'pg_class')
            FROM pg_catalog.pg_class c
            LEFT JOIN pg_catalog.pg_namespace n ON n.oid = c.relnamespace
            WHERE c.relkind IN ('f', 'm', 'p', 'r', 'v')
                AND n.nspname NOT IN ('pg_catalog', 'pg_toast')
                AND pg_catalog.pg_table_is_visible(c.oid)
        ; args=None; alias=default
DEBUG 2024-03-01 17:53:29,010 utils (0.000) INSERT INTO "django_migrations" ("app", "name", "applied") VALUES ('auth', '0007_alter_validators_add_error_messages', '2024-03-01T17:53:29.010751+00:00'::timestamptz) RETURNING "django_migrations"."id"; args=('auth', '0007_alter_validators_add_error_messages', datetime.datetime(2024, 3, 1, 17, 53, 29, 10751, tzinfo=datetime.timezone.utc)); alias=default
DEBUG 2024-03-01 17:53:29,011 utils (0.000) COMMIT; args=None; alias=default
DEBUG 2024-03-01 17:53:29,011 utils (0.000) BEGIN; args=None; alias=default
DEBUG 2024-03-01 17:53:29,015 schema ALTER TABLE "auth_user" ALTER COLUMN "username" TYPE varchar(150); (params None)
DEBUG 2024-03-01 17:53:29,016 utils (0.002) ALTER TABLE "auth_user" ALTER COLUMN "username" TYPE varchar(150); args=None; alias=default
DEBUG 2024-03-01 17:53:29,017 utils (0.001) 
            SELECT
                c.relname,
                CASE
                    WHEN c.relispartition THEN 'p'
                    WHEN c.relkind IN ('m', 'v') THEN 'v'
                    ELSE 't'
                END,
                obj_description(c.oid, 'pg_class')
            FROM pg_catalog.pg_class c
            LEFT JOIN pg_catalog.pg_namespace n ON n.oid = c.relnamespace
            WHERE c.relkind IN ('f', 'm', 'p', 'r', 'v')
                AND n.nspname NOT IN ('pg_catalog', 'pg_toast')
                AND pg_catalog.pg_table_is_visible(c.oid)
        ; args=None; alias=default
DEBUG 2024-03-01 17:53:29,017 utils (0.000) INSERT INTO "django_migrations" ("app", "name", "applied") VALUES ('auth', '0008_alter_user_username_max_length', '2024-03-01T17:53:29.017712+00:00'::timestamptz) RETURNING "django_migrations"."id"; args=('auth', '0008_alter_user_username_max_length', datetime.datetime(2024, 3, 1, 17, 53, 29, 17712, tzinfo=datetime.timezone.utc)); alias=default
DEBUG 2024-03-01 17:53:29,018 utils (0.000) COMMIT; args=None; alias=default
DEBUG 2024-03-01 17:53:29,018 utils (0.000) BEGIN; args=None; alias=default
DEBUG 2024-03-01 17:53:29,022 schema ALTER TABLE "auth_user" ALTER COLUMN "last_name" TYPE varchar(150); (params None)
DEBUG 2024-03-01 17:53:29,023 utils (0.001) ALTER TABLE "auth_user" ALTER COLUMN "last_name" TYPE varchar(150); args=None; alias=default
DEBUG 2024-03-01 17:53:29,024 utils (0.001) 
            SELECT
                c.relname,
                CASE
                    WHEN c.relispartition THEN 'p'
                    WHEN c.relkind IN ('m', 'v') THEN 'v'
                    ELSE 't'
                END,
                obj_description(c.oid, 'pg_class')
            FROM pg_catalog.pg_class c
            LEFT JOIN pg_catalog.pg_namespace n ON n.oid = c.relnamespace
            WHERE c.relkind IN ('f', 'm', 'p', 'r', 'v')
                AND n.nspname NOT IN ('pg_catalog', 'pg_toast')
                AND pg_catalog.pg_table_is_visible(c.oid)
        ; args=None; alias=default
DEBUG 2024-03-01 17:53:29,024 utils (0.000) INSERT INTO "django_migrations" ("app", "name", "applied") VALUES ('auth', '0009_alter_user_last_name_max_length', '2024-03-01T17:53:29.024128+00:00'::timestamptz) RETURNING "django_migrations"."id"; args=('auth', '0009_alter_user_last_name_max_length', datetime.datetime(2024, 3, 1, 17, 53, 29, 24128, tzinfo=datetime.timezone.utc)); alias=default
DEBUG 2024-03-01 17:53:29,024 utils (0.000) COMMIT; args=None; alias=default
DEBUG 2024-03-01 17:53:29,025 utils (0.000) BEGIN; args=None; alias=default
DEBUG 2024-03-01 17:53:29,029 schema ALTER TABLE "auth_group" ALTER COLUMN "name" TYPE varchar(150); (params None)
DEBUG 2024-03-01 17:53:29,029 utils (0.001) ALTER TABLE "auth_group" ALTER COLUMN "name" TYPE varchar(150); args=None; alias=default
DEBUG 2024-03-01 17:53:29,030 utils (0.001) 
            SELECT
                c.relname,
                CASE
                    WHEN c.relispartition THEN 'p'
                    WHEN c.relkind IN ('m', 'v') THEN 'v'
                    ELSE 't'
                END,
                obj_description(c.oid, 'pg_class')
            FROM pg_catalog.pg_class c
            LEFT JOIN pg_catalog.pg_namespace n ON n.oid = c.relnamespace
            WHERE c.relkind IN ('f', 'm', 'p', 'r', 'v')
                AND n.nspname NOT IN ('pg_catalog', 'pg_toast')
                AND pg_catalog.pg_table_is_visible(c.oid)
        ; args=None; alias=default
DEBUG 2024-03-01 17:53:29,030 utils (0.000) INSERT INTO "django_migrations" ("app", "name", "applied") VALUES ('auth', '0010_alter_group_name_max_length', '2024-03-01T17:53:29.030531+00:00'::timestamptz) RETURNING "django_migrations"."id"; args=('auth', '0010_alter_group_name_max_length', datetime.datetime(2024, 3, 1, 17, 53, 29, 30531, tzinfo=datetime.timezone.utc)); alias=default
DEBUG 2024-03-01 17:53:29,031 utils (0.000) COMMIT; args=None; alias=default
DEBUG 2024-03-01 17:53:29,031 utils (0.000) BEGIN; args=None; alias=default
DEBUG 2024-03-01 17:53:29,035 utils (0.001) 
            SELECT
                c.relname,
                CASE
                    WHEN c.relispartition THEN 'p'
                    WHEN c.relkind IN ('m', 'v') THEN 'v'
                    ELSE 't'
                END,
                obj_description(c.oid, 'pg_class')
            FROM pg_catalog.pg_class c
            LEFT JOIN pg_catalog.pg_namespace n ON n.oid = c.relnamespace
            WHERE c.relkind IN ('f', 'm', 'p', 'r', 'v')
                AND n.nspname NOT IN ('pg_catalog', 'pg_toast')
                AND pg_catalog.pg_table_is_visible(c.oid)
        ; args=None; alias=default
DEBUG 2024-03-01 17:53:29,035 utils (0.000) INSERT INTO "django_migrations" ("app", "name", "applied") VALUES ('auth', '0011_update_proxy_permissions', '2024-03-01T17:53:29.035710+00:00'::timestamptz) RETURNING "django_migrations"."id"; args=('auth', '0011_update_proxy_permissions', datetime.datetime(2024, 3, 1, 17, 53, 29, 35710, tzinfo=datetime.timezone.utc)); alias=default
DEBUG 2024-03-01 17:53:29,036 utils (0.000) COMMIT; args=None; alias=default
DEBUG 2024-03-01 17:53:29,036 utils (0.000) BEGIN; args=None; alias=default
DEBUG 2024-03-01 17:53:29,041 schema ALTER TABLE "auth_user" ALTER COLUMN "first_name" TYPE varchar(150); (params None)
DEBUG 2024-03-01 17:53:29,041 utils (0.000) ALTER TABLE "auth_user" ALTER COLUMN "first_name" TYPE varchar(150); args=None; alias=default
DEBUG 2024-03-01 17:53:29,042 utils (0.001) 
            SELECT
                c.relname,
                CASE
                    WHEN c.relispartition THEN 'p'
                    WHEN c.relkind IN ('m', 'v') THEN 'v'
                    ELSE 't'
                END,
                obj_description(c.oid, 'pg_class')
            FROM pg_catalog.pg_class c
            LEFT JOIN pg_catalog.pg_namespace n ON n.oid = c.relnamespace
            WHERE c.relkind IN ('f', 'm', 'p', 'r', 'v')
                AND n.nspname NOT IN ('pg_catalog', 'pg_toast')
                AND pg_catalog.pg_table_is_visible(c.oid)
        ; args=None; alias=default
DEBUG 2024-03-01 17:53:29,042 utils (0.000) INSERT INTO "django_migrations" ("app", "name", "applied") VALUES ('auth', '0012_alter_user_first_name_max_length', '2024-03-01T17:53:29.042504+00:00'::timestamptz) RETURNING "django_migrations"."id"; args=('auth', '0012_alter_user_first_name_max_length', datetime.datetime(2024, 3, 1, 17, 53, 29, 42504, tzinfo=datetime.timezone.utc)); alias=default
DEBUG 2024-03-01 17:53:29,043 utils (0.000) COMMIT; args=None; alias=default
DEBUG 2024-03-01 17:53:29,043 utils (0.000) BEGIN; args=None; alias=default
DEBUG 2024-03-01 17:53:29,044 schema CREATE TABLE "pong_gamedata" ("id" bigint NOT NULL PRIMARY KEY GENERATED BY DEFAULT AS IDENTITY, "player1_name" varchar(255) NOT NULL, "player1_points" integer NOT NULL CHECK ("player1_points" >= 0), "player2_name" varchar(255) NOT NULL, "player2_points" integer NOT NULL CHECK ("player2_points" >= 0), "game_end_timestamp" timestamp with time zone NOT NULL, "game_duration_secs" integer NOT NULL CHECK ("game_duration_secs" >= 0), "is_tournament_game" boolean NOT NULL); (params None)
DEBUG 2024-03-01 17:53:29,046 utils (0.002) CREATE TABLE "pong_gamedata" ("id" bigint NOT NULL PRIMARY KEY GENERATED BY DEFAULT AS IDENTITY, "player1_name" varchar(255) NOT NULL, "player1_points" integer NOT NULL CHECK ("player1_points" >= 0), "player2_name" varchar(255) NOT NULL, "player2_points" integer NOT NULL CHECK ("player2_points" >= 0), "game_end_timestamp" timestamp with time zone NOT NULL, "game_duration_secs" integer NOT NULL CHECK ("game_duration_secs" >= 0), "is_tournament_game" boolean NOT NULL); args=None; alias=default
DEBUG 2024-03-01 17:53:29,047 schema CREATE TABLE "pong_tournamentdata" ("id" bigint NOT NULL PRIMARY KEY GENERATED BY DEFAULT AS IDENTITY, "tour_id" integer NOT NULL, "match_id_semi_1" integer NOT NULL CHECK ("match_id_semi_1" >= 0), "match_id_semi_2" integer NOT NULL CHECK ("match_id_semi_2" >= 0), "match_id_final" integer NOT NULL CHECK ("match_id_final" >= 0), "tournament_end_timestamp" timestamp with time zone NOT NULL, "tournament_duration_secs" integer NOT NULL CHECK ("tournament_duration_secs" >= 0), "player_ranking" jsonb NOT NULL, "blockchain_hash" varchar(255) NULL); (params None)
DEBUG 2024-03-01 17:53:29,050 utils (0.003) CREATE TABLE "pong_tournamentdata" ("id" bigint NOT NULL PRIMARY KEY GENERATED BY DEFAULT AS IDENTITY, "tour_id" integer NOT NULL, "match_id_semi_1" integer NOT NULL CHECK ("match_id_semi_1" >= 0), "match_id_semi_2" integer NOT NULL CHECK ("match_id_semi_2" >= 0), "match_id_final" integer NOT NULL CHECK ("match_id_final" >= 0), "tournament_end_timestamp" timestamp with time zone NOT NULL, "tournament_duration_secs" integer NOT NULL CHECK ("tournament_duration_secs" >= 0), "player_ranking" jsonb NOT NULL, "blockchain_hash" varchar(255) NULL); args=None; alias=default
DEBUG 2024-03-01 17:53:29,050 utils (0.001) 
            SELECT
                c.relname,
                CASE
                    WHEN c.relispartition THEN 'p'
                    WHEN c.relkind IN ('m', 'v') THEN 'v'
                    ELSE 't'
                END,
                obj_description(c.oid, 'pg_class')
            FROM pg_catalog.pg_class c
            LEFT JOIN pg_catalog.pg_namespace n ON n.oid = c.relnamespace
            WHERE c.relkind IN ('f', 'm', 'p', 'r', 'v')
                AND n.nspname NOT IN ('pg_catalog', 'pg_toast')
                AND pg_catalog.pg_table_is_visible(c.oid)
        ; args=None; alias=default
DEBUG 2024-03-01 17:53:29,051 utils (0.000) INSERT INTO "django_migrations" ("app", "name", "applied") VALUES ('pong', '0001_initial', '2024-03-01T17:53:29.050942+00:00'::timestamptz) RETURNING "django_migrations"."id"; args=('pong', '0001_initial', datetime.datetime(2024, 3, 1, 17, 53, 29, 50942, tzinfo=datetime.timezone.utc)); alias=default
DEBUG 2024-03-01 17:53:29,051 utils (0.000) COMMIT; args=None; alias=default
DEBUG 2024-03-01 17:53:29,051 utils (0.000) BEGIN; args=None; alias=default
DEBUG 2024-03-01 17:53:29,052 schema CREATE TABLE "django_session" ("session_key" varchar(40) NOT NULL PRIMARY KEY, "session_data" text NOT NULL, "expire_date" timestamp with time zone NOT NULL); (params None)
DEBUG 2024-03-01 17:53:29,054 utils (0.002) CREATE TABLE "django_session" ("session_key" varchar(40) NOT NULL PRIMARY KEY, "session_data" text NOT NULL, "expire_date" timestamp with time zone NOT NULL); args=None; alias=default
DEBUG 2024-03-01 17:53:29,054 schema CREATE INDEX "django_session_session_key_c0390e0f_like" ON "django_session" ("session_key" varchar_pattern_ops); (params None)
DEBUG 2024-03-01 17:53:29,055 utils (0.001) CREATE INDEX "django_session_session_key_c0390e0f_like" ON "django_session" ("session_key" varchar_pattern_ops); args=None; alias=default
DEBUG 2024-03-01 17:53:29,055 schema CREATE INDEX "django_session_expire_date_a5c62663" ON "django_session" ("expire_date"); (params None)
DEBUG 2024-03-01 17:53:29,056 utils (0.001) CREATE INDEX "django_session_expire_date_a5c62663" ON "django_session" ("expire_date"); args=None; alias=default
DEBUG 2024-03-01 17:53:29,057 utils (0.000) COMMIT; args=None; alias=default
DEBUG 2024-03-01 17:53:29,057 utils (0.001) 
            SELECT
                c.relname,
                CASE
                    WHEN c.relispartition THEN 'p'
                    WHEN c.relkind IN ('m', 'v') THEN 'v'
                    ELSE 't'
                END,
                obj_description(c.oid, 'pg_class')
            FROM pg_catalog.pg_class c
            LEFT JOIN pg_catalog.pg_namespace n ON n.oid = c.relnamespace
            WHERE c.relkind IN ('f', 'm', 'p', 'r', 'v')
                AND n.nspname NOT IN ('pg_catalog', 'pg_toast')
                AND pg_catalog.pg_table_is_visible(c.oid)
        ; args=None; alias=default
DEBUG 2024-03-01 17:53:29,058 utils (0.000) INSERT INTO "django_migrations" ("app", "name", "applied") VALUES ('sessions', '0001_initial', '2024-03-01T17:53:29.057942+00:00'::timestamptz) RETURNING "django_migrations"."id"; args=('sessions', '0001_initial', datetime.datetime(2024, 3, 1, 17, 53, 29, 57942, tzinfo=datetime.timezone.utc)); alias=default
DEBUG 2024-03-01 17:53:29,059 utils (0.001) 
            SELECT
                c.relname,
                CASE
                    WHEN c.relispartition THEN 'p'
                    WHEN c.relkind IN ('m', 'v') THEN 'v'
                    ELSE 't'
                END,
                obj_description(c.oid, 'pg_class')
            FROM pg_catalog.pg_class c
            LEFT JOIN pg_catalog.pg_namespace n ON n.oid = c.relnamespace
            WHERE c.relkind IN ('f', 'm', 'p', 'r', 'v')
                AND n.nspname NOT IN ('pg_catalog', 'pg_toast')
                AND pg_catalog.pg_table_is_visible(c.oid)
        ; args=None; alias=default
DEBUG 2024-03-01 17:53:29,059 utils (0.000) SELECT "django_migrations"."id", "django_migrations"."app", "django_migrations"."name", "django_migrations"."applied" FROM "django_migrations"; args=(); alias=default
DEBUG 2024-03-01 17:53:29,066 utils (0.000) SELECT "django_content_type"."id", "django_content_type"."app_label", "django_content_type"."model" FROM "django_content_type" WHERE "django_content_type"."app_label" = 'admin'; args=('admin',); alias=default
DEBUG 2024-03-01 17:53:29,066 utils (0.000) BEGIN; args=None; alias=default
DEBUG 2024-03-01 17:53:29,067 utils (0.000) INSERT INTO "django_content_type" ("app_label", "model") VALUES ('admin', 'logentry') RETURNING "django_content_type"."id"; args=('admin', 'logentry'); alias=default
DEBUG 2024-03-01 17:53:29,067 utils (0.000) COMMIT; args=None; alias=default
DEBUG 2024-03-01 17:53:29,068 utils (0.000) SELECT "django_content_type"."id", "django_content_type"."app_label", "django_content_type"."model" FROM "django_content_type" WHERE ("django_content_type"."app_label" = 'admin' AND "django_content_type"."model" = 'logentry') LIMIT 21; args=('admin', 'logentry'); alias=default
DEBUG 2024-03-01 17:53:29,069 utils (0.000) SELECT "auth_permission"."content_type_id", "auth_permission"."codename" FROM "auth_permission" INNER JOIN "django_content_type" ON ("auth_permission"."content_type_id" = "django_content_type"."id") WHERE "auth_permission"."content_type_id" IN (1) ORDER BY "django_content_type"."app_label" ASC, "django_content_type"."model" ASC, "auth_permission"."codename" ASC; args=(1,); alias=default
DEBUG 2024-03-01 17:53:29,069 utils (0.000) BEGIN; args=None; alias=default
DEBUG 2024-03-01 17:53:29,071 utils (0.001) INSERT INTO "auth_permission" ("name", "content_type_id", "codename") VALUES ('Can add log entry', 1, 'add_logentry'), ('Can change log entry', 1, 'change_logentry'), ('Can delete log entry', 1, 'delete_logentry'), ('Can view log entry', 1, 'view_logentry') RETURNING "auth_permission"."id"; args=('Can add log entry', 1, 'add_logentry', 'Can change log entry', 1, 'change_logentry', 'Can delete log entry', 1, 'delete_logentry', 'Can view log entry', 1, 'view_logentry'); alias=default
DEBUG 2024-03-01 17:53:29,072 utils (0.001) COMMIT; args=None; alias=default
DEBUG 2024-03-01 17:53:29,072 utils (0.000) SELECT "django_content_type"."id", "django_content_type"."app_label", "django_content_type"."model" FROM "django_content_type" WHERE "django_content_type"."app_label" = 'admin'; args=('admin',); alias=default
DEBUG 2024-03-01 17:53:29,073 utils (0.000) SELECT COUNT(*) AS "__count" FROM "pong_gamedata"; args=(); alias=default
DEBUG 2024-03-01 17:53:29,074 utils (0.000) SELECT COUNT(*) AS "__count" FROM "pong_tournamentdata"; args=(); alias=default
DEBUG 2024-03-01 17:53:29,074 utils (0.000) SELECT COUNT(*) AS "__count" FROM "pong_gamedata"; args=(); alias=default
DEBUG 2024-03-01 17:53:29,088 utils (0.001) INSERT INTO "pong_gamedata" ("player1_name", "player1_points", "player2_name", "player2_points", "game_end_timestamp", "game_duration_secs", "is_tournament_game") VALUES ('Player 9', 4, 'Player 6', 11, '2023-12-29T22:18:10.074252+01:00'::timestamptz, 18, false) RETURNING "pong_gamedata"."id"; args=('Player 9', 4, 'Player 6', 11, datetime.datetime(2023, 12, 29, 22, 18, 10, 74252, tzinfo=<DstTzInfo 'Europe/Paris' CET+1:00:00 STD>), 18, False); alias=default
DEBUG 2024-03-01 17:53:29,089 utils (0.000) INSERT INTO "pong_gamedata" ("player1_name", "player1_points", "player2_name", "player2_points", "game_end_timestamp", "game_duration_secs", "is_tournament_game") VALUES ('Player 1', 11, 'Player 6', 7, '2024-02-02T10:35:59.074252+01:00'::timestamptz, 668, false) RETURNING "pong_gamedata"."id"; args=('Player 1', 11, 'Player 6', 7, datetime.datetime(2024, 2, 2, 10, 35, 59, 74252, tzinfo=<DstTzInfo 'Europe/Paris' CET+1:00:00 STD>), 668, False); alias=default
DEBUG 2024-03-01 17:53:29,089 utils (0.001) INSERT INTO "pong_gamedata" ("player1_name", "player1_points", "player2_name", "player2_points", "game_end_timestamp", "game_duration_secs", "is_tournament_game") VALUES ('Player 6', 11, 'Player 4', 7, '2024-02-14T18:36:05.074252+01:00'::timestamptz, 505, false) RETURNING "pong_gamedata"."id"; args=('Player 6', 11, 'Player 4', 7, datetime.datetime(2024, 2, 14, 18, 36, 5, 74252, tzinfo=<DstTzInfo 'Europe/Paris' CET+1:00:00 STD>), 505, False); alias=default
DEBUG 2024-03-01 17:53:29,090 utils (0.000) INSERT INTO "pong_gamedata" ("player1_name", "player1_points", "player2_name", "player2_points", "game_end_timestamp", "game_duration_secs", "is_tournament_game") VALUES ('Player 6', 11, 'Player 2', 1, '2024-01-02T09:03:27.074252+01:00'::timestamptz, 117, false) RETURNING "pong_gamedata"."id"; args=('Player 6', 11, 'Player 2', 1, datetime.datetime(2024, 1, 2, 9, 3, 27, 74252, tzinfo=<DstTzInfo 'Europe/Paris' CET+1:00:00 STD>), 117, False); alias=default
DEBUG 2024-03-01 17:53:29,091 utils (0.000) INSERT INTO "pong_gamedata" ("player1_name", "player1_points", "player2_name", "player2_points", "game_end_timestamp", "game_duration_secs", "is_tournament_game") VALUES ('Player 1', 11, 'Player 5', 10, '2023-11-07T12:56:07.074252+01:00'::timestamptz, 473, false) RETURNING "pong_gamedata"."id"; args=('Player 1', 11, 'Player 5', 10, datetime.datetime(2023, 11, 7, 12, 56, 7, 74252, tzinfo=<DstTzInfo 'Europe/Paris' CET+1:00:00 STD>), 473, False); alias=default
DEBUG 2024-03-01 17:53:29,092 utils (0.000) INSERT INTO "pong_gamedata" ("player1_name", "player1_points", "player2_name", "player2_points", "game_end_timestamp", "game_duration_secs", "is_tournament_game") VALUES ('Player 6', 4, 'Player 10', 11, '2023-11-04T17:37:54.074252+01:00'::timestamptz, 604, false) RETURNING "pong_gamedata"."id"; args=('Player 6', 4, 'Player 10', 11, datetime.datetime(2023, 11, 4, 17, 37, 54, 74252, tzinfo=<DstTzInfo 'Europe/Paris' CET+1:00:00 STD>), 604, False); alias=default
DEBUG 2024-03-01 17:53:29,092 utils (0.000) INSERT INTO "pong_gamedata" ("player1_name", "player1_points", "player2_name", "player2_points", "game_end_timestamp", "game_duration_secs", "is_tournament_game") VALUES ('Player 16', 0, 'Player 8', 11, '2023-11-15T04:33:12.074252+01:00'::timestamptz, 106, false) RETURNING "pong_gamedata"."id"; args=('Player 16', 0, 'Player 8', 11, datetime.datetime(2023, 11, 15, 4, 33, 12, 74252, tzinfo=<DstTzInfo 'Europe/Paris' CET+1:00:00 STD>), 106, False); alias=default
DEBUG 2024-03-01 17:53:29,093 utils (0.000) INSERT INTO "pong_gamedata" ("player1_name", "player1_points", "player2_name", "player2_points", "game_end_timestamp", "game_duration_secs", "is_tournament_game") VALUES ('Player 3', 11, 'Player 11', 6, '2024-01-26T10:58:33.074252+01:00'::timestamptz, 894, false) RETURNING "pong_gamedata"."id"; args=('Player 3', 11, 'Player 11', 6, datetime.datetime(2024, 1, 26, 10, 58, 33, 74252, tzinfo=<DstTzInfo 'Europe/Paris' CET+1:00:00 STD>), 894, False); alias=default
DEBUG 2024-03-01 17:53:29,093 utils (0.000) SELECT COUNT(*) AS "__count" FROM "pong_tournamentdata"; args=(); alias=default
DEBUG 2024-03-01 17:53:29,094 utils (0.000) INSERT INTO "pong_gamedata" ("player1_name", "player1_points", "player2_name", "player2_points", "game_end_timestamp", "game_duration_secs", "is_tournament_game") VALUES ('Player 10', 10, 'Player 14', 11, '2024-02-06T07:14:28.074252+01:00'::timestamptz, 725, true) RETURNING "pong_gamedata"."id"; args=('Player 10', 10, 'Player 14', 11, datetime.datetime(2024, 2, 6, 7, 14, 28, 74252, tzinfo=<DstTzInfo 'Europe/Paris' CET+1:00:00 STD>), 725, True); alias=default
DEBUG 2024-03-01 17:53:29,095 utils (0.000) INSERT INTO "pong_gamedata" ("player1_name", "player1_points", "player2_name", "player2_points", "game_end_timestamp", "game_duration_secs", "is_tournament_game") VALUES ('Player 6', 11, 'Player 0', 0, '2024-02-06T07:14:15.074252+01:00'::timestamptz, 538, true) RETURNING "pong_gamedata"."id"; args=('Player 6', 11, 'Player 0', 0, datetime.datetime(2024, 2, 6, 7, 14, 15, 74252, tzinfo=<DstTzInfo 'Europe/Paris' CET+1:00:00 STD>), 538, True); alias=default
DEBUG 2024-03-01 17:53:29,096 utils (0.000) INSERT INTO "pong_gamedata" ("player1_name", "player1_points", "player2_name", "player2_points", "game_end_timestamp", "game_duration_secs", "is_tournament_game") VALUES ('Player 14', 8, 'Player 6', 11, '2024-02-06T07:14:47.074252+01:00'::timestamptz, 25, true) RETURNING "pong_gamedata"."id"; args=('Player 14', 8, 'Player 6', 11, datetime.datetime(2024, 2, 6, 7, 14, 47, 74252, tzinfo=<DstTzInfo 'Europe/Paris' CET+1:00:00 STD>), 25, True); alias=default
DEBUG 2024-03-01 17:53:29,096 utils (0.001) INSERT INTO "pong_tournamentdata" ("tour_id", "match_id_semi_1", "match_id_semi_2", "match_id_final", "tournament_end_timestamp", "tournament_duration_secs", "player_ranking", "blockchain_hash") VALUES (0, 9, 10, 11, '2024-02-06T07:14:47.074252+01:00'::timestamptz, 744, '["Player 6", "Player 14", "Player 10", "Player 0"]', '0x0') RETURNING "pong_tournamentdata"."id"; args=(0, 9, 10, 11, datetime.datetime(2024, 2, 6, 7, 14, 47, 74252, tzinfo=<DstTzInfo 'Europe/Paris' CET+1:00:00 STD>), 744, <psycopg2._json.Json object at 0x7f526ebb1ee0>, '0x0'); alias=default
DEBUG 2024-03-01 17:53:29,097 utils (0.000) INSERT INTO "pong_gamedata" ("player1_name", "player1_points", "player2_name", "player2_points", "game_end_timestamp", "game_duration_secs", "is_tournament_game") VALUES ('Player 4', 11, 'Player 15', 6, '2023-11-14T18:33:44.074252+01:00'::timestamptz, 267, true) RETURNING "pong_gamedata"."id"; args=('Player 4', 11, 'Player 15', 6, datetime.datetime(2023, 11, 14, 18, 33, 44, 74252, tzinfo=<DstTzInfo 'Europe/Paris' CET+1:00:00 STD>), 267, True); alias=default
DEBUG 2024-03-01 17:53:29,098 utils (0.000) INSERT INTO "pong_gamedata" ("player1_name", "player1_points", "player2_name", "player2_points", "game_end_timestamp", "game_duration_secs", "is_tournament_game") VALUES ('Player 6', 11, 'Player 7', 7, '2023-11-14T18:39:33.074252+01:00'::timestamptz, 843, true) RETURNING "pong_gamedata"."id"; args=('Player 6', 11, 'Player 7', 7, datetime.datetime(2023, 11, 14, 18, 39, 33, 74252, tzinfo=<DstTzInfo 'Europe/Paris' CET+1:00:00 STD>), 843, True); alias=default
DEBUG 2024-03-01 17:53:29,098 utils (0.000) INSERT INTO "pong_gamedata" ("player1_name", "player1_points", "player2_name", "player2_points", "game_end_timestamp", "game_duration_secs", "is_tournament_game") VALUES ('Player 4', 3, 'Player 6', 11, '2023-11-14T18:39:58.074252+01:00'::timestamptz, 345, true) RETURNING "pong_gamedata"."id"; args=('Player 4', 3, 'Player 6', 11, datetime.datetime(2023, 11, 14, 18, 39, 58, 74252, tzinfo=<DstTzInfo 'Europe/Paris' CET+1:00:00 STD>), 345, True); alias=default
DEBUG 2024-03-01 17:53:29,099 utils (0.000) INSERT INTO "pong_tournamentdata" ("tour_id", "match_id_semi_1", "match_id_semi_2", "match_id_final", "tournament_end_timestamp", "tournament_duration_secs", "player_ranking", "blockchain_hash") VALUES (0, 12, 13, 14, '2023-11-14T18:39:58.074252+01:00'::timestamptz, 868, '["Player 6", "Player 4", "Player 15", "Player 7"]', '0x0') RETURNING "pong_tournamentdata"."id"; args=(0, 12, 13, 14, datetime.datetime(2023, 11, 14, 18, 39, 58, 74252, tzinfo=<DstTzInfo 'Europe/Paris' CET+1:00:00 STD>), 868, <psycopg2._json.Json object at 0x7f526ebb2a80>, '0x0'); alias=default
DEBUG 2024-03-01 17:53:29,099 utils (0.000) SELECT COUNT(*) AS "__count" FROM "pong_gamedata"; args=(); alias=default
DEBUG 2024-03-01 17:53:29,100 utils (0.000) SELECT COUNT(*) AS "__count" FROM "pong_tournamentdata"; args=(); alias=default
DEBUG 2024-03-01 17:53:29,100 utils (0.000) SELECT "django_content_type"."id", "django_content_type"."app_label", "django_content_type"."model" FROM "django_content_type" WHERE "django_content_type"."app_label" = 'auth'; args=('auth',); alias=default
DEBUG 2024-03-01 17:53:29,100 utils (0.000) BEGIN; args=None; alias=default
DEBUG 2024-03-01 17:53:29,101 utils (0.000) INSERT INTO "django_content_type" ("app_label", "model") VALUES ('auth', 'permission'), ('auth', 'group'), ('auth', 'user') RETURNING "django_content_type"."id"; args=('auth', 'permission', 'auth', 'group', 'auth', 'user'); alias=default
DEBUG 2024-03-01 17:53:29,101 utils (0.000) COMMIT; args=None; alias=default
DEBUG 2024-03-01 17:53:29,102 utils (0.000) SELECT "django_content_type"."id", "django_content_type"."app_label", "django_content_type"."model" FROM "django_content_type" WHERE ("django_content_type"."app_label" = 'auth' AND "django_content_type"."model" = 'permission') LIMIT 21; args=('auth', 'permission'); alias=default
DEBUG 2024-03-01 17:53:29,102 utils (0.000) SELECT "django_content_type"."id", "django_content_type"."app_label", "django_content_type"."model" FROM "django_content_type" WHERE ("django_content_type"."app_label" = 'auth' AND "django_content_type"."model" = 'group') LIMIT 21; args=('auth', 'group'); alias=default
DEBUG 2024-03-01 17:53:29,103 utils (0.000) SELECT "django_content_type"."id", "django_content_type"."app_label", "django_content_type"."model" FROM "django_content_type" WHERE ("django_content_type"."app_label" = 'auth' AND "django_content_type"."model" = 'user') LIMIT 21; args=('auth', 'user'); alias=default
DEBUG 2024-03-01 17:53:29,104 utils (0.000) SELECT "auth_permission"."content_type_id", "auth_permission"."codename" FROM "auth_permission" INNER JOIN "django_content_type" ON ("auth_permission"."content_type_id" = "django_content_type"."id") WHERE "auth_permission"."content_type_id" IN (2, 3, 4) ORDER BY "django_content_type"."app_label" ASC, "django_content_type"."model" ASC, "auth_permission"."codename" ASC; args=(2, 3, 4); alias=default
DEBUG 2024-03-01 17:53:29,105 utils (0.000) BEGIN; args=None; alias=default
DEBUG 2024-03-01 17:53:29,105 utils (0.000) INSERT INTO "auth_permission" ("name", "content_type_id", "codename") VALUES ('Can add permission', 2, 'add_permission'), ('Can change permission', 2, 'change_permission'), ('Can delete permission', 2, 'delete_permission'), ('Can view permission', 2, 'view_permission'), ('Can add group', 3, 'add_group'), ('Can change group', 3, 'change_group'), ('Can delete group', 3, 'delete_group'), ('Can view group', 3, 'view_group'), ('Can add user', 4, 'add_user'), ('Can change user', 4, 'change_user'), ('Can delete user', 4, 'delete_user'), ('Can view user', 4, 'view_user') RETURNING "auth_permission"."id"; args=('Can add permission', 2, 'add_permission', 'Can change permission', 2, 'change_permission', 'Can delete permission', 2, 'delete_permission', 'Can view permission', 2, 'view_permission', 'Can add group', 3, 'add_group', 'Can change group', 3, 'change_group', 'Can delete group', 3, 'delete_group', 'Can view group', 3, 'view_group', 'Can add user', 4, 'add_user', 'Can change user', 4, 'change_user', 'Can delete user', 4, 'delete_user', 'Can view user', 4, 'view_user'); alias=default
DEBUG 2024-03-01 17:53:29,106 utils (0.000) COMMIT; args=None; alias=default
DEBUG 2024-03-01 17:53:29,106 utils (0.000) SELECT "django_content_type"."id", "django_content_type"."app_label", "django_content_type"."model" FROM "django_content_type" WHERE "django_content_type"."app_label" = 'auth'; args=('auth',); alias=default
DEBUG 2024-03-01 17:53:29,107 utils (0.000) SELECT COUNT(*) AS "__count" FROM "pong_gamedata"; args=(); alias=default
DEBUG 2024-03-01 17:53:29,107 utils (0.000) SELECT COUNT(*) AS "__count" FROM "pong_tournamentdata"; args=(); alias=default
DEBUG 2024-03-01 17:53:29,108 utils (0.000) SELECT COUNT(*) AS "__count" FROM "pong_gamedata"; args=(); alias=default
DEBUG 2024-03-01 17:53:29,108 utils (0.000) SELECT COUNT(*) AS "__count" FROM "pong_tournamentdata"; args=(); alias=default
DEBUG 2024-03-01 17:53:29,109 utils (0.000) SELECT COUNT(*) AS "__count" FROM "pong_gamedata"; args=(); alias=default
DEBUG 2024-03-01 17:53:29,109 utils (0.000) SELECT COUNT(*) AS "__count" FROM "pong_tournamentdata"; args=(); alias=default
DEBUG 2024-03-01 17:53:29,110 utils (0.000) SELECT "django_content_type"."id", "django_content_type"."app_label", "django_content_type"."model" FROM "django_content_type" WHERE "django_content_type"."app_label" = 'contenttypes'; args=('contenttypes',); alias=default
DEBUG 2024-03-01 17:53:29,110 utils (0.000) BEGIN; args=None; alias=default
DEBUG 2024-03-01 17:53:29,110 utils (0.000) INSERT INTO "django_content_type" ("app_label", "model") VALUES ('contenttypes', 'contenttype') RETURNING "django_content_type"."id"; args=('contenttypes', 'contenttype'); alias=default
DEBUG 2024-03-01 17:53:29,110 utils (0.000) COMMIT; args=None; alias=default
DEBUG 2024-03-01 17:53:29,111 utils (0.000) SELECT "django_content_type"."id", "django_content_type"."app_label", "django_content_type"."model" FROM "django_content_type" WHERE ("django_content_type"."app_label" = 'contenttypes' AND "django_content_type"."model" = 'contenttype') LIMIT 21; args=('contenttypes', 'contenttype'); alias=default
DEBUG 2024-03-01 17:53:29,112 utils (0.000) SELECT "auth_permission"."content_type_id", "auth_permission"."codename" FROM "auth_permission" INNER JOIN "django_content_type" ON ("auth_permission"."content_type_id" = "django_content_type"."id") WHERE "auth_permission"."content_type_id" IN (5) ORDER BY "django_content_type"."app_label" ASC, "django_content_type"."model" ASC, "auth_permission"."codename" ASC; args=(5,); alias=default
DEBUG 2024-03-01 17:53:29,112 utils (0.000) BEGIN; args=None; alias=default
DEBUG 2024-03-01 17:53:29,112 utils (0.000) INSERT INTO "auth_permission" ("name", "content_type_id", "codename") VALUES ('Can add content type', 5, 'add_contenttype'), ('Can change content type', 5, 'change_contenttype'), ('Can delete content type', 5, 'delete_contenttype'), ('Can view content type', 5, 'view_contenttype') RETURNING "auth_permission"."id"; args=('Can add content type', 5, 'add_contenttype', 'Can change content type', 5, 'change_contenttype', 'Can delete content type', 5, 'delete_contenttype', 'Can view content type', 5, 'view_contenttype'); alias=default
DEBUG 2024-03-01 17:53:29,113 utils (0.000) COMMIT; args=None; alias=default
DEBUG 2024-03-01 17:53:29,113 utils (0.000) SELECT "django_content_type"."id", "django_content_type"."app_label", "django_content_type"."model" FROM "django_content_type" WHERE "django_content_type"."app_label" = 'contenttypes'; args=('contenttypes',); alias=default
DEBUG 2024-03-01 17:53:29,113 utils (0.000) SELECT COUNT(*) AS "__count" FROM "pong_gamedata"; args=(); alias=default
DEBUG 2024-03-01 17:53:29,114 utils (0.000) SELECT COUNT(*) AS "__count" FROM "pong_tournamentdata"; args=(); alias=default
DEBUG 2024-03-01 17:53:29,115 utils (0.000) SELECT COUNT(*) AS "__count" FROM "pong_gamedata"; args=(); alias=default
DEBUG 2024-03-01 17:53:29,115 utils (0.000) SELECT COUNT(*) AS "__count" FROM "pong_tournamentdata"; args=(); alias=default
DEBUG 2024-03-01 17:53:29,115 utils (0.000) SELECT COUNT(*) AS "__count" FROM "pong_gamedata"; args=(); alias=default
DEBUG 2024-03-01 17:53:29,116 utils (0.000) SELECT COUNT(*) AS "__count" FROM "pong_tournamentdata"; args=(); alias=default
DEBUG 2024-03-01 17:53:29,116 utils (0.000) SELECT "django_content_type"."id", "django_content_type"."app_label", "django_content_type"."model" FROM "django_content_type" WHERE "django_content_type"."app_label" = 'sessions'; args=('sessions',); alias=default
DEBUG 2024-03-01 17:53:29,116 utils (0.000) BEGIN; args=None; alias=default
DEBUG 2024-03-01 17:53:29,117 utils (0.000) INSERT INTO "django_content_type" ("app_label", "model") VALUES ('sessions', 'session') RETURNING "django_content_type"."id"; args=('sessions', 'session'); alias=default
DEBUG 2024-03-01 17:53:29,117 utils (0.000) COMMIT; args=None; alias=default
DEBUG 2024-03-01 17:53:29,117 utils (0.000) SELECT "django_content_type"."id", "django_content_type"."app_label", "django_content_type"."model" FROM "django_content_type" WHERE ("django_content_type"."app_label" = 'sessions' AND "django_content_type"."model" = 'session') LIMIT 21; args=('sessions', 'session'); alias=default
DEBUG 2024-03-01 17:53:29,118 utils (0.000) SELECT "auth_permission"."content_type_id", "auth_permission"."codename" FROM "auth_permission" INNER JOIN "django_content_type" ON ("auth_permission"."content_type_id" = "django_content_type"."id") WHERE "auth_permission"."content_type_id" IN (6) ORDER BY "django_content_type"."app_label" ASC, "django_content_type"."model" ASC, "auth_permission"."codename" ASC; args=(6,); alias=default
DEBUG 2024-03-01 17:53:29,118 utils (0.000) BEGIN; args=None; alias=default
DEBUG 2024-03-01 17:53:29,119 utils (0.000) INSERT INTO "auth_permission" ("name", "content_type_id", "codename") VALUES ('Can add session', 6, 'add_session'), ('Can change session', 6, 'change_session'), ('Can delete session', 6, 'delete_session'), ('Can view session', 6, 'view_session') RETURNING "auth_permission"."id"; args=('Can add session', 6, 'add_session', 'Can change session', 6, 'change_session', 'Can delete session', 6, 'delete_session', 'Can view session', 6, 'view_session'); alias=default
DEBUG 2024-03-01 17:53:29,119 utils (0.000) COMMIT; args=None; alias=default
DEBUG 2024-03-01 17:53:29,120 utils (0.000) SELECT "django_content_type"."id", "django_content_type"."app_label", "django_content_type"."model" FROM "django_content_type" WHERE "django_content_type"."app_label" = 'sessions'; args=('sessions',); alias=default
DEBUG 2024-03-01 17:53:29,120 utils (0.000) SELECT COUNT(*) AS "__count" FROM "pong_gamedata"; args=(); alias=default
DEBUG 2024-03-01 17:53:29,121 utils (0.000) SELECT COUNT(*) AS "__count" FROM "pong_tournamentdata"; args=(); alias=default
DEBUG 2024-03-01 17:53:29,121 utils (0.000) SELECT COUNT(*) AS "__count" FROM "pong_gamedata"; args=(); alias=default
DEBUG 2024-03-01 17:53:29,122 utils (0.000) SELECT COUNT(*) AS "__count" FROM "pong_tournamentdata"; args=(); alias=default
DEBUG 2024-03-01 17:53:29,122 utils (0.000) SELECT COUNT(*) AS "__count" FROM "pong_gamedata"; args=(); alias=default
DEBUG 2024-03-01 17:53:29,123 utils (0.000) SELECT COUNT(*) AS "__count" FROM "pong_tournamentdata"; args=(); alias=default
DEBUG 2024-03-01 17:53:29,123 utils (0.000) SELECT "django_content_type"."id", "django_content_type"."app_label", "django_content_type"."model" FROM "django_content_type" WHERE "django_content_type"."app_label" = 'pong'; args=('pong',); alias=default
DEBUG 2024-03-01 17:53:29,123 utils (0.000) BEGIN; args=None; alias=default
DEBUG 2024-03-01 17:53:29,123 utils (0.000) INSERT INTO "django_content_type" ("app_label", "model") VALUES ('pong', 'gamedata'), ('pong', 'tournamentdata') RETURNING "django_content_type"."id"; args=('pong', 'gamedata', 'pong', 'tournamentdata'); alias=default
DEBUG 2024-03-01 17:53:29,124 utils (0.000) COMMIT; args=None; alias=default
DEBUG 2024-03-01 17:53:29,124 utils (0.000) SELECT "django_content_type"."id", "django_content_type"."app_label", "django_content_type"."model" FROM "django_content_type" WHERE ("django_content_type"."app_label" = 'pong' AND "django_content_type"."model" = 'gamedata') LIMIT 21; args=('pong', 'gamedata'); alias=default
DEBUG 2024-03-01 17:53:29,125 utils (0.000) SELECT "django_content_type"."id", "django_content_type"."app_label", "django_content_type"."model" FROM "django_content_type" WHERE ("django_content_type"."app_label" = 'pong' AND "django_content_type"."model" = 'tournamentdata') LIMIT 21; args=('pong', 'tournamentdata'); alias=default
DEBUG 2024-03-01 17:53:29,126 utils (0.000) SELECT "auth_permission"."content_type_id", "auth_permission"."codename" FROM "auth_permission" INNER JOIN "django_content_type" ON ("auth_permission"."content_type_id" = "django_content_type"."id") WHERE "auth_permission"."content_type_id" IN (8, 7) ORDER BY "django_content_type"."app_label" ASC, "django_content_type"."model" ASC, "auth_permission"."codename" ASC; args=(8, 7); alias=default
DEBUG 2024-03-01 17:53:29,126 utils (0.000) BEGIN; args=None; alias=default
DEBUG 2024-03-01 17:53:29,126 utils (0.000) INSERT INTO "auth_permission" ("name", "content_type_id", "codename") VALUES ('Can add game data', 7, 'add_gamedata'), ('Can change game data', 7, 'change_gamedata'), ('Can delete game data', 7, 'delete_gamedata'), ('Can view game data', 7, 'view_gamedata'), ('Can add tournament data', 8, 'add_tournamentdata'), ('Can change tournament data', 8, 'change_tournamentdata'), ('Can delete tournament data', 8, 'delete_tournamentdata'), ('Can view tournament data', 8, 'view_tournamentdata') RETURNING "auth_permission"."id"; args=('Can add game data', 7, 'add_gamedata', 'Can change game data', 7, 'change_gamedata', 'Can delete game data', 7, 'delete_gamedata', 'Can view game data', 7, 'view_gamedata', 'Can add tournament data', 8, 'add_tournamentdata', 'Can change tournament data', 8, 'change_tournamentdata', 'Can delete tournament data', 8, 'delete_tournamentdata', 'Can view tournament data', 8, 'view_tournamentdata'); alias=default
DEBUG 2024-03-01 17:53:29,127 utils (0.000) COMMIT; args=None; alias=default
DEBUG 2024-03-01 17:53:29,127 utils (0.000) SELECT "django_content_type"."id", "django_content_type"."app_label", "django_content_type"."model" FROM "django_content_type" WHERE "django_content_type"."app_label" = 'pong'; args=('pong',); alias=default
DEBUG 2024-03-01 17:53:29,128 utils (0.000) SELECT COUNT(*) AS "__count" FROM "pong_gamedata"; args=(); alias=default
DEBUG 2024-03-01 17:53:29,128 utils (0.000) SELECT COUNT(*) AS "__count" FROM "pong_tournamentdata"; args=(); alias=default
DEBUG 2024-03-01 17:53:29,129 utils (0.000) SELECT COUNT(*) AS "__count" FROM "pong_gamedata"; args=(); alias=default
DEBUG 2024-03-01 17:53:29,129 utils (0.000) SELECT COUNT(*) AS "__count" FROM "pong_tournamentdata"; args=(); alias=default
DEBUG 2024-03-01 17:53:29,130 utils (0.000) SELECT COUNT(*) AS "__count" FROM "pong_gamedata"; args=(); alias=default
DEBUG 2024-03-01 17:53:29,130 utils (0.000) SELECT COUNT(*) AS "__count" FROM "pong_tournamentdata"; args=(); alias=default
