DEBUG 2024-02-27 21:45:37,369 utils (0.003) 
            SELECT
                c.relname,
                CASE
                    WHEN c.relispartition THEN 'p'
                    WHEN c.relkind IN ('m', 'v') THEN 'v'
                    ELSE 't'
                END,
                obj_description(c.oid, 'pg_class')
            FROM pg_catalog.pg_class c
            LEFT JOIN pg_catalog.pg_namespace n ON n.oid = c.relnamespace
            WHERE c.relkind IN ('f', 'm', 'p', 'r', 'v')
                AND n.nspname NOT IN ('pg_catalog', 'pg_toast')
                AND pg_catalog.pg_table_is_visible(c.oid)
        ; args=None; alias=default
DEBUG 2024-02-27 21:45:37,373 utils (0.001) SELECT "django_migrations"."id", "django_migrations"."app", "django_migrations"."name", "django_migrations"."applied" FROM "django_migrations"; args=(); alias=default
DEBUG 2024-02-27 21:45:37,375 utils (0.001) 
            SELECT
                c.relname,
                CASE
                    WHEN c.relispartition THEN 'p'
                    WHEN c.relkind IN ('m', 'v') THEN 'v'
                    ELSE 't'
                END,
                obj_description(c.oid, 'pg_class')
            FROM pg_catalog.pg_class c
            LEFT JOIN pg_catalog.pg_namespace n ON n.oid = c.relnamespace
            WHERE c.relkind IN ('f', 'm', 'p', 'r', 'v')
                AND n.nspname NOT IN ('pg_catalog', 'pg_toast')
                AND pg_catalog.pg_table_is_visible(c.oid)
        ; args=None; alias=default
DEBUG 2024-02-27 21:45:37,376 utils (0.000) SELECT "django_migrations"."id", "django_migrations"."app", "django_migrations"."name", "django_migrations"."applied" FROM "django_migrations"; args=(); alias=default
DEBUG 2024-02-27 21:45:37,393 utils (0.001) 
            SELECT
                c.relname,
                CASE
                    WHEN c.relispartition THEN 'p'
                    WHEN c.relkind IN ('m', 'v') THEN 'v'
                    ELSE 't'
                END,
                obj_description(c.oid, 'pg_class')
            FROM pg_catalog.pg_class c
            LEFT JOIN pg_catalog.pg_namespace n ON n.oid = c.relnamespace
            WHERE c.relkind IN ('f', 'm', 'p', 'r', 'v')
                AND n.nspname NOT IN ('pg_catalog', 'pg_toast')
                AND pg_catalog.pg_table_is_visible(c.oid)
        ; args=None; alias=default
DEBUG 2024-02-27 21:45:37,395 utils (0.001) 
            SELECT
                c.relname,
                CASE
                    WHEN c.relispartition THEN 'p'
                    WHEN c.relkind IN ('m', 'v') THEN 'v'
                    ELSE 't'
                END,
                obj_description(c.oid, 'pg_class')
            FROM pg_catalog.pg_class c
            LEFT JOIN pg_catalog.pg_namespace n ON n.oid = c.relnamespace
            WHERE c.relkind IN ('f', 'm', 'p', 'r', 'v')
                AND n.nspname NOT IN ('pg_catalog', 'pg_toast')
                AND pg_catalog.pg_table_is_visible(c.oid)
        ; args=None; alias=default
DEBUG 2024-02-27 21:45:37,395 utils (0.000) SELECT "django_migrations"."id", "django_migrations"."app", "django_migrations"."name", "django_migrations"."applied" FROM "django_migrations"; args=(); alias=default
DEBUG 2024-02-27 21:45:37,397 utils (0.001) SELECT "django_content_type"."id", "django_content_type"."app_label", "django_content_type"."model" FROM "django_content_type" WHERE "django_content_type"."app_label" = 'admin'; args=('admin',); alias=default
DEBUG 2024-02-27 21:45:37,398 utils (0.000) SELECT "django_content_type"."id", "django_content_type"."app_label", "django_content_type"."model" FROM "django_content_type" WHERE ("django_content_type"."app_label" = 'admin' AND "django_content_type"."model" = 'logentry') LIMIT 21; args=('admin', 'logentry'); alias=default
DEBUG 2024-02-27 21:45:37,401 utils (0.001) SELECT "auth_permission"."content_type_id", "auth_permission"."codename" FROM "auth_permission" INNER JOIN "django_content_type" ON ("auth_permission"."content_type_id" = "django_content_type"."id") WHERE "auth_permission"."content_type_id" IN (1) ORDER BY "django_content_type"."app_label" ASC, "django_content_type"."model" ASC, "auth_permission"."codename" ASC; args=(1,); alias=default
DEBUG 2024-02-27 21:45:37,402 utils (0.000) SELECT "django_content_type"."id", "django_content_type"."app_label", "django_content_type"."model" FROM "django_content_type" WHERE "django_content_type"."app_label" = 'admin'; args=('admin',); alias=default
DEBUG 2024-02-27 21:45:37,403 utils (0.000) SELECT COUNT(*) AS "__count" FROM "pong_gamedata"; args=(); alias=default
DEBUG 2024-02-27 21:45:37,404 utils (0.000) SELECT COUNT(*) AS "__count" FROM "pong_tournamentdata"; args=(); alias=default
DEBUG 2024-02-27 21:45:37,406 utils (0.000) SELECT COUNT(*) AS "__count" FROM "pong_gamedata"; args=(); alias=default
DEBUG 2024-02-27 21:45:37,407 utils (0.000) SELECT COUNT(*) AS "__count" FROM "pong_tournamentdata"; args=(); alias=default
DEBUG 2024-02-27 21:45:37,442 utils (0.009) INSERT INTO "pong_gamedata" ("player1_name", "player1_points", "player2_name", "player2_points", "game_end_timestamp", "game_duration_secs", "is_tournament_game") VALUES ('Player 15', 11, 'Player 6', 2, '2023-12-27T03:22:25.405025+01:00'::timestamptz, 140, true) RETURNING "pong_gamedata"."id"; args=('Player 15', 11, 'Player 6', 2, datetime.datetime(2023, 12, 27, 3, 22, 25, 405025, tzinfo=<DstTzInfo 'Europe/Paris' CET+1:00:00 STD>), 140, True); alias=default
DEBUG 2024-02-27 21:45:37,446 utils (0.003) INSERT INTO "pong_gamedata" ("player1_name", "player1_points", "player2_name", "player2_points", "game_end_timestamp", "game_duration_secs", "is_tournament_game") VALUES ('Player 5', 10, 'Player 8', 11, '2023-12-27T03:24:23.405025+01:00'::timestamptz, 214, true) RETURNING "pong_gamedata"."id"; args=('Player 5', 10, 'Player 8', 11, datetime.datetime(2023, 12, 27, 3, 24, 23, 405025, tzinfo=<DstTzInfo 'Europe/Paris' CET+1:00:00 STD>), 214, True); alias=default
DEBUG 2024-02-27 21:45:37,450 utils (0.004) INSERT INTO "pong_gamedata" ("player1_name", "player1_points", "player2_name", "player2_points", "game_end_timestamp", "game_duration_secs", "is_tournament_game") VALUES ('Player 15', 11, 'Player 8', 10, '2023-12-27T03:27:02.405025+01:00'::timestamptz, 891, true) RETURNING "pong_gamedata"."id"; args=('Player 15', 11, 'Player 8', 10, datetime.datetime(2023, 12, 27, 3, 27, 2, 405025, tzinfo=<DstTzInfo 'Europe/Paris' CET+1:00:00 STD>), 891, True); alias=default
DEBUG 2024-02-27 21:45:37,452 utils (0.000) INSERT INTO "pong_tournamentdata" ("tour_id", "match_id_semi_1", "match_id_semi_2", "match_id_final", "tournament_end_timestamp", "tournament_duration_secs", "player_ranking", "blockchain_hash") VALUES (0, 1715, 1716, 1717, '2023-12-27T03:27:02.405025+01:00'::timestamptz, 417, '["Player 15", "Player 8", "Player 6", "Player 5"]', '0x0') RETURNING "pong_tournamentdata"."id"; args=(0, 1715, 1716, 1717, datetime.datetime(2023, 12, 27, 3, 27, 2, 405025, tzinfo=<DstTzInfo 'Europe/Paris' CET+1:00:00 STD>), 417, <psycopg2._json.Json object at 0x7f9df0dceba0>, '0x0'); alias=default
DEBUG 2024-02-27 21:45:37,455 utils (0.003) INSERT INTO "pong_gamedata" ("player1_name", "player1_points", "player2_name", "player2_points", "game_end_timestamp", "game_duration_secs", "is_tournament_game") VALUES ('Player 6', 11, 'Player 1', 0, '2023-12-30T05:24:30.405025+01:00'::timestamptz, 12, true) RETURNING "pong_gamedata"."id"; args=('Player 6', 11, 'Player 1', 0, datetime.datetime(2023, 12, 30, 5, 24, 30, 405025, tzinfo=<DstTzInfo 'Europe/Paris' CET+1:00:00 STD>), 12, True); alias=default
DEBUG 2024-02-27 21:45:37,457 utils (0.001) INSERT INTO "pong_gamedata" ("player1_name", "player1_points", "player2_name", "player2_points", "game_end_timestamp", "game_duration_secs", "is_tournament_game") VALUES ('Player 5', 11, 'Player 8', 1, '2023-12-30T05:23:02.405025+01:00'::timestamptz, 682, true) RETURNING "pong_gamedata"."id"; args=('Player 5', 11, 'Player 8', 1, datetime.datetime(2023, 12, 30, 5, 23, 2, 405025, tzinfo=<DstTzInfo 'Europe/Paris' CET+1:00:00 STD>), 682, True); alias=default
DEBUG 2024-02-27 21:45:37,459 utils (0.001) INSERT INTO "pong_gamedata" ("player1_name", "player1_points", "player2_name", "player2_points", "game_end_timestamp", "game_duration_secs", "is_tournament_game") VALUES ('Player 6', 1, 'Player 5', 11, '2023-12-30T05:25:34.405025+01:00'::timestamptz, 535, true) RETURNING "pong_gamedata"."id"; args=('Player 6', 1, 'Player 5', 11, datetime.datetime(2023, 12, 30, 5, 25, 34, 405025, tzinfo=<DstTzInfo 'Europe/Paris' CET+1:00:00 STD>), 535, True); alias=default
DEBUG 2024-02-27 21:45:37,460 utils (0.000) INSERT INTO "pong_tournamentdata" ("tour_id", "match_id_semi_1", "match_id_semi_2", "match_id_final", "tournament_end_timestamp", "tournament_duration_secs", "player_ranking", "blockchain_hash") VALUES (0, 1718, 1719, 1720, '2023-12-30T05:25:34.405025+01:00'::timestamptz, 834, '["Player 5", "Player 6", "Player 1", "Player 8"]', '0x0') RETURNING "pong_tournamentdata"."id"; args=(0, 1718, 1719, 1720, datetime.datetime(2023, 12, 30, 5, 25, 34, 405025, tzinfo=<DstTzInfo 'Europe/Paris' CET+1:00:00 STD>), 834, <psycopg2._json.Json object at 0x7f9df0dcf740>, '0x0'); alias=default
DEBUG 2024-02-27 21:45:37,461 utils (0.000) SELECT COUNT(*) AS "__count" FROM "pong_gamedata"; args=(); alias=default
DEBUG 2024-02-27 21:45:37,462 utils (0.000) SELECT COUNT(*) AS "__count" FROM "pong_tournamentdata"; args=(); alias=default
DEBUG 2024-02-27 21:45:37,463 utils (0.000) SELECT "django_content_type"."id", "django_content_type"."app_label", "django_content_type"."model" FROM "django_content_type" WHERE "django_content_type"."app_label" = 'auth'; args=('auth',); alias=default
DEBUG 2024-02-27 21:45:37,464 utils (0.000) SELECT "django_content_type"."id", "django_content_type"."app_label", "django_content_type"."model" FROM "django_content_type" WHERE ("django_content_type"."app_label" = 'auth' AND "django_content_type"."model" = 'permission') LIMIT 21; args=('auth', 'permission'); alias=default
DEBUG 2024-02-27 21:45:37,465 utils (0.000) SELECT "django_content_type"."id", "django_content_type"."app_label", "django_content_type"."model" FROM "django_content_type" WHERE ("django_content_type"."app_label" = 'auth' AND "django_content_type"."model" = 'group') LIMIT 21; args=('auth', 'group'); alias=default
DEBUG 2024-02-27 21:45:37,466 utils (0.000) SELECT "django_content_type"."id", "django_content_type"."app_label", "django_content_type"."model" FROM "django_content_type" WHERE ("django_content_type"."app_label" = 'auth' AND "django_content_type"."model" = 'user') LIMIT 21; args=('auth', 'user'); alias=default
DEBUG 2024-02-27 21:45:37,467 utils (0.000) SELECT "auth_permission"."content_type_id", "auth_permission"."codename" FROM "auth_permission" INNER JOIN "django_content_type" ON ("auth_permission"."content_type_id" = "django_content_type"."id") WHERE "auth_permission"."content_type_id" IN (2, 3, 4) ORDER BY "django_content_type"."app_label" ASC, "django_content_type"."model" ASC, "auth_permission"."codename" ASC; args=(2, 3, 4); alias=default
DEBUG 2024-02-27 21:45:37,468 utils (0.000) SELECT "django_content_type"."id", "django_content_type"."app_label", "django_content_type"."model" FROM "django_content_type" WHERE "django_content_type"."app_label" = 'auth'; args=('auth',); alias=default
DEBUG 2024-02-27 21:45:37,470 utils (0.000) SELECT COUNT(*) AS "__count" FROM "pong_gamedata"; args=(); alias=default
DEBUG 2024-02-27 21:45:37,471 utils (0.000) SELECT COUNT(*) AS "__count" FROM "pong_tournamentdata"; args=(); alias=default
DEBUG 2024-02-27 21:45:37,473 utils (0.001) SELECT COUNT(*) AS "__count" FROM "pong_gamedata"; args=(); alias=default
DEBUG 2024-02-27 21:45:37,475 utils (0.000) SELECT COUNT(*) AS "__count" FROM "pong_tournamentdata"; args=(); alias=default
DEBUG 2024-02-27 21:45:37,477 utils (0.001) INSERT INTO "pong_gamedata" ("player1_name", "player1_points", "player2_name", "player2_points", "game_end_timestamp", "game_duration_secs", "is_tournament_game") VALUES ('Player 3', 11, 'Player 15', 0, '2024-01-09T15:25:17.471842+01:00'::timestamptz, 342, true) RETURNING "pong_gamedata"."id"; args=('Player 3', 11, 'Player 15', 0, datetime.datetime(2024, 1, 9, 15, 25, 17, 471842, tzinfo=<DstTzInfo 'Europe/Paris' CET+1:00:00 STD>), 342, True); alias=default
DEBUG 2024-02-27 21:45:37,478 utils (0.001) INSERT INTO "pong_gamedata" ("player1_name", "player1_points", "player2_name", "player2_points", "game_end_timestamp", "game_duration_secs", "is_tournament_game") VALUES ('Player 0', 11, 'Player 5', 9, '2024-01-09T15:17:00.471842+01:00'::timestamptz, 309, true) RETURNING "pong_gamedata"."id"; args=('Player 0', 11, 'Player 5', 9, datetime.datetime(2024, 1, 9, 15, 17, 0, 471842, tzinfo=<DstTzInfo 'Europe/Paris' CET+1:00:00 STD>), 309, True); alias=default
DEBUG 2024-02-27 21:45:37,479 utils (0.001) INSERT INTO "pong_gamedata" ("player1_name", "player1_points", "player2_name", "player2_points", "game_end_timestamp", "game_duration_secs", "is_tournament_game") VALUES ('Player 3', 11, 'Player 0', 4, '2024-01-09T15:27:01.471842+01:00'::timestamptz, 785, true) RETURNING "pong_gamedata"."id"; args=('Player 3', 11, 'Player 0', 4, datetime.datetime(2024, 1, 9, 15, 27, 1, 471842, tzinfo=<DstTzInfo 'Europe/Paris' CET+1:00:00 STD>), 785, True); alias=default
DEBUG 2024-02-27 21:45:37,480 utils (0.000) INSERT INTO "pong_tournamentdata" ("tour_id", "match_id_semi_1", "match_id_semi_2", "match_id_final", "tournament_end_timestamp", "tournament_duration_secs", "player_ranking", "blockchain_hash") VALUES (0, 1721, 1722, 1723, '2024-01-09T15:27:01.471842+01:00'::timestamptz, 910, '["Player 3", "Player 0", "Player 15", "Player 5"]', '0x0') RETURNING "pong_tournamentdata"."id"; args=(0, 1721, 1722, 1723, datetime.datetime(2024, 1, 9, 15, 27, 1, 471842, tzinfo=<DstTzInfo 'Europe/Paris' CET+1:00:00 STD>), 910, <psycopg2._json.Json object at 0x7f9df0bf8230>, '0x0'); alias=default
DEBUG 2024-02-27 21:45:37,482 utils (0.001) INSERT INTO "pong_gamedata" ("player1_name", "player1_points", "player2_name", "player2_points", "game_end_timestamp", "game_duration_secs", "is_tournament_game") VALUES ('Player 8', 1, 'Player 0', 11, '2024-01-30T16:52:29.471842+01:00'::timestamptz, 167, true) RETURNING "pong_gamedata"."id"; args=('Player 8', 1, 'Player 0', 11, datetime.datetime(2024, 1, 30, 16, 52, 29, 471842, tzinfo=<DstTzInfo 'Europe/Paris' CET+1:00:00 STD>), 167, True); alias=default
DEBUG 2024-02-27 21:45:37,483 utils (0.001) INSERT INTO "pong_gamedata" ("player1_name", "player1_points", "player2_name", "player2_points", "game_end_timestamp", "game_duration_secs", "is_tournament_game") VALUES ('Player 15', 11, 'Player 3', 3, '2024-01-30T17:00:06.471842+01:00'::timestamptz, 561, true) RETURNING "pong_gamedata"."id"; args=('Player 15', 11, 'Player 3', 3, datetime.datetime(2024, 1, 30, 17, 0, 6, 471842, tzinfo=<DstTzInfo 'Europe/Paris' CET+1:00:00 STD>), 561, True); alias=default
DEBUG 2024-02-27 21:45:37,484 utils (0.001) INSERT INTO "pong_gamedata" ("player1_name", "player1_points", "player2_name", "player2_points", "game_end_timestamp", "game_duration_secs", "is_tournament_game") VALUES ('Player 0', 6, 'Player 15', 11, '2024-01-30T17:03:52.471842+01:00'::timestamptz, 550, true) RETURNING "pong_gamedata"."id"; args=('Player 0', 6, 'Player 15', 11, datetime.datetime(2024, 1, 30, 17, 3, 52, 471842, tzinfo=<DstTzInfo 'Europe/Paris' CET+1:00:00 STD>), 550, True); alias=default
DEBUG 2024-02-27 21:45:37,485 utils (0.000) INSERT INTO "pong_tournamentdata" ("tour_id", "match_id_semi_1", "match_id_semi_2", "match_id_final", "tournament_end_timestamp", "tournament_duration_secs", "player_ranking", "blockchain_hash") VALUES (0, 1724, 1725, 1726, '2024-01-30T17:03:52.471842+01:00'::timestamptz, 850, '["Player 15", "Player 0", "Player 8", "Player 3"]', '0x0') RETURNING "pong_tournamentdata"."id"; args=(0, 1724, 1725, 1726, datetime.datetime(2024, 1, 30, 17, 3, 52, 471842, tzinfo=<DstTzInfo 'Europe/Paris' CET+1:00:00 STD>), 850, <psycopg2._json.Json object at 0x7f9df0dcf710>, '0x0'); alias=default
DEBUG 2024-02-27 21:45:37,487 utils (0.000) SELECT COUNT(*) AS "__count" FROM "pong_gamedata"; args=(); alias=default
DEBUG 2024-02-27 21:45:37,488 utils (0.000) SELECT COUNT(*) AS "__count" FROM "pong_tournamentdata"; args=(); alias=default
DEBUG 2024-02-27 21:45:37,489 utils (0.000) SELECT "django_content_type"."id", "django_content_type"."app_label", "django_content_type"."model" FROM "django_content_type" WHERE "django_content_type"."app_label" = 'contenttypes'; args=('contenttypes',); alias=default
DEBUG 2024-02-27 21:45:37,491 utils (0.000) SELECT "django_content_type"."id", "django_content_type"."app_label", "django_content_type"."model" FROM "django_content_type" WHERE ("django_content_type"."app_label" = 'contenttypes' AND "django_content_type"."model" = 'contenttype') LIMIT 21; args=('contenttypes', 'contenttype'); alias=default
DEBUG 2024-02-27 21:45:37,493 utils (0.000) SELECT "auth_permission"."content_type_id", "auth_permission"."codename" FROM "auth_permission" INNER JOIN "django_content_type" ON ("auth_permission"."content_type_id" = "django_content_type"."id") WHERE "auth_permission"."content_type_id" IN (5) ORDER BY "django_content_type"."app_label" ASC, "django_content_type"."model" ASC, "auth_permission"."codename" ASC; args=(5,); alias=default
DEBUG 2024-02-27 21:45:37,494 utils (0.000) SELECT "django_content_type"."id", "django_content_type"."app_label", "django_content_type"."model" FROM "django_content_type" WHERE "django_content_type"."app_label" = 'contenttypes'; args=('contenttypes',); alias=default
DEBUG 2024-02-27 21:45:37,495 utils (0.000) SELECT COUNT(*) AS "__count" FROM "pong_gamedata"; args=(); alias=default
DEBUG 2024-02-27 21:45:37,496 utils (0.000) SELECT COUNT(*) AS "__count" FROM "pong_tournamentdata"; args=(); alias=default
DEBUG 2024-02-27 21:45:37,497 utils (0.000) SELECT COUNT(*) AS "__count" FROM "pong_gamedata"; args=(); alias=default
DEBUG 2024-02-27 21:45:37,498 utils (0.000) SELECT COUNT(*) AS "__count" FROM "pong_tournamentdata"; args=(); alias=default
DEBUG 2024-02-27 21:45:37,500 utils (0.001) INSERT INTO "pong_gamedata" ("player1_name", "player1_points", "player2_name", "player2_points", "game_end_timestamp", "game_duration_secs", "is_tournament_game") VALUES ('Player 7', 2, 'Player 2', 11, '2023-11-27T11:19:19.496716+01:00'::timestamptz, 676, true) RETURNING "pong_gamedata"."id"; args=('Player 7', 2, 'Player 2', 11, datetime.datetime(2023, 11, 27, 11, 19, 19, 496716, tzinfo=<DstTzInfo 'Europe/Paris' CET+1:00:00 STD>), 676, True); alias=default
DEBUG 2024-02-27 21:45:37,501 utils (0.001) INSERT INTO "pong_gamedata" ("player1_name", "player1_points", "player2_name", "player2_points", "game_end_timestamp", "game_duration_secs", "is_tournament_game") VALUES ('Player 15', 11, 'Player 6', 6, '2023-11-27T11:13:19.496716+01:00'::timestamptz, 504, true) RETURNING "pong_gamedata"."id"; args=('Player 15', 11, 'Player 6', 6, datetime.datetime(2023, 11, 27, 11, 13, 19, 496716, tzinfo=<DstTzInfo 'Europe/Paris' CET+1:00:00 STD>), 504, True); alias=default
DEBUG 2024-02-27 21:45:37,502 utils (0.001) INSERT INTO "pong_gamedata" ("player1_name", "player1_points", "player2_name", "player2_points", "game_end_timestamp", "game_duration_secs", "is_tournament_game") VALUES ('Player 2', 7, 'Player 15', 11, '2023-11-27T11:21:16.496716+01:00'::timestamptz, 502, true) RETURNING "pong_gamedata"."id"; args=('Player 2', 7, 'Player 15', 11, datetime.datetime(2023, 11, 27, 11, 21, 16, 496716, tzinfo=<DstTzInfo 'Europe/Paris' CET+1:00:00 STD>), 502, True); alias=default
DEBUG 2024-02-27 21:45:37,503 utils (0.000) INSERT INTO "pong_tournamentdata" ("tour_id", "match_id_semi_1", "match_id_semi_2", "match_id_final", "tournament_end_timestamp", "tournament_duration_secs", "player_ranking", "blockchain_hash") VALUES (0, 1727, 1728, 1729, '2023-11-27T11:21:16.496716+01:00'::timestamptz, 981, '["Player 15", "Player 2", "Player 7", "Player 6"]', '0x0') RETURNING "pong_tournamentdata"."id"; args=(0, 1727, 1728, 1729, datetime.datetime(2023, 11, 27, 11, 21, 16, 496716, tzinfo=<DstTzInfo 'Europe/Paris' CET+1:00:00 STD>), 981, <psycopg2._json.Json object at 0x7f9df0bf8830>, '0x0'); alias=default
DEBUG 2024-02-27 21:45:37,505 utils (0.001) INSERT INTO "pong_gamedata" ("player1_name", "player1_points", "player2_name", "player2_points", "game_end_timestamp", "game_duration_secs", "is_tournament_game") VALUES ('Player 13', 7, 'Player 4', 11, '2023-11-21T04:21:29.496716+01:00'::timestamptz, 573, true) RETURNING "pong_gamedata"."id"; args=('Player 13', 7, 'Player 4', 11, datetime.datetime(2023, 11, 21, 4, 21, 29, 496716, tzinfo=<DstTzInfo 'Europe/Paris' CET+1:00:00 STD>), 573, True); alias=default
DEBUG 2024-02-27 21:45:37,506 utils (0.001) INSERT INTO "pong_gamedata" ("player1_name", "player1_points", "player2_name", "player2_points", "game_end_timestamp", "game_duration_secs", "is_tournament_game") VALUES ('Player 7', 11, 'Player 0', 0, '2023-11-21T04:21:43.496716+01:00'::timestamptz, 398, true) RETURNING "pong_gamedata"."id"; args=('Player 7', 11, 'Player 0', 0, datetime.datetime(2023, 11, 21, 4, 21, 43, 496716, tzinfo=<DstTzInfo 'Europe/Paris' CET+1:00:00 STD>), 398, True); alias=default
DEBUG 2024-02-27 21:45:37,508 utils (0.001) INSERT INTO "pong_gamedata" ("player1_name", "player1_points", "player2_name", "player2_points", "game_end_timestamp", "game_duration_secs", "is_tournament_game") VALUES ('Player 4', 5, 'Player 7', 11, '2023-11-21T04:24:20.496716+01:00'::timestamptz, 691, true) RETURNING "pong_gamedata"."id"; args=('Player 4', 5, 'Player 7', 11, datetime.datetime(2023, 11, 21, 4, 24, 20, 496716, tzinfo=<DstTzInfo 'Europe/Paris' CET+1:00:00 STD>), 691, True); alias=default
DEBUG 2024-02-27 21:45:37,509 utils (0.000) INSERT INTO "pong_tournamentdata" ("tour_id", "match_id_semi_1", "match_id_semi_2", "match_id_final", "tournament_end_timestamp", "tournament_duration_secs", "player_ranking", "blockchain_hash") VALUES (0, 1730, 1731, 1732, '2023-11-21T04:24:20.496716+01:00'::timestamptz, 744, '["Player 7", "Player 4", "Player 13", "Player 0"]', '0x0') RETURNING "pong_tournamentdata"."id"; args=(0, 1730, 1731, 1732, datetime.datetime(2023, 11, 21, 4, 24, 20, 496716, tzinfo=<DstTzInfo 'Europe/Paris' CET+1:00:00 STD>), 744, <psycopg2._json.Json object at 0x7f9df0bf98b0>, '0x0'); alias=default
DEBUG 2024-02-27 21:45:37,510 utils (0.000) SELECT COUNT(*) AS "__count" FROM "pong_gamedata"; args=(); alias=default
DEBUG 2024-02-27 21:45:37,511 utils (0.000) SELECT COUNT(*) AS "__count" FROM "pong_tournamentdata"; args=(); alias=default
DEBUG 2024-02-27 21:45:37,512 utils (0.000) SELECT "django_content_type"."id", "django_content_type"."app_label", "django_content_type"."model" FROM "django_content_type" WHERE "django_content_type"."app_label" = 'sessions'; args=('sessions',); alias=default
DEBUG 2024-02-27 21:45:37,513 utils (0.000) SELECT "django_content_type"."id", "django_content_type"."app_label", "django_content_type"."model" FROM "django_content_type" WHERE ("django_content_type"."app_label" = 'sessions' AND "django_content_type"."model" = 'session') LIMIT 21; args=('sessions', 'session'); alias=default
DEBUG 2024-02-27 21:45:37,514 utils (0.000) SELECT "auth_permission"."content_type_id", "auth_permission"."codename" FROM "auth_permission" INNER JOIN "django_content_type" ON ("auth_permission"."content_type_id" = "django_content_type"."id") WHERE "auth_permission"."content_type_id" IN (6) ORDER BY "django_content_type"."app_label" ASC, "django_content_type"."model" ASC, "auth_permission"."codename" ASC; args=(6,); alias=default
DEBUG 2024-02-27 21:45:37,515 utils (0.000) SELECT "django_content_type"."id", "django_content_type"."app_label", "django_content_type"."model" FROM "django_content_type" WHERE "django_content_type"."app_label" = 'sessions'; args=('sessions',); alias=default
DEBUG 2024-02-27 21:45:37,516 utils (0.000) SELECT COUNT(*) AS "__count" FROM "pong_gamedata"; args=(); alias=default
DEBUG 2024-02-27 21:45:37,517 utils (0.000) SELECT COUNT(*) AS "__count" FROM "pong_tournamentdata"; args=(); alias=default
DEBUG 2024-02-27 21:45:37,518 utils (0.000) SELECT COUNT(*) AS "__count" FROM "pong_gamedata"; args=(); alias=default
DEBUG 2024-02-27 21:45:37,519 utils (0.000) SELECT COUNT(*) AS "__count" FROM "pong_tournamentdata"; args=(); alias=default
DEBUG 2024-02-27 21:45:37,520 utils (0.001) INSERT INTO "pong_gamedata" ("player1_name", "player1_points", "player2_name", "player2_points", "game_end_timestamp", "game_duration_secs", "is_tournament_game") VALUES ('Player 6', 10, 'Player 3', 11, '2024-02-20T11:16:07.517759+01:00'::timestamptz, 538, true) RETURNING "pong_gamedata"."id"; args=('Player 6', 10, 'Player 3', 11, datetime.datetime(2024, 2, 20, 11, 16, 7, 517759, tzinfo=<DstTzInfo 'Europe/Paris' CET+1:00:00 STD>), 538, True); alias=default
DEBUG 2024-02-27 21:45:37,521 utils (0.001) INSERT INTO "pong_gamedata" ("player1_name", "player1_points", "player2_name", "player2_points", "game_end_timestamp", "game_duration_secs", "is_tournament_game") VALUES ('Player 9', 11, 'Player 12', 5, '2024-02-20T11:19:40.517759+01:00'::timestamptz, 914, true) RETURNING "pong_gamedata"."id"; args=('Player 9', 11, 'Player 12', 5, datetime.datetime(2024, 2, 20, 11, 19, 40, 517759, tzinfo=<DstTzInfo 'Europe/Paris' CET+1:00:00 STD>), 914, True); alias=default
DEBUG 2024-02-27 21:45:37,523 utils (0.001) INSERT INTO "pong_gamedata" ("player1_name", "player1_points", "player2_name", "player2_points", "game_end_timestamp", "game_duration_secs", "is_tournament_game") VALUES ('Player 3', 11, 'Player 9', 7, '2024-02-20T11:20:57.517759+01:00'::timestamptz, 304, true) RETURNING "pong_gamedata"."id"; args=('Player 3', 11, 'Player 9', 7, datetime.datetime(2024, 2, 20, 11, 20, 57, 517759, tzinfo=<DstTzInfo 'Europe/Paris' CET+1:00:00 STD>), 304, True); alias=default
DEBUG 2024-02-27 21:45:37,525 utils (0.001) INSERT INTO "pong_tournamentdata" ("tour_id", "match_id_semi_1", "match_id_semi_2", "match_id_final", "tournament_end_timestamp", "tournament_duration_secs", "player_ranking", "blockchain_hash") VALUES (0, 1733, 1734, 1735, '2024-02-20T11:20:57.517759+01:00'::timestamptz, 991, '["Player 3", "Player 9", "Player 6", "Player 12"]', '0x0') RETURNING "pong_tournamentdata"."id"; args=(0, 1733, 1734, 1735, datetime.datetime(2024, 2, 20, 11, 20, 57, 517759, tzinfo=<DstTzInfo 'Europe/Paris' CET+1:00:00 STD>), 991, <psycopg2._json.Json object at 0x7f9df0bfa990>, '0x0'); alias=default
DEBUG 2024-02-27 21:45:37,527 utils (0.001) INSERT INTO "pong_gamedata" ("player1_name", "player1_points", "player2_name", "player2_points", "game_end_timestamp", "game_duration_secs", "is_tournament_game") VALUES ('Player 4', 11, 'Player 14', 10, '2023-12-06T16:18:36.517759+01:00'::timestamptz, 937, true) RETURNING "pong_gamedata"."id"; args=('Player 4', 11, 'Player 14', 10, datetime.datetime(2023, 12, 6, 16, 18, 36, 517759, tzinfo=<DstTzInfo 'Europe/Paris' CET+1:00:00 STD>), 937, True); alias=default
DEBUG 2024-02-27 21:45:37,529 utils (0.001) INSERT INTO "pong_gamedata" ("player1_name", "player1_points", "player2_name", "player2_points", "game_end_timestamp", "game_duration_secs", "is_tournament_game") VALUES ('Player 2', 3, 'Player 13', 11, '2023-12-06T16:16:53.517759+01:00'::timestamptz, 831, true) RETURNING "pong_gamedata"."id"; args=('Player 2', 3, 'Player 13', 11, datetime.datetime(2023, 12, 6, 16, 16, 53, 517759, tzinfo=<DstTzInfo 'Europe/Paris' CET+1:00:00 STD>), 831, True); alias=default
DEBUG 2024-02-27 21:45:37,530 utils (0.001) INSERT INTO "pong_gamedata" ("player1_name", "player1_points", "player2_name", "player2_points", "game_end_timestamp", "game_duration_secs", "is_tournament_game") VALUES ('Player 4', 0, 'Player 13', 11, '2023-12-06T16:18:53.517759+01:00'::timestamptz, 717, true) RETURNING "pong_gamedata"."id"; args=('Player 4', 0, 'Player 13', 11, datetime.datetime(2023, 12, 6, 16, 18, 53, 517759, tzinfo=<DstTzInfo 'Europe/Paris' CET+1:00:00 STD>), 717, True); alias=default
DEBUG 2024-02-27 21:45:37,531 utils (0.000) INSERT INTO "pong_tournamentdata" ("tour_id", "match_id_semi_1", "match_id_semi_2", "match_id_final", "tournament_end_timestamp", "tournament_duration_secs", "player_ranking", "blockchain_hash") VALUES (0, 1736, 1737, 1738, '2023-12-06T16:18:53.517759+01:00'::timestamptz, 954, '["Player 13", "Player 4", "Player 14", "Player 2"]', '0x0') RETURNING "pong_tournamentdata"."id"; args=(0, 1736, 1737, 1738, datetime.datetime(2023, 12, 6, 16, 18, 53, 517759, tzinfo=<DstTzInfo 'Europe/Paris' CET+1:00:00 STD>), 954, <psycopg2._json.Json object at 0x7f9df0bfaed0>, '0x0'); alias=default
DEBUG 2024-02-27 21:45:37,532 utils (0.000) SELECT COUNT(*) AS "__count" FROM "pong_gamedata"; args=(); alias=default
DEBUG 2024-02-27 21:45:37,533 utils (0.000) SELECT COUNT(*) AS "__count" FROM "pong_tournamentdata"; args=(); alias=default
DEBUG 2024-02-27 21:45:37,534 utils (0.000) SELECT "django_content_type"."id", "django_content_type"."app_label", "django_content_type"."model" FROM "django_content_type" WHERE "django_content_type"."app_label" = 'pong'; args=('pong',); alias=default
DEBUG 2024-02-27 21:45:37,535 utils (0.000) SELECT "django_content_type"."id", "django_content_type"."app_label", "django_content_type"."model" FROM "django_content_type" WHERE ("django_content_type"."app_label" = 'pong' AND "django_content_type"."model" = 'gamedata') LIMIT 21; args=('pong', 'gamedata'); alias=default
DEBUG 2024-02-27 21:45:37,536 utils (0.000) SELECT "django_content_type"."id", "django_content_type"."app_label", "django_content_type"."model" FROM "django_content_type" WHERE ("django_content_type"."app_label" = 'pong' AND "django_content_type"."model" = 'tournamentdata') LIMIT 21; args=('pong', 'tournamentdata'); alias=default
DEBUG 2024-02-27 21:45:37,537 utils (0.000) SELECT "auth_permission"."content_type_id", "auth_permission"."codename" FROM "auth_permission" INNER JOIN "django_content_type" ON ("auth_permission"."content_type_id" = "django_content_type"."id") WHERE "auth_permission"."content_type_id" IN (8, 7) ORDER BY "django_content_type"."app_label" ASC, "django_content_type"."model" ASC, "auth_permission"."codename" ASC; args=(8, 7); alias=default
DEBUG 2024-02-27 21:45:37,538 utils (0.000) SELECT "django_content_type"."id", "django_content_type"."app_label", "django_content_type"."model" FROM "django_content_type" WHERE "django_content_type"."app_label" = 'pong'; args=('pong',); alias=default
DEBUG 2024-02-27 21:45:37,539 utils (0.000) SELECT COUNT(*) AS "__count" FROM "pong_gamedata"; args=(); alias=default
DEBUG 2024-02-27 21:45:37,542 utils (0.001) SELECT COUNT(*) AS "__count" FROM "pong_tournamentdata"; args=(); alias=default
DEBUG 2024-02-27 21:45:37,543 utils (0.000) SELECT COUNT(*) AS "__count" FROM "pong_gamedata"; args=(); alias=default
DEBUG 2024-02-27 21:45:37,545 utils (0.000) SELECT COUNT(*) AS "__count" FROM "pong_tournamentdata"; args=(); alias=default
DEBUG 2024-02-27 21:45:37,546 utils (0.001) INSERT INTO "pong_gamedata" ("player1_name", "player1_points", "player2_name", "player2_points", "game_end_timestamp", "game_duration_secs", "is_tournament_game") VALUES ('Player 6', 10, 'Player 7', 11, '2024-02-19T09:50:27.542392+01:00'::timestamptz, 586, true) RETURNING "pong_gamedata"."id"; args=('Player 6', 10, 'Player 7', 11, datetime.datetime(2024, 2, 19, 9, 50, 27, 542392, tzinfo=<DstTzInfo 'Europe/Paris' CET+1:00:00 STD>), 586, True); alias=default
DEBUG 2024-02-27 21:45:37,548 utils (0.001) INSERT INTO "pong_gamedata" ("player1_name", "player1_points", "player2_name", "player2_points", "game_end_timestamp", "game_duration_secs", "is_tournament_game") VALUES ('Player 9', 4, 'Player 5', 11, '2024-02-19T09:53:24.542392+01:00'::timestamptz, 373, true) RETURNING "pong_gamedata"."id"; args=('Player 9', 4, 'Player 5', 11, datetime.datetime(2024, 2, 19, 9, 53, 24, 542392, tzinfo=<DstTzInfo 'Europe/Paris' CET+1:00:00 STD>), 373, True); alias=default
DEBUG 2024-02-27 21:45:37,549 utils (0.001) INSERT INTO "pong_gamedata" ("player1_name", "player1_points", "player2_name", "player2_points", "game_end_timestamp", "game_duration_secs", "is_tournament_game") VALUES ('Player 7', 11, 'Player 5', 5, '2024-02-19T09:53:32.542392+01:00'::timestamptz, 724, true) RETURNING "pong_gamedata"."id"; args=('Player 7', 11, 'Player 5', 5, datetime.datetime(2024, 2, 19, 9, 53, 32, 542392, tzinfo=<DstTzInfo 'Europe/Paris' CET+1:00:00 STD>), 724, True); alias=default
DEBUG 2024-02-27 21:45:37,550 utils (0.000) INSERT INTO "pong_tournamentdata" ("tour_id", "match_id_semi_1", "match_id_semi_2", "match_id_final", "tournament_end_timestamp", "tournament_duration_secs", "player_ranking", "blockchain_hash") VALUES (0, 1739, 1740, 1741, '2024-02-19T09:53:32.542392+01:00'::timestamptz, 771, '["Player 7", "Player 5", "Player 6", "Player 9"]', '0x0') RETURNING "pong_tournamentdata"."id"; args=(0, 1739, 1740, 1741, datetime.datetime(2024, 2, 19, 9, 53, 32, 542392, tzinfo=<DstTzInfo 'Europe/Paris' CET+1:00:00 STD>), 771, <psycopg2._json.Json object at 0x7f9df0bfb620>, '0x0'); alias=default
DEBUG 2024-02-27 21:45:37,551 utils (0.001) INSERT INTO "pong_gamedata" ("player1_name", "player1_points", "player2_name", "player2_points", "game_end_timestamp", "game_duration_secs", "is_tournament_game") VALUES ('Player 4', 3, 'Player 15', 11, '2023-11-23T04:34:36.542392+01:00'::timestamptz, 384, true) RETURNING "pong_gamedata"."id"; args=('Player 4', 3, 'Player 15', 11, datetime.datetime(2023, 11, 23, 4, 34, 36, 542392, tzinfo=<DstTzInfo 'Europe/Paris' CET+1:00:00 STD>), 384, True); alias=default
DEBUG 2024-02-27 21:45:37,552 utils (0.001) INSERT INTO "pong_gamedata" ("player1_name", "player1_points", "player2_name", "player2_points", "game_end_timestamp", "game_duration_secs", "is_tournament_game") VALUES ('Player 9', 9, 'Player 13', 11, '2023-11-23T04:25:24.542392+01:00'::timestamptz, 30, true) RETURNING "pong_gamedata"."id"; args=('Player 9', 9, 'Player 13', 11, datetime.datetime(2023, 11, 23, 4, 25, 24, 542392, tzinfo=<DstTzInfo 'Europe/Paris' CET+1:00:00 STD>), 30, True); alias=default
DEBUG 2024-02-27 21:45:37,554 utils (0.001) INSERT INTO "pong_gamedata" ("player1_name", "player1_points", "player2_name", "player2_points", "game_end_timestamp", "game_duration_secs", "is_tournament_game") VALUES ('Player 15', 2, 'Player 13', 11, '2023-11-23T04:37:14.542392+01:00'::timestamptz, 794, true) RETURNING "pong_gamedata"."id"; args=('Player 15', 2, 'Player 13', 11, datetime.datetime(2023, 11, 23, 4, 37, 14, 542392, tzinfo=<DstTzInfo 'Europe/Paris' CET+1:00:00 STD>), 794, True); alias=default
DEBUG 2024-02-27 21:45:37,554 utils (0.000) INSERT INTO "pong_tournamentdata" ("tour_id", "match_id_semi_1", "match_id_semi_2", "match_id_final", "tournament_end_timestamp", "tournament_duration_secs", "player_ranking", "blockchain_hash") VALUES (0, 1742, 1743, 1744, '2023-11-23T04:37:14.542392+01:00'::timestamptz, 740, '["Player 13", "Player 15", "Player 4", "Player 9"]', '0x0') RETURNING "pong_tournamentdata"."id"; args=(0, 1742, 1743, 1744, datetime.datetime(2023, 11, 23, 4, 37, 14, 542392, tzinfo=<DstTzInfo 'Europe/Paris' CET+1:00:00 STD>), 740, <psycopg2._json.Json object at 0x7f9df0bfb860>, '0x0'); alias=default
DEBUG 2024-02-27 21:45:37,556 utils (0.000) SELECT COUNT(*) AS "__count" FROM "pong_gamedata"; args=(); alias=default
DEBUG 2024-02-27 21:45:37,558 utils (0.001) SELECT COUNT(*) AS "__count" FROM "pong_tournamentdata"; args=(); alias=default
