DEBUG 2024-02-27 21:48:30,099 utils (0.002) 
            SELECT
                c.relname,
                CASE
                    WHEN c.relispartition THEN 'p'
                    WHEN c.relkind IN ('m', 'v') THEN 'v'
                    ELSE 't'
                END,
                obj_description(c.oid, 'pg_class')
            FROM pg_catalog.pg_class c
            LEFT JOIN pg_catalog.pg_namespace n ON n.oid = c.relnamespace
            WHERE c.relkind IN ('f', 'm', 'p', 'r', 'v')
                AND n.nspname NOT IN ('pg_catalog', 'pg_toast')
                AND pg_catalog.pg_table_is_visible(c.oid)
        ; args=None; alias=default
DEBUG 2024-02-27 21:48:30,103 utils (0.001) SELECT "django_migrations"."id", "django_migrations"."app", "django_migrations"."name", "django_migrations"."applied" FROM "django_migrations"; args=(); alias=default
DEBUG 2024-02-27 21:48:30,105 utils (0.001) 
            SELECT
                c.relname,
                CASE
                    WHEN c.relispartition THEN 'p'
                    WHEN c.relkind IN ('m', 'v') THEN 'v'
                    ELSE 't'
                END,
                obj_description(c.oid, 'pg_class')
            FROM pg_catalog.pg_class c
            LEFT JOIN pg_catalog.pg_namespace n ON n.oid = c.relnamespace
            WHERE c.relkind IN ('f', 'm', 'p', 'r', 'v')
                AND n.nspname NOT IN ('pg_catalog', 'pg_toast')
                AND pg_catalog.pg_table_is_visible(c.oid)
        ; args=None; alias=default
DEBUG 2024-02-27 21:48:30,106 utils (0.000) SELECT "django_migrations"."id", "django_migrations"."app", "django_migrations"."name", "django_migrations"."applied" FROM "django_migrations"; args=(); alias=default
DEBUG 2024-02-27 21:48:30,123 utils (0.001) 
            SELECT
                c.relname,
                CASE
                    WHEN c.relispartition THEN 'p'
                    WHEN c.relkind IN ('m', 'v') THEN 'v'
                    ELSE 't'
                END,
                obj_description(c.oid, 'pg_class')
            FROM pg_catalog.pg_class c
            LEFT JOIN pg_catalog.pg_namespace n ON n.oid = c.relnamespace
            WHERE c.relkind IN ('f', 'm', 'p', 'r', 'v')
                AND n.nspname NOT IN ('pg_catalog', 'pg_toast')
                AND pg_catalog.pg_table_is_visible(c.oid)
        ; args=None; alias=default
DEBUG 2024-02-27 21:48:30,124 utils (0.001) 
            SELECT
                c.relname,
                CASE
                    WHEN c.relispartition THEN 'p'
                    WHEN c.relkind IN ('m', 'v') THEN 'v'
                    ELSE 't'
                END,
                obj_description(c.oid, 'pg_class')
            FROM pg_catalog.pg_class c
            LEFT JOIN pg_catalog.pg_namespace n ON n.oid = c.relnamespace
            WHERE c.relkind IN ('f', 'm', 'p', 'r', 'v')
                AND n.nspname NOT IN ('pg_catalog', 'pg_toast')
                AND pg_catalog.pg_table_is_visible(c.oid)
        ; args=None; alias=default
DEBUG 2024-02-27 21:48:30,125 utils (0.000) SELECT "django_migrations"."id", "django_migrations"."app", "django_migrations"."name", "django_migrations"."applied" FROM "django_migrations"; args=(); alias=default
DEBUG 2024-02-27 21:48:30,126 utils (0.001) SELECT "django_content_type"."id", "django_content_type"."app_label", "django_content_type"."model" FROM "django_content_type" WHERE "django_content_type"."app_label" = 'admin'; args=('admin',); alias=default
DEBUG 2024-02-27 21:48:30,127 utils (0.000) SELECT "django_content_type"."id", "django_content_type"."app_label", "django_content_type"."model" FROM "django_content_type" WHERE ("django_content_type"."app_label" = 'admin' AND "django_content_type"."model" = 'logentry') LIMIT 21; args=('admin', 'logentry'); alias=default
DEBUG 2024-02-27 21:48:30,130 utils (0.001) SELECT "auth_permission"."content_type_id", "auth_permission"."codename" FROM "auth_permission" INNER JOIN "django_content_type" ON ("auth_permission"."content_type_id" = "django_content_type"."id") WHERE "auth_permission"."content_type_id" IN (1) ORDER BY "django_content_type"."app_label" ASC, "django_content_type"."model" ASC, "auth_permission"."codename" ASC; args=(1,); alias=default
DEBUG 2024-02-27 21:48:30,131 utils (0.000) SELECT "django_content_type"."id", "django_content_type"."app_label", "django_content_type"."model" FROM "django_content_type" WHERE "django_content_type"."app_label" = 'admin'; args=('admin',); alias=default
DEBUG 2024-02-27 21:48:30,132 utils (0.000) SELECT COUNT(*) AS "__count" FROM "pong_gamedata"; args=(); alias=default
DEBUG 2024-02-27 21:48:30,133 utils (0.000) SELECT COUNT(*) AS "__count" FROM "pong_tournamentdata"; args=(); alias=default
DEBUG 2024-02-27 21:48:30,135 utils (0.000) SELECT COUNT(*) AS "__count" FROM "pong_gamedata"; args=(); alias=default
DEBUG 2024-02-27 21:48:30,136 utils (0.000) SELECT COUNT(*) AS "__count" FROM "pong_tournamentdata"; args=(); alias=default
DEBUG 2024-02-27 21:48:30,167 utils (0.001) INSERT INTO "pong_gamedata" ("player1_name", "player1_points", "player2_name", "player2_points", "game_end_timestamp", "game_duration_secs", "is_tournament_game") VALUES ('Player 7', 2, 'Player 5', 11, '2023-11-01T07:37:59.133901+01:00'::timestamptz, 669, true) RETURNING "pong_gamedata"."id"; args=('Player 7', 2, 'Player 5', 11, datetime.datetime(2023, 11, 1, 7, 37, 59, 133901, tzinfo=<DstTzInfo 'Europe/Paris' CET+1:00:00 STD>), 669, True); alias=default
DEBUG 2024-02-27 21:48:30,170 utils (0.001) INSERT INTO "pong_gamedata" ("player1_name", "player1_points", "player2_name", "player2_points", "game_end_timestamp", "game_duration_secs", "is_tournament_game") VALUES ('Player 14', 11, 'Player 11', 9, '2023-11-01T07:31:11.133901+01:00'::timestamptz, 234, true) RETURNING "pong_gamedata"."id"; args=('Player 14', 11, 'Player 11', 9, datetime.datetime(2023, 11, 1, 7, 31, 11, 133901, tzinfo=<DstTzInfo 'Europe/Paris' CET+1:00:00 STD>), 234, True); alias=default
DEBUG 2024-02-27 21:48:30,171 utils (0.001) INSERT INTO "pong_gamedata" ("player1_name", "player1_points", "player2_name", "player2_points", "game_end_timestamp", "game_duration_secs", "is_tournament_game") VALUES ('Player 5', 8, 'Player 14', 11, '2023-11-01T07:41:24.133901+01:00'::timestamptz, 526, true) RETURNING "pong_gamedata"."id"; args=('Player 5', 8, 'Player 14', 11, datetime.datetime(2023, 11, 1, 7, 41, 24, 133901, tzinfo=<DstTzInfo 'Europe/Paris' CET+1:00:00 STD>), 526, True); alias=default
DEBUG 2024-02-27 21:48:30,172 utils (0.000) INSERT INTO "pong_tournamentdata" ("tour_id", "match_id_semi_1", "match_id_semi_2", "match_id_final", "tournament_end_timestamp", "tournament_duration_secs", "player_ranking", "blockchain_hash") VALUES (0, 1775, 1776, 1777, '2023-11-01T07:41:24.133901+01:00'::timestamptz, 874, '["Player 14", "Player 5", "Player 7", "Player 11"]', '0x0') RETURNING "pong_tournamentdata"."id"; args=(0, 1775, 1776, 1777, datetime.datetime(2023, 11, 1, 7, 41, 24, 133901, tzinfo=<DstTzInfo 'Europe/Paris' CET+1:00:00 STD>), 874, <psycopg2._json.Json object at 0x7fa9cb9423c0>, '0x0'); alias=default
DEBUG 2024-02-27 21:48:30,174 utils (0.001) INSERT INTO "pong_gamedata" ("player1_name", "player1_points", "player2_name", "player2_points", "game_end_timestamp", "game_duration_secs", "is_tournament_game") VALUES ('Player 1', 11, 'Player 0', 2, '2023-12-20T15:34:33.133901+01:00'::timestamptz, 122, true) RETURNING "pong_gamedata"."id"; args=('Player 1', 11, 'Player 0', 2, datetime.datetime(2023, 12, 20, 15, 34, 33, 133901, tzinfo=<DstTzInfo 'Europe/Paris' CET+1:00:00 STD>), 122, True); alias=default
DEBUG 2024-02-27 21:48:30,175 utils (0.001) INSERT INTO "pong_gamedata" ("player1_name", "player1_points", "player2_name", "player2_points", "game_end_timestamp", "game_duration_secs", "is_tournament_game") VALUES ('Player 6', 9, 'Player 7', 11, '2023-12-20T15:35:41.133901+01:00'::timestamptz, 555, true) RETURNING "pong_gamedata"."id"; args=('Player 6', 9, 'Player 7', 11, datetime.datetime(2023, 12, 20, 15, 35, 41, 133901, tzinfo=<DstTzInfo 'Europe/Paris' CET+1:00:00 STD>), 555, True); alias=default
DEBUG 2024-02-27 21:48:30,177 utils (0.001) INSERT INTO "pong_gamedata" ("player1_name", "player1_points", "player2_name", "player2_points", "game_end_timestamp", "game_duration_secs", "is_tournament_game") VALUES ('Player 1', 11, 'Player 7', 10, '2023-12-20T15:37:29.133901+01:00'::timestamptz, 956, true) RETURNING "pong_gamedata"."id"; args=('Player 1', 11, 'Player 7', 10, datetime.datetime(2023, 12, 20, 15, 37, 29, 133901, tzinfo=<DstTzInfo 'Europe/Paris' CET+1:00:00 STD>), 956, True); alias=default
DEBUG 2024-02-27 21:48:30,177 utils (0.000) INSERT INTO "pong_tournamentdata" ("tour_id", "match_id_semi_1", "match_id_semi_2", "match_id_final", "tournament_end_timestamp", "tournament_duration_secs", "player_ranking", "blockchain_hash") VALUES (0, 1778, 1779, 1780, '2023-12-20T15:37:29.133901+01:00'::timestamptz, 663, '["Player 1", "Player 7", "Player 0", "Player 6"]', '0x0') RETURNING "pong_tournamentdata"."id"; args=(0, 1778, 1779, 1780, datetime.datetime(2023, 12, 20, 15, 37, 29, 133901, tzinfo=<DstTzInfo 'Europe/Paris' CET+1:00:00 STD>), 663, <psycopg2._json.Json object at 0x7fa9cb942840>, '0x0'); alias=default
DEBUG 2024-02-27 21:48:30,178 utils (0.000) SELECT COUNT(*) AS "__count" FROM "pong_gamedata"; args=(); alias=default
DEBUG 2024-02-27 21:48:30,179 utils (0.000) SELECT COUNT(*) AS "__count" FROM "pong_tournamentdata"; args=(); alias=default
DEBUG 2024-02-27 21:48:30,180 utils (0.000) SELECT "django_content_type"."id", "django_content_type"."app_label", "django_content_type"."model" FROM "django_content_type" WHERE "django_content_type"."app_label" = 'auth'; args=('auth',); alias=default
DEBUG 2024-02-27 21:48:30,181 utils (0.000) SELECT "django_content_type"."id", "django_content_type"."app_label", "django_content_type"."model" FROM "django_content_type" WHERE ("django_content_type"."app_label" = 'auth' AND "django_content_type"."model" = 'permission') LIMIT 21; args=('auth', 'permission'); alias=default
DEBUG 2024-02-27 21:48:30,182 utils (0.000) SELECT "django_content_type"."id", "django_content_type"."app_label", "django_content_type"."model" FROM "django_content_type" WHERE ("django_content_type"."app_label" = 'auth' AND "django_content_type"."model" = 'group') LIMIT 21; args=('auth', 'group'); alias=default
DEBUG 2024-02-27 21:48:30,185 utils (0.000) SELECT "django_content_type"."id", "django_content_type"."app_label", "django_content_type"."model" FROM "django_content_type" WHERE ("django_content_type"."app_label" = 'auth' AND "django_content_type"."model" = 'user') LIMIT 21; args=('auth', 'user'); alias=default
DEBUG 2024-02-27 21:48:30,188 utils (0.001) SELECT "auth_permission"."content_type_id", "auth_permission"."codename" FROM "auth_permission" INNER JOIN "django_content_type" ON ("auth_permission"."content_type_id" = "django_content_type"."id") WHERE "auth_permission"."content_type_id" IN (2, 3, 4) ORDER BY "django_content_type"."app_label" ASC, "django_content_type"."model" ASC, "auth_permission"."codename" ASC; args=(2, 3, 4); alias=default
DEBUG 2024-02-27 21:48:30,188 utils (0.000) SELECT "django_content_type"."id", "django_content_type"."app_label", "django_content_type"."model" FROM "django_content_type" WHERE "django_content_type"."app_label" = 'auth'; args=('auth',); alias=default
DEBUG 2024-02-27 21:48:30,189 utils (0.000) SELECT COUNT(*) AS "__count" FROM "pong_gamedata"; args=(); alias=default
DEBUG 2024-02-27 21:48:30,190 utils (0.000) SELECT COUNT(*) AS "__count" FROM "pong_tournamentdata"; args=(); alias=default
DEBUG 2024-02-27 21:48:30,191 utils (0.000) SELECT COUNT(*) AS "__count" FROM "pong_gamedata"; args=(); alias=default
DEBUG 2024-02-27 21:48:30,192 utils (0.000) SELECT COUNT(*) AS "__count" FROM "pong_tournamentdata"; args=(); alias=default
DEBUG 2024-02-27 21:48:30,194 utils (0.001) INSERT INTO "pong_gamedata" ("player1_name", "player1_points", "player2_name", "player2_points", "game_end_timestamp", "game_duration_secs", "is_tournament_game") VALUES ('Player 13', 11, 'Player 9', 9, '2024-01-23T04:52:15.190893+01:00'::timestamptz, 609, true) RETURNING "pong_gamedata"."id"; args=('Player 13', 11, 'Player 9', 9, datetime.datetime(2024, 1, 23, 4, 52, 15, 190893, tzinfo=<DstTzInfo 'Europe/Paris' CET+1:00:00 STD>), 609, True); alias=default
DEBUG 2024-02-27 21:48:30,195 utils (0.001) INSERT INTO "pong_gamedata" ("player1_name", "player1_points", "player2_name", "player2_points", "game_end_timestamp", "game_duration_secs", "is_tournament_game") VALUES ('Player 10', 11, 'Player 5', 5, '2024-01-23T04:44:23.190893+01:00'::timestamptz, 92, true) RETURNING "pong_gamedata"."id"; args=('Player 10', 11, 'Player 5', 5, datetime.datetime(2024, 1, 23, 4, 44, 23, 190893, tzinfo=<DstTzInfo 'Europe/Paris' CET+1:00:00 STD>), 92, True); alias=default
DEBUG 2024-02-27 21:48:30,196 utils (0.001) INSERT INTO "pong_gamedata" ("player1_name", "player1_points", "player2_name", "player2_points", "game_end_timestamp", "game_duration_secs", "is_tournament_game") VALUES ('Player 13', 11, 'Player 10', 10, '2024-01-23T04:55:19.190893+01:00'::timestamptz, 529, true) RETURNING "pong_gamedata"."id"; args=('Player 13', 11, 'Player 10', 10, datetime.datetime(2024, 1, 23, 4, 55, 19, 190893, tzinfo=<DstTzInfo 'Europe/Paris' CET+1:00:00 STD>), 529, True); alias=default
DEBUG 2024-02-27 21:48:30,197 utils (0.000) INSERT INTO "pong_tournamentdata" ("tour_id", "match_id_semi_1", "match_id_semi_2", "match_id_final", "tournament_end_timestamp", "tournament_duration_secs", "player_ranking", "blockchain_hash") VALUES (0, 1781, 1782, 1783, '2024-01-23T04:55:19.190893+01:00'::timestamptz, 793, '["Player 13", "Player 10", "Player 9", "Player 5"]', '0x0') RETURNING "pong_tournamentdata"."id"; args=(0, 1781, 1782, 1783, datetime.datetime(2024, 1, 23, 4, 55, 19, 190893, tzinfo=<DstTzInfo 'Europe/Paris' CET+1:00:00 STD>), 793, <psycopg2._json.Json object at 0x7fa9cb942150>, '0x0'); alias=default
DEBUG 2024-02-27 21:48:30,198 utils (0.001) INSERT INTO "pong_gamedata" ("player1_name", "player1_points", "player2_name", "player2_points", "game_end_timestamp", "game_duration_secs", "is_tournament_game") VALUES ('Player 12', 8, 'Player 2', 11, '2024-01-09T17:59:55.190893+01:00'::timestamptz, 36, true) RETURNING "pong_gamedata"."id"; args=('Player 12', 8, 'Player 2', 11, datetime.datetime(2024, 1, 9, 17, 59, 55, 190893, tzinfo=<DstTzInfo 'Europe/Paris' CET+1:00:00 STD>), 36, True); alias=default
DEBUG 2024-02-27 21:48:30,200 utils (0.001) INSERT INTO "pong_gamedata" ("player1_name", "player1_points", "player2_name", "player2_points", "game_end_timestamp", "game_duration_secs", "is_tournament_game") VALUES ('Player 7', 3, 'Player 14', 11, '2024-01-09T18:13:24.190893+01:00'::timestamptz, 8, true) RETURNING "pong_gamedata"."id"; args=('Player 7', 3, 'Player 14', 11, datetime.datetime(2024, 1, 9, 18, 13, 24, 190893, tzinfo=<DstTzInfo 'Europe/Paris' CET+1:00:00 STD>), 8, True); alias=default
DEBUG 2024-02-27 21:48:30,202 utils (0.001) INSERT INTO "pong_gamedata" ("player1_name", "player1_points", "player2_name", "player2_points", "game_end_timestamp", "game_duration_secs", "is_tournament_game") VALUES ('Player 2', 7, 'Player 14', 11, '2024-01-09T18:15:49.190893+01:00'::timestamptz, 608, true) RETURNING "pong_gamedata"."id"; args=('Player 2', 7, 'Player 14', 11, datetime.datetime(2024, 1, 9, 18, 15, 49, 190893, tzinfo=<DstTzInfo 'Europe/Paris' CET+1:00:00 STD>), 608, True); alias=default
DEBUG 2024-02-27 21:48:30,203 utils (0.001) INSERT INTO "pong_tournamentdata" ("tour_id", "match_id_semi_1", "match_id_semi_2", "match_id_final", "tournament_end_timestamp", "tournament_duration_secs", "player_ranking", "blockchain_hash") VALUES (0, 1784, 1785, 1786, '2024-01-09T18:15:49.190893+01:00'::timestamptz, 990, '["Player 14", "Player 2", "Player 12", "Player 7"]', '0x0') RETURNING "pong_tournamentdata"."id"; args=(0, 1784, 1785, 1786, datetime.datetime(2024, 1, 9, 18, 15, 49, 190893, tzinfo=<DstTzInfo 'Europe/Paris' CET+1:00:00 STD>), 990, <psycopg2._json.Json object at 0x7fa9cb948200>, '0x0'); alias=default
DEBUG 2024-02-27 21:48:30,204 utils (0.000) SELECT COUNT(*) AS "__count" FROM "pong_gamedata"; args=(); alias=default
DEBUG 2024-02-27 21:48:30,205 utils (0.000) SELECT COUNT(*) AS "__count" FROM "pong_tournamentdata"; args=(); alias=default
DEBUG 2024-02-27 21:48:30,206 utils (0.000) SELECT "django_content_type"."id", "django_content_type"."app_label", "django_content_type"."model" FROM "django_content_type" WHERE "django_content_type"."app_label" = 'contenttypes'; args=('contenttypes',); alias=default
DEBUG 2024-02-27 21:48:30,207 utils (0.000) SELECT "django_content_type"."id", "django_content_type"."app_label", "django_content_type"."model" FROM "django_content_type" WHERE ("django_content_type"."app_label" = 'contenttypes' AND "django_content_type"."model" = 'contenttype') LIMIT 21; args=('contenttypes', 'contenttype'); alias=default
DEBUG 2024-02-27 21:48:30,209 utils (0.000) SELECT "auth_permission"."content_type_id", "auth_permission"."codename" FROM "auth_permission" INNER JOIN "django_content_type" ON ("auth_permission"."content_type_id" = "django_content_type"."id") WHERE "auth_permission"."content_type_id" IN (5) ORDER BY "django_content_type"."app_label" ASC, "django_content_type"."model" ASC, "auth_permission"."codename" ASC; args=(5,); alias=default
DEBUG 2024-02-27 21:48:30,209 utils (0.000) SELECT "django_content_type"."id", "django_content_type"."app_label", "django_content_type"."model" FROM "django_content_type" WHERE "django_content_type"."app_label" = 'contenttypes'; args=('contenttypes',); alias=default
DEBUG 2024-02-27 21:48:30,210 utils (0.000) SELECT COUNT(*) AS "__count" FROM "pong_gamedata"; args=(); alias=default
DEBUG 2024-02-27 21:48:30,211 utils (0.000) SELECT COUNT(*) AS "__count" FROM "pong_tournamentdata"; args=(); alias=default
DEBUG 2024-02-27 21:48:30,212 utils (0.000) SELECT COUNT(*) AS "__count" FROM "pong_gamedata"; args=(); alias=default
DEBUG 2024-02-27 21:48:30,213 utils (0.000) SELECT COUNT(*) AS "__count" FROM "pong_tournamentdata"; args=(); alias=default
DEBUG 2024-02-27 21:48:30,214 utils (0.001) INSERT INTO "pong_gamedata" ("player1_name", "player1_points", "player2_name", "player2_points", "game_end_timestamp", "game_duration_secs", "is_tournament_game") VALUES ('Player 3', 11, 'Player 15', 5, '2024-01-10T07:07:45.211542+01:00'::timestamptz, 724, true) RETURNING "pong_gamedata"."id"; args=('Player 3', 11, 'Player 15', 5, datetime.datetime(2024, 1, 10, 7, 7, 45, 211542, tzinfo=<DstTzInfo 'Europe/Paris' CET+1:00:00 STD>), 724, True); alias=default
DEBUG 2024-02-27 21:48:30,216 utils (0.001) INSERT INTO "pong_gamedata" ("player1_name", "player1_points", "player2_name", "player2_points", "game_end_timestamp", "game_duration_secs", "is_tournament_game") VALUES ('Player 14', 7, 'Player 5', 11, '2024-01-10T07:08:24.211542+01:00'::timestamptz, 964, true) RETURNING "pong_gamedata"."id"; args=('Player 14', 7, 'Player 5', 11, datetime.datetime(2024, 1, 10, 7, 8, 24, 211542, tzinfo=<DstTzInfo 'Europe/Paris' CET+1:00:00 STD>), 964, True); alias=default
DEBUG 2024-02-27 21:48:30,218 utils (0.002) INSERT INTO "pong_gamedata" ("player1_name", "player1_points", "player2_name", "player2_points", "game_end_timestamp", "game_duration_secs", "is_tournament_game") VALUES ('Player 3', 11, 'Player 5', 3, '2024-01-10T07:08:49.211542+01:00'::timestamptz, 905, true) RETURNING "pong_gamedata"."id"; args=('Player 3', 11, 'Player 5', 3, datetime.datetime(2024, 1, 10, 7, 8, 49, 211542, tzinfo=<DstTzInfo 'Europe/Paris' CET+1:00:00 STD>), 905, True); alias=default
DEBUG 2024-02-27 21:48:30,220 utils (0.001) INSERT INTO "pong_tournamentdata" ("tour_id", "match_id_semi_1", "match_id_semi_2", "match_id_final", "tournament_end_timestamp", "tournament_duration_secs", "player_ranking", "blockchain_hash") VALUES (0, 1787, 1788, 1789, '2024-01-10T07:08:49.211542+01:00'::timestamptz, 989, '["Player 3", "Player 5", "Player 15", "Player 14"]', '0x0') RETURNING "pong_tournamentdata"."id"; args=(0, 1787, 1788, 1789, datetime.datetime(2024, 1, 10, 7, 8, 49, 211542, tzinfo=<DstTzInfo 'Europe/Paris' CET+1:00:00 STD>), 989, <psycopg2._json.Json object at 0x7fa9cb9484a0>, '0x0'); alias=default
DEBUG 2024-02-27 21:48:30,222 utils (0.001) INSERT INTO "pong_gamedata" ("player1_name", "player1_points", "player2_name", "player2_points", "game_end_timestamp", "game_duration_secs", "is_tournament_game") VALUES ('Player 12', 0, 'Player 8', 11, '2024-02-08T14:56:18.211542+01:00'::timestamptz, 510, true) RETURNING "pong_gamedata"."id"; args=('Player 12', 0, 'Player 8', 11, datetime.datetime(2024, 2, 8, 14, 56, 18, 211542, tzinfo=<DstTzInfo 'Europe/Paris' CET+1:00:00 STD>), 510, True); alias=default
DEBUG 2024-02-27 21:48:30,223 utils (0.001) INSERT INTO "pong_gamedata" ("player1_name", "player1_points", "player2_name", "player2_points", "game_end_timestamp", "game_duration_secs", "is_tournament_game") VALUES ('Player 2', 11, 'Player 15', 0, '2024-02-08T14:57:53.211542+01:00'::timestamptz, 527, true) RETURNING "pong_gamedata"."id"; args=('Player 2', 11, 'Player 15', 0, datetime.datetime(2024, 2, 8, 14, 57, 53, 211542, tzinfo=<DstTzInfo 'Europe/Paris' CET+1:00:00 STD>), 527, True); alias=default
DEBUG 2024-02-27 21:48:30,225 utils (0.001) INSERT INTO "pong_gamedata" ("player1_name", "player1_points", "player2_name", "player2_points", "game_end_timestamp", "game_duration_secs", "is_tournament_game") VALUES ('Player 8', 11, 'Player 2', 2, '2024-02-08T14:59:20.211542+01:00'::timestamptz, 723, true) RETURNING "pong_gamedata"."id"; args=('Player 8', 11, 'Player 2', 2, datetime.datetime(2024, 2, 8, 14, 59, 20, 211542, tzinfo=<DstTzInfo 'Europe/Paris' CET+1:00:00 STD>), 723, True); alias=default
DEBUG 2024-02-27 21:48:30,226 utils (0.000) INSERT INTO "pong_tournamentdata" ("tour_id", "match_id_semi_1", "match_id_semi_2", "match_id_final", "tournament_end_timestamp", "tournament_duration_secs", "player_ranking", "blockchain_hash") VALUES (0, 1790, 1791, 1792, '2024-02-08T14:59:20.211542+01:00'::timestamptz, 692, '["Player 8", "Player 2", "Player 12", "Player 15"]', '0x0') RETURNING "pong_tournamentdata"."id"; args=(0, 1790, 1791, 1792, datetime.datetime(2024, 2, 8, 14, 59, 20, 211542, tzinfo=<DstTzInfo 'Europe/Paris' CET+1:00:00 STD>), 692, <psycopg2._json.Json object at 0x7fa9cb9490a0>, '0x0'); alias=default
DEBUG 2024-02-27 21:48:30,227 utils (0.000) SELECT COUNT(*) AS "__count" FROM "pong_gamedata"; args=(); alias=default
DEBUG 2024-02-27 21:48:30,228 utils (0.000) SELECT COUNT(*) AS "__count" FROM "pong_tournamentdata"; args=(); alias=default
DEBUG 2024-02-27 21:48:30,229 utils (0.000) SELECT "django_content_type"."id", "django_content_type"."app_label", "django_content_type"."model" FROM "django_content_type" WHERE "django_content_type"."app_label" = 'sessions'; args=('sessions',); alias=default
DEBUG 2024-02-27 21:48:30,230 utils (0.000) SELECT "django_content_type"."id", "django_content_type"."app_label", "django_content_type"."model" FROM "django_content_type" WHERE ("django_content_type"."app_label" = 'sessions' AND "django_content_type"."model" = 'session') LIMIT 21; args=('sessions', 'session'); alias=default
DEBUG 2024-02-27 21:48:30,232 utils (0.000) SELECT "auth_permission"."content_type_id", "auth_permission"."codename" FROM "auth_permission" INNER JOIN "django_content_type" ON ("auth_permission"."content_type_id" = "django_content_type"."id") WHERE "auth_permission"."content_type_id" IN (6) ORDER BY "django_content_type"."app_label" ASC, "django_content_type"."model" ASC, "auth_permission"."codename" ASC; args=(6,); alias=default
DEBUG 2024-02-27 21:48:30,233 utils (0.001) SELECT "django_content_type"."id", "django_content_type"."app_label", "django_content_type"."model" FROM "django_content_type" WHERE "django_content_type"."app_label" = 'sessions'; args=('sessions',); alias=default
DEBUG 2024-02-27 21:48:30,235 utils (0.001) SELECT COUNT(*) AS "__count" FROM "pong_gamedata"; args=(); alias=default
DEBUG 2024-02-27 21:48:30,237 utils (0.000) SELECT COUNT(*) AS "__count" FROM "pong_tournamentdata"; args=(); alias=default
DEBUG 2024-02-27 21:48:30,238 utils (0.000) SELECT COUNT(*) AS "__count" FROM "pong_gamedata"; args=(); alias=default
DEBUG 2024-02-27 21:48:30,239 utils (0.000) SELECT COUNT(*) AS "__count" FROM "pong_tournamentdata"; args=(); alias=default
DEBUG 2024-02-27 21:48:30,240 utils (0.001) INSERT INTO "pong_gamedata" ("player1_name", "player1_points", "player2_name", "player2_points", "game_end_timestamp", "game_duration_secs", "is_tournament_game") VALUES ('Player 5', 11, 'Player 6', 9, '2023-12-10T12:09:24.237310+01:00'::timestamptz, 321, true) RETURNING "pong_gamedata"."id"; args=('Player 5', 11, 'Player 6', 9, datetime.datetime(2023, 12, 10, 12, 9, 24, 237310, tzinfo=<DstTzInfo 'Europe/Paris' CET+1:00:00 STD>), 321, True); alias=default
DEBUG 2024-02-27 21:48:30,241 utils (0.001) INSERT INTO "pong_gamedata" ("player1_name", "player1_points", "player2_name", "player2_points", "game_end_timestamp", "game_duration_secs", "is_tournament_game") VALUES ('Player 13', 11, 'Player 7', 2, '2023-12-10T12:15:04.237310+01:00'::timestamptz, 676, true) RETURNING "pong_gamedata"."id"; args=('Player 13', 11, 'Player 7', 2, datetime.datetime(2023, 12, 10, 12, 15, 4, 237310, tzinfo=<DstTzInfo 'Europe/Paris' CET+1:00:00 STD>), 676, True); alias=default
DEBUG 2024-02-27 21:48:30,243 utils (0.001) INSERT INTO "pong_gamedata" ("player1_name", "player1_points", "player2_name", "player2_points", "game_end_timestamp", "game_duration_secs", "is_tournament_game") VALUES ('Player 5', 5, 'Player 13', 11, '2023-12-10T12:15:57.237310+01:00'::timestamptz, 352, true) RETURNING "pong_gamedata"."id"; args=('Player 5', 5, 'Player 13', 11, datetime.datetime(2023, 12, 10, 12, 15, 57, 237310, tzinfo=<DstTzInfo 'Europe/Paris' CET+1:00:00 STD>), 352, True); alias=default
DEBUG 2024-02-27 21:48:30,244 utils (0.000) INSERT INTO "pong_tournamentdata" ("tour_id", "match_id_semi_1", "match_id_semi_2", "match_id_final", "tournament_end_timestamp", "tournament_duration_secs", "player_ranking", "blockchain_hash") VALUES (0, 1793, 1794, 1795, '2023-12-10T12:15:57.237310+01:00'::timestamptz, 729, '["Player 13", "Player 5", "Player 6", "Player 7"]', '0x0') RETURNING "pong_tournamentdata"."id"; args=(0, 1793, 1794, 1795, datetime.datetime(2023, 12, 10, 12, 15, 57, 237310, tzinfo=<DstTzInfo 'Europe/Paris' CET+1:00:00 STD>), 729, <psycopg2._json.Json object at 0x7fa9cb949d00>, '0x0'); alias=default
DEBUG 2024-02-27 21:48:30,245 utils (0.001) INSERT INTO "pong_gamedata" ("player1_name", "player1_points", "player2_name", "player2_points", "game_end_timestamp", "game_duration_secs", "is_tournament_game") VALUES ('Player 11', 0, 'Player 1', 11, '2024-01-03T04:34:48.237310+01:00'::timestamptz, 818, true) RETURNING "pong_gamedata"."id"; args=('Player 11', 0, 'Player 1', 11, datetime.datetime(2024, 1, 3, 4, 34, 48, 237310, tzinfo=<DstTzInfo 'Europe/Paris' CET+1:00:00 STD>), 818, True); alias=default
DEBUG 2024-02-27 21:48:30,246 utils (0.001) INSERT INTO "pong_gamedata" ("player1_name", "player1_points", "player2_name", "player2_points", "game_end_timestamp", "game_duration_secs", "is_tournament_game") VALUES ('Player 3', 11, 'Player 0', 4, '2024-01-03T04:30:21.237310+01:00'::timestamptz, 113, true) RETURNING "pong_gamedata"."id"; args=('Player 3', 11, 'Player 0', 4, datetime.datetime(2024, 1, 3, 4, 30, 21, 237310, tzinfo=<DstTzInfo 'Europe/Paris' CET+1:00:00 STD>), 113, True); alias=default
DEBUG 2024-02-27 21:48:30,248 utils (0.001) INSERT INTO "pong_gamedata" ("player1_name", "player1_points", "player2_name", "player2_points", "game_end_timestamp", "game_duration_secs", "is_tournament_game") VALUES ('Player 1', 1, 'Player 3', 11, '2024-01-03T04:36:13.237310+01:00'::timestamptz, 263, true) RETURNING "pong_gamedata"."id"; args=('Player 1', 1, 'Player 3', 11, datetime.datetime(2024, 1, 3, 4, 36, 13, 237310, tzinfo=<DstTzInfo 'Europe/Paris' CET+1:00:00 STD>), 263, True); alias=default
DEBUG 2024-02-27 21:48:30,249 utils (0.000) INSERT INTO "pong_tournamentdata" ("tour_id", "match_id_semi_1", "match_id_semi_2", "match_id_final", "tournament_end_timestamp", "tournament_duration_secs", "player_ranking", "blockchain_hash") VALUES (0, 1796, 1797, 1798, '2024-01-03T04:36:13.237310+01:00'::timestamptz, 903, '["Player 3", "Player 1", "Player 11", "Player 0"]', '0x0') RETURNING "pong_tournamentdata"."id"; args=(0, 1796, 1797, 1798, datetime.datetime(2024, 1, 3, 4, 36, 13, 237310, tzinfo=<DstTzInfo 'Europe/Paris' CET+1:00:00 STD>), 903, <psycopg2._json.Json object at 0x7fa9cb94a540>, '0x0'); alias=default
DEBUG 2024-02-27 21:48:30,250 utils (0.000) SELECT COUNT(*) AS "__count" FROM "pong_gamedata"; args=(); alias=default
DEBUG 2024-02-27 21:48:30,252 utils (0.000) SELECT COUNT(*) AS "__count" FROM "pong_tournamentdata"; args=(); alias=default
DEBUG 2024-02-27 21:48:30,253 utils (0.000) SELECT "django_content_type"."id", "django_content_type"."app_label", "django_content_type"."model" FROM "django_content_type" WHERE "django_content_type"."app_label" = 'pong'; args=('pong',); alias=default
DEBUG 2024-02-27 21:48:30,254 utils (0.000) SELECT "django_content_type"."id", "django_content_type"."app_label", "django_content_type"."model" FROM "django_content_type" WHERE ("django_content_type"."app_label" = 'pong' AND "django_content_type"."model" = 'gamedata') LIMIT 21; args=('pong', 'gamedata'); alias=default
DEBUG 2024-02-27 21:48:30,255 utils (0.000) SELECT "django_content_type"."id", "django_content_type"."app_label", "django_content_type"."model" FROM "django_content_type" WHERE ("django_content_type"."app_label" = 'pong' AND "django_content_type"."model" = 'tournamentdata') LIMIT 21; args=('pong', 'tournamentdata'); alias=default
DEBUG 2024-02-27 21:48:30,257 utils (0.000) SELECT "auth_permission"."content_type_id", "auth_permission"."codename" FROM "auth_permission" INNER JOIN "django_content_type" ON ("auth_permission"."content_type_id" = "django_content_type"."id") WHERE "auth_permission"."content_type_id" IN (8, 7) ORDER BY "django_content_type"."app_label" ASC, "django_content_type"."model" ASC, "auth_permission"."codename" ASC; args=(8, 7); alias=default
DEBUG 2024-02-27 21:48:30,258 utils (0.000) SELECT "django_content_type"."id", "django_content_type"."app_label", "django_content_type"."model" FROM "django_content_type" WHERE "django_content_type"."app_label" = 'pong'; args=('pong',); alias=default
DEBUG 2024-02-27 21:48:30,259 utils (0.000) SELECT COUNT(*) AS "__count" FROM "pong_gamedata"; args=(); alias=default
DEBUG 2024-02-27 21:48:30,259 utils (0.000) SELECT COUNT(*) AS "__count" FROM "pong_tournamentdata"; args=(); alias=default
DEBUG 2024-02-27 21:48:30,260 utils (0.000) SELECT COUNT(*) AS "__count" FROM "pong_gamedata"; args=(); alias=default
DEBUG 2024-02-27 21:48:30,261 utils (0.000) SELECT COUNT(*) AS "__count" FROM "pong_tournamentdata"; args=(); alias=default
DEBUG 2024-02-27 21:48:30,263 utils (0.001) INSERT INTO "pong_gamedata" ("player1_name", "player1_points", "player2_name", "player2_points", "game_end_timestamp", "game_duration_secs", "is_tournament_game") VALUES ('Player 11', 10, 'Player 0', 11, '2023-12-31T15:20:51.259976+01:00'::timestamptz, 881, true) RETURNING "pong_gamedata"."id"; args=('Player 11', 10, 'Player 0', 11, datetime.datetime(2023, 12, 31, 15, 20, 51, 259976, tzinfo=<DstTzInfo 'Europe/Paris' CET+1:00:00 STD>), 881, True); alias=default
DEBUG 2024-02-27 21:48:30,264 utils (0.001) INSERT INTO "pong_gamedata" ("player1_name", "player1_points", "player2_name", "player2_points", "game_end_timestamp", "game_duration_secs", "is_tournament_game") VALUES ('Player 15', 3, 'Player 12', 11, '2023-12-31T15:13:36.259976+01:00'::timestamptz, 340, true) RETURNING "pong_gamedata"."id"; args=('Player 15', 3, 'Player 12', 11, datetime.datetime(2023, 12, 31, 15, 13, 36, 259976, tzinfo=<DstTzInfo 'Europe/Paris' CET+1:00:00 STD>), 340, True); alias=default
DEBUG 2024-02-27 21:48:30,265 utils (0.001) INSERT INTO "pong_gamedata" ("player1_name", "player1_points", "player2_name", "player2_points", "game_end_timestamp", "game_duration_secs", "is_tournament_game") VALUES ('Player 0', 11, 'Player 12', 7, '2023-12-31T15:21:04.259976+01:00'::timestamptz, 822, true) RETURNING "pong_gamedata"."id"; args=('Player 0', 11, 'Player 12', 7, datetime.datetime(2023, 12, 31, 15, 21, 4, 259976, tzinfo=<DstTzInfo 'Europe/Paris' CET+1:00:00 STD>), 822, True); alias=default
DEBUG 2024-02-27 21:48:30,266 utils (0.000) INSERT INTO "pong_tournamentdata" ("tour_id", "match_id_semi_1", "match_id_semi_2", "match_id_final", "tournament_end_timestamp", "tournament_duration_secs", "player_ranking", "blockchain_hash") VALUES (0, 1799, 1800, 1801, '2023-12-31T15:21:04.259976+01:00'::timestamptz, 894, '["Player 0", "Player 12", "Player 11", "Player 15"]', '0x0') RETURNING "pong_tournamentdata"."id"; args=(0, 1799, 1800, 1801, datetime.datetime(2023, 12, 31, 15, 21, 4, 259976, tzinfo=<DstTzInfo 'Europe/Paris' CET+1:00:00 STD>), 894, <psycopg2._json.Json object at 0x7fa9cb94aab0>, '0x0'); alias=default
DEBUG 2024-02-27 21:48:30,268 utils (0.001) INSERT INTO "pong_gamedata" ("player1_name", "player1_points", "player2_name", "player2_points", "game_end_timestamp", "game_duration_secs", "is_tournament_game") VALUES ('Player 7', 0, 'Player 5', 11, '2023-11-09T15:35:58.259976+01:00'::timestamptz, 685, true) RETURNING "pong_gamedata"."id"; args=('Player 7', 0, 'Player 5', 11, datetime.datetime(2023, 11, 9, 15, 35, 58, 259976, tzinfo=<DstTzInfo 'Europe/Paris' CET+1:00:00 STD>), 685, True); alias=default
DEBUG 2024-02-27 21:48:30,271 utils (0.001) INSERT INTO "pong_gamedata" ("player1_name", "player1_points", "player2_name", "player2_points", "game_end_timestamp", "game_duration_secs", "is_tournament_game") VALUES ('Player 14', 10, 'Player 2', 11, '2023-11-09T15:36:42.259976+01:00'::timestamptz, 512, true) RETURNING "pong_gamedata"."id"; args=('Player 14', 10, 'Player 2', 11, datetime.datetime(2023, 11, 9, 15, 36, 42, 259976, tzinfo=<DstTzInfo 'Europe/Paris' CET+1:00:00 STD>), 512, True); alias=default
DEBUG 2024-02-27 21:48:30,272 utils (0.001) INSERT INTO "pong_gamedata" ("player1_name", "player1_points", "player2_name", "player2_points", "game_end_timestamp", "game_duration_secs", "is_tournament_game") VALUES ('Player 5', 11, 'Player 2', 5, '2023-11-09T15:40:22.259976+01:00'::timestamptz, 885, true) RETURNING "pong_gamedata"."id"; args=('Player 5', 11, 'Player 2', 5, datetime.datetime(2023, 11, 9, 15, 40, 22, 259976, tzinfo=<DstTzInfo 'Europe/Paris' CET+1:00:00 STD>), 885, True); alias=default
DEBUG 2024-02-27 21:48:30,273 utils (0.000) INSERT INTO "pong_tournamentdata" ("tour_id", "match_id_semi_1", "match_id_semi_2", "match_id_final", "tournament_end_timestamp", "tournament_duration_secs", "player_ranking", "blockchain_hash") VALUES (0, 1802, 1803, 1804, '2023-11-09T15:40:22.259976+01:00'::timestamptz, 949, '["Player 5", "Player 2", "Player 7", "Player 14"]', '0x0') RETURNING "pong_tournamentdata"."id"; args=(0, 1802, 1803, 1804, datetime.datetime(2023, 11, 9, 15, 40, 22, 259976, tzinfo=<DstTzInfo 'Europe/Paris' CET+1:00:00 STD>), 949, <psycopg2._json.Json object at 0x7fa9cb948f50>, '0x0'); alias=default
DEBUG 2024-02-27 21:48:30,274 utils (0.000) SELECT COUNT(*) AS "__count" FROM "pong_gamedata"; args=(); alias=default
DEBUG 2024-02-27 21:48:30,275 utils (0.000) SELECT COUNT(*) AS "__count" FROM "pong_tournamentdata"; args=(); alias=default
