(0.002) 
            SELECT
                c.relname,
                CASE
                    WHEN c.relispartition THEN 'p'
                    WHEN c.relkind IN ('m', 'v') THEN 'v'
                    ELSE 't'
                END,
                obj_description(c.oid, 'pg_class')
            FROM pg_catalog.pg_class c
            LEFT JOIN pg_catalog.pg_namespace n ON n.oid = c.relnamespace
            WHERE c.relkind IN ('f', 'm', 'p', 'r', 'v')
                AND n.nspname NOT IN ('pg_catalog', 'pg_toast')
                AND pg_catalog.pg_table_is_visible(c.oid)
        ; args=None; alias=default
(0.000) SELECT "django_migrations"."id", "django_migrations"."app", "django_migrations"."name", "django_migrations"."applied" FROM "django_migrations"; args=(); alias=default
(0.001) 
            SELECT
                c.relname,
                CASE
                    WHEN c.relispartition THEN 'p'
                    WHEN c.relkind IN ('m', 'v') THEN 'v'
                    ELSE 't'
                END,
                obj_description(c.oid, 'pg_class')
            FROM pg_catalog.pg_class c
            LEFT JOIN pg_catalog.pg_namespace n ON n.oid = c.relnamespace
            WHERE c.relkind IN ('f', 'm', 'p', 'r', 'v')
                AND n.nspname NOT IN ('pg_catalog', 'pg_toast')
                AND pg_catalog.pg_table_is_visible(c.oid)
        ; args=None; alias=default
(0.000) SELECT "django_migrations"."id", "django_migrations"."app", "django_migrations"."name", "django_migrations"."applied" FROM "django_migrations"; args=(); alias=default
(0.001) 
            SELECT
                c.relname,
                CASE
                    WHEN c.relispartition THEN 'p'
                    WHEN c.relkind IN ('m', 'v') THEN 'v'
                    ELSE 't'
                END,
                obj_description(c.oid, 'pg_class')
            FROM pg_catalog.pg_class c
            LEFT JOIN pg_catalog.pg_namespace n ON n.oid = c.relnamespace
            WHERE c.relkind IN ('f', 'm', 'p', 'r', 'v')
                AND n.nspname NOT IN ('pg_catalog', 'pg_toast')
                AND pg_catalog.pg_table_is_visible(c.oid)
        ; args=None; alias=default
(0.001) 
            SELECT
                c.relname,
                CASE
                    WHEN c.relispartition THEN 'p'
                    WHEN c.relkind IN ('m', 'v') THEN 'v'
                    ELSE 't'
                END,
                obj_description(c.oid, 'pg_class')
            FROM pg_catalog.pg_class c
            LEFT JOIN pg_catalog.pg_namespace n ON n.oid = c.relnamespace
            WHERE c.relkind IN ('f', 'm', 'p', 'r', 'v')
                AND n.nspname NOT IN ('pg_catalog', 'pg_toast')
                AND pg_catalog.pg_table_is_visible(c.oid)
        ; args=None; alias=default
(0.000) SELECT "django_migrations"."id", "django_migrations"."app", "django_migrations"."name", "django_migrations"."applied" FROM "django_migrations"; args=(); alias=default
(0.000) SELECT "django_content_type"."id", "django_content_type"."app_label", "django_content_type"."model" FROM "django_content_type" WHERE "django_content_type"."app_label" = 'admin'; args=('admin',); alias=default
(0.000) SELECT "django_content_type"."id", "django_content_type"."app_label", "django_content_type"."model" FROM "django_content_type" WHERE ("django_content_type"."app_label" = 'admin' AND "django_content_type"."model" = 'logentry') LIMIT 21; args=('admin', 'logentry'); alias=default
(0.001) SELECT "auth_permission"."content_type_id", "auth_permission"."codename" FROM "auth_permission" INNER JOIN "django_content_type" ON ("auth_permission"."content_type_id" = "django_content_type"."id") WHERE "auth_permission"."content_type_id" IN (1) ORDER BY "django_content_type"."app_label" ASC, "django_content_type"."model" ASC, "auth_permission"."codename" ASC; args=(1,); alias=default
(0.000) SELECT "django_content_type"."id", "django_content_type"."app_label", "django_content_type"."model" FROM "django_content_type" WHERE "django_content_type"."app_label" = 'admin'; args=('admin',); alias=default
(0.000) BEGIN; args=None; alias=default
(0.000) DELETE FROM "pong_gamedata"; args=(); alias=default
(0.006) COMMIT; args=None; alias=default
(0.000) BEGIN; args=None; alias=default
(0.000) DELETE FROM "pong_tournamentdata"; args=(); alias=default
(0.000) COMMIT; args=None; alias=default
(0.000) SELECT COUNT(*) AS "__count" FROM "pong_gamedata"; args=(); alias=default
(0.000) SELECT COUNT(*) AS "__count" FROM "pong_tournamentdata"; args=(); alias=default
(0.000) SELECT COUNT(*) AS "__count" FROM "pong_gamedata"; args=(); alias=default
(0.001) INSERT INTO "pong_gamedata" ("player1_name", "player1_points", "player2_name", "player2_points", "game_end_timestamp", "game_duration_secs", "is_tournament_game") VALUES ('Player 8', 11, 'Player 14', 4, '2023-12-15T22:13:58.486392+01:00'::timestamptz, 685, false) RETURNING "pong_gamedata"."id"; args=('Player 8', 11, 'Player 14', 4, datetime.datetime(2023, 12, 15, 22, 13, 58, 486392, tzinfo=<DstTzInfo 'Europe/Paris' CET+1:00:00 STD>), 685, False); alias=default
(0.001) INSERT INTO "pong_gamedata" ("player1_name", "player1_points", "player2_name", "player2_points", "game_end_timestamp", "game_duration_secs", "is_tournament_game") VALUES ('Player 1', 3, 'Player 10', 11, '2023-12-12T04:17:31.486392+01:00'::timestamptz, 681, false) RETURNING "pong_gamedata"."id"; args=('Player 1', 3, 'Player 10', 11, datetime.datetime(2023, 12, 12, 4, 17, 31, 486392, tzinfo=<DstTzInfo 'Europe/Paris' CET+1:00:00 STD>), 681, False); alias=default
(0.000) SELECT COUNT(*) AS "__count" FROM "pong_tournamentdata"; args=(); alias=default
(0.000) SELECT COUNT(*) AS "__count" FROM "pong_gamedata"; args=(); alias=default
(0.000) SELECT COUNT(*) AS "__count" FROM "pong_tournamentdata"; args=(); alias=default
(0.000) SELECT "django_content_type"."id", "django_content_type"."app_label", "django_content_type"."model" FROM "django_content_type" WHERE "django_content_type"."app_label" = 'auth'; args=('auth',); alias=default
(0.000) SELECT "django_content_type"."id", "django_content_type"."app_label", "django_content_type"."model" FROM "django_content_type" WHERE ("django_content_type"."app_label" = 'auth' AND "django_content_type"."model" = 'permission') LIMIT 21; args=('auth', 'permission'); alias=default
(0.000) SELECT "django_content_type"."id", "django_content_type"."app_label", "django_content_type"."model" FROM "django_content_type" WHERE ("django_content_type"."app_label" = 'auth' AND "django_content_type"."model" = 'group') LIMIT 21; args=('auth', 'group'); alias=default
(0.000) SELECT "django_content_type"."id", "django_content_type"."app_label", "django_content_type"."model" FROM "django_content_type" WHERE ("django_content_type"."app_label" = 'auth' AND "django_content_type"."model" = 'user') LIMIT 21; args=('auth', 'user'); alias=default
(0.000) SELECT "auth_permission"."content_type_id", "auth_permission"."codename" FROM "auth_permission" INNER JOIN "django_content_type" ON ("auth_permission"."content_type_id" = "django_content_type"."id") WHERE "auth_permission"."content_type_id" IN (2, 3, 4) ORDER BY "django_content_type"."app_label" ASC, "django_content_type"."model" ASC, "auth_permission"."codename" ASC; args=(2, 3, 4); alias=default
(0.000) SELECT "django_content_type"."id", "django_content_type"."app_label", "django_content_type"."model" FROM "django_content_type" WHERE "django_content_type"."app_label" = 'auth'; args=('auth',); alias=default
(0.000) BEGIN; args=None; alias=default
(0.000) DELETE FROM "pong_gamedata"; args=(); alias=default
(0.000) COMMIT; args=None; alias=default
(0.000) BEGIN; args=None; alias=default
(0.000) DELETE FROM "pong_tournamentdata"; args=(); alias=default
(0.000) COMMIT; args=None; alias=default
(0.000) SELECT COUNT(*) AS "__count" FROM "pong_gamedata"; args=(); alias=default
(0.000) SELECT COUNT(*) AS "__count" FROM "pong_tournamentdata"; args=(); alias=default
(0.000) SELECT COUNT(*) AS "__count" FROM "pong_gamedata"; args=(); alias=default
(0.001) INSERT INTO "pong_gamedata" ("player1_name", "player1_points", "player2_name", "player2_points", "game_end_timestamp", "game_duration_secs", "is_tournament_game") VALUES ('Player 13', 11, 'Player 10', 1, '2024-01-01T17:12:01.539246+01:00'::timestamptz, 356, false) RETURNING "pong_gamedata"."id"; args=('Player 13', 11, 'Player 10', 1, datetime.datetime(2024, 1, 1, 17, 12, 1, 539246, tzinfo=<DstTzInfo 'Europe/Paris' CET+1:00:00 STD>), 356, False); alias=default
(0.001) INSERT INTO "pong_gamedata" ("player1_name", "player1_points", "player2_name", "player2_points", "game_end_timestamp", "game_duration_secs", "is_tournament_game") VALUES ('Player 4', 11, 'Player 12', 8, '2024-01-20T04:09:39.539246+01:00'::timestamptz, 348, false) RETURNING "pong_gamedata"."id"; args=('Player 4', 11, 'Player 12', 8, datetime.datetime(2024, 1, 20, 4, 9, 39, 539246, tzinfo=<DstTzInfo 'Europe/Paris' CET+1:00:00 STD>), 348, False); alias=default
(0.000) SELECT COUNT(*) AS "__count" FROM "pong_tournamentdata"; args=(); alias=default
(0.000) SELECT COUNT(*) AS "__count" FROM "pong_gamedata"; args=(); alias=default
(0.000) SELECT COUNT(*) AS "__count" FROM "pong_tournamentdata"; args=(); alias=default
(0.000) SELECT "django_content_type"."id", "django_content_type"."app_label", "django_content_type"."model" FROM "django_content_type" WHERE "django_content_type"."app_label" = 'contenttypes'; args=('contenttypes',); alias=default
(0.000) SELECT "django_content_type"."id", "django_content_type"."app_label", "django_content_type"."model" FROM "django_content_type" WHERE ("django_content_type"."app_label" = 'contenttypes' AND "django_content_type"."model" = 'contenttype') LIMIT 21; args=('contenttypes', 'contenttype'); alias=default
(0.000) SELECT "auth_permission"."content_type_id", "auth_permission"."codename" FROM "auth_permission" INNER JOIN "django_content_type" ON ("auth_permission"."content_type_id" = "django_content_type"."id") WHERE "auth_permission"."content_type_id" IN (5) ORDER BY "django_content_type"."app_label" ASC, "django_content_type"."model" ASC, "auth_permission"."codename" ASC; args=(5,); alias=default
(0.000) SELECT "django_content_type"."id", "django_content_type"."app_label", "django_content_type"."model" FROM "django_content_type" WHERE "django_content_type"."app_label" = 'contenttypes'; args=('contenttypes',); alias=default
(0.000) BEGIN; args=None; alias=default
(0.000) DELETE FROM "pong_gamedata"; args=(); alias=default
(0.000) COMMIT; args=None; alias=default
(0.000) BEGIN; args=None; alias=default
(0.000) DELETE FROM "pong_tournamentdata"; args=(); alias=default
(0.000) COMMIT; args=None; alias=default
(0.000) SELECT COUNT(*) AS "__count" FROM "pong_gamedata"; args=(); alias=default
(0.000) SELECT COUNT(*) AS "__count" FROM "pong_tournamentdata"; args=(); alias=default
(0.000) SELECT COUNT(*) AS "__count" FROM "pong_gamedata"; args=(); alias=default
(0.001) INSERT INTO "pong_gamedata" ("player1_name", "player1_points", "player2_name", "player2_points", "game_end_timestamp", "game_duration_secs", "is_tournament_game") VALUES ('Player 13', 6, 'Player 12', 11, '2024-02-07T11:38:19.572987+01:00'::timestamptz, 374, false) RETURNING "pong_gamedata"."id"; args=('Player 13', 6, 'Player 12', 11, datetime.datetime(2024, 2, 7, 11, 38, 19, 572987, tzinfo=<DstTzInfo 'Europe/Paris' CET+1:00:00 STD>), 374, False); alias=default
(0.001) INSERT INTO "pong_gamedata" ("player1_name", "player1_points", "player2_name", "player2_points", "game_end_timestamp", "game_duration_secs", "is_tournament_game") VALUES ('Player 3', 6, 'Player 4', 11, '2024-01-06T22:42:34.572987+01:00'::timestamptz, 447, false) RETURNING "pong_gamedata"."id"; args=('Player 3', 6, 'Player 4', 11, datetime.datetime(2024, 1, 6, 22, 42, 34, 572987, tzinfo=<DstTzInfo 'Europe/Paris' CET+1:00:00 STD>), 447, False); alias=default
(0.000) SELECT COUNT(*) AS "__count" FROM "pong_tournamentdata"; args=(); alias=default
(0.000) SELECT COUNT(*) AS "__count" FROM "pong_gamedata"; args=(); alias=default
(0.000) SELECT COUNT(*) AS "__count" FROM "pong_tournamentdata"; args=(); alias=default
(0.000) SELECT "django_content_type"."id", "django_content_type"."app_label", "django_content_type"."model" FROM "django_content_type" WHERE "django_content_type"."app_label" = 'sessions'; args=('sessions',); alias=default
(0.000) SELECT "django_content_type"."id", "django_content_type"."app_label", "django_content_type"."model" FROM "django_content_type" WHERE ("django_content_type"."app_label" = 'sessions' AND "django_content_type"."model" = 'session') LIMIT 21; args=('sessions', 'session'); alias=default
(0.000) SELECT "auth_permission"."content_type_id", "auth_permission"."codename" FROM "auth_permission" INNER JOIN "django_content_type" ON ("auth_permission"."content_type_id" = "django_content_type"."id") WHERE "auth_permission"."content_type_id" IN (6) ORDER BY "django_content_type"."app_label" ASC, "django_content_type"."model" ASC, "auth_permission"."codename" ASC; args=(6,); alias=default
(0.000) SELECT "django_content_type"."id", "django_content_type"."app_label", "django_content_type"."model" FROM "django_content_type" WHERE "django_content_type"."app_label" = 'sessions'; args=('sessions',); alias=default
(0.000) BEGIN; args=None; alias=default
(0.000) DELETE FROM "pong_gamedata"; args=(); alias=default
(0.000) COMMIT; args=None; alias=default
(0.000) BEGIN; args=None; alias=default
(0.000) DELETE FROM "pong_tournamentdata"; args=(); alias=default
(0.000) COMMIT; args=None; alias=default
(0.000) SELECT COUNT(*) AS "__count" FROM "pong_gamedata"; args=(); alias=default
(0.000) SELECT COUNT(*) AS "__count" FROM "pong_tournamentdata"; args=(); alias=default
(0.000) SELECT COUNT(*) AS "__count" FROM "pong_gamedata"; args=(); alias=default
(0.001) INSERT INTO "pong_gamedata" ("player1_name", "player1_points", "player2_name", "player2_points", "game_end_timestamp", "game_duration_secs", "is_tournament_game") VALUES ('Player 12', 11, 'Player 3', 2, '2023-12-19T21:08:16.606849+01:00'::timestamptz, 981, false) RETURNING "pong_gamedata"."id"; args=('Player 12', 11, 'Player 3', 2, datetime.datetime(2023, 12, 19, 21, 8, 16, 606849, tzinfo=<DstTzInfo 'Europe/Paris' CET+1:00:00 STD>), 981, False); alias=default
(0.001) INSERT INTO "pong_gamedata" ("player1_name", "player1_points", "player2_name", "player2_points", "game_end_timestamp", "game_duration_secs", "is_tournament_game") VALUES ('Player 7', 11, 'Player 11', 8, '2023-11-02T14:04:03.606849+01:00'::timestamptz, 148, false) RETURNING "pong_gamedata"."id"; args=('Player 7', 11, 'Player 11', 8, datetime.datetime(2023, 11, 2, 14, 4, 3, 606849, tzinfo=<DstTzInfo 'Europe/Paris' CET+1:00:00 STD>), 148, False); alias=default
(0.000) SELECT COUNT(*) AS "__count" FROM "pong_tournamentdata"; args=(); alias=default
(0.000) SELECT COUNT(*) AS "__count" FROM "pong_gamedata"; args=(); alias=default
(0.000) SELECT COUNT(*) AS "__count" FROM "pong_tournamentdata"; args=(); alias=default
(0.000) SELECT "django_content_type"."id", "django_content_type"."app_label", "django_content_type"."model" FROM "django_content_type" WHERE "django_content_type"."app_label" = 'pong'; args=('pong',); alias=default
(0.000) SELECT "django_content_type"."id", "django_content_type"."app_label", "django_content_type"."model" FROM "django_content_type" WHERE ("django_content_type"."app_label" = 'pong' AND "django_content_type"."model" = 'gamedata') LIMIT 21; args=('pong', 'gamedata'); alias=default
(0.000) SELECT "django_content_type"."id", "django_content_type"."app_label", "django_content_type"."model" FROM "django_content_type" WHERE ("django_content_type"."app_label" = 'pong' AND "django_content_type"."model" = 'tournamentdata') LIMIT 21; args=('pong', 'tournamentdata'); alias=default
(0.000) SELECT "auth_permission"."content_type_id", "auth_permission"."codename" FROM "auth_permission" INNER JOIN "django_content_type" ON ("auth_permission"."content_type_id" = "django_content_type"."id") WHERE "auth_permission"."content_type_id" IN (8, 7) ORDER BY "django_content_type"."app_label" ASC, "django_content_type"."model" ASC, "auth_permission"."codename" ASC; args=(8, 7); alias=default
(0.000) SELECT "django_content_type"."id", "django_content_type"."app_label", "django_content_type"."model" FROM "django_content_type" WHERE "django_content_type"."app_label" = 'pong'; args=('pong',); alias=default
(0.000) BEGIN; args=None; alias=default
(0.000) DELETE FROM "pong_gamedata"; args=(); alias=default
(0.000) COMMIT; args=None; alias=default
(0.000) BEGIN; args=None; alias=default
(0.000) DELETE FROM "pong_tournamentdata"; args=(); alias=default
(0.000) COMMIT; args=None; alias=default
(0.000) SELECT COUNT(*) AS "__count" FROM "pong_gamedata"; args=(); alias=default
(0.000) SELECT COUNT(*) AS "__count" FROM "pong_tournamentdata"; args=(); alias=default
(0.000) SELECT COUNT(*) AS "__count" FROM "pong_gamedata"; args=(); alias=default
(0.001) INSERT INTO "pong_gamedata" ("player1_name", "player1_points", "player2_name", "player2_points", "game_end_timestamp", "game_duration_secs", "is_tournament_game") VALUES ('Player 9', 11, 'Player 7', 2, '2023-12-07T12:42:39.640910+01:00'::timestamptz, 504, false) RETURNING "pong_gamedata"."id"; args=('Player 9', 11, 'Player 7', 2, datetime.datetime(2023, 12, 7, 12, 42, 39, 640910, tzinfo=<DstTzInfo 'Europe/Paris' CET+1:00:00 STD>), 504, False); alias=default
(0.001) INSERT INTO "pong_gamedata" ("player1_name", "player1_points", "player2_name", "player2_points", "game_end_timestamp", "game_duration_secs", "is_tournament_game") VALUES ('Player 11', 0, 'Player 1', 11, '2023-11-11T04:02:50.640910+01:00'::timestamptz, 62, false) RETURNING "pong_gamedata"."id"; args=('Player 11', 0, 'Player 1', 11, datetime.datetime(2023, 11, 11, 4, 2, 50, 640910, tzinfo=<DstTzInfo 'Europe/Paris' CET+1:00:00 STD>), 62, False); alias=default
(0.000) SELECT COUNT(*) AS "__count" FROM "pong_tournamentdata"; args=(); alias=default
(0.000) SELECT COUNT(*) AS "__count" FROM "pong_gamedata"; args=(); alias=default
(0.000) SELECT COUNT(*) AS "__count" FROM "pong_tournamentdata"; args=(); alias=default
