DEBUG 2024-02-27 21:51:08,980 utils (0.004) 
            SELECT
                c.relname,
                CASE
                    WHEN c.relispartition THEN 'p'
                    WHEN c.relkind IN ('m', 'v') THEN 'v'
                    ELSE 't'
                END,
                obj_description(c.oid, 'pg_class')
            FROM pg_catalog.pg_class c
            LEFT JOIN pg_catalog.pg_namespace n ON n.oid = c.relnamespace
            WHERE c.relkind IN ('f', 'm', 'p', 'r', 'v')
                AND n.nspname NOT IN ('pg_catalog', 'pg_toast')
                AND pg_catalog.pg_table_is_visible(c.oid)
        ; args=None; alias=default
DEBUG 2024-02-27 21:51:08,982 utils (0.000) SELECT "django_migrations"."id", "django_migrations"."app", "django_migrations"."name", "django_migrations"."applied" FROM "django_migrations"; args=(); alias=default
DEBUG 2024-02-27 21:51:08,984 utils (0.001) 
            SELECT
                c.relname,
                CASE
                    WHEN c.relispartition THEN 'p'
                    WHEN c.relkind IN ('m', 'v') THEN 'v'
                    ELSE 't'
                END,
                obj_description(c.oid, 'pg_class')
            FROM pg_catalog.pg_class c
            LEFT JOIN pg_catalog.pg_namespace n ON n.oid = c.relnamespace
            WHERE c.relkind IN ('f', 'm', 'p', 'r', 'v')
                AND n.nspname NOT IN ('pg_catalog', 'pg_toast')
                AND pg_catalog.pg_table_is_visible(c.oid)
        ; args=None; alias=default
DEBUG 2024-02-27 21:51:08,985 utils (0.000) SELECT "django_migrations"."id", "django_migrations"."app", "django_migrations"."name", "django_migrations"."applied" FROM "django_migrations"; args=(); alias=default
DEBUG 2024-02-27 21:51:09,001 utils (0.001) 
            SELECT
                c.relname,
                CASE
                    WHEN c.relispartition THEN 'p'
                    WHEN c.relkind IN ('m', 'v') THEN 'v'
                    ELSE 't'
                END,
                obj_description(c.oid, 'pg_class')
            FROM pg_catalog.pg_class c
            LEFT JOIN pg_catalog.pg_namespace n ON n.oid = c.relnamespace
            WHERE c.relkind IN ('f', 'm', 'p', 'r', 'v')
                AND n.nspname NOT IN ('pg_catalog', 'pg_toast')
                AND pg_catalog.pg_table_is_visible(c.oid)
        ; args=None; alias=default
DEBUG 2024-02-27 21:51:09,003 utils (0.001) 
            SELECT
                c.relname,
                CASE
                    WHEN c.relispartition THEN 'p'
                    WHEN c.relkind IN ('m', 'v') THEN 'v'
                    ELSE 't'
                END,
                obj_description(c.oid, 'pg_class')
            FROM pg_catalog.pg_class c
            LEFT JOIN pg_catalog.pg_namespace n ON n.oid = c.relnamespace
            WHERE c.relkind IN ('f', 'm', 'p', 'r', 'v')
                AND n.nspname NOT IN ('pg_catalog', 'pg_toast')
                AND pg_catalog.pg_table_is_visible(c.oid)
        ; args=None; alias=default
DEBUG 2024-02-27 21:51:09,004 utils (0.000) SELECT "django_migrations"."id", "django_migrations"."app", "django_migrations"."name", "django_migrations"."applied" FROM "django_migrations"; args=(); alias=default
DEBUG 2024-02-27 21:51:09,006 utils (0.001) SELECT "django_content_type"."id", "django_content_type"."app_label", "django_content_type"."model" FROM "django_content_type" WHERE "django_content_type"."app_label" = 'admin'; args=('admin',); alias=default
DEBUG 2024-02-27 21:51:09,008 utils (0.000) SELECT "django_content_type"."id", "django_content_type"."app_label", "django_content_type"."model" FROM "django_content_type" WHERE ("django_content_type"."app_label" = 'admin' AND "django_content_type"."model" = 'logentry') LIMIT 21; args=('admin', 'logentry'); alias=default
DEBUG 2024-02-27 21:51:09,012 utils (0.001) SELECT "auth_permission"."content_type_id", "auth_permission"."codename" FROM "auth_permission" INNER JOIN "django_content_type" ON ("auth_permission"."content_type_id" = "django_content_type"."id") WHERE "auth_permission"."content_type_id" IN (1) ORDER BY "django_content_type"."app_label" ASC, "django_content_type"."model" ASC, "auth_permission"."codename" ASC; args=(1,); alias=default
DEBUG 2024-02-27 21:51:09,013 utils (0.000) SELECT "django_content_type"."id", "django_content_type"."app_label", "django_content_type"."model" FROM "django_content_type" WHERE "django_content_type"."app_label" = 'admin'; args=('admin',); alias=default
DEBUG 2024-02-27 21:51:09,015 utils (0.000) SELECT COUNT(*) AS "__count" FROM "pong_gamedata"; args=(); alias=default
DEBUG 2024-02-27 21:51:09,016 utils (0.000) SELECT COUNT(*) AS "__count" FROM "pong_tournamentdata"; args=(); alias=default
DEBUG 2024-02-27 21:51:09,018 utils (0.000) SELECT COUNT(*) AS "__count" FROM "pong_gamedata"; args=(); alias=default
DEBUG 2024-02-27 21:51:09,019 utils (0.000) SELECT COUNT(*) AS "__count" FROM "pong_tournamentdata"; args=(); alias=default
DEBUG 2024-02-27 21:51:09,055 utils (0.001) INSERT INTO "pong_gamedata" ("player1_name", "player1_points", "player2_name", "player2_points", "game_end_timestamp", "game_duration_secs", "is_tournament_game") VALUES ('Player 9', 2, 'Player 1', 11, '2023-12-22T17:06:13.017030+01:00'::timestamptz, 967, true) RETURNING "pong_gamedata"."id"; args=('Player 9', 2, 'Player 1', 11, datetime.datetime(2023, 12, 22, 17, 6, 13, 17030, tzinfo=<DstTzInfo 'Europe/Paris' CET+1:00:00 STD>), 967, True); alias=default
DEBUG 2024-02-27 21:51:09,056 utils (0.001) INSERT INTO "pong_gamedata" ("player1_name", "player1_points", "player2_name", "player2_points", "game_end_timestamp", "game_duration_secs", "is_tournament_game") VALUES ('Player 12', 2, 'Player 13', 11, '2023-12-22T17:00:17.017030+01:00'::timestamptz, 307, true) RETURNING "pong_gamedata"."id"; args=('Player 12', 2, 'Player 13', 11, datetime.datetime(2023, 12, 22, 17, 0, 17, 17030, tzinfo=<DstTzInfo 'Europe/Paris' CET+1:00:00 STD>), 307, True); alias=default
DEBUG 2024-02-27 21:51:09,058 utils (0.001) INSERT INTO "pong_gamedata" ("player1_name", "player1_points", "player2_name", "player2_points", "game_end_timestamp", "game_duration_secs", "is_tournament_game") VALUES ('Player 1', 11, 'Player 13', 0, '2023-12-22T17:06:44.017030+01:00'::timestamptz, 930, true) RETURNING "pong_gamedata"."id"; args=('Player 1', 11, 'Player 13', 0, datetime.datetime(2023, 12, 22, 17, 6, 44, 17030, tzinfo=<DstTzInfo 'Europe/Paris' CET+1:00:00 STD>), 930, True); alias=default
DEBUG 2024-02-27 21:51:09,058 utils (0.000) INSERT INTO "pong_tournamentdata" ("tour_id", "match_id_semi_1", "match_id_semi_2", "match_id_final", "tournament_end_timestamp", "tournament_duration_secs", "player_ranking", "blockchain_hash") VALUES (0, 1835, 1836, 1837, '2023-12-22T17:06:44.017030+01:00'::timestamptz, 998, '["Player 1", "Player 13", "Player 9", "Player 12"]', '0x0') RETURNING "pong_tournamentdata"."id"; args=(0, 1835, 1836, 1837, datetime.datetime(2023, 12, 22, 17, 6, 44, 17030, tzinfo=<DstTzInfo 'Europe/Paris' CET+1:00:00 STD>), 998, <psycopg2._json.Json object at 0x7f14d9f12990>, '0x0'); alias=default
DEBUG 2024-02-27 21:51:09,060 utils (0.001) INSERT INTO "pong_gamedata" ("player1_name", "player1_points", "player2_name", "player2_points", "game_end_timestamp", "game_duration_secs", "is_tournament_game") VALUES ('Player 11', 6, 'Player 9', 11, '2023-11-08T10:10:58.017030+01:00'::timestamptz, 692, true) RETURNING "pong_gamedata"."id"; args=('Player 11', 6, 'Player 9', 11, datetime.datetime(2023, 11, 8, 10, 10, 58, 17030, tzinfo=<DstTzInfo 'Europe/Paris' CET+1:00:00 STD>), 692, True); alias=default
DEBUG 2024-02-27 21:51:09,062 utils (0.001) INSERT INTO "pong_gamedata" ("player1_name", "player1_points", "player2_name", "player2_points", "game_end_timestamp", "game_duration_secs", "is_tournament_game") VALUES ('Player 15', 4, 'Player 6', 11, '2023-11-08T10:11:47.017030+01:00'::timestamptz, 769, true) RETURNING "pong_gamedata"."id"; args=('Player 15', 4, 'Player 6', 11, datetime.datetime(2023, 11, 8, 10, 11, 47, 17030, tzinfo=<DstTzInfo 'Europe/Paris' CET+1:00:00 STD>), 769, True); alias=default
DEBUG 2024-02-27 21:51:09,063 utils (0.001) INSERT INTO "pong_gamedata" ("player1_name", "player1_points", "player2_name", "player2_points", "game_end_timestamp", "game_duration_secs", "is_tournament_game") VALUES ('Player 9', 11, 'Player 6', 4, '2023-11-08T10:13:51.017030+01:00'::timestamptz, 762, true) RETURNING "pong_gamedata"."id"; args=('Player 9', 11, 'Player 6', 4, datetime.datetime(2023, 11, 8, 10, 13, 51, 17030, tzinfo=<DstTzInfo 'Europe/Paris' CET+1:00:00 STD>), 762, True); alias=default
DEBUG 2024-02-27 21:51:09,064 utils (0.000) INSERT INTO "pong_tournamentdata" ("tour_id", "match_id_semi_1", "match_id_semi_2", "match_id_final", "tournament_end_timestamp", "tournament_duration_secs", "player_ranking", "blockchain_hash") VALUES (0, 1838, 1839, 1840, '2023-11-08T10:13:51.017030+01:00'::timestamptz, 893, '["Player 9", "Player 6", "Player 11", "Player 15"]', '0x0') RETURNING "pong_tournamentdata"."id"; args=(0, 1838, 1839, 1840, datetime.datetime(2023, 11, 8, 10, 13, 51, 17030, tzinfo=<DstTzInfo 'Europe/Paris' CET+1:00:00 STD>), 893, <psycopg2._json.Json object at 0x7f14d9f12d50>, '0x0'); alias=default
DEBUG 2024-02-27 21:51:09,065 utils (0.000) SELECT COUNT(*) AS "__count" FROM "pong_gamedata"; args=(); alias=default
DEBUG 2024-02-27 21:51:09,066 utils (0.000) SELECT COUNT(*) AS "__count" FROM "pong_tournamentdata"; args=(); alias=default
DEBUG 2024-02-27 21:51:09,067 utils (0.000) SELECT "django_content_type"."id", "django_content_type"."app_label", "django_content_type"."model" FROM "django_content_type" WHERE "django_content_type"."app_label" = 'auth'; args=('auth',); alias=default
DEBUG 2024-02-27 21:51:09,068 utils (0.000) SELECT "django_content_type"."id", "django_content_type"."app_label", "django_content_type"."model" FROM "django_content_type" WHERE ("django_content_type"."app_label" = 'auth' AND "django_content_type"."model" = 'permission') LIMIT 21; args=('auth', 'permission'); alias=default
DEBUG 2024-02-27 21:51:09,069 utils (0.000) SELECT "django_content_type"."id", "django_content_type"."app_label", "django_content_type"."model" FROM "django_content_type" WHERE ("django_content_type"."app_label" = 'auth' AND "django_content_type"."model" = 'group') LIMIT 21; args=('auth', 'group'); alias=default
DEBUG 2024-02-27 21:51:09,070 utils (0.000) SELECT "django_content_type"."id", "django_content_type"."app_label", "django_content_type"."model" FROM "django_content_type" WHERE ("django_content_type"."app_label" = 'auth' AND "django_content_type"."model" = 'user') LIMIT 21; args=('auth', 'user'); alias=default
DEBUG 2024-02-27 21:51:09,072 utils (0.001) SELECT "auth_permission"."content_type_id", "auth_permission"."codename" FROM "auth_permission" INNER JOIN "django_content_type" ON ("auth_permission"."content_type_id" = "django_content_type"."id") WHERE "auth_permission"."content_type_id" IN (2, 3, 4) ORDER BY "django_content_type"."app_label" ASC, "django_content_type"."model" ASC, "auth_permission"."codename" ASC; args=(2, 3, 4); alias=default
DEBUG 2024-02-27 21:51:09,073 utils (0.000) SELECT "django_content_type"."id", "django_content_type"."app_label", "django_content_type"."model" FROM "django_content_type" WHERE "django_content_type"."app_label" = 'auth'; args=('auth',); alias=default
DEBUG 2024-02-27 21:51:09,074 utils (0.000) SELECT COUNT(*) AS "__count" FROM "pong_gamedata"; args=(); alias=default
DEBUG 2024-02-27 21:51:09,074 utils (0.000) SELECT COUNT(*) AS "__count" FROM "pong_tournamentdata"; args=(); alias=default
DEBUG 2024-02-27 21:51:09,075 utils (0.000) SELECT COUNT(*) AS "__count" FROM "pong_gamedata"; args=(); alias=default
DEBUG 2024-02-27 21:51:09,077 utils (0.000) SELECT COUNT(*) AS "__count" FROM "pong_tournamentdata"; args=(); alias=default
DEBUG 2024-02-27 21:51:09,079 utils (0.001) INSERT INTO "pong_gamedata" ("player1_name", "player1_points", "player2_name", "player2_points", "game_end_timestamp", "game_duration_secs", "is_tournament_game") VALUES ('Player 5', 1, 'Player 8', 11, '2024-01-23T05:29:13.074987+01:00'::timestamptz, 616, true) RETURNING "pong_gamedata"."id"; args=('Player 5', 1, 'Player 8', 11, datetime.datetime(2024, 1, 23, 5, 29, 13, 74987, tzinfo=<DstTzInfo 'Europe/Paris' CET+1:00:00 STD>), 616, True); alias=default
DEBUG 2024-02-27 21:51:09,080 utils (0.001) INSERT INTO "pong_gamedata" ("player1_name", "player1_points", "player2_name", "player2_points", "game_end_timestamp", "game_duration_secs", "is_tournament_game") VALUES ('Player 11', 11, 'Player 13', 9, '2024-01-23T05:26:05.074987+01:00'::timestamptz, 505, true) RETURNING "pong_gamedata"."id"; args=('Player 11', 11, 'Player 13', 9, datetime.datetime(2024, 1, 23, 5, 26, 5, 74987, tzinfo=<DstTzInfo 'Europe/Paris' CET+1:00:00 STD>), 505, True); alias=default
DEBUG 2024-02-27 21:51:09,081 utils (0.001) INSERT INTO "pong_gamedata" ("player1_name", "player1_points", "player2_name", "player2_points", "game_end_timestamp", "game_duration_secs", "is_tournament_game") VALUES ('Player 8', 2, 'Player 11', 11, '2024-01-23T05:31:49.074987+01:00'::timestamptz, 938, true) RETURNING "pong_gamedata"."id"; args=('Player 8', 2, 'Player 11', 11, datetime.datetime(2024, 1, 23, 5, 31, 49, 74987, tzinfo=<DstTzInfo 'Europe/Paris' CET+1:00:00 STD>), 938, True); alias=default
DEBUG 2024-02-27 21:51:09,082 utils (0.000) INSERT INTO "pong_tournamentdata" ("tour_id", "match_id_semi_1", "match_id_semi_2", "match_id_final", "tournament_end_timestamp", "tournament_duration_secs", "player_ranking", "blockchain_hash") VALUES (0, 1841, 1842, 1843, '2024-01-23T05:31:49.074987+01:00'::timestamptz, 849, '["Player 11", "Player 8", "Player 5", "Player 13"]', '0x0') RETURNING "pong_tournamentdata"."id"; args=(0, 1841, 1842, 1843, datetime.datetime(2024, 1, 23, 5, 31, 49, 74987, tzinfo=<DstTzInfo 'Europe/Paris' CET+1:00:00 STD>), 849, <psycopg2._json.Json object at 0x7f14d9f13800>, '0x0'); alias=default
DEBUG 2024-02-27 21:51:09,084 utils (0.001) INSERT INTO "pong_gamedata" ("player1_name", "player1_points", "player2_name", "player2_points", "game_end_timestamp", "game_duration_secs", "is_tournament_game") VALUES ('Player 6', 9, 'Player 15', 11, '2024-02-26T08:22:50.074987+01:00'::timestamptz, 656, true) RETURNING "pong_gamedata"."id"; args=('Player 6', 9, 'Player 15', 11, datetime.datetime(2024, 2, 26, 8, 22, 50, 74987, tzinfo=<DstTzInfo 'Europe/Paris' CET+1:00:00 STD>), 656, True); alias=default
DEBUG 2024-02-27 21:51:09,085 utils (0.001) INSERT INTO "pong_gamedata" ("player1_name", "player1_points", "player2_name", "player2_points", "game_end_timestamp", "game_duration_secs", "is_tournament_game") VALUES ('Player 4', 2, 'Player 14', 11, '2024-02-26T08:24:05.074987+01:00'::timestamptz, 810, true) RETURNING "pong_gamedata"."id"; args=('Player 4', 2, 'Player 14', 11, datetime.datetime(2024, 2, 26, 8, 24, 5, 74987, tzinfo=<DstTzInfo 'Europe/Paris' CET+1:00:00 STD>), 810, True); alias=default
DEBUG 2024-02-27 21:51:09,086 utils (0.001) INSERT INTO "pong_gamedata" ("player1_name", "player1_points", "player2_name", "player2_points", "game_end_timestamp", "game_duration_secs", "is_tournament_game") VALUES ('Player 15', 11, 'Player 14', 1, '2024-02-26T08:26:34.074987+01:00'::timestamptz, 787, true) RETURNING "pong_gamedata"."id"; args=('Player 15', 11, 'Player 14', 1, datetime.datetime(2024, 2, 26, 8, 26, 34, 74987, tzinfo=<DstTzInfo 'Europe/Paris' CET+1:00:00 STD>), 787, True); alias=default
DEBUG 2024-02-27 21:51:09,087 utils (0.000) INSERT INTO "pong_tournamentdata" ("tour_id", "match_id_semi_1", "match_id_semi_2", "match_id_final", "tournament_end_timestamp", "tournament_duration_secs", "player_ranking", "blockchain_hash") VALUES (0, 1844, 1845, 1846, '2024-02-26T08:26:34.074987+01:00'::timestamptz, 959, '["Player 15", "Player 14", "Player 6", "Player 4"]', '0x0') RETURNING "pong_tournamentdata"."id"; args=(0, 1844, 1845, 1846, datetime.datetime(2024, 2, 26, 8, 26, 34, 74987, tzinfo=<DstTzInfo 'Europe/Paris' CET+1:00:00 STD>), 959, <psycopg2._json.Json object at 0x7f14d9d34470>, '0x0'); alias=default
DEBUG 2024-02-27 21:51:09,088 utils (0.000) SELECT COUNT(*) AS "__count" FROM "pong_gamedata"; args=(); alias=default
DEBUG 2024-02-27 21:51:09,089 utils (0.000) SELECT COUNT(*) AS "__count" FROM "pong_tournamentdata"; args=(); alias=default
DEBUG 2024-02-27 21:51:09,090 utils (0.000) SELECT "django_content_type"."id", "django_content_type"."app_label", "django_content_type"."model" FROM "django_content_type" WHERE "django_content_type"."app_label" = 'contenttypes'; args=('contenttypes',); alias=default
DEBUG 2024-02-27 21:51:09,091 utils (0.000) SELECT "django_content_type"."id", "django_content_type"."app_label", "django_content_type"."model" FROM "django_content_type" WHERE ("django_content_type"."app_label" = 'contenttypes' AND "django_content_type"."model" = 'contenttype') LIMIT 21; args=('contenttypes', 'contenttype'); alias=default
DEBUG 2024-02-27 21:51:09,093 utils (0.000) SELECT "auth_permission"."content_type_id", "auth_permission"."codename" FROM "auth_permission" INNER JOIN "django_content_type" ON ("auth_permission"."content_type_id" = "django_content_type"."id") WHERE "auth_permission"."content_type_id" IN (5) ORDER BY "django_content_type"."app_label" ASC, "django_content_type"."model" ASC, "auth_permission"."codename" ASC; args=(5,); alias=default
DEBUG 2024-02-27 21:51:09,094 utils (0.000) SELECT "django_content_type"."id", "django_content_type"."app_label", "django_content_type"."model" FROM "django_content_type" WHERE "django_content_type"."app_label" = 'contenttypes'; args=('contenttypes',); alias=default
DEBUG 2024-02-27 21:51:09,095 utils (0.000) SELECT COUNT(*) AS "__count" FROM "pong_gamedata"; args=(); alias=default
DEBUG 2024-02-27 21:51:09,096 utils (0.000) SELECT COUNT(*) AS "__count" FROM "pong_tournamentdata"; args=(); alias=default
DEBUG 2024-02-27 21:51:09,097 utils (0.000) SELECT COUNT(*) AS "__count" FROM "pong_gamedata"; args=(); alias=default
DEBUG 2024-02-27 21:51:09,098 utils (0.000) SELECT COUNT(*) AS "__count" FROM "pong_tournamentdata"; args=(); alias=default
DEBUG 2024-02-27 21:51:09,100 utils (0.001) INSERT INTO "pong_gamedata" ("player1_name", "player1_points", "player2_name", "player2_points", "game_end_timestamp", "game_duration_secs", "is_tournament_game") VALUES ('Player 11', 3, 'Player 1', 11, '2024-01-01T13:11:45.096936+01:00'::timestamptz, 1000, true) RETURNING "pong_gamedata"."id"; args=('Player 11', 3, 'Player 1', 11, datetime.datetime(2024, 1, 1, 13, 11, 45, 96936, tzinfo=<DstTzInfo 'Europe/Paris' CET+1:00:00 STD>), 1000, True); alias=default
DEBUG 2024-02-27 21:51:09,101 utils (0.001) INSERT INTO "pong_gamedata" ("player1_name", "player1_points", "player2_name", "player2_points", "game_end_timestamp", "game_duration_secs", "is_tournament_game") VALUES ('Player 2', 9, 'Player 15', 11, '2024-01-01T13:10:28.096936+01:00'::timestamptz, 108, true) RETURNING "pong_gamedata"."id"; args=('Player 2', 9, 'Player 15', 11, datetime.datetime(2024, 1, 1, 13, 10, 28, 96936, tzinfo=<DstTzInfo 'Europe/Paris' CET+1:00:00 STD>), 108, True); alias=default
DEBUG 2024-02-27 21:51:09,102 utils (0.001) INSERT INTO "pong_gamedata" ("player1_name", "player1_points", "player2_name", "player2_points", "game_end_timestamp", "game_duration_secs", "is_tournament_game") VALUES ('Player 1', 11, 'Player 15', 0, '2024-01-01T13:11:45.096936+01:00'::timestamptz, 918, true) RETURNING "pong_gamedata"."id"; args=('Player 1', 11, 'Player 15', 0, datetime.datetime(2024, 1, 1, 13, 11, 45, 96936, tzinfo=<DstTzInfo 'Europe/Paris' CET+1:00:00 STD>), 918, True); alias=default
DEBUG 2024-02-27 21:51:09,103 utils (0.000) INSERT INTO "pong_tournamentdata" ("tour_id", "match_id_semi_1", "match_id_semi_2", "match_id_final", "tournament_end_timestamp", "tournament_duration_secs", "player_ranking", "blockchain_hash") VALUES (0, 1847, 1848, 1849, '2024-01-01T13:11:45.096936+01:00'::timestamptz, 1000, '["Player 1", "Player 15", "Player 11", "Player 2"]', '0x0') RETURNING "pong_tournamentdata"."id"; args=(0, 1847, 1848, 1849, datetime.datetime(2024, 1, 1, 13, 11, 45, 96936, tzinfo=<DstTzInfo 'Europe/Paris' CET+1:00:00 STD>), 1000, <psycopg2._json.Json object at 0x7f14d9d35250>, '0x0'); alias=default
DEBUG 2024-02-27 21:51:09,104 utils (0.001) INSERT INTO "pong_gamedata" ("player1_name", "player1_points", "player2_name", "player2_points", "game_end_timestamp", "game_duration_secs", "is_tournament_game") VALUES ('Player 10', 11, 'Player 0', 3, '2023-12-09T20:43:15.096936+01:00'::timestamptz, 603, true) RETURNING "pong_gamedata"."id"; args=('Player 10', 11, 'Player 0', 3, datetime.datetime(2023, 12, 9, 20, 43, 15, 96936, tzinfo=<DstTzInfo 'Europe/Paris' CET+1:00:00 STD>), 603, True); alias=default
DEBUG 2024-02-27 21:51:09,106 utils (0.001) INSERT INTO "pong_gamedata" ("player1_name", "player1_points", "player2_name", "player2_points", "game_end_timestamp", "game_duration_secs", "is_tournament_game") VALUES ('Player 8', 11, 'Player 11', 8, '2023-12-09T20:43:35.096936+01:00'::timestamptz, 158, true) RETURNING "pong_gamedata"."id"; args=('Player 8', 11, 'Player 11', 8, datetime.datetime(2023, 12, 9, 20, 43, 35, 96936, tzinfo=<DstTzInfo 'Europe/Paris' CET+1:00:00 STD>), 158, True); alias=default
DEBUG 2024-02-27 21:51:09,107 utils (0.001) INSERT INTO "pong_gamedata" ("player1_name", "player1_points", "player2_name", "player2_points", "game_end_timestamp", "game_duration_secs", "is_tournament_game") VALUES ('Player 10', 11, 'Player 8', 0, '2023-12-09T20:46:56.096936+01:00'::timestamptz, 943, true) RETURNING "pong_gamedata"."id"; args=('Player 10', 11, 'Player 8', 0, datetime.datetime(2023, 12, 9, 20, 46, 56, 96936, tzinfo=<DstTzInfo 'Europe/Paris' CET+1:00:00 STD>), 943, True); alias=default
DEBUG 2024-02-27 21:51:09,108 utils (0.000) INSERT INTO "pong_tournamentdata" ("tour_id", "match_id_semi_1", "match_id_semi_2", "match_id_final", "tournament_end_timestamp", "tournament_duration_secs", "player_ranking", "blockchain_hash") VALUES (0, 1850, 1851, 1852, '2023-12-09T20:46:56.096936+01:00'::timestamptz, 824, '["Player 10", "Player 8", "Player 0", "Player 11"]', '0x0') RETURNING "pong_tournamentdata"."id"; args=(0, 1850, 1851, 1852, datetime.datetime(2023, 12, 9, 20, 46, 56, 96936, tzinfo=<DstTzInfo 'Europe/Paris' CET+1:00:00 STD>), 824, <psycopg2._json.Json object at 0x7f14d9d35430>, '0x0'); alias=default
DEBUG 2024-02-27 21:51:09,109 utils (0.000) SELECT COUNT(*) AS "__count" FROM "pong_gamedata"; args=(); alias=default
DEBUG 2024-02-27 21:51:09,111 utils (0.000) SELECT COUNT(*) AS "__count" FROM "pong_tournamentdata"; args=(); alias=default
DEBUG 2024-02-27 21:51:09,112 utils (0.000) SELECT "django_content_type"."id", "django_content_type"."app_label", "django_content_type"."model" FROM "django_content_type" WHERE "django_content_type"."app_label" = 'sessions'; args=('sessions',); alias=default
DEBUG 2024-02-27 21:51:09,113 utils (0.000) SELECT "django_content_type"."id", "django_content_type"."app_label", "django_content_type"."model" FROM "django_content_type" WHERE ("django_content_type"."app_label" = 'sessions' AND "django_content_type"."model" = 'session') LIMIT 21; args=('sessions', 'session'); alias=default
DEBUG 2024-02-27 21:51:09,115 utils (0.000) SELECT "auth_permission"."content_type_id", "auth_permission"."codename" FROM "auth_permission" INNER JOIN "django_content_type" ON ("auth_permission"."content_type_id" = "django_content_type"."id") WHERE "auth_permission"."content_type_id" IN (6) ORDER BY "django_content_type"."app_label" ASC, "django_content_type"."model" ASC, "auth_permission"."codename" ASC; args=(6,); alias=default
DEBUG 2024-02-27 21:51:09,115 utils (0.000) SELECT "django_content_type"."id", "django_content_type"."app_label", "django_content_type"."model" FROM "django_content_type" WHERE "django_content_type"."app_label" = 'sessions'; args=('sessions',); alias=default
DEBUG 2024-02-27 21:51:09,116 utils (0.000) SELECT COUNT(*) AS "__count" FROM "pong_gamedata"; args=(); alias=default
DEBUG 2024-02-27 21:51:09,117 utils (0.000) SELECT COUNT(*) AS "__count" FROM "pong_tournamentdata"; args=(); alias=default
DEBUG 2024-02-27 21:51:09,118 utils (0.000) SELECT COUNT(*) AS "__count" FROM "pong_gamedata"; args=(); alias=default
DEBUG 2024-02-27 21:51:09,119 utils (0.000) SELECT COUNT(*) AS "__count" FROM "pong_tournamentdata"; args=(); alias=default
DEBUG 2024-02-27 21:51:09,121 utils (0.001) INSERT INTO "pong_gamedata" ("player1_name", "player1_points", "player2_name", "player2_points", "game_end_timestamp", "game_duration_secs", "is_tournament_game") VALUES ('Player 11', 3, 'Player 7', 11, '2024-01-06T16:32:42.117983+01:00'::timestamptz, 979, true) RETURNING "pong_gamedata"."id"; args=('Player 11', 3, 'Player 7', 11, datetime.datetime(2024, 1, 6, 16, 32, 42, 117983, tzinfo=<DstTzInfo 'Europe/Paris' CET+1:00:00 STD>), 979, True); alias=default
DEBUG 2024-02-27 21:51:09,122 utils (0.001) INSERT INTO "pong_gamedata" ("player1_name", "player1_points", "player2_name", "player2_points", "game_end_timestamp", "game_duration_secs", "is_tournament_game") VALUES ('Player 9', 6, 'Player 3', 11, '2024-01-06T16:22:30.117983+01:00'::timestamptz, 338, true) RETURNING "pong_gamedata"."id"; args=('Player 9', 6, 'Player 3', 11, datetime.datetime(2024, 1, 6, 16, 22, 30, 117983, tzinfo=<DstTzInfo 'Europe/Paris' CET+1:00:00 STD>), 338, True); alias=default
DEBUG 2024-02-27 21:51:09,123 utils (0.001) INSERT INTO "pong_gamedata" ("player1_name", "player1_points", "player2_name", "player2_points", "game_end_timestamp", "game_duration_secs", "is_tournament_game") VALUES ('Player 7', 5, 'Player 3', 11, '2024-01-06T16:33:02.117983+01:00'::timestamptz, 494, true) RETURNING "pong_gamedata"."id"; args=('Player 7', 5, 'Player 3', 11, datetime.datetime(2024, 1, 6, 16, 33, 2, 117983, tzinfo=<DstTzInfo 'Europe/Paris' CET+1:00:00 STD>), 494, True); alias=default
DEBUG 2024-02-27 21:51:09,124 utils (0.000) INSERT INTO "pong_tournamentdata" ("tour_id", "match_id_semi_1", "match_id_semi_2", "match_id_final", "tournament_end_timestamp", "tournament_duration_secs", "player_ranking", "blockchain_hash") VALUES (0, 1853, 1854, 1855, '2024-01-06T16:33:02.117983+01:00'::timestamptz, 999, '["Player 3", "Player 7", "Player 11", "Player 9"]', '0x0') RETURNING "pong_tournamentdata"."id"; args=(0, 1853, 1854, 1855, datetime.datetime(2024, 1, 6, 16, 33, 2, 117983, tzinfo=<DstTzInfo 'Europe/Paris' CET+1:00:00 STD>), 999, <psycopg2._json.Json object at 0x7f14d9d366f0>, '0x0'); alias=default
DEBUG 2024-02-27 21:51:09,125 utils (0.001) INSERT INTO "pong_gamedata" ("player1_name", "player1_points", "player2_name", "player2_points", "game_end_timestamp", "game_duration_secs", "is_tournament_game") VALUES ('Player 0', 8, 'Player 4', 11, '2024-01-01T02:01:52.117983+01:00'::timestamptz, 228, true) RETURNING "pong_gamedata"."id"; args=('Player 0', 8, 'Player 4', 11, datetime.datetime(2024, 1, 1, 2, 1, 52, 117983, tzinfo=<DstTzInfo 'Europe/Paris' CET+1:00:00 STD>), 228, True); alias=default
DEBUG 2024-02-27 21:51:09,127 utils (0.001) INSERT INTO "pong_gamedata" ("player1_name", "player1_points", "player2_name", "player2_points", "game_end_timestamp", "game_duration_secs", "is_tournament_game") VALUES ('Player 15', 11, 'Player 9', 2, '2024-01-01T02:02:21.117983+01:00'::timestamptz, 218, true) RETURNING "pong_gamedata"."id"; args=('Player 15', 11, 'Player 9', 2, datetime.datetime(2024, 1, 1, 2, 2, 21, 117983, tzinfo=<DstTzInfo 'Europe/Paris' CET+1:00:00 STD>), 218, True); alias=default
DEBUG 2024-02-27 21:51:09,129 utils (0.001) INSERT INTO "pong_gamedata" ("player1_name", "player1_points", "player2_name", "player2_points", "game_end_timestamp", "game_duration_secs", "is_tournament_game") VALUES ('Player 4', 11, 'Player 15', 10, '2024-01-01T02:12:44.117983+01:00'::timestamptz, 155, true) RETURNING "pong_gamedata"."id"; args=('Player 4', 11, 'Player 15', 10, datetime.datetime(2024, 1, 1, 2, 12, 44, 117983, tzinfo=<DstTzInfo 'Europe/Paris' CET+1:00:00 STD>), 155, True); alias=default
DEBUG 2024-02-27 21:51:09,130 utils (0.000) INSERT INTO "pong_tournamentdata" ("tour_id", "match_id_semi_1", "match_id_semi_2", "match_id_final", "tournament_end_timestamp", "tournament_duration_secs", "player_ranking", "blockchain_hash") VALUES (0, 1856, 1857, 1858, '2024-01-01T02:12:44.117983+01:00'::timestamptz, 880, '["Player 4", "Player 15", "Player 0", "Player 9"]', '0x0') RETURNING "pong_tournamentdata"."id"; args=(0, 1856, 1857, 1858, datetime.datetime(2024, 1, 1, 2, 12, 44, 117983, tzinfo=<DstTzInfo 'Europe/Paris' CET+1:00:00 STD>), 880, <psycopg2._json.Json object at 0x7f14d9d36c90>, '0x0'); alias=default
DEBUG 2024-02-27 21:51:09,131 utils (0.000) SELECT COUNT(*) AS "__count" FROM "pong_gamedata"; args=(); alias=default
DEBUG 2024-02-27 21:51:09,132 utils (0.000) SELECT COUNT(*) AS "__count" FROM "pong_tournamentdata"; args=(); alias=default
DEBUG 2024-02-27 21:51:09,132 utils (0.000) SELECT "django_content_type"."id", "django_content_type"."app_label", "django_content_type"."model" FROM "django_content_type" WHERE "django_content_type"."app_label" = 'pong'; args=('pong',); alias=default
DEBUG 2024-02-27 21:51:09,133 utils (0.000) SELECT "django_content_type"."id", "django_content_type"."app_label", "django_content_type"."model" FROM "django_content_type" WHERE ("django_content_type"."app_label" = 'pong' AND "django_content_type"."model" = 'gamedata') LIMIT 21; args=('pong', 'gamedata'); alias=default
DEBUG 2024-02-27 21:51:09,134 utils (0.000) SELECT "django_content_type"."id", "django_content_type"."app_label", "django_content_type"."model" FROM "django_content_type" WHERE ("django_content_type"."app_label" = 'pong' AND "django_content_type"."model" = 'tournamentdata') LIMIT 21; args=('pong', 'tournamentdata'); alias=default
DEBUG 2024-02-27 21:51:09,136 utils (0.000) SELECT "auth_permission"."content_type_id", "auth_permission"."codename" FROM "auth_permission" INNER JOIN "django_content_type" ON ("auth_permission"."content_type_id" = "django_content_type"."id") WHERE "auth_permission"."content_type_id" IN (8, 7) ORDER BY "django_content_type"."app_label" ASC, "django_content_type"."model" ASC, "auth_permission"."codename" ASC; args=(8, 7); alias=default
DEBUG 2024-02-27 21:51:09,137 utils (0.000) SELECT "django_content_type"."id", "django_content_type"."app_label", "django_content_type"."model" FROM "django_content_type" WHERE "django_content_type"."app_label" = 'pong'; args=('pong',); alias=default
DEBUG 2024-02-27 21:51:09,137 utils (0.000) SELECT COUNT(*) AS "__count" FROM "pong_gamedata"; args=(); alias=default
DEBUG 2024-02-27 21:51:09,138 utils (0.000) SELECT COUNT(*) AS "__count" FROM "pong_tournamentdata"; args=(); alias=default
DEBUG 2024-02-27 21:51:09,139 utils (0.000) SELECT COUNT(*) AS "__count" FROM "pong_gamedata"; args=(); alias=default
DEBUG 2024-02-27 21:51:09,140 utils (0.000) SELECT COUNT(*) AS "__count" FROM "pong_tournamentdata"; args=(); alias=default
DEBUG 2024-02-27 21:51:09,141 utils (0.001) INSERT INTO "pong_gamedata" ("player1_name", "player1_points", "player2_name", "player2_points", "game_end_timestamp", "game_duration_secs", "is_tournament_game") VALUES ('Player 6', 10, 'Player 8', 11, '2024-01-28T03:51:35.138832+01:00'::timestamptz, 452, true) RETURNING "pong_gamedata"."id"; args=('Player 6', 10, 'Player 8', 11, datetime.datetime(2024, 1, 28, 3, 51, 35, 138832, tzinfo=<DstTzInfo 'Europe/Paris' CET+1:00:00 STD>), 452, True); alias=default
DEBUG 2024-02-27 21:51:09,143 utils (0.001) INSERT INTO "pong_gamedata" ("player1_name", "player1_points", "player2_name", "player2_points", "game_end_timestamp", "game_duration_secs", "is_tournament_game") VALUES ('Player 13', 11, 'Player 9', 2, '2024-01-28T03:52:21.138832+01:00'::timestamptz, 615, true) RETURNING "pong_gamedata"."id"; args=('Player 13', 11, 'Player 9', 2, datetime.datetime(2024, 1, 28, 3, 52, 21, 138832, tzinfo=<DstTzInfo 'Europe/Paris' CET+1:00:00 STD>), 615, True); alias=default
DEBUG 2024-02-27 21:51:09,144 utils (0.001) INSERT INTO "pong_gamedata" ("player1_name", "player1_points", "player2_name", "player2_points", "game_end_timestamp", "game_duration_secs", "is_tournament_game") VALUES ('Player 8', 11, 'Player 13', 6, '2024-01-28T03:58:43.138832+01:00'::timestamptz, 73, true) RETURNING "pong_gamedata"."id"; args=('Player 8', 11, 'Player 13', 6, datetime.datetime(2024, 1, 28, 3, 58, 43, 138832, tzinfo=<DstTzInfo 'Europe/Paris' CET+1:00:00 STD>), 73, True); alias=default
DEBUG 2024-02-27 21:51:09,145 utils (0.000) INSERT INTO "pong_tournamentdata" ("tour_id", "match_id_semi_1", "match_id_semi_2", "match_id_final", "tournament_end_timestamp", "tournament_duration_secs", "player_ranking", "blockchain_hash") VALUES (0, 1859, 1860, 1861, '2024-01-28T03:58:43.138832+01:00'::timestamptz, 997, '["Player 8", "Player 13", "Player 6", "Player 9"]', '0x0') RETURNING "pong_tournamentdata"."id"; args=(0, 1859, 1860, 1861, datetime.datetime(2024, 1, 28, 3, 58, 43, 138832, tzinfo=<DstTzInfo 'Europe/Paris' CET+1:00:00 STD>), 997, <psycopg2._json.Json object at 0x7f14d9d36210>, '0x0'); alias=default
DEBUG 2024-02-27 21:51:09,147 utils (0.001) INSERT INTO "pong_gamedata" ("player1_name", "player1_points", "player2_name", "player2_points", "game_end_timestamp", "game_duration_secs", "is_tournament_game") VALUES ('Player 2', 11, 'Player 7', 8, '2024-02-09T20:33:41.138832+01:00'::timestamptz, 743, true) RETURNING "pong_gamedata"."id"; args=('Player 2', 11, 'Player 7', 8, datetime.datetime(2024, 2, 9, 20, 33, 41, 138832, tzinfo=<DstTzInfo 'Europe/Paris' CET+1:00:00 STD>), 743, True); alias=default
DEBUG 2024-02-27 21:51:09,148 utils (0.001) INSERT INTO "pong_gamedata" ("player1_name", "player1_points", "player2_name", "player2_points", "game_end_timestamp", "game_duration_secs", "is_tournament_game") VALUES ('Player 4', 2, 'Player 8', 11, '2024-02-09T20:30:40.138832+01:00'::timestamptz, 251, true) RETURNING "pong_gamedata"."id"; args=('Player 4', 2, 'Player 8', 11, datetime.datetime(2024, 2, 9, 20, 30, 40, 138832, tzinfo=<DstTzInfo 'Europe/Paris' CET+1:00:00 STD>), 251, True); alias=default
DEBUG 2024-02-27 21:51:09,149 utils (0.001) INSERT INTO "pong_gamedata" ("player1_name", "player1_points", "player2_name", "player2_points", "game_end_timestamp", "game_duration_secs", "is_tournament_game") VALUES ('Player 2', 11, 'Player 8', 4, '2024-02-09T20:35:30.138832+01:00'::timestamptz, 432, true) RETURNING "pong_gamedata"."id"; args=('Player 2', 11, 'Player 8', 4, datetime.datetime(2024, 2, 9, 20, 35, 30, 138832, tzinfo=<DstTzInfo 'Europe/Paris' CET+1:00:00 STD>), 432, True); alias=default
DEBUG 2024-02-27 21:51:09,150 utils (0.000) INSERT INTO "pong_tournamentdata" ("tour_id", "match_id_semi_1", "match_id_semi_2", "match_id_final", "tournament_end_timestamp", "tournament_duration_secs", "player_ranking", "blockchain_hash") VALUES (0, 1862, 1863, 1864, '2024-02-09T20:35:30.138832+01:00'::timestamptz, 852, '["Player 2", "Player 8", "Player 7", "Player 4"]', '0x0') RETURNING "pong_tournamentdata"."id"; args=(0, 1862, 1863, 1864, datetime.datetime(2024, 2, 9, 20, 35, 30, 138832, tzinfo=<DstTzInfo 'Europe/Paris' CET+1:00:00 STD>), 852, <psycopg2._json.Json object at 0x7f14d9d35370>, '0x0'); alias=default
DEBUG 2024-02-27 21:51:09,151 utils (0.000) SELECT COUNT(*) AS "__count" FROM "pong_gamedata"; args=(); alias=default
DEBUG 2024-02-27 21:51:09,152 utils (0.000) SELECT COUNT(*) AS "__count" FROM "pong_tournamentdata"; args=(); alias=default
