DEBUG 2024-02-29 09:32:02,453 utils (0.002) 
            SELECT
                c.relname,
                CASE
                    WHEN c.relispartition THEN 'p'
                    WHEN c.relkind IN ('m', 'v') THEN 'v'
                    ELSE 't'
                END,
                obj_description(c.oid, 'pg_class')
            FROM pg_catalog.pg_class c
            LEFT JOIN pg_catalog.pg_namespace n ON n.oid = c.relnamespace
            WHERE c.relkind IN ('f', 'm', 'p', 'r', 'v')
                AND n.nspname NOT IN ('pg_catalog', 'pg_toast')
                AND pg_catalog.pg_table_is_visible(c.oid)
        ; args=None; alias=default
DEBUG 2024-02-29 09:32:02,456 utils (0.000) SELECT "django_migrations"."id", "django_migrations"."app", "django_migrations"."name", "django_migrations"."applied" FROM "django_migrations"; args=(); alias=default
DEBUG 2024-02-29 09:32:02,458 utils (0.001) 
            SELECT
                c.relname,
                CASE
                    WHEN c.relispartition THEN 'p'
                    WHEN c.relkind IN ('m', 'v') THEN 'v'
                    ELSE 't'
                END,
                obj_description(c.oid, 'pg_class')
            FROM pg_catalog.pg_class c
            LEFT JOIN pg_catalog.pg_namespace n ON n.oid = c.relnamespace
            WHERE c.relkind IN ('f', 'm', 'p', 'r', 'v')
                AND n.nspname NOT IN ('pg_catalog', 'pg_toast')
                AND pg_catalog.pg_table_is_visible(c.oid)
        ; args=None; alias=default
DEBUG 2024-02-29 09:32:02,458 utils (0.000) SELECT "django_migrations"."id", "django_migrations"."app", "django_migrations"."name", "django_migrations"."applied" FROM "django_migrations"; args=(); alias=default
DEBUG 2024-02-29 09:32:02,472 utils (0.001) 
            SELECT
                c.relname,
                CASE
                    WHEN c.relispartition THEN 'p'
                    WHEN c.relkind IN ('m', 'v') THEN 'v'
                    ELSE 't'
                END,
                obj_description(c.oid, 'pg_class')
            FROM pg_catalog.pg_class c
            LEFT JOIN pg_catalog.pg_namespace n ON n.oid = c.relnamespace
            WHERE c.relkind IN ('f', 'm', 'p', 'r', 'v')
                AND n.nspname NOT IN ('pg_catalog', 'pg_toast')
                AND pg_catalog.pg_table_is_visible(c.oid)
        ; args=None; alias=default
DEBUG 2024-02-29 09:32:02,473 utils (0.001) 
            SELECT
                c.relname,
                CASE
                    WHEN c.relispartition THEN 'p'
                    WHEN c.relkind IN ('m', 'v') THEN 'v'
                    ELSE 't'
                END,
                obj_description(c.oid, 'pg_class')
            FROM pg_catalog.pg_class c
            LEFT JOIN pg_catalog.pg_namespace n ON n.oid = c.relnamespace
            WHERE c.relkind IN ('f', 'm', 'p', 'r', 'v')
                AND n.nspname NOT IN ('pg_catalog', 'pg_toast')
                AND pg_catalog.pg_table_is_visible(c.oid)
        ; args=None; alias=default
DEBUG 2024-02-29 09:32:02,474 utils (0.000) SELECT "django_migrations"."id", "django_migrations"."app", "django_migrations"."name", "django_migrations"."applied" FROM "django_migrations"; args=(); alias=default
DEBUG 2024-02-29 09:32:02,475 utils (0.001) SELECT "django_content_type"."id", "django_content_type"."app_label", "django_content_type"."model" FROM "django_content_type" WHERE "django_content_type"."app_label" = 'admin'; args=('admin',); alias=default
DEBUG 2024-02-29 09:32:02,476 utils (0.000) SELECT "django_content_type"."id", "django_content_type"."app_label", "django_content_type"."model" FROM "django_content_type" WHERE ("django_content_type"."app_label" = 'admin' AND "django_content_type"."model" = 'logentry') LIMIT 21; args=('admin', 'logentry'); alias=default
DEBUG 2024-02-29 09:32:02,479 utils (0.001) SELECT "auth_permission"."content_type_id", "auth_permission"."codename" FROM "auth_permission" INNER JOIN "django_content_type" ON ("auth_permission"."content_type_id" = "django_content_type"."id") WHERE "auth_permission"."content_type_id" IN (1) ORDER BY "django_content_type"."app_label" ASC, "django_content_type"."model" ASC, "auth_permission"."codename" ASC; args=(1,); alias=default
DEBUG 2024-02-29 09:32:02,480 utils (0.000) SELECT "django_content_type"."id", "django_content_type"."app_label", "django_content_type"."model" FROM "django_content_type" WHERE "django_content_type"."app_label" = 'admin'; args=('admin',); alias=default
DEBUG 2024-02-29 09:32:02,481 utils (0.000) SELECT COUNT(*) AS "__count" FROM "pong_gamedata"; args=(); alias=default
DEBUG 2024-02-29 09:32:02,482 utils (0.000) SELECT COUNT(*) AS "__count" FROM "pong_tournamentdata"; args=(); alias=default
DEBUG 2024-02-29 09:32:02,483 utils (0.000) SELECT COUNT(*) AS "__count" FROM "pong_gamedata"; args=(); alias=default
DEBUG 2024-02-29 09:32:02,484 utils (0.000) SELECT COUNT(*) AS "__count" FROM "pong_tournamentdata"; args=(); alias=default
DEBUG 2024-02-29 09:32:02,485 utils (0.000) SELECT COUNT(*) AS "__count" FROM "pong_gamedata"; args=(); alias=default
DEBUG 2024-02-29 09:32:02,486 utils (0.000) SELECT COUNT(*) AS "__count" FROM "pong_tournamentdata"; args=(); alias=default
DEBUG 2024-02-29 09:32:02,486 utils (0.000) SELECT "django_content_type"."id", "django_content_type"."app_label", "django_content_type"."model" FROM "django_content_type" WHERE "django_content_type"."app_label" = 'auth'; args=('auth',); alias=default
DEBUG 2024-02-29 09:32:02,487 utils (0.000) SELECT "django_content_type"."id", "django_content_type"."app_label", "django_content_type"."model" FROM "django_content_type" WHERE ("django_content_type"."app_label" = 'auth' AND "django_content_type"."model" = 'permission') LIMIT 21; args=('auth', 'permission'); alias=default
DEBUG 2024-02-29 09:32:02,488 utils (0.000) SELECT "django_content_type"."id", "django_content_type"."app_label", "django_content_type"."model" FROM "django_content_type" WHERE ("django_content_type"."app_label" = 'auth' AND "django_content_type"."model" = 'group') LIMIT 21; args=('auth', 'group'); alias=default
DEBUG 2024-02-29 09:32:02,489 utils (0.000) SELECT "django_content_type"."id", "django_content_type"."app_label", "django_content_type"."model" FROM "django_content_type" WHERE ("django_content_type"."app_label" = 'auth' AND "django_content_type"."model" = 'user') LIMIT 21; args=('auth', 'user'); alias=default
DEBUG 2024-02-29 09:32:02,491 utils (0.001) SELECT "auth_permission"."content_type_id", "auth_permission"."codename" FROM "auth_permission" INNER JOIN "django_content_type" ON ("auth_permission"."content_type_id" = "django_content_type"."id") WHERE "auth_permission"."content_type_id" IN (2, 3, 4) ORDER BY "django_content_type"."app_label" ASC, "django_content_type"."model" ASC, "auth_permission"."codename" ASC; args=(2, 3, 4); alias=default
DEBUG 2024-02-29 09:32:02,492 utils (0.000) SELECT "django_content_type"."id", "django_content_type"."app_label", "django_content_type"."model" FROM "django_content_type" WHERE "django_content_type"."app_label" = 'auth'; args=('auth',); alias=default
DEBUG 2024-02-29 09:32:02,493 utils (0.000) SELECT COUNT(*) AS "__count" FROM "pong_gamedata"; args=(); alias=default
DEBUG 2024-02-29 09:32:02,493 utils (0.000) SELECT COUNT(*) AS "__count" FROM "pong_tournamentdata"; args=(); alias=default
DEBUG 2024-02-29 09:32:02,494 utils (0.000) SELECT COUNT(*) AS "__count" FROM "pong_gamedata"; args=(); alias=default
DEBUG 2024-02-29 09:32:02,495 utils (0.000) SELECT COUNT(*) AS "__count" FROM "pong_tournamentdata"; args=(); alias=default
DEBUG 2024-02-29 09:32:02,496 utils (0.000) SELECT COUNT(*) AS "__count" FROM "pong_gamedata"; args=(); alias=default
DEBUG 2024-02-29 09:32:02,497 utils (0.000) SELECT COUNT(*) AS "__count" FROM "pong_tournamentdata"; args=(); alias=default
DEBUG 2024-02-29 09:32:02,497 utils (0.000) SELECT "django_content_type"."id", "django_content_type"."app_label", "django_content_type"."model" FROM "django_content_type" WHERE "django_content_type"."app_label" = 'contenttypes'; args=('contenttypes',); alias=default
DEBUG 2024-02-29 09:32:02,498 utils (0.000) SELECT "django_content_type"."id", "django_content_type"."app_label", "django_content_type"."model" FROM "django_content_type" WHERE ("django_content_type"."app_label" = 'contenttypes' AND "django_content_type"."model" = 'contenttype') LIMIT 21; args=('contenttypes', 'contenttype'); alias=default
DEBUG 2024-02-29 09:32:02,500 utils (0.000) SELECT "auth_permission"."content_type_id", "auth_permission"."codename" FROM "auth_permission" INNER JOIN "django_content_type" ON ("auth_permission"."content_type_id" = "django_content_type"."id") WHERE "auth_permission"."content_type_id" IN (5) ORDER BY "django_content_type"."app_label" ASC, "django_content_type"."model" ASC, "auth_permission"."codename" ASC; args=(5,); alias=default
DEBUG 2024-02-29 09:32:02,500 utils (0.000) SELECT "django_content_type"."id", "django_content_type"."app_label", "django_content_type"."model" FROM "django_content_type" WHERE "django_content_type"."app_label" = 'contenttypes'; args=('contenttypes',); alias=default
DEBUG 2024-02-29 09:32:02,501 utils (0.000) SELECT COUNT(*) AS "__count" FROM "pong_gamedata"; args=(); alias=default
DEBUG 2024-02-29 09:32:02,502 utils (0.000) SELECT COUNT(*) AS "__count" FROM "pong_tournamentdata"; args=(); alias=default
DEBUG 2024-02-29 09:32:02,503 utils (0.000) SELECT COUNT(*) AS "__count" FROM "pong_gamedata"; args=(); alias=default
DEBUG 2024-02-29 09:32:02,504 utils (0.000) SELECT COUNT(*) AS "__count" FROM "pong_tournamentdata"; args=(); alias=default
DEBUG 2024-02-29 09:32:02,505 utils (0.000) SELECT COUNT(*) AS "__count" FROM "pong_gamedata"; args=(); alias=default
DEBUG 2024-02-29 09:32:02,505 utils (0.000) SELECT COUNT(*) AS "__count" FROM "pong_tournamentdata"; args=(); alias=default
DEBUG 2024-02-29 09:32:02,506 utils (0.000) SELECT "django_content_type"."id", "django_content_type"."app_label", "django_content_type"."model" FROM "django_content_type" WHERE "django_content_type"."app_label" = 'sessions'; args=('sessions',); alias=default
DEBUG 2024-02-29 09:32:02,507 utils (0.000) SELECT "django_content_type"."id", "django_content_type"."app_label", "django_content_type"."model" FROM "django_content_type" WHERE ("django_content_type"."app_label" = 'sessions' AND "django_content_type"."model" = 'session') LIMIT 21; args=('sessions', 'session'); alias=default
DEBUG 2024-02-29 09:32:02,508 utils (0.000) SELECT "auth_permission"."content_type_id", "auth_permission"."codename" FROM "auth_permission" INNER JOIN "django_content_type" ON ("auth_permission"."content_type_id" = "django_content_type"."id") WHERE "auth_permission"."content_type_id" IN (6) ORDER BY "django_content_type"."app_label" ASC, "django_content_type"."model" ASC, "auth_permission"."codename" ASC; args=(6,); alias=default
DEBUG 2024-02-29 09:32:02,509 utils (0.000) SELECT "django_content_type"."id", "django_content_type"."app_label", "django_content_type"."model" FROM "django_content_type" WHERE "django_content_type"."app_label" = 'sessions'; args=('sessions',); alias=default
DEBUG 2024-02-29 09:32:02,510 utils (0.000) SELECT COUNT(*) AS "__count" FROM "pong_gamedata"; args=(); alias=default
DEBUG 2024-02-29 09:32:02,511 utils (0.000) SELECT COUNT(*) AS "__count" FROM "pong_tournamentdata"; args=(); alias=default
DEBUG 2024-02-29 09:32:02,512 utils (0.000) SELECT COUNT(*) AS "__count" FROM "pong_gamedata"; args=(); alias=default
DEBUG 2024-02-29 09:32:02,512 utils (0.000) SELECT COUNT(*) AS "__count" FROM "pong_tournamentdata"; args=(); alias=default
DEBUG 2024-02-29 09:32:02,513 utils (0.000) SELECT COUNT(*) AS "__count" FROM "pong_gamedata"; args=(); alias=default
DEBUG 2024-02-29 09:32:02,514 utils (0.000) SELECT COUNT(*) AS "__count" FROM "pong_tournamentdata"; args=(); alias=default
DEBUG 2024-02-29 09:32:02,515 utils (0.000) SELECT "django_content_type"."id", "django_content_type"."app_label", "django_content_type"."model" FROM "django_content_type" WHERE "django_content_type"."app_label" = 'pong'; args=('pong',); alias=default
DEBUG 2024-02-29 09:32:02,516 utils (0.000) SELECT "django_content_type"."id", "django_content_type"."app_label", "django_content_type"."model" FROM "django_content_type" WHERE ("django_content_type"."app_label" = 'pong' AND "django_content_type"."model" = 'gamedata') LIMIT 21; args=('pong', 'gamedata'); alias=default
DEBUG 2024-02-29 09:32:02,517 utils (0.000) SELECT "django_content_type"."id", "django_content_type"."app_label", "django_content_type"."model" FROM "django_content_type" WHERE ("django_content_type"."app_label" = 'pong' AND "django_content_type"."model" = 'tournamentdata') LIMIT 21; args=('pong', 'tournamentdata'); alias=default
DEBUG 2024-02-29 09:32:02,518 utils (0.000) SELECT "auth_permission"."content_type_id", "auth_permission"."codename" FROM "auth_permission" INNER JOIN "django_content_type" ON ("auth_permission"."content_type_id" = "django_content_type"."id") WHERE "auth_permission"."content_type_id" IN (8, 7) ORDER BY "django_content_type"."app_label" ASC, "django_content_type"."model" ASC, "auth_permission"."codename" ASC; args=(8, 7); alias=default
DEBUG 2024-02-29 09:32:02,519 utils (0.000) SELECT "django_content_type"."id", "django_content_type"."app_label", "django_content_type"."model" FROM "django_content_type" WHERE "django_content_type"."app_label" = 'pong'; args=('pong',); alias=default
DEBUG 2024-02-29 09:32:02,520 utils (0.000) SELECT COUNT(*) AS "__count" FROM "pong_gamedata"; args=(); alias=default
DEBUG 2024-02-29 09:32:02,521 utils (0.000) SELECT COUNT(*) AS "__count" FROM "pong_tournamentdata"; args=(); alias=default
DEBUG 2024-02-29 09:32:02,522 utils (0.000) SELECT COUNT(*) AS "__count" FROM "pong_gamedata"; args=(); alias=default
DEBUG 2024-02-29 09:32:02,522 utils (0.000) SELECT COUNT(*) AS "__count" FROM "pong_tournamentdata"; args=(); alias=default
DEBUG 2024-02-29 09:32:02,523 utils (0.000) SELECT COUNT(*) AS "__count" FROM "pong_gamedata"; args=(); alias=default
DEBUG 2024-02-29 09:32:02,524 utils (0.000) SELECT COUNT(*) AS "__count" FROM "pong_tournamentdata"; args=(); alias=default
