DEBUG 2024-02-27 22:49:18,579 utils (0.003) 
            SELECT
                c.relname,
                CASE
                    WHEN c.relispartition THEN 'p'
                    WHEN c.relkind IN ('m', 'v') THEN 'v'
                    ELSE 't'
                END,
                obj_description(c.oid, 'pg_class')
            FROM pg_catalog.pg_class c
            LEFT JOIN pg_catalog.pg_namespace n ON n.oid = c.relnamespace
            WHERE c.relkind IN ('f', 'm', 'p', 'r', 'v')
                AND n.nspname NOT IN ('pg_catalog', 'pg_toast')
                AND pg_catalog.pg_table_is_visible(c.oid)
        ; args=None; alias=default
DEBUG 2024-02-27 22:49:18,582 utils (0.000) SELECT "django_migrations"."id", "django_migrations"."app", "django_migrations"."name", "django_migrations"."applied" FROM "django_migrations"; args=(); alias=default
DEBUG 2024-02-27 22:49:18,583 utils (0.001) 
            SELECT
                c.relname,
                CASE
                    WHEN c.relispartition THEN 'p'
                    WHEN c.relkind IN ('m', 'v') THEN 'v'
                    ELSE 't'
                END,
                obj_description(c.oid, 'pg_class')
            FROM pg_catalog.pg_class c
            LEFT JOIN pg_catalog.pg_namespace n ON n.oid = c.relnamespace
            WHERE c.relkind IN ('f', 'm', 'p', 'r', 'v')
                AND n.nspname NOT IN ('pg_catalog', 'pg_toast')
                AND pg_catalog.pg_table_is_visible(c.oid)
        ; args=None; alias=default
DEBUG 2024-02-27 22:49:18,584 utils (0.000) SELECT "django_migrations"."id", "django_migrations"."app", "django_migrations"."name", "django_migrations"."applied" FROM "django_migrations"; args=(); alias=default
DEBUG 2024-02-27 22:49:18,599 utils (0.001) 
            SELECT
                c.relname,
                CASE
                    WHEN c.relispartition THEN 'p'
                    WHEN c.relkind IN ('m', 'v') THEN 'v'
                    ELSE 't'
                END,
                obj_description(c.oid, 'pg_class')
            FROM pg_catalog.pg_class c
            LEFT JOIN pg_catalog.pg_namespace n ON n.oid = c.relnamespace
            WHERE c.relkind IN ('f', 'm', 'p', 'r', 'v')
                AND n.nspname NOT IN ('pg_catalog', 'pg_toast')
                AND pg_catalog.pg_table_is_visible(c.oid)
        ; args=None; alias=default
DEBUG 2024-02-27 22:49:18,600 utils (0.001) 
            SELECT
                c.relname,
                CASE
                    WHEN c.relispartition THEN 'p'
                    WHEN c.relkind IN ('m', 'v') THEN 'v'
                    ELSE 't'
                END,
                obj_description(c.oid, 'pg_class')
            FROM pg_catalog.pg_class c
            LEFT JOIN pg_catalog.pg_namespace n ON n.oid = c.relnamespace
            WHERE c.relkind IN ('f', 'm', 'p', 'r', 'v')
                AND n.nspname NOT IN ('pg_catalog', 'pg_toast')
                AND pg_catalog.pg_table_is_visible(c.oid)
        ; args=None; alias=default
DEBUG 2024-02-27 22:49:18,601 utils (0.000) SELECT "django_migrations"."id", "django_migrations"."app", "django_migrations"."name", "django_migrations"."applied" FROM "django_migrations"; args=(); alias=default
DEBUG 2024-02-27 22:49:18,603 utils (0.001) SELECT "django_content_type"."id", "django_content_type"."app_label", "django_content_type"."model" FROM "django_content_type" WHERE "django_content_type"."app_label" = 'admin'; args=('admin',); alias=default
DEBUG 2024-02-27 22:49:18,603 utils (0.000) SELECT "django_content_type"."id", "django_content_type"."app_label", "django_content_type"."model" FROM "django_content_type" WHERE ("django_content_type"."app_label" = 'admin' AND "django_content_type"."model" = 'logentry') LIMIT 21; args=('admin', 'logentry'); alias=default
DEBUG 2024-02-27 22:49:18,606 utils (0.001) SELECT "auth_permission"."content_type_id", "auth_permission"."codename" FROM "auth_permission" INNER JOIN "django_content_type" ON ("auth_permission"."content_type_id" = "django_content_type"."id") WHERE "auth_permission"."content_type_id" IN (1) ORDER BY "django_content_type"."app_label" ASC, "django_content_type"."model" ASC, "auth_permission"."codename" ASC; args=(1,); alias=default
DEBUG 2024-02-27 22:49:18,607 utils (0.000) SELECT "django_content_type"."id", "django_content_type"."app_label", "django_content_type"."model" FROM "django_content_type" WHERE "django_content_type"."app_label" = 'admin'; args=('admin',); alias=default
DEBUG 2024-02-27 22:49:18,608 utils (0.001) SELECT COUNT(*) AS "__count" FROM "pong_gamedata"; args=(); alias=default
DEBUG 2024-02-27 22:49:18,609 utils (0.000) SELECT COUNT(*) AS "__count" FROM "pong_tournamentdata"; args=(); alias=default
DEBUG 2024-02-27 22:49:18,610 utils (0.000) SELECT COUNT(*) AS "__count" FROM "pong_gamedata"; args=(); alias=default
DEBUG 2024-02-27 22:49:18,612 utils (0.000) SELECT COUNT(*) AS "__count" FROM "pong_tournamentdata"; args=(); alias=default
DEBUG 2024-02-27 22:49:18,649 utils (0.009) INSERT INTO "pong_gamedata" ("player1_name", "player1_points", "player2_name", "player2_points", "game_end_timestamp", "game_duration_secs", "is_tournament_game") VALUES ('Player 10', 11, 'Player 11', 9, '2024-01-23T12:20:31.609611+01:00'::timestamptz, 657, true) RETURNING "pong_gamedata"."id"; args=('Player 10', 11, 'Player 11', 9, datetime.datetime(2024, 1, 23, 12, 20, 31, 609611, tzinfo=<DstTzInfo 'Europe/Paris' CET+1:00:00 STD>), 657, True); alias=default
DEBUG 2024-02-27 22:49:18,650 utils (0.001) INSERT INTO "pong_gamedata" ("player1_name", "player1_points", "player2_name", "player2_points", "game_end_timestamp", "game_duration_secs", "is_tournament_game") VALUES ('Player 4', 11, 'Player 1', 1, '2024-01-23T12:15:57.609611+01:00'::timestamptz, 81, true) RETURNING "pong_gamedata"."id"; args=('Player 4', 11, 'Player 1', 1, datetime.datetime(2024, 1, 23, 12, 15, 57, 609611, tzinfo=<DstTzInfo 'Europe/Paris' CET+1:00:00 STD>), 81, True); alias=default
DEBUG 2024-02-27 22:49:18,651 utils (0.001) INSERT INTO "pong_gamedata" ("player1_name", "player1_points", "player2_name", "player2_points", "game_end_timestamp", "game_duration_secs", "is_tournament_game") VALUES ('Player 10', 6, 'Player 4', 11, '2024-01-23T12:20:49.609611+01:00'::timestamptz, 704, true) RETURNING "pong_gamedata"."id"; args=('Player 10', 6, 'Player 4', 11, datetime.datetime(2024, 1, 23, 12, 20, 49, 609611, tzinfo=<DstTzInfo 'Europe/Paris' CET+1:00:00 STD>), 704, True); alias=default
DEBUG 2024-02-27 22:49:18,652 utils (0.000) INSERT INTO "pong_tournamentdata" ("tour_id", "match_id_semi_1", "match_id_semi_2", "match_id_final", "tournament_end_timestamp", "tournament_duration_secs", "player_ranking", "blockchain_hash") VALUES (0, 2387, 2388, 2389, '2024-01-23T12:20:49.609611+01:00'::timestamptz, 675, '["Player 4", "Player 10", "Player 11", "Player 1"]', '0x0') RETURNING "pong_tournamentdata"."id"; args=(0, 2387, 2388, 2389, datetime.datetime(2024, 1, 23, 12, 20, 49, 609611, tzinfo=<DstTzInfo 'Europe/Paris' CET+1:00:00 STD>), 675, <psycopg2._json.Json object at 0x7f83db902690>, '0x0'); alias=default
DEBUG 2024-02-27 22:49:18,654 utils (0.001) INSERT INTO "pong_gamedata" ("player1_name", "player1_points", "player2_name", "player2_points", "game_end_timestamp", "game_duration_secs", "is_tournament_game") VALUES ('Player 10', 11, 'Player 0', 6, '2024-01-15T11:37:49.609611+01:00'::timestamptz, 553, true) RETURNING "pong_gamedata"."id"; args=('Player 10', 11, 'Player 0', 6, datetime.datetime(2024, 1, 15, 11, 37, 49, 609611, tzinfo=<DstTzInfo 'Europe/Paris' CET+1:00:00 STD>), 553, True); alias=default
DEBUG 2024-02-27 22:49:18,655 utils (0.001) INSERT INTO "pong_gamedata" ("player1_name", "player1_points", "player2_name", "player2_points", "game_end_timestamp", "game_duration_secs", "is_tournament_game") VALUES ('Player 14', 2, 'Player 6', 11, '2024-01-15T11:44:06.609611+01:00'::timestamptz, 821, true) RETURNING "pong_gamedata"."id"; args=('Player 14', 2, 'Player 6', 11, datetime.datetime(2024, 1, 15, 11, 44, 6, 609611, tzinfo=<DstTzInfo 'Europe/Paris' CET+1:00:00 STD>), 821, True); alias=default
DEBUG 2024-02-27 22:49:18,657 utils (0.001) INSERT INTO "pong_gamedata" ("player1_name", "player1_points", "player2_name", "player2_points", "game_end_timestamp", "game_duration_secs", "is_tournament_game") VALUES ('Player 10', 11, 'Player 6', 1, '2024-01-15T11:45:13.609611+01:00'::timestamptz, 203, true) RETURNING "pong_gamedata"."id"; args=('Player 10', 11, 'Player 6', 1, datetime.datetime(2024, 1, 15, 11, 45, 13, 609611, tzinfo=<DstTzInfo 'Europe/Paris' CET+1:00:00 STD>), 203, True); alias=default
DEBUG 2024-02-27 22:49:18,657 utils (0.000) INSERT INTO "pong_tournamentdata" ("tour_id", "match_id_semi_1", "match_id_semi_2", "match_id_final", "tournament_end_timestamp", "tournament_duration_secs", "player_ranking", "blockchain_hash") VALUES (0, 2390, 2391, 2392, '2024-01-15T11:45:13.609611+01:00'::timestamptz, 997, '["Player 10", "Player 6", "Player 0", "Player 14"]', '0x0') RETURNING "pong_tournamentdata"."id"; args=(0, 2390, 2391, 2392, datetime.datetime(2024, 1, 15, 11, 45, 13, 609611, tzinfo=<DstTzInfo 'Europe/Paris' CET+1:00:00 STD>), 997, <psycopg2._json.Json object at 0x7f83db9034a0>, '0x0'); alias=default
DEBUG 2024-02-27 22:49:18,659 utils (0.000) SELECT COUNT(*) AS "__count" FROM "pong_gamedata"; args=(); alias=default
DEBUG 2024-02-27 22:49:18,660 utils (0.001) SELECT COUNT(*) AS "__count" FROM "pong_tournamentdata"; args=(); alias=default
DEBUG 2024-02-27 22:49:18,661 utils (0.000) SELECT "django_content_type"."id", "django_content_type"."app_label", "django_content_type"."model" FROM "django_content_type" WHERE "django_content_type"."app_label" = 'auth'; args=('auth',); alias=default
DEBUG 2024-02-27 22:49:18,663 utils (0.000) SELECT "django_content_type"."id", "django_content_type"."app_label", "django_content_type"."model" FROM "django_content_type" WHERE ("django_content_type"."app_label" = 'auth' AND "django_content_type"."model" = 'permission') LIMIT 21; args=('auth', 'permission'); alias=default
DEBUG 2024-02-27 22:49:18,664 utils (0.000) SELECT "django_content_type"."id", "django_content_type"."app_label", "django_content_type"."model" FROM "django_content_type" WHERE ("django_content_type"."app_label" = 'auth' AND "django_content_type"."model" = 'group') LIMIT 21; args=('auth', 'group'); alias=default
DEBUG 2024-02-27 22:49:18,665 utils (0.000) SELECT "django_content_type"."id", "django_content_type"."app_label", "django_content_type"."model" FROM "django_content_type" WHERE ("django_content_type"."app_label" = 'auth' AND "django_content_type"."model" = 'user') LIMIT 21; args=('auth', 'user'); alias=default
DEBUG 2024-02-27 22:49:18,667 utils (0.001) SELECT "auth_permission"."content_type_id", "auth_permission"."codename" FROM "auth_permission" INNER JOIN "django_content_type" ON ("auth_permission"."content_type_id" = "django_content_type"."id") WHERE "auth_permission"."content_type_id" IN (2, 3, 4) ORDER BY "django_content_type"."app_label" ASC, "django_content_type"."model" ASC, "auth_permission"."codename" ASC; args=(2, 3, 4); alias=default
DEBUG 2024-02-27 22:49:18,668 utils (0.000) SELECT "django_content_type"."id", "django_content_type"."app_label", "django_content_type"."model" FROM "django_content_type" WHERE "django_content_type"."app_label" = 'auth'; args=('auth',); alias=default
DEBUG 2024-02-27 22:49:18,669 utils (0.000) SELECT COUNT(*) AS "__count" FROM "pong_gamedata"; args=(); alias=default
DEBUG 2024-02-27 22:49:18,670 utils (0.000) SELECT COUNT(*) AS "__count" FROM "pong_tournamentdata"; args=(); alias=default
DEBUG 2024-02-27 22:49:18,670 utils (0.000) SELECT COUNT(*) AS "__count" FROM "pong_gamedata"; args=(); alias=default
DEBUG 2024-02-27 22:49:18,671 utils (0.000) SELECT COUNT(*) AS "__count" FROM "pong_tournamentdata"; args=(); alias=default
DEBUG 2024-02-27 22:49:18,673 utils (0.001) INSERT INTO "pong_gamedata" ("player1_name", "player1_points", "player2_name", "player2_points", "game_end_timestamp", "game_duration_secs", "is_tournament_game") VALUES ('Player 10', 5, 'Player 4', 11, '2024-02-25T03:30:05.670174+01:00'::timestamptz, 377, true) RETURNING "pong_gamedata"."id"; args=('Player 10', 5, 'Player 4', 11, datetime.datetime(2024, 2, 25, 3, 30, 5, 670174, tzinfo=<DstTzInfo 'Europe/Paris' CET+1:00:00 STD>), 377, True); alias=default
DEBUG 2024-02-27 22:49:18,674 utils (0.001) INSERT INTO "pong_gamedata" ("player1_name", "player1_points", "player2_name", "player2_points", "game_end_timestamp", "game_duration_secs", "is_tournament_game") VALUES ('Player 6', 11, 'Player 11', 5, '2024-02-25T03:39:13.670174+01:00'::timestamptz, 799, true) RETURNING "pong_gamedata"."id"; args=('Player 6', 11, 'Player 11', 5, datetime.datetime(2024, 2, 25, 3, 39, 13, 670174, tzinfo=<DstTzInfo 'Europe/Paris' CET+1:00:00 STD>), 799, True); alias=default
DEBUG 2024-02-27 22:49:18,675 utils (0.001) INSERT INTO "pong_gamedata" ("player1_name", "player1_points", "player2_name", "player2_points", "game_end_timestamp", "game_duration_secs", "is_tournament_game") VALUES ('Player 4', 6, 'Player 6', 11, '2024-02-25T03:39:27.670174+01:00'::timestamptz, 980, true) RETURNING "pong_gamedata"."id"; args=('Player 4', 6, 'Player 6', 11, datetime.datetime(2024, 2, 25, 3, 39, 27, 670174, tzinfo=<DstTzInfo 'Europe/Paris' CET+1:00:00 STD>), 980, True); alias=default
DEBUG 2024-02-27 22:49:18,676 utils (0.000) INSERT INTO "pong_tournamentdata" ("tour_id", "match_id_semi_1", "match_id_semi_2", "match_id_final", "tournament_end_timestamp", "tournament_duration_secs", "player_ranking", "blockchain_hash") VALUES (0, 2393, 2394, 2395, '2024-02-25T03:39:27.670174+01:00'::timestamptz, 939, '["Player 6", "Player 4", "Player 10", "Player 11"]', '0x0') RETURNING "pong_tournamentdata"."id"; args=(0, 2393, 2394, 2395, datetime.datetime(2024, 2, 25, 3, 39, 27, 670174, tzinfo=<DstTzInfo 'Europe/Paris' CET+1:00:00 STD>), 939, <psycopg2._json.Json object at 0x7f83db72c230>, '0x0'); alias=default
DEBUG 2024-02-27 22:49:18,678 utils (0.001) INSERT INTO "pong_gamedata" ("player1_name", "player1_points", "player2_name", "player2_points", "game_end_timestamp", "game_duration_secs", "is_tournament_game") VALUES ('Player 9', 11, 'Player 11', 6, '2023-12-26T05:16:10.670174+01:00'::timestamptz, 611, true) RETURNING "pong_gamedata"."id"; args=('Player 9', 11, 'Player 11', 6, datetime.datetime(2023, 12, 26, 5, 16, 10, 670174, tzinfo=<DstTzInfo 'Europe/Paris' CET+1:00:00 STD>), 611, True); alias=default
DEBUG 2024-02-27 22:49:18,679 utils (0.001) INSERT INTO "pong_gamedata" ("player1_name", "player1_points", "player2_name", "player2_points", "game_end_timestamp", "game_duration_secs", "is_tournament_game") VALUES ('Player 6', 5, 'Player 5', 11, '2023-12-26T05:11:48.670174+01:00'::timestamptz, 521, true) RETURNING "pong_gamedata"."id"; args=('Player 6', 5, 'Player 5', 11, datetime.datetime(2023, 12, 26, 5, 11, 48, 670174, tzinfo=<DstTzInfo 'Europe/Paris' CET+1:00:00 STD>), 521, True); alias=default
DEBUG 2024-02-27 22:49:18,681 utils (0.001) INSERT INTO "pong_gamedata" ("player1_name", "player1_points", "player2_name", "player2_points", "game_end_timestamp", "game_duration_secs", "is_tournament_game") VALUES ('Player 9', 3, 'Player 5', 11, '2023-12-26T05:19:42.670174+01:00'::timestamptz, 192, true) RETURNING "pong_gamedata"."id"; args=('Player 9', 3, 'Player 5', 11, datetime.datetime(2023, 12, 26, 5, 19, 42, 670174, tzinfo=<DstTzInfo 'Europe/Paris' CET+1:00:00 STD>), 192, True); alias=default
DEBUG 2024-02-27 22:49:18,682 utils (0.000) INSERT INTO "pong_tournamentdata" ("tour_id", "match_id_semi_1", "match_id_semi_2", "match_id_final", "tournament_end_timestamp", "tournament_duration_secs", "player_ranking", "blockchain_hash") VALUES (0, 2396, 2397, 2398, '2023-12-26T05:19:42.670174+01:00'::timestamptz, 995, '["Player 5", "Player 9", "Player 11", "Player 6"]', '0x0') RETURNING "pong_tournamentdata"."id"; args=(0, 2396, 2397, 2398, datetime.datetime(2023, 12, 26, 5, 19, 42, 670174, tzinfo=<DstTzInfo 'Europe/Paris' CET+1:00:00 STD>), 995, <psycopg2._json.Json object at 0x7f83db72c5f0>, '0x0'); alias=default
DEBUG 2024-02-27 22:49:18,683 utils (0.000) SELECT COUNT(*) AS "__count" FROM "pong_gamedata"; args=(); alias=default
DEBUG 2024-02-27 22:49:18,684 utils (0.000) SELECT COUNT(*) AS "__count" FROM "pong_tournamentdata"; args=(); alias=default
DEBUG 2024-02-27 22:49:18,684 utils (0.000) SELECT "django_content_type"."id", "django_content_type"."app_label", "django_content_type"."model" FROM "django_content_type" WHERE "django_content_type"."app_label" = 'contenttypes'; args=('contenttypes',); alias=default
DEBUG 2024-02-27 22:49:18,685 utils (0.000) SELECT "django_content_type"."id", "django_content_type"."app_label", "django_content_type"."model" FROM "django_content_type" WHERE ("django_content_type"."app_label" = 'contenttypes' AND "django_content_type"."model" = 'contenttype') LIMIT 21; args=('contenttypes', 'contenttype'); alias=default
DEBUG 2024-02-27 22:49:18,687 utils (0.000) SELECT "auth_permission"."content_type_id", "auth_permission"."codename" FROM "auth_permission" INNER JOIN "django_content_type" ON ("auth_permission"."content_type_id" = "django_content_type"."id") WHERE "auth_permission"."content_type_id" IN (5) ORDER BY "django_content_type"."app_label" ASC, "django_content_type"."model" ASC, "auth_permission"."codename" ASC; args=(5,); alias=default
DEBUG 2024-02-27 22:49:18,688 utils (0.000) SELECT "django_content_type"."id", "django_content_type"."app_label", "django_content_type"."model" FROM "django_content_type" WHERE "django_content_type"."app_label" = 'contenttypes'; args=('contenttypes',); alias=default
DEBUG 2024-02-27 22:49:18,689 utils (0.000) SELECT COUNT(*) AS "__count" FROM "pong_gamedata"; args=(); alias=default
DEBUG 2024-02-27 22:49:18,690 utils (0.000) SELECT COUNT(*) AS "__count" FROM "pong_tournamentdata"; args=(); alias=default
DEBUG 2024-02-27 22:49:18,691 utils (0.000) SELECT COUNT(*) AS "__count" FROM "pong_gamedata"; args=(); alias=default
DEBUG 2024-02-27 22:49:18,692 utils (0.000) SELECT COUNT(*) AS "__count" FROM "pong_tournamentdata"; args=(); alias=default
DEBUG 2024-02-27 22:49:18,694 utils (0.001) INSERT INTO "pong_gamedata" ("player1_name", "player1_points", "player2_name", "player2_points", "game_end_timestamp", "game_duration_secs", "is_tournament_game") VALUES ('Player 13', 8, 'Player 9', 11, '2024-02-10T13:27:38.690343+01:00'::timestamptz, 781, true) RETURNING "pong_gamedata"."id"; args=('Player 13', 8, 'Player 9', 11, datetime.datetime(2024, 2, 10, 13, 27, 38, 690343, tzinfo=<DstTzInfo 'Europe/Paris' CET+1:00:00 STD>), 781, True); alias=default
DEBUG 2024-02-27 22:49:18,695 utils (0.001) INSERT INTO "pong_gamedata" ("player1_name", "player1_points", "player2_name", "player2_points", "game_end_timestamp", "game_duration_secs", "is_tournament_game") VALUES ('Player 14', 10, 'Player 3', 11, '2024-02-10T13:31:03.690343+01:00'::timestamptz, 815, true) RETURNING "pong_gamedata"."id"; args=('Player 14', 10, 'Player 3', 11, datetime.datetime(2024, 2, 10, 13, 31, 3, 690343, tzinfo=<DstTzInfo 'Europe/Paris' CET+1:00:00 STD>), 815, True); alias=default
DEBUG 2024-02-27 22:49:18,697 utils (0.001) INSERT INTO "pong_gamedata" ("player1_name", "player1_points", "player2_name", "player2_points", "game_end_timestamp", "game_duration_secs", "is_tournament_game") VALUES ('Player 9', 6, 'Player 3', 11, '2024-02-10T13:31:06.690343+01:00'::timestamptz, 785, true) RETURNING "pong_gamedata"."id"; args=('Player 9', 6, 'Player 3', 11, datetime.datetime(2024, 2, 10, 13, 31, 6, 690343, tzinfo=<DstTzInfo 'Europe/Paris' CET+1:00:00 STD>), 785, True); alias=default
DEBUG 2024-02-27 22:49:18,698 utils (0.000) INSERT INTO "pong_tournamentdata" ("tour_id", "match_id_semi_1", "match_id_semi_2", "match_id_final", "tournament_end_timestamp", "tournament_duration_secs", "player_ranking", "blockchain_hash") VALUES (0, 2399, 2400, 2401, '2024-02-10T13:31:06.690343+01:00'::timestamptz, 989, '["Player 3", "Player 9", "Player 13", "Player 14"]', '0x0') RETURNING "pong_tournamentdata"."id"; args=(0, 2399, 2400, 2401, datetime.datetime(2024, 2, 10, 13, 31, 6, 690343, tzinfo=<DstTzInfo 'Europe/Paris' CET+1:00:00 STD>), 989, <psycopg2._json.Json object at 0x7f83db72cd70>, '0x0'); alias=default
DEBUG 2024-02-27 22:49:18,700 utils (0.001) INSERT INTO "pong_gamedata" ("player1_name", "player1_points", "player2_name", "player2_points", "game_end_timestamp", "game_duration_secs", "is_tournament_game") VALUES ('Player 7', 9, 'Player 12', 11, '2023-11-06T00:51:27.690343+01:00'::timestamptz, 807, true) RETURNING "pong_gamedata"."id"; args=('Player 7', 9, 'Player 12', 11, datetime.datetime(2023, 11, 6, 0, 51, 27, 690343, tzinfo=<DstTzInfo 'Europe/Paris' CET+1:00:00 STD>), 807, True); alias=default
DEBUG 2024-02-27 22:49:18,701 utils (0.001) INSERT INTO "pong_gamedata" ("player1_name", "player1_points", "player2_name", "player2_points", "game_end_timestamp", "game_duration_secs", "is_tournament_game") VALUES ('Player 5', 6, 'Player 8', 11, '2023-11-06T00:52:18.690343+01:00'::timestamptz, 394, true) RETURNING "pong_gamedata"."id"; args=('Player 5', 6, 'Player 8', 11, datetime.datetime(2023, 11, 6, 0, 52, 18, 690343, tzinfo=<DstTzInfo 'Europe/Paris' CET+1:00:00 STD>), 394, True); alias=default
DEBUG 2024-02-27 22:49:18,702 utils (0.001) INSERT INTO "pong_gamedata" ("player1_name", "player1_points", "player2_name", "player2_points", "game_end_timestamp", "game_duration_secs", "is_tournament_game") VALUES ('Player 12', 11, 'Player 8', 4, '2023-11-06T00:52:50.690343+01:00'::timestamptz, 711, true) RETURNING "pong_gamedata"."id"; args=('Player 12', 11, 'Player 8', 4, datetime.datetime(2023, 11, 6, 0, 52, 50, 690343, tzinfo=<DstTzInfo 'Europe/Paris' CET+1:00:00 STD>), 711, True); alias=default
DEBUG 2024-02-27 22:49:18,703 utils (0.000) INSERT INTO "pong_tournamentdata" ("tour_id", "match_id_semi_1", "match_id_semi_2", "match_id_final", "tournament_end_timestamp", "tournament_duration_secs", "player_ranking", "blockchain_hash") VALUES (0, 2402, 2403, 2404, '2023-11-06T00:52:50.690343+01:00'::timestamptz, 890, '["Player 12", "Player 8", "Player 7", "Player 5"]', '0x0') RETURNING "pong_tournamentdata"."id"; args=(0, 2402, 2403, 2404, datetime.datetime(2023, 11, 6, 0, 52, 50, 690343, tzinfo=<DstTzInfo 'Europe/Paris' CET+1:00:00 STD>), 890, <psycopg2._json.Json object at 0x7f83db72da60>, '0x0'); alias=default
DEBUG 2024-02-27 22:49:18,704 utils (0.000) SELECT COUNT(*) AS "__count" FROM "pong_gamedata"; args=(); alias=default
DEBUG 2024-02-27 22:49:18,705 utils (0.000) SELECT COUNT(*) AS "__count" FROM "pong_tournamentdata"; args=(); alias=default
DEBUG 2024-02-27 22:49:18,705 utils (0.000) SELECT "django_content_type"."id", "django_content_type"."app_label", "django_content_type"."model" FROM "django_content_type" WHERE "django_content_type"."app_label" = 'sessions'; args=('sessions',); alias=default
DEBUG 2024-02-27 22:49:18,706 utils (0.000) SELECT "django_content_type"."id", "django_content_type"."app_label", "django_content_type"."model" FROM "django_content_type" WHERE ("django_content_type"."app_label" = 'sessions' AND "django_content_type"."model" = 'session') LIMIT 21; args=('sessions', 'session'); alias=default
DEBUG 2024-02-27 22:49:18,708 utils (0.000) SELECT "auth_permission"."content_type_id", "auth_permission"."codename" FROM "auth_permission" INNER JOIN "django_content_type" ON ("auth_permission"."content_type_id" = "django_content_type"."id") WHERE "auth_permission"."content_type_id" IN (6) ORDER BY "django_content_type"."app_label" ASC, "django_content_type"."model" ASC, "auth_permission"."codename" ASC; args=(6,); alias=default
DEBUG 2024-02-27 22:49:18,709 utils (0.000) SELECT "django_content_type"."id", "django_content_type"."app_label", "django_content_type"."model" FROM "django_content_type" WHERE "django_content_type"."app_label" = 'sessions'; args=('sessions',); alias=default
DEBUG 2024-02-27 22:49:18,710 utils (0.000) SELECT COUNT(*) AS "__count" FROM "pong_gamedata"; args=(); alias=default
DEBUG 2024-02-27 22:49:18,711 utils (0.000) SELECT COUNT(*) AS "__count" FROM "pong_tournamentdata"; args=(); alias=default
DEBUG 2024-02-27 22:49:18,713 utils (0.001) SELECT COUNT(*) AS "__count" FROM "pong_gamedata"; args=(); alias=default
DEBUG 2024-02-27 22:49:18,715 utils (0.000) SELECT COUNT(*) AS "__count" FROM "pong_tournamentdata"; args=(); alias=default
DEBUG 2024-02-27 22:49:18,716 utils (0.001) INSERT INTO "pong_gamedata" ("player1_name", "player1_points", "player2_name", "player2_points", "game_end_timestamp", "game_duration_secs", "is_tournament_game") VALUES ('Player 7', 2, 'Player 10', 11, '2023-11-22T12:12:29.712147+01:00'::timestamptz, 796, true) RETURNING "pong_gamedata"."id"; args=('Player 7', 2, 'Player 10', 11, datetime.datetime(2023, 11, 22, 12, 12, 29, 712147, tzinfo=<DstTzInfo 'Europe/Paris' CET+1:00:00 STD>), 796, True); alias=default
DEBUG 2024-02-27 22:49:18,717 utils (0.001) INSERT INTO "pong_gamedata" ("player1_name", "player1_points", "player2_name", "player2_points", "game_end_timestamp", "game_duration_secs", "is_tournament_game") VALUES ('Player 14', 3, 'Player 6', 11, '2023-11-22T12:11:34.712147+01:00'::timestamptz, 103, true) RETURNING "pong_gamedata"."id"; args=('Player 14', 3, 'Player 6', 11, datetime.datetime(2023, 11, 22, 12, 11, 34, 712147, tzinfo=<DstTzInfo 'Europe/Paris' CET+1:00:00 STD>), 103, True); alias=default
DEBUG 2024-02-27 22:49:18,719 utils (0.001) INSERT INTO "pong_gamedata" ("player1_name", "player1_points", "player2_name", "player2_points", "game_end_timestamp", "game_duration_secs", "is_tournament_game") VALUES ('Player 10', 11, 'Player 6', 3, '2023-11-22T12:15:25.712147+01:00'::timestamptz, 421, true) RETURNING "pong_gamedata"."id"; args=('Player 10', 11, 'Player 6', 3, datetime.datetime(2023, 11, 22, 12, 15, 25, 712147, tzinfo=<DstTzInfo 'Europe/Paris' CET+1:00:00 STD>), 421, True); alias=default
DEBUG 2024-02-27 22:49:18,719 utils (0.000) INSERT INTO "pong_tournamentdata" ("tour_id", "match_id_semi_1", "match_id_semi_2", "match_id_final", "tournament_end_timestamp", "tournament_duration_secs", "player_ranking", "blockchain_hash") VALUES (0, 2405, 2406, 2407, '2023-11-22T12:15:25.712147+01:00'::timestamptz, 972, '["Player 10", "Player 6", "Player 7", "Player 14"]', '0x0') RETURNING "pong_tournamentdata"."id"; args=(0, 2405, 2406, 2407, datetime.datetime(2023, 11, 22, 12, 15, 25, 712147, tzinfo=<DstTzInfo 'Europe/Paris' CET+1:00:00 STD>), 972, <psycopg2._json.Json object at 0x7f83db72ea80>, '0x0'); alias=default
DEBUG 2024-02-27 22:49:18,721 utils (0.001) INSERT INTO "pong_gamedata" ("player1_name", "player1_points", "player2_name", "player2_points", "game_end_timestamp", "game_duration_secs", "is_tournament_game") VALUES ('Player 6', 11, 'Player 5', 9, '2023-11-25T13:00:39.712147+01:00'::timestamptz, 764, true) RETURNING "pong_gamedata"."id"; args=('Player 6', 11, 'Player 5', 9, datetime.datetime(2023, 11, 25, 13, 0, 39, 712147, tzinfo=<DstTzInfo 'Europe/Paris' CET+1:00:00 STD>), 764, True); alias=default
DEBUG 2024-02-27 22:49:18,722 utils (0.001) INSERT INTO "pong_gamedata" ("player1_name", "player1_points", "player2_name", "player2_points", "game_end_timestamp", "game_duration_secs", "is_tournament_game") VALUES ('Player 1', 11, 'Player 4', 2, '2023-11-25T12:49:27.712147+01:00'::timestamptz, 196, true) RETURNING "pong_gamedata"."id"; args=('Player 1', 11, 'Player 4', 2, datetime.datetime(2023, 11, 25, 12, 49, 27, 712147, tzinfo=<DstTzInfo 'Europe/Paris' CET+1:00:00 STD>), 196, True); alias=default
DEBUG 2024-02-27 22:49:18,724 utils (0.001) INSERT INTO "pong_gamedata" ("player1_name", "player1_points", "player2_name", "player2_points", "game_end_timestamp", "game_duration_secs", "is_tournament_game") VALUES ('Player 6', 11, 'Player 1', 10, '2023-11-25T13:01:08.712147+01:00'::timestamptz, 889, true) RETURNING "pong_gamedata"."id"; args=('Player 6', 11, 'Player 1', 10, datetime.datetime(2023, 11, 25, 13, 1, 8, 712147, tzinfo=<DstTzInfo 'Europe/Paris' CET+1:00:00 STD>), 889, True); alias=default
DEBUG 2024-02-27 22:49:18,724 utils (0.000) INSERT INTO "pong_tournamentdata" ("tour_id", "match_id_semi_1", "match_id_semi_2", "match_id_final", "tournament_end_timestamp", "tournament_duration_secs", "player_ranking", "blockchain_hash") VALUES (0, 2408, 2409, 2410, '2023-11-25T13:01:08.712147+01:00'::timestamptz, 897, '["Player 6", "Player 1", "Player 5", "Player 4"]', '0x0') RETURNING "pong_tournamentdata"."id"; args=(0, 2408, 2409, 2410, datetime.datetime(2023, 11, 25, 13, 1, 8, 712147, tzinfo=<DstTzInfo 'Europe/Paris' CET+1:00:00 STD>), 897, <psycopg2._json.Json object at 0x7f83db72ef90>, '0x0'); alias=default
DEBUG 2024-02-27 22:49:18,726 utils (0.000) SELECT COUNT(*) AS "__count" FROM "pong_gamedata"; args=(); alias=default
DEBUG 2024-02-27 22:49:18,727 utils (0.000) SELECT COUNT(*) AS "__count" FROM "pong_tournamentdata"; args=(); alias=default
DEBUG 2024-02-27 22:49:18,728 utils (0.000) SELECT "django_content_type"."id", "django_content_type"."app_label", "django_content_type"."model" FROM "django_content_type" WHERE "django_content_type"."app_label" = 'pong'; args=('pong',); alias=default
DEBUG 2024-02-27 22:49:18,730 utils (0.000) SELECT "django_content_type"."id", "django_content_type"."app_label", "django_content_type"."model" FROM "django_content_type" WHERE ("django_content_type"."app_label" = 'pong' AND "django_content_type"."model" = 'gamedata') LIMIT 21; args=('pong', 'gamedata'); alias=default
DEBUG 2024-02-27 22:49:18,732 utils (0.000) SELECT "django_content_type"."id", "django_content_type"."app_label", "django_content_type"."model" FROM "django_content_type" WHERE ("django_content_type"."app_label" = 'pong' AND "django_content_type"."model" = 'tournamentdata') LIMIT 21; args=('pong', 'tournamentdata'); alias=default
DEBUG 2024-02-27 22:49:18,733 utils (0.000) SELECT "auth_permission"."content_type_id", "auth_permission"."codename" FROM "auth_permission" INNER JOIN "django_content_type" ON ("auth_permission"."content_type_id" = "django_content_type"."id") WHERE "auth_permission"."content_type_id" IN (8, 7) ORDER BY "django_content_type"."app_label" ASC, "django_content_type"."model" ASC, "auth_permission"."codename" ASC; args=(8, 7); alias=default
DEBUG 2024-02-27 22:49:18,734 utils (0.000) SELECT "django_content_type"."id", "django_content_type"."app_label", "django_content_type"."model" FROM "django_content_type" WHERE "django_content_type"."app_label" = 'pong'; args=('pong',); alias=default
DEBUG 2024-02-27 22:49:18,735 utils (0.000) SELECT COUNT(*) AS "__count" FROM "pong_gamedata"; args=(); alias=default
DEBUG 2024-02-27 22:49:18,736 utils (0.000) SELECT COUNT(*) AS "__count" FROM "pong_tournamentdata"; args=(); alias=default
DEBUG 2024-02-27 22:49:18,736 utils (0.000) SELECT COUNT(*) AS "__count" FROM "pong_gamedata"; args=(); alias=default
DEBUG 2024-02-27 22:49:18,737 utils (0.000) SELECT COUNT(*) AS "__count" FROM "pong_tournamentdata"; args=(); alias=default
DEBUG 2024-02-27 22:49:18,739 utils (0.001) INSERT INTO "pong_gamedata" ("player1_name", "player1_points", "player2_name", "player2_points", "game_end_timestamp", "game_duration_secs", "is_tournament_game") VALUES ('Player 0', 11, 'Player 10', 9, '2023-12-18T18:38:26.736234+01:00'::timestamptz, 660, true) RETURNING "pong_gamedata"."id"; args=('Player 0', 11, 'Player 10', 9, datetime.datetime(2023, 12, 18, 18, 38, 26, 736234, tzinfo=<DstTzInfo 'Europe/Paris' CET+1:00:00 STD>), 660, True); alias=default
DEBUG 2024-02-27 22:49:18,740 utils (0.001) INSERT INTO "pong_gamedata" ("player1_name", "player1_points", "player2_name", "player2_points", "game_end_timestamp", "game_duration_secs", "is_tournament_game") VALUES ('Player 7', 11, 'Player 15', 6, '2023-12-18T18:31:08.736234+01:00'::timestamptz, 473, true) RETURNING "pong_gamedata"."id"; args=('Player 7', 11, 'Player 15', 6, datetime.datetime(2023, 12, 18, 18, 31, 8, 736234, tzinfo=<DstTzInfo 'Europe/Paris' CET+1:00:00 STD>), 473, True); alias=default
DEBUG 2024-02-27 22:49:18,741 utils (0.001) INSERT INTO "pong_gamedata" ("player1_name", "player1_points", "player2_name", "player2_points", "game_end_timestamp", "game_duration_secs", "is_tournament_game") VALUES ('Player 0', 11, 'Player 7', 8, '2023-12-18T18:39:01.736234+01:00'::timestamptz, 66, true) RETURNING "pong_gamedata"."id"; args=('Player 0', 11, 'Player 7', 8, datetime.datetime(2023, 12, 18, 18, 39, 1, 736234, tzinfo=<DstTzInfo 'Europe/Paris' CET+1:00:00 STD>), 66, True); alias=default
DEBUG 2024-02-27 22:49:18,742 utils (0.000) INSERT INTO "pong_tournamentdata" ("tour_id", "match_id_semi_1", "match_id_semi_2", "match_id_final", "tournament_end_timestamp", "tournament_duration_secs", "player_ranking", "blockchain_hash") VALUES (0, 2411, 2412, 2413, '2023-12-18T18:39:01.736234+01:00'::timestamptz, 946, '["Player 0", "Player 7", "Player 10", "Player 15"]', '0x0') RETURNING "pong_tournamentdata"."id"; args=(0, 2411, 2412, 2413, datetime.datetime(2023, 12, 18, 18, 39, 1, 736234, tzinfo=<DstTzInfo 'Europe/Paris' CET+1:00:00 STD>), 946, <psycopg2._json.Json object at 0x7f83db72efc0>, '0x0'); alias=default
DEBUG 2024-02-27 22:49:18,744 utils (0.001) INSERT INTO "pong_gamedata" ("player1_name", "player1_points", "player2_name", "player2_points", "game_end_timestamp", "game_duration_secs", "is_tournament_game") VALUES ('Player 2', 3, 'Player 6', 11, '2024-02-27T05:59:27.736234+01:00'::timestamptz, 750, true) RETURNING "pong_gamedata"."id"; args=('Player 2', 3, 'Player 6', 11, datetime.datetime(2024, 2, 27, 5, 59, 27, 736234, tzinfo=<DstTzInfo 'Europe/Paris' CET+1:00:00 STD>), 750, True); alias=default
DEBUG 2024-02-27 22:49:18,745 utils (0.001) INSERT INTO "pong_gamedata" ("player1_name", "player1_points", "player2_name", "player2_points", "game_end_timestamp", "game_duration_secs", "is_tournament_game") VALUES ('Player 1', 6, 'Player 4', 11, '2024-02-27T06:00:49.736234+01:00'::timestamptz, 25, true) RETURNING "pong_gamedata"."id"; args=('Player 1', 6, 'Player 4', 11, datetime.datetime(2024, 2, 27, 6, 0, 49, 736234, tzinfo=<DstTzInfo 'Europe/Paris' CET+1:00:00 STD>), 25, True); alias=default
DEBUG 2024-02-27 22:49:18,747 utils (0.001) INSERT INTO "pong_gamedata" ("player1_name", "player1_points", "player2_name", "player2_points", "game_end_timestamp", "game_duration_secs", "is_tournament_game") VALUES ('Player 6', 7, 'Player 4', 11, '2024-02-27T06:02:26.736234+01:00'::timestamptz, 208, true) RETURNING "pong_gamedata"."id"; args=('Player 6', 7, 'Player 4', 11, datetime.datetime(2024, 2, 27, 6, 2, 26, 736234, tzinfo=<DstTzInfo 'Europe/Paris' CET+1:00:00 STD>), 208, True); alias=default
DEBUG 2024-02-27 22:49:18,748 utils (0.000) INSERT INTO "pong_tournamentdata" ("tour_id", "match_id_semi_1", "match_id_semi_2", "match_id_final", "tournament_end_timestamp", "tournament_duration_secs", "player_ranking", "blockchain_hash") VALUES (0, 2414, 2415, 2416, '2024-02-27T06:02:26.736234+01:00'::timestamptz, 929, '["Player 4", "Player 6", "Player 2", "Player 1"]', '0x0') RETURNING "pong_tournamentdata"."id"; args=(0, 2414, 2415, 2416, datetime.datetime(2024, 2, 27, 6, 2, 26, 736234, tzinfo=<DstTzInfo 'Europe/Paris' CET+1:00:00 STD>), 929, <psycopg2._json.Json object at 0x7f83db72f800>, '0x0'); alias=default
DEBUG 2024-02-27 22:49:18,749 utils (0.000) SELECT COUNT(*) AS "__count" FROM "pong_gamedata"; args=(); alias=default
DEBUG 2024-02-27 22:49:18,750 utils (0.000) SELECT COUNT(*) AS "__count" FROM "pong_tournamentdata"; args=(); alias=default
