DEBUG 2024-02-27 23:24:05,048 utils (0.002) 
            SELECT
                c.relname,
                CASE
                    WHEN c.relispartition THEN 'p'
                    WHEN c.relkind IN ('m', 'v') THEN 'v'
                    ELSE 't'
                END,
                obj_description(c.oid, 'pg_class')
            FROM pg_catalog.pg_class c
            LEFT JOIN pg_catalog.pg_namespace n ON n.oid = c.relnamespace
            WHERE c.relkind IN ('f', 'm', 'p', 'r', 'v')
                AND n.nspname NOT IN ('pg_catalog', 'pg_toast')
                AND pg_catalog.pg_table_is_visible(c.oid)
        ; args=None; alias=default
DEBUG 2024-02-27 23:24:05,051 utils (0.000) SELECT "django_migrations"."id", "django_migrations"."app", "django_migrations"."name", "django_migrations"."applied" FROM "django_migrations"; args=(); alias=default
DEBUG 2024-02-27 23:24:05,052 utils (0.001) 
            SELECT
                c.relname,
                CASE
                    WHEN c.relispartition THEN 'p'
                    WHEN c.relkind IN ('m', 'v') THEN 'v'
                    ELSE 't'
                END,
                obj_description(c.oid, 'pg_class')
            FROM pg_catalog.pg_class c
            LEFT JOIN pg_catalog.pg_namespace n ON n.oid = c.relnamespace
            WHERE c.relkind IN ('f', 'm', 'p', 'r', 'v')
                AND n.nspname NOT IN ('pg_catalog', 'pg_toast')
                AND pg_catalog.pg_table_is_visible(c.oid)
        ; args=None; alias=default
DEBUG 2024-02-27 23:24:05,053 utils (0.000) SELECT "django_migrations"."id", "django_migrations"."app", "django_migrations"."name", "django_migrations"."applied" FROM "django_migrations"; args=(); alias=default
DEBUG 2024-02-27 23:24:05,068 utils (0.001) 
            SELECT
                c.relname,
                CASE
                    WHEN c.relispartition THEN 'p'
                    WHEN c.relkind IN ('m', 'v') THEN 'v'
                    ELSE 't'
                END,
                obj_description(c.oid, 'pg_class')
            FROM pg_catalog.pg_class c
            LEFT JOIN pg_catalog.pg_namespace n ON n.oid = c.relnamespace
            WHERE c.relkind IN ('f', 'm', 'p', 'r', 'v')
                AND n.nspname NOT IN ('pg_catalog', 'pg_toast')
                AND pg_catalog.pg_table_is_visible(c.oid)
        ; args=None; alias=default
DEBUG 2024-02-27 23:24:05,069 utils (0.001) 
            SELECT
                c.relname,
                CASE
                    WHEN c.relispartition THEN 'p'
                    WHEN c.relkind IN ('m', 'v') THEN 'v'
                    ELSE 't'
                END,
                obj_description(c.oid, 'pg_class')
            FROM pg_catalog.pg_class c
            LEFT JOIN pg_catalog.pg_namespace n ON n.oid = c.relnamespace
            WHERE c.relkind IN ('f', 'm', 'p', 'r', 'v')
                AND n.nspname NOT IN ('pg_catalog', 'pg_toast')
                AND pg_catalog.pg_table_is_visible(c.oid)
        ; args=None; alias=default
DEBUG 2024-02-27 23:24:05,069 utils (0.000) SELECT "django_migrations"."id", "django_migrations"."app", "django_migrations"."name", "django_migrations"."applied" FROM "django_migrations"; args=(); alias=default
DEBUG 2024-02-27 23:24:05,071 utils (0.001) SELECT "django_content_type"."id", "django_content_type"."app_label", "django_content_type"."model" FROM "django_content_type" WHERE "django_content_type"."app_label" = 'admin'; args=('admin',); alias=default
DEBUG 2024-02-27 23:24:05,072 utils (0.000) SELECT "django_content_type"."id", "django_content_type"."app_label", "django_content_type"."model" FROM "django_content_type" WHERE ("django_content_type"."app_label" = 'admin' AND "django_content_type"."model" = 'logentry') LIMIT 21; args=('admin', 'logentry'); alias=default
DEBUG 2024-02-27 23:24:05,074 utils (0.001) SELECT "auth_permission"."content_type_id", "auth_permission"."codename" FROM "auth_permission" INNER JOIN "django_content_type" ON ("auth_permission"."content_type_id" = "django_content_type"."id") WHERE "auth_permission"."content_type_id" IN (1) ORDER BY "django_content_type"."app_label" ASC, "django_content_type"."model" ASC, "auth_permission"."codename" ASC; args=(1,); alias=default
DEBUG 2024-02-27 23:24:05,076 utils (0.000) SELECT "django_content_type"."id", "django_content_type"."app_label", "django_content_type"."model" FROM "django_content_type" WHERE "django_content_type"."app_label" = 'admin'; args=('admin',); alias=default
DEBUG 2024-02-27 23:24:05,078 utils (0.001) SELECT COUNT(*) AS "__count" FROM "pong_gamedata"; args=(); alias=default
DEBUG 2024-02-27 23:24:05,079 utils (0.000) SELECT COUNT(*) AS "__count" FROM "pong_tournamentdata"; args=(); alias=default
DEBUG 2024-02-27 23:24:05,080 utils (0.000) SELECT COUNT(*) AS "__count" FROM "pong_gamedata"; args=(); alias=default
DEBUG 2024-02-27 23:24:05,081 utils (0.000) SELECT COUNT(*) AS "__count" FROM "pong_tournamentdata"; args=(); alias=default
DEBUG 2024-02-27 23:24:05,115 utils (0.010) INSERT INTO "pong_gamedata" ("player1_name", "player1_points", "player2_name", "player2_points", "game_end_timestamp", "game_duration_secs", "is_tournament_game") VALUES ('Player 8', 11, 'Player 1', 10, '2024-02-11T15:17:42.079722+01:00'::timestamptz, 316, true) RETURNING "pong_gamedata"."id"; args=('Player 8', 11, 'Player 1', 10, datetime.datetime(2024, 2, 11, 15, 17, 42, 79722, tzinfo=<DstTzInfo 'Europe/Paris' CET+1:00:00 STD>), 316, True); alias=default
DEBUG 2024-02-27 23:24:05,123 utils (0.007) INSERT INTO "pong_gamedata" ("player1_name", "player1_points", "player2_name", "player2_points", "game_end_timestamp", "game_duration_secs", "is_tournament_game") VALUES ('Player 13', 11, 'Player 4', 6, '2024-02-11T15:24:56.079722+01:00'::timestamptz, 814, true) RETURNING "pong_gamedata"."id"; args=('Player 13', 11, 'Player 4', 6, datetime.datetime(2024, 2, 11, 15, 24, 56, 79722, tzinfo=<DstTzInfo 'Europe/Paris' CET+1:00:00 STD>), 814, True); alias=default
DEBUG 2024-02-27 23:24:05,132 utils (0.009) INSERT INTO "pong_gamedata" ("player1_name", "player1_points", "player2_name", "player2_points", "game_end_timestamp", "game_duration_secs", "is_tournament_game") VALUES ('Player 8', 11, 'Player 13', 2, '2024-02-11T15:26:05.079722+01:00'::timestamptz, 599, true) RETURNING "pong_gamedata"."id"; args=('Player 8', 11, 'Player 13', 2, datetime.datetime(2024, 2, 11, 15, 26, 5, 79722, tzinfo=<DstTzInfo 'Europe/Paris' CET+1:00:00 STD>), 599, True); alias=default
DEBUG 2024-02-27 23:24:05,134 utils (0.001) INSERT INTO "pong_tournamentdata" ("tour_id", "match_id_semi_1", "match_id_semi_2", "match_id_final", "tournament_end_timestamp", "tournament_duration_secs", "player_ranking", "blockchain_hash") VALUES (0, 2460, 2461, 2462, '2024-02-11T15:26:05.079722+01:00'::timestamptz, 883, '["Player 8", "Player 13", "Player 1", "Player 4"]', '0x0') RETURNING "pong_tournamentdata"."id"; args=(0, 2460, 2461, 2462, datetime.datetime(2024, 2, 11, 15, 26, 5, 79722, tzinfo=<DstTzInfo 'Europe/Paris' CET+1:00:00 STD>), 883, <psycopg2._json.Json object at 0x7f4d3716aa80>, '0x0'); alias=default
DEBUG 2024-02-27 23:24:05,136 utils (0.001) INSERT INTO "pong_gamedata" ("player1_name", "player1_points", "player2_name", "player2_points", "game_end_timestamp", "game_duration_secs", "is_tournament_game") VALUES ('Player 12', 7, 'Player 1', 11, '2024-02-22T15:05:19.079722+01:00'::timestamptz, 18, true) RETURNING "pong_gamedata"."id"; args=('Player 12', 7, 'Player 1', 11, datetime.datetime(2024, 2, 22, 15, 5, 19, 79722, tzinfo=<DstTzInfo 'Europe/Paris' CET+1:00:00 STD>), 18, True); alias=default
DEBUG 2024-02-27 23:24:05,138 utils (0.001) INSERT INTO "pong_gamedata" ("player1_name", "player1_points", "player2_name", "player2_points", "game_end_timestamp", "game_duration_secs", "is_tournament_game") VALUES ('Player 7', 4, 'Player 10', 11, '2024-02-22T15:14:35.079722+01:00'::timestamptz, 506, true) RETURNING "pong_gamedata"."id"; args=('Player 7', 4, 'Player 10', 11, datetime.datetime(2024, 2, 22, 15, 14, 35, 79722, tzinfo=<DstTzInfo 'Europe/Paris' CET+1:00:00 STD>), 506, True); alias=default
DEBUG 2024-02-27 23:24:05,140 utils (0.001) INSERT INTO "pong_gamedata" ("player1_name", "player1_points", "player2_name", "player2_points", "game_end_timestamp", "game_duration_secs", "is_tournament_game") VALUES ('Player 1', 0, 'Player 10', 11, '2024-02-22T15:17:16.079722+01:00'::timestamptz, 664, true) RETURNING "pong_gamedata"."id"; args=('Player 1', 0, 'Player 10', 11, datetime.datetime(2024, 2, 22, 15, 17, 16, 79722, tzinfo=<DstTzInfo 'Europe/Paris' CET+1:00:00 STD>), 664, True); alias=default
DEBUG 2024-02-27 23:24:05,141 utils (0.001) INSERT INTO "pong_tournamentdata" ("tour_id", "match_id_semi_1", "match_id_semi_2", "match_id_final", "tournament_end_timestamp", "tournament_duration_secs", "player_ranking", "blockchain_hash") VALUES (0, 2463, 2464, 2465, '2024-02-22T15:17:16.079722+01:00'::timestamptz, 735, '["Player 10", "Player 1", "Player 12", "Player 7"]', '0x0') RETURNING "pong_tournamentdata"."id"; args=(0, 2463, 2464, 2465, datetime.datetime(2024, 2, 22, 15, 17, 16, 79722, tzinfo=<DstTzInfo 'Europe/Paris' CET+1:00:00 STD>), 735, <psycopg2._json.Json object at 0x7f4d3716b4d0>, '0x0'); alias=default
DEBUG 2024-02-27 23:24:05,143 utils (0.001) SELECT COUNT(*) AS "__count" FROM "pong_gamedata"; args=(); alias=default
DEBUG 2024-02-27 23:24:05,145 utils (0.001) SELECT COUNT(*) AS "__count" FROM "pong_tournamentdata"; args=(); alias=default
DEBUG 2024-02-27 23:24:05,147 utils (0.000) SELECT "django_content_type"."id", "django_content_type"."app_label", "django_content_type"."model" FROM "django_content_type" WHERE "django_content_type"."app_label" = 'auth'; args=('auth',); alias=default
DEBUG 2024-02-27 23:24:05,149 utils (0.001) SELECT "django_content_type"."id", "django_content_type"."app_label", "django_content_type"."model" FROM "django_content_type" WHERE ("django_content_type"."app_label" = 'auth' AND "django_content_type"."model" = 'permission') LIMIT 21; args=('auth', 'permission'); alias=default
DEBUG 2024-02-27 23:24:05,150 utils (0.000) SELECT "django_content_type"."id", "django_content_type"."app_label", "django_content_type"."model" FROM "django_content_type" WHERE ("django_content_type"."app_label" = 'auth' AND "django_content_type"."model" = 'group') LIMIT 21; args=('auth', 'group'); alias=default
DEBUG 2024-02-27 23:24:05,151 utils (0.000) SELECT "django_content_type"."id", "django_content_type"."app_label", "django_content_type"."model" FROM "django_content_type" WHERE ("django_content_type"."app_label" = 'auth' AND "django_content_type"."model" = 'user') LIMIT 21; args=('auth', 'user'); alias=default
DEBUG 2024-02-27 23:24:05,154 utils (0.001) SELECT "auth_permission"."content_type_id", "auth_permission"."codename" FROM "auth_permission" INNER JOIN "django_content_type" ON ("auth_permission"."content_type_id" = "django_content_type"."id") WHERE "auth_permission"."content_type_id" IN (2, 3, 4) ORDER BY "django_content_type"."app_label" ASC, "django_content_type"."model" ASC, "auth_permission"."codename" ASC; args=(2, 3, 4); alias=default
DEBUG 2024-02-27 23:24:05,156 utils (0.000) SELECT "django_content_type"."id", "django_content_type"."app_label", "django_content_type"."model" FROM "django_content_type" WHERE "django_content_type"."app_label" = 'auth'; args=('auth',); alias=default
DEBUG 2024-02-27 23:24:05,158 utils (0.001) SELECT COUNT(*) AS "__count" FROM "pong_gamedata"; args=(); alias=default
DEBUG 2024-02-27 23:24:05,160 utils (0.001) SELECT COUNT(*) AS "__count" FROM "pong_tournamentdata"; args=(); alias=default
DEBUG 2024-02-27 23:24:05,162 utils (0.000) SELECT COUNT(*) AS "__count" FROM "pong_gamedata"; args=(); alias=default
DEBUG 2024-02-27 23:24:05,163 utils (0.000) SELECT COUNT(*) AS "__count" FROM "pong_tournamentdata"; args=(); alias=default
DEBUG 2024-02-27 23:24:05,165 utils (0.001) INSERT INTO "pong_gamedata" ("player1_name", "player1_points", "player2_name", "player2_points", "game_end_timestamp", "game_duration_secs", "is_tournament_game") VALUES ('Player 0', 8, 'Player 14', 11, '2023-11-11T08:52:55.160737+01:00'::timestamptz, 948, true) RETURNING "pong_gamedata"."id"; args=('Player 0', 8, 'Player 14', 11, datetime.datetime(2023, 11, 11, 8, 52, 55, 160737, tzinfo=<DstTzInfo 'Europe/Paris' CET+1:00:00 STD>), 948, True); alias=default
DEBUG 2024-02-27 23:24:05,166 utils (0.001) INSERT INTO "pong_gamedata" ("player1_name", "player1_points", "player2_name", "player2_points", "game_end_timestamp", "game_duration_secs", "is_tournament_game") VALUES ('Player 13', 8, 'Player 11', 11, '2023-11-11T08:48:15.160737+01:00'::timestamptz, 655, true) RETURNING "pong_gamedata"."id"; args=('Player 13', 8, 'Player 11', 11, datetime.datetime(2023, 11, 11, 8, 48, 15, 160737, tzinfo=<DstTzInfo 'Europe/Paris' CET+1:00:00 STD>), 655, True); alias=default
DEBUG 2024-02-27 23:24:05,167 utils (0.001) INSERT INTO "pong_gamedata" ("player1_name", "player1_points", "player2_name", "player2_points", "game_end_timestamp", "game_duration_secs", "is_tournament_game") VALUES ('Player 14', 8, 'Player 11', 11, '2023-11-11T08:53:31.160737+01:00'::timestamptz, 423, true) RETURNING "pong_gamedata"."id"; args=('Player 14', 8, 'Player 11', 11, datetime.datetime(2023, 11, 11, 8, 53, 31, 160737, tzinfo=<DstTzInfo 'Europe/Paris' CET+1:00:00 STD>), 423, True); alias=default
DEBUG 2024-02-27 23:24:05,168 utils (0.000) INSERT INTO "pong_tournamentdata" ("tour_id", "match_id_semi_1", "match_id_semi_2", "match_id_final", "tournament_end_timestamp", "tournament_duration_secs", "player_ranking", "blockchain_hash") VALUES (0, 2466, 2467, 2468, '2023-11-11T08:53:31.160737+01:00'::timestamptz, 984, '["Player 11", "Player 14", "Player 0", "Player 13"]', '0x0') RETURNING "pong_tournamentdata"."id"; args=(0, 2466, 2467, 2468, datetime.datetime(2023, 11, 11, 8, 53, 31, 160737, tzinfo=<DstTzInfo 'Europe/Paris' CET+1:00:00 STD>), 984, <psycopg2._json.Json object at 0x7f4d3716b650>, '0x0'); alias=default
DEBUG 2024-02-27 23:24:05,170 utils (0.001) INSERT INTO "pong_gamedata" ("player1_name", "player1_points", "player2_name", "player2_points", "game_end_timestamp", "game_duration_secs", "is_tournament_game") VALUES ('Player 7', 8, 'Player 11', 11, '2023-11-26T21:37:55.160737+01:00'::timestamptz, 959, true) RETURNING "pong_gamedata"."id"; args=('Player 7', 8, 'Player 11', 11, datetime.datetime(2023, 11, 26, 21, 37, 55, 160737, tzinfo=<DstTzInfo 'Europe/Paris' CET+1:00:00 STD>), 959, True); alias=default
DEBUG 2024-02-27 23:24:05,172 utils (0.001) INSERT INTO "pong_gamedata" ("player1_name", "player1_points", "player2_name", "player2_points", "game_end_timestamp", "game_duration_secs", "is_tournament_game") VALUES ('Player 13', 5, 'Player 9', 11, '2023-11-26T21:28:47.160737+01:00'::timestamptz, 339, true) RETURNING "pong_gamedata"."id"; args=('Player 13', 5, 'Player 9', 11, datetime.datetime(2023, 11, 26, 21, 28, 47, 160737, tzinfo=<DstTzInfo 'Europe/Paris' CET+1:00:00 STD>), 339, True); alias=default
DEBUG 2024-02-27 23:24:05,174 utils (0.001) INSERT INTO "pong_gamedata" ("player1_name", "player1_points", "player2_name", "player2_points", "game_end_timestamp", "game_duration_secs", "is_tournament_game") VALUES ('Player 11', 5, 'Player 9', 11, '2023-11-26T21:38:25.160737+01:00'::timestamptz, 867, true) RETURNING "pong_gamedata"."id"; args=('Player 11', 5, 'Player 9', 11, datetime.datetime(2023, 11, 26, 21, 38, 25, 160737, tzinfo=<DstTzInfo 'Europe/Paris' CET+1:00:00 STD>), 867, True); alias=default
DEBUG 2024-02-27 23:24:05,175 utils (0.001) INSERT INTO "pong_tournamentdata" ("tour_id", "match_id_semi_1", "match_id_semi_2", "match_id_final", "tournament_end_timestamp", "tournament_duration_secs", "player_ranking", "blockchain_hash") VALUES (0, 2469, 2470, 2471, '2023-11-26T21:38:25.160737+01:00'::timestamptz, 989, '["Player 9", "Player 11", "Player 7", "Player 13"]', '0x0') RETURNING "pong_tournamentdata"."id"; args=(0, 2469, 2470, 2471, datetime.datetime(2023, 11, 26, 21, 38, 25, 160737, tzinfo=<DstTzInfo 'Europe/Paris' CET+1:00:00 STD>), 989, <psycopg2._json.Json object at 0x7f4d36f94c80>, '0x0'); alias=default
DEBUG 2024-02-27 23:24:05,177 utils (0.001) SELECT COUNT(*) AS "__count" FROM "pong_gamedata"; args=(); alias=default
DEBUG 2024-02-27 23:24:05,178 utils (0.000) SELECT COUNT(*) AS "__count" FROM "pong_tournamentdata"; args=(); alias=default
DEBUG 2024-02-27 23:24:05,179 utils (0.000) SELECT "django_content_type"."id", "django_content_type"."app_label", "django_content_type"."model" FROM "django_content_type" WHERE "django_content_type"."app_label" = 'contenttypes'; args=('contenttypes',); alias=default
DEBUG 2024-02-27 23:24:05,181 utils (0.000) SELECT "django_content_type"."id", "django_content_type"."app_label", "django_content_type"."model" FROM "django_content_type" WHERE ("django_content_type"."app_label" = 'contenttypes' AND "django_content_type"."model" = 'contenttype') LIMIT 21; args=('contenttypes', 'contenttype'); alias=default
DEBUG 2024-02-27 23:24:05,182 utils (0.000) SELECT "auth_permission"."content_type_id", "auth_permission"."codename" FROM "auth_permission" INNER JOIN "django_content_type" ON ("auth_permission"."content_type_id" = "django_content_type"."id") WHERE "auth_permission"."content_type_id" IN (5) ORDER BY "django_content_type"."app_label" ASC, "django_content_type"."model" ASC, "auth_permission"."codename" ASC; args=(5,); alias=default
DEBUG 2024-02-27 23:24:05,183 utils (0.000) SELECT "django_content_type"."id", "django_content_type"."app_label", "django_content_type"."model" FROM "django_content_type" WHERE "django_content_type"."app_label" = 'contenttypes'; args=('contenttypes',); alias=default
DEBUG 2024-02-27 23:24:05,184 utils (0.000) SELECT COUNT(*) AS "__count" FROM "pong_gamedata"; args=(); alias=default
DEBUG 2024-02-27 23:24:05,185 utils (0.000) SELECT COUNT(*) AS "__count" FROM "pong_tournamentdata"; args=(); alias=default
DEBUG 2024-02-27 23:24:05,192 utils (0.005) SELECT COUNT(*) AS "__count" FROM "pong_gamedata"; args=(); alias=default
DEBUG 2024-02-27 23:24:05,195 utils (0.002) SELECT COUNT(*) AS "__count" FROM "pong_tournamentdata"; args=(); alias=default
DEBUG 2024-02-27 23:24:05,197 utils (0.001) INSERT INTO "pong_gamedata" ("player1_name", "player1_points", "player2_name", "player2_points", "game_end_timestamp", "game_duration_secs", "is_tournament_game") VALUES ('Player 0', 11, 'Player 13', 1, '2023-12-12T21:40:40.186055+01:00'::timestamptz, 967, true) RETURNING "pong_gamedata"."id"; args=('Player 0', 11, 'Player 13', 1, datetime.datetime(2023, 12, 12, 21, 40, 40, 186055, tzinfo=<DstTzInfo 'Europe/Paris' CET+1:00:00 STD>), 967, True); alias=default
DEBUG 2024-02-27 23:24:05,199 utils (0.001) INSERT INTO "pong_gamedata" ("player1_name", "player1_points", "player2_name", "player2_points", "game_end_timestamp", "game_duration_secs", "is_tournament_game") VALUES ('Player 14', 6, 'Player 2', 11, '2023-12-12T21:36:06.186055+01:00'::timestamptz, 510, true) RETURNING "pong_gamedata"."id"; args=('Player 14', 6, 'Player 2', 11, datetime.datetime(2023, 12, 12, 21, 36, 6, 186055, tzinfo=<DstTzInfo 'Europe/Paris' CET+1:00:00 STD>), 510, True); alias=default
DEBUG 2024-02-27 23:24:05,201 utils (0.001) INSERT INTO "pong_gamedata" ("player1_name", "player1_points", "player2_name", "player2_points", "game_end_timestamp", "game_duration_secs", "is_tournament_game") VALUES ('Player 0', 11, 'Player 2', 6, '2023-12-12T21:41:04.186055+01:00'::timestamptz, 657, true) RETURNING "pong_gamedata"."id"; args=('Player 0', 11, 'Player 2', 6, datetime.datetime(2023, 12, 12, 21, 41, 4, 186055, tzinfo=<DstTzInfo 'Europe/Paris' CET+1:00:00 STD>), 657, True); alias=default
DEBUG 2024-02-27 23:24:05,202 utils (0.000) INSERT INTO "pong_tournamentdata" ("tour_id", "match_id_semi_1", "match_id_semi_2", "match_id_final", "tournament_end_timestamp", "tournament_duration_secs", "player_ranking", "blockchain_hash") VALUES (0, 2472, 2473, 2474, '2023-12-12T21:41:04.186055+01:00'::timestamptz, 991, '["Player 0", "Player 2", "Player 13", "Player 14"]', '0x0') RETURNING "pong_tournamentdata"."id"; args=(0, 2472, 2473, 2474, datetime.datetime(2023, 12, 12, 21, 41, 4, 186055, tzinfo=<DstTzInfo 'Europe/Paris' CET+1:00:00 STD>), 991, <psycopg2._json.Json object at 0x7f4d36f954f0>, '0x0'); alias=default
DEBUG 2024-02-27 23:24:05,204 utils (0.001) INSERT INTO "pong_gamedata" ("player1_name", "player1_points", "player2_name", "player2_points", "game_end_timestamp", "game_duration_secs", "is_tournament_game") VALUES ('Player 13', 11, 'Player 10', 0, '2023-12-15T12:59:32.186055+01:00'::timestamptz, 695, true) RETURNING "pong_gamedata"."id"; args=('Player 13', 11, 'Player 10', 0, datetime.datetime(2023, 12, 15, 12, 59, 32, 186055, tzinfo=<DstTzInfo 'Europe/Paris' CET+1:00:00 STD>), 695, True); alias=default
DEBUG 2024-02-27 23:24:05,206 utils (0.001) INSERT INTO "pong_gamedata" ("player1_name", "player1_points", "player2_name", "player2_points", "game_end_timestamp", "game_duration_secs", "is_tournament_game") VALUES ('Player 3', 9, 'Player 9', 11, '2023-12-15T12:57:37.186055+01:00'::timestamptz, 400, true) RETURNING "pong_gamedata"."id"; args=('Player 3', 9, 'Player 9', 11, datetime.datetime(2023, 12, 15, 12, 57, 37, 186055, tzinfo=<DstTzInfo 'Europe/Paris' CET+1:00:00 STD>), 400, True); alias=default
DEBUG 2024-02-27 23:24:05,208 utils (0.001) INSERT INTO "pong_gamedata" ("player1_name", "player1_points", "player2_name", "player2_points", "game_end_timestamp", "game_duration_secs", "is_tournament_game") VALUES ('Player 13', 7, 'Player 9', 11, '2023-12-15T13:04:04.186055+01:00'::timestamptz, 493, true) RETURNING "pong_gamedata"."id"; args=('Player 13', 7, 'Player 9', 11, datetime.datetime(2023, 12, 15, 13, 4, 4, 186055, tzinfo=<DstTzInfo 'Europe/Paris' CET+1:00:00 STD>), 493, True); alias=default
DEBUG 2024-02-27 23:24:05,209 utils (0.001) INSERT INTO "pong_tournamentdata" ("tour_id", "match_id_semi_1", "match_id_semi_2", "match_id_final", "tournament_end_timestamp", "tournament_duration_secs", "player_ranking", "blockchain_hash") VALUES (0, 2475, 2476, 2477, '2023-12-15T13:04:04.186055+01:00'::timestamptz, 967, '["Player 9", "Player 13", "Player 10", "Player 3"]', '0x0') RETURNING "pong_tournamentdata"."id"; args=(0, 2475, 2476, 2477, datetime.datetime(2023, 12, 15, 13, 4, 4, 186055, tzinfo=<DstTzInfo 'Europe/Paris' CET+1:00:00 STD>), 967, <psycopg2._json.Json object at 0x7f4d36f96090>, '0x0'); alias=default
DEBUG 2024-02-27 23:24:05,211 utils (0.001) SELECT COUNT(*) AS "__count" FROM "pong_gamedata"; args=(); alias=default
DEBUG 2024-02-27 23:24:05,213 utils (0.000) SELECT COUNT(*) AS "__count" FROM "pong_tournamentdata"; args=(); alias=default
DEBUG 2024-02-27 23:24:05,214 utils (0.000) SELECT "django_content_type"."id", "django_content_type"."app_label", "django_content_type"."model" FROM "django_content_type" WHERE "django_content_type"."app_label" = 'sessions'; args=('sessions',); alias=default
DEBUG 2024-02-27 23:24:05,215 utils (0.000) SELECT "django_content_type"."id", "django_content_type"."app_label", "django_content_type"."model" FROM "django_content_type" WHERE ("django_content_type"."app_label" = 'sessions' AND "django_content_type"."model" = 'session') LIMIT 21; args=('sessions', 'session'); alias=default
DEBUG 2024-02-27 23:24:05,216 utils (0.000) SELECT "auth_permission"."content_type_id", "auth_permission"."codename" FROM "auth_permission" INNER JOIN "django_content_type" ON ("auth_permission"."content_type_id" = "django_content_type"."id") WHERE "auth_permission"."content_type_id" IN (6) ORDER BY "django_content_type"."app_label" ASC, "django_content_type"."model" ASC, "auth_permission"."codename" ASC; args=(6,); alias=default
DEBUG 2024-02-27 23:24:05,217 utils (0.000) SELECT "django_content_type"."id", "django_content_type"."app_label", "django_content_type"."model" FROM "django_content_type" WHERE "django_content_type"."app_label" = 'sessions'; args=('sessions',); alias=default
DEBUG 2024-02-27 23:24:05,218 utils (0.000) SELECT COUNT(*) AS "__count" FROM "pong_gamedata"; args=(); alias=default
DEBUG 2024-02-27 23:24:05,219 utils (0.000) SELECT COUNT(*) AS "__count" FROM "pong_tournamentdata"; args=(); alias=default
DEBUG 2024-02-27 23:24:05,220 utils (0.000) SELECT COUNT(*) AS "__count" FROM "pong_gamedata"; args=(); alias=default
DEBUG 2024-02-27 23:24:05,222 utils (0.000) SELECT COUNT(*) AS "__count" FROM "pong_tournamentdata"; args=(); alias=default
DEBUG 2024-02-27 23:24:05,225 utils (0.002) INSERT INTO "pong_gamedata" ("player1_name", "player1_points", "player2_name", "player2_points", "game_end_timestamp", "game_duration_secs", "is_tournament_game") VALUES ('Player 5', 11, 'Player 15', 5, '2023-12-06T06:40:36.219607+01:00'::timestamptz, 135, true) RETURNING "pong_gamedata"."id"; args=('Player 5', 11, 'Player 15', 5, datetime.datetime(2023, 12, 6, 6, 40, 36, 219607, tzinfo=<DstTzInfo 'Europe/Paris' CET+1:00:00 STD>), 135, True); alias=default
DEBUG 2024-02-27 23:24:05,227 utils (0.001) INSERT INTO "pong_gamedata" ("player1_name", "player1_points", "player2_name", "player2_points", "game_end_timestamp", "game_duration_secs", "is_tournament_game") VALUES ('Player 0', 5, 'Player 14', 11, '2023-12-06T06:39:04.219607+01:00'::timestamptz, 600, true) RETURNING "pong_gamedata"."id"; args=('Player 0', 5, 'Player 14', 11, datetime.datetime(2023, 12, 6, 6, 39, 4, 219607, tzinfo=<DstTzInfo 'Europe/Paris' CET+1:00:00 STD>), 600, True); alias=default
DEBUG 2024-02-27 23:24:05,229 utils (0.001) INSERT INTO "pong_gamedata" ("player1_name", "player1_points", "player2_name", "player2_points", "game_end_timestamp", "game_duration_secs", "is_tournament_game") VALUES ('Player 5', 6, 'Player 14', 11, '2023-12-06T06:41:40.219607+01:00'::timestamptz, 821, true) RETURNING "pong_gamedata"."id"; args=('Player 5', 6, 'Player 14', 11, datetime.datetime(2023, 12, 6, 6, 41, 40, 219607, tzinfo=<DstTzInfo 'Europe/Paris' CET+1:00:00 STD>), 821, True); alias=default
DEBUG 2024-02-27 23:24:05,229 utils (0.000) INSERT INTO "pong_tournamentdata" ("tour_id", "match_id_semi_1", "match_id_semi_2", "match_id_final", "tournament_end_timestamp", "tournament_duration_secs", "player_ranking", "blockchain_hash") VALUES (0, 2478, 2479, 2480, '2023-12-06T06:41:40.219607+01:00'::timestamptz, 756, '["Player 14", "Player 5", "Player 15", "Player 0"]', '0x0') RETURNING "pong_tournamentdata"."id"; args=(0, 2478, 2479, 2480, datetime.datetime(2023, 12, 6, 6, 41, 40, 219607, tzinfo=<DstTzInfo 'Europe/Paris' CET+1:00:00 STD>), 756, <psycopg2._json.Json object at 0x7f4d36f96900>, '0x0'); alias=default
DEBUG 2024-02-27 23:24:05,231 utils (0.001) INSERT INTO "pong_gamedata" ("player1_name", "player1_points", "player2_name", "player2_points", "game_end_timestamp", "game_duration_secs", "is_tournament_game") VALUES ('Player 14', 4, 'Player 8', 11, '2023-12-05T02:49:19.219607+01:00'::timestamptz, 981, true) RETURNING "pong_gamedata"."id"; args=('Player 14', 4, 'Player 8', 11, datetime.datetime(2023, 12, 5, 2, 49, 19, 219607, tzinfo=<DstTzInfo 'Europe/Paris' CET+1:00:00 STD>), 981, True); alias=default
DEBUG 2024-02-27 23:24:05,232 utils (0.001) INSERT INTO "pong_gamedata" ("player1_name", "player1_points", "player2_name", "player2_points", "game_end_timestamp", "game_duration_secs", "is_tournament_game") VALUES ('Player 10', 8, 'Player 0', 11, '2023-12-05T02:48:33.219607+01:00'::timestamptz, 886, true) RETURNING "pong_gamedata"."id"; args=('Player 10', 8, 'Player 0', 11, datetime.datetime(2023, 12, 5, 2, 48, 33, 219607, tzinfo=<DstTzInfo 'Europe/Paris' CET+1:00:00 STD>), 886, True); alias=default
DEBUG 2024-02-27 23:24:05,234 utils (0.001) INSERT INTO "pong_gamedata" ("player1_name", "player1_points", "player2_name", "player2_points", "game_end_timestamp", "game_duration_secs", "is_tournament_game") VALUES ('Player 8', 4, 'Player 0', 11, '2023-12-05T02:49:37.219607+01:00'::timestamptz, 974, true) RETURNING "pong_gamedata"."id"; args=('Player 8', 4, 'Player 0', 11, datetime.datetime(2023, 12, 5, 2, 49, 37, 219607, tzinfo=<DstTzInfo 'Europe/Paris' CET+1:00:00 STD>), 974, True); alias=default
DEBUG 2024-02-27 23:24:05,235 utils (0.000) INSERT INTO "pong_tournamentdata" ("tour_id", "match_id_semi_1", "match_id_semi_2", "match_id_final", "tournament_end_timestamp", "tournament_duration_secs", "player_ranking", "blockchain_hash") VALUES (0, 2481, 2482, 2483, '2023-12-05T02:49:37.219607+01:00'::timestamptz, 999, '["Player 0", "Player 8", "Player 14", "Player 10"]', '0x0') RETURNING "pong_tournamentdata"."id"; args=(0, 2481, 2482, 2483, datetime.datetime(2023, 12, 5, 2, 49, 37, 219607, tzinfo=<DstTzInfo 'Europe/Paris' CET+1:00:00 STD>), 999, <psycopg2._json.Json object at 0x7f4d36f978c0>, '0x0'); alias=default
DEBUG 2024-02-27 23:24:05,236 utils (0.000) SELECT COUNT(*) AS "__count" FROM "pong_gamedata"; args=(); alias=default
DEBUG 2024-02-27 23:24:05,238 utils (0.000) SELECT COUNT(*) AS "__count" FROM "pong_tournamentdata"; args=(); alias=default
DEBUG 2024-02-27 23:24:05,239 utils (0.000) SELECT "django_content_type"."id", "django_content_type"."app_label", "django_content_type"."model" FROM "django_content_type" WHERE "django_content_type"."app_label" = 'pong'; args=('pong',); alias=default
DEBUG 2024-02-27 23:24:05,241 utils (0.001) SELECT "django_content_type"."id", "django_content_type"."app_label", "django_content_type"."model" FROM "django_content_type" WHERE ("django_content_type"."app_label" = 'pong' AND "django_content_type"."model" = 'gamedata') LIMIT 21; args=('pong', 'gamedata'); alias=default
DEBUG 2024-02-27 23:24:05,242 utils (0.000) SELECT "django_content_type"."id", "django_content_type"."app_label", "django_content_type"."model" FROM "django_content_type" WHERE ("django_content_type"."app_label" = 'pong' AND "django_content_type"."model" = 'tournamentdata') LIMIT 21; args=('pong', 'tournamentdata'); alias=default
DEBUG 2024-02-27 23:24:05,245 utils (0.001) SELECT "auth_permission"."content_type_id", "auth_permission"."codename" FROM "auth_permission" INNER JOIN "django_content_type" ON ("auth_permission"."content_type_id" = "django_content_type"."id") WHERE "auth_permission"."content_type_id" IN (8, 7) ORDER BY "django_content_type"."app_label" ASC, "django_content_type"."model" ASC, "auth_permission"."codename" ASC; args=(8, 7); alias=default
DEBUG 2024-02-27 23:24:05,247 utils (0.000) SELECT "django_content_type"."id", "django_content_type"."app_label", "django_content_type"."model" FROM "django_content_type" WHERE "django_content_type"."app_label" = 'pong'; args=('pong',); alias=default
DEBUG 2024-02-27 23:24:05,248 utils (0.000) SELECT COUNT(*) AS "__count" FROM "pong_gamedata"; args=(); alias=default
DEBUG 2024-02-27 23:24:05,249 utils (0.000) SELECT COUNT(*) AS "__count" FROM "pong_tournamentdata"; args=(); alias=default
DEBUG 2024-02-27 23:24:05,250 utils (0.000) SELECT COUNT(*) AS "__count" FROM "pong_gamedata"; args=(); alias=default
DEBUG 2024-02-27 23:24:05,251 utils (0.000) SELECT COUNT(*) AS "__count" FROM "pong_tournamentdata"; args=(); alias=default
DEBUG 2024-02-27 23:24:05,253 utils (0.001) INSERT INTO "pong_gamedata" ("player1_name", "player1_points", "player2_name", "player2_points", "game_end_timestamp", "game_duration_secs", "is_tournament_game") VALUES ('Player 14', 0, 'Player 7', 11, '2023-12-23T02:35:00.249782+01:00'::timestamptz, 482, true) RETURNING "pong_gamedata"."id"; args=('Player 14', 0, 'Player 7', 11, datetime.datetime(2023, 12, 23, 2, 35, 0, 249782, tzinfo=<DstTzInfo 'Europe/Paris' CET+1:00:00 STD>), 482, True); alias=default
DEBUG 2024-02-27 23:24:05,254 utils (0.001) INSERT INTO "pong_gamedata" ("player1_name", "player1_points", "player2_name", "player2_points", "game_end_timestamp", "game_duration_secs", "is_tournament_game") VALUES ('Player 10', 10, 'Player 2', 11, '2023-12-23T02:29:37.249782+01:00'::timestamptz, 462, true) RETURNING "pong_gamedata"."id"; args=('Player 10', 10, 'Player 2', 11, datetime.datetime(2023, 12, 23, 2, 29, 37, 249782, tzinfo=<DstTzInfo 'Europe/Paris' CET+1:00:00 STD>), 462, True); alias=default
DEBUG 2024-02-27 23:24:05,256 utils (0.001) INSERT INTO "pong_gamedata" ("player1_name", "player1_points", "player2_name", "player2_points", "game_end_timestamp", "game_duration_secs", "is_tournament_game") VALUES ('Player 7', 7, 'Player 2', 11, '2023-12-23T02:36:02.249782+01:00'::timestamptz, 158, true) RETURNING "pong_gamedata"."id"; args=('Player 7', 7, 'Player 2', 11, datetime.datetime(2023, 12, 23, 2, 36, 2, 249782, tzinfo=<DstTzInfo 'Europe/Paris' CET+1:00:00 STD>), 158, True); alias=default
DEBUG 2024-02-27 23:24:05,257 utils (0.000) INSERT INTO "pong_tournamentdata" ("tour_id", "match_id_semi_1", "match_id_semi_2", "match_id_final", "tournament_end_timestamp", "tournament_duration_secs", "player_ranking", "blockchain_hash") VALUES (0, 2484, 2485, 2486, '2023-12-23T02:36:02.249782+01:00'::timestamptz, 847, '["Player 2", "Player 7", "Player 14", "Player 10"]', '0x0') RETURNING "pong_tournamentdata"."id"; args=(0, 2484, 2485, 2486, datetime.datetime(2023, 12, 23, 2, 36, 2, 249782, tzinfo=<DstTzInfo 'Europe/Paris' CET+1:00:00 STD>), 847, <psycopg2._json.Json object at 0x7f4d36f97710>, '0x0'); alias=default
DEBUG 2024-02-27 23:24:05,259 utils (0.001) INSERT INTO "pong_gamedata" ("player1_name", "player1_points", "player2_name", "player2_points", "game_end_timestamp", "game_duration_secs", "is_tournament_game") VALUES ('Player 5', 10, 'Player 7', 11, '2023-12-04T08:57:22.249782+01:00'::timestamptz, 904, true) RETURNING "pong_gamedata"."id"; args=('Player 5', 10, 'Player 7', 11, datetime.datetime(2023, 12, 4, 8, 57, 22, 249782, tzinfo=<DstTzInfo 'Europe/Paris' CET+1:00:00 STD>), 904, True); alias=default
DEBUG 2024-02-27 23:24:05,261 utils (0.001) INSERT INTO "pong_gamedata" ("player1_name", "player1_points", "player2_name", "player2_points", "game_end_timestamp", "game_duration_secs", "is_tournament_game") VALUES ('Player 2', 11, 'Player 9', 5, '2023-12-04T08:57:26.249782+01:00'::timestamptz, 733, true) RETURNING "pong_gamedata"."id"; args=('Player 2', 11, 'Player 9', 5, datetime.datetime(2023, 12, 4, 8, 57, 26, 249782, tzinfo=<DstTzInfo 'Europe/Paris' CET+1:00:00 STD>), 733, True); alias=default
DEBUG 2024-02-27 23:24:05,263 utils (0.001) INSERT INTO "pong_gamedata" ("player1_name", "player1_points", "player2_name", "player2_points", "game_end_timestamp", "game_duration_secs", "is_tournament_game") VALUES ('Player 7', 11, 'Player 2', 0, '2023-12-04T08:57:58.249782+01:00'::timestamptz, 409, true) RETURNING "pong_gamedata"."id"; args=('Player 7', 11, 'Player 2', 0, datetime.datetime(2023, 12, 4, 8, 57, 58, 249782, tzinfo=<DstTzInfo 'Europe/Paris' CET+1:00:00 STD>), 409, True); alias=default
DEBUG 2024-02-27 23:24:05,264 utils (0.000) INSERT INTO "pong_tournamentdata" ("tour_id", "match_id_semi_1", "match_id_semi_2", "match_id_final", "tournament_end_timestamp", "tournament_duration_secs", "player_ranking", "blockchain_hash") VALUES (0, 2487, 2488, 2489, '2023-12-04T08:57:58.249782+01:00'::timestamptz, 940, '["Player 7", "Player 2", "Player 5", "Player 9"]', '0x0') RETURNING "pong_tournamentdata"."id"; args=(0, 2487, 2488, 2489, datetime.datetime(2023, 12, 4, 8, 57, 58, 249782, tzinfo=<DstTzInfo 'Europe/Paris' CET+1:00:00 STD>), 940, <psycopg2._json.Json object at 0x7f4d36f945f0>, '0x0'); alias=default
DEBUG 2024-02-27 23:24:05,266 utils (0.001) SELECT COUNT(*) AS "__count" FROM "pong_gamedata"; args=(); alias=default
DEBUG 2024-02-27 23:24:05,267 utils (0.000) SELECT COUNT(*) AS "__count" FROM "pong_tournamentdata"; args=(); alias=default
