DEBUG 2024-02-27 21:21:28,435 utils (0.002) 
            SELECT
                c.relname,
                CASE
                    WHEN c.relispartition THEN 'p'
                    WHEN c.relkind IN ('m', 'v') THEN 'v'
                    ELSE 't'
                END,
                obj_description(c.oid, 'pg_class')
            FROM pg_catalog.pg_class c
            LEFT JOIN pg_catalog.pg_namespace n ON n.oid = c.relnamespace
            WHERE c.relkind IN ('f', 'm', 'p', 'r', 'v')
                AND n.nspname NOT IN ('pg_catalog', 'pg_toast')
                AND pg_catalog.pg_table_is_visible(c.oid)
        ; args=None; alias=default
DEBUG 2024-02-27 21:21:28,439 utils (0.001) SELECT "django_migrations"."id", "django_migrations"."app", "django_migrations"."name", "django_migrations"."applied" FROM "django_migrations"; args=(); alias=default
DEBUG 2024-02-27 21:21:28,441 utils (0.001) 
            SELECT
                c.relname,
                CASE
                    WHEN c.relispartition THEN 'p'
                    WHEN c.relkind IN ('m', 'v') THEN 'v'
                    ELSE 't'
                END,
                obj_description(c.oid, 'pg_class')
            FROM pg_catalog.pg_class c
            LEFT JOIN pg_catalog.pg_namespace n ON n.oid = c.relnamespace
            WHERE c.relkind IN ('f', 'm', 'p', 'r', 'v')
                AND n.nspname NOT IN ('pg_catalog', 'pg_toast')
                AND pg_catalog.pg_table_is_visible(c.oid)
        ; args=None; alias=default
DEBUG 2024-02-27 21:21:28,441 utils (0.000) SELECT "django_migrations"."id", "django_migrations"."app", "django_migrations"."name", "django_migrations"."applied" FROM "django_migrations"; args=(); alias=default
DEBUG 2024-02-27 21:21:28,457 utils (0.001) 
            SELECT
                c.relname,
                CASE
                    WHEN c.relispartition THEN 'p'
                    WHEN c.relkind IN ('m', 'v') THEN 'v'
                    ELSE 't'
                END,
                obj_description(c.oid, 'pg_class')
            FROM pg_catalog.pg_class c
            LEFT JOIN pg_catalog.pg_namespace n ON n.oid = c.relnamespace
            WHERE c.relkind IN ('f', 'm', 'p', 'r', 'v')
                AND n.nspname NOT IN ('pg_catalog', 'pg_toast')
                AND pg_catalog.pg_table_is_visible(c.oid)
        ; args=None; alias=default
DEBUG 2024-02-27 21:21:28,458 utils (0.001) 
            SELECT
                c.relname,
                CASE
                    WHEN c.relispartition THEN 'p'
                    WHEN c.relkind IN ('m', 'v') THEN 'v'
                    ELSE 't'
                END,
                obj_description(c.oid, 'pg_class')
            FROM pg_catalog.pg_class c
            LEFT JOIN pg_catalog.pg_namespace n ON n.oid = c.relnamespace
            WHERE c.relkind IN ('f', 'm', 'p', 'r', 'v')
                AND n.nspname NOT IN ('pg_catalog', 'pg_toast')
                AND pg_catalog.pg_table_is_visible(c.oid)
        ; args=None; alias=default
DEBUG 2024-02-27 21:21:28,459 utils (0.000) SELECT "django_migrations"."id", "django_migrations"."app", "django_migrations"."name", "django_migrations"."applied" FROM "django_migrations"; args=(); alias=default
DEBUG 2024-02-27 21:21:28,461 utils (0.001) SELECT "django_content_type"."id", "django_content_type"."app_label", "django_content_type"."model" FROM "django_content_type" WHERE "django_content_type"."app_label" = 'admin'; args=('admin',); alias=default
DEBUG 2024-02-27 21:21:28,462 utils (0.000) SELECT "django_content_type"."id", "django_content_type"."app_label", "django_content_type"."model" FROM "django_content_type" WHERE ("django_content_type"."app_label" = 'admin' AND "django_content_type"."model" = 'logentry') LIMIT 21; args=('admin', 'logentry'); alias=default
DEBUG 2024-02-27 21:21:28,465 utils (0.001) SELECT "auth_permission"."content_type_id", "auth_permission"."codename" FROM "auth_permission" INNER JOIN "django_content_type" ON ("auth_permission"."content_type_id" = "django_content_type"."id") WHERE "auth_permission"."content_type_id" IN (1) ORDER BY "django_content_type"."app_label" ASC, "django_content_type"."model" ASC, "auth_permission"."codename" ASC; args=(1,); alias=default
DEBUG 2024-02-27 21:21:28,466 utils (0.000) SELECT "django_content_type"."id", "django_content_type"."app_label", "django_content_type"."model" FROM "django_content_type" WHERE "django_content_type"."app_label" = 'admin'; args=('admin',); alias=default
DEBUG 2024-02-27 21:21:28,468 utils (0.000) SELECT COUNT(*) AS "__count" FROM "pong_gamedata"; args=(); alias=default
DEBUG 2024-02-27 21:21:28,469 utils (0.000) SELECT COUNT(*) AS "__count" FROM "pong_tournamentdata"; args=(); alias=default
DEBUG 2024-02-27 21:21:28,471 utils (0.000) SELECT COUNT(*) AS "__count" FROM "pong_gamedata"; args=(); alias=default
DEBUG 2024-02-27 21:21:28,473 utils (0.001) SELECT COUNT(*) AS "__count" FROM "pong_tournamentdata"; args=(); alias=default
DEBUG 2024-02-27 21:21:28,522 utils (0.010) INSERT INTO "pong_gamedata" ("player1_name", "player1_points", "player2_name", "player2_points", "game_end_timestamp", "game_duration_secs", "is_tournament_game") VALUES ('Player 3', 7, 'Player 2', 11, '2024-02-23T17:37:14.470164+01:00'::timestamptz, 445, true) RETURNING "pong_gamedata"."id"; args=('Player 3', 7, 'Player 2', 11, datetime.datetime(2024, 2, 23, 17, 37, 14, 470164, tzinfo=<DstTzInfo 'Europe/Paris' CET+1:00:00 STD>), 445, True); alias=default
DEBUG 2024-02-27 21:21:28,524 utils (0.001) INSERT INTO "pong_gamedata" ("player1_name", "player1_points", "player2_name", "player2_points", "game_end_timestamp", "game_duration_secs", "is_tournament_game") VALUES ('Player 8', 9, 'Player 7', 11, '2024-02-23T17:29:53.470164+01:00'::timestamptz, 145, true) RETURNING "pong_gamedata"."id"; args=('Player 8', 9, 'Player 7', 11, datetime.datetime(2024, 2, 23, 17, 29, 53, 470164, tzinfo=<DstTzInfo 'Europe/Paris' CET+1:00:00 STD>), 145, True); alias=default
DEBUG 2024-02-27 21:21:28,526 utils (0.001) INSERT INTO "pong_gamedata" ("player1_name", "player1_points", "player2_name", "player2_points", "game_end_timestamp", "game_duration_secs", "is_tournament_game") VALUES ('Player 2', 4, 'Player 7', 11, '2024-02-23T17:39:39.470164+01:00'::timestamptz, 295, true) RETURNING "pong_gamedata"."id"; args=('Player 2', 4, 'Player 7', 11, datetime.datetime(2024, 2, 23, 17, 39, 39, 470164, tzinfo=<DstTzInfo 'Europe/Paris' CET+1:00:00 STD>), 295, True); alias=default
DEBUG 2024-02-27 21:21:28,527 utils (0.000) INSERT INTO "pong_tournamentdata" ("tour_id", "match_id_semi_1", "match_id_semi_2", "match_id_final", "tournament_end_timestamp", "tournament_duration_secs", "player_ranking", "blockchain_hash") VALUES (0, 1555, 1556, 1557, '2024-02-23T17:39:39.470164+01:00'::timestamptz, 731, '["Player 7", "Player 2", "Player 3", "Player 8"]', '0x0') RETURNING "pong_tournamentdata"."id"; args=(0, 1555, 1556, 1557, datetime.datetime(2024, 2, 23, 17, 39, 39, 470164, tzinfo=<DstTzInfo 'Europe/Paris' CET+1:00:00 STD>), 731, <psycopg2._json.Json object at 0x7faa381d6480>, '0x0'); alias=default
DEBUG 2024-02-27 21:21:28,529 utils (0.001) INSERT INTO "pong_gamedata" ("player1_name", "player1_points", "player2_name", "player2_points", "game_end_timestamp", "game_duration_secs", "is_tournament_game") VALUES ('Player 3', 11, 'Player 15', 7, '2023-11-02T01:21:48.470164+01:00'::timestamptz, 536, true) RETURNING "pong_gamedata"."id"; args=('Player 3', 11, 'Player 15', 7, datetime.datetime(2023, 11, 2, 1, 21, 48, 470164, tzinfo=<DstTzInfo 'Europe/Paris' CET+1:00:00 STD>), 536, True); alias=default
DEBUG 2024-02-27 21:21:28,531 utils (0.002) INSERT INTO "pong_gamedata" ("player1_name", "player1_points", "player2_name", "player2_points", "game_end_timestamp", "game_duration_secs", "is_tournament_game") VALUES ('Player 0', 11, 'Player 8', 8, '2023-11-02T01:22:33.470164+01:00'::timestamptz, 480, true) RETURNING "pong_gamedata"."id"; args=('Player 0', 11, 'Player 8', 8, datetime.datetime(2023, 11, 2, 1, 22, 33, 470164, tzinfo=<DstTzInfo 'Europe/Paris' CET+1:00:00 STD>), 480, True); alias=default
DEBUG 2024-02-27 21:21:28,532 utils (0.001) INSERT INTO "pong_gamedata" ("player1_name", "player1_points", "player2_name", "player2_points", "game_end_timestamp", "game_duration_secs", "is_tournament_game") VALUES ('Player 3', 3, 'Player 0', 11, '2023-11-02T01:25:23.470164+01:00'::timestamptz, 437, true) RETURNING "pong_gamedata"."id"; args=('Player 3', 3, 'Player 0', 11, datetime.datetime(2023, 11, 2, 1, 25, 23, 470164, tzinfo=<DstTzInfo 'Europe/Paris' CET+1:00:00 STD>), 437, True); alias=default
DEBUG 2024-02-27 21:21:28,533 utils (0.000) INSERT INTO "pong_tournamentdata" ("tour_id", "match_id_semi_1", "match_id_semi_2", "match_id_final", "tournament_end_timestamp", "tournament_duration_secs", "player_ranking", "blockchain_hash") VALUES (0, 1558, 1559, 1560, '2023-11-02T01:25:23.470164+01:00'::timestamptz, 751, '["Player 0", "Player 3", "Player 15", "Player 8"]', '0x0') RETURNING "pong_tournamentdata"."id"; args=(0, 1558, 1559, 1560, datetime.datetime(2023, 11, 2, 1, 25, 23, 470164, tzinfo=<DstTzInfo 'Europe/Paris' CET+1:00:00 STD>), 751, <psycopg2._json.Json object at 0x7faa381d6ea0>, '0x0'); alias=default
DEBUG 2024-02-27 21:21:28,535 utils (0.000) SELECT COUNT(*) AS "__count" FROM "pong_gamedata"; args=(); alias=default
DEBUG 2024-02-27 21:21:28,536 utils (0.000) SELECT COUNT(*) AS "__count" FROM "pong_tournamentdata"; args=(); alias=default
DEBUG 2024-02-27 21:21:28,539 utils (0.000) SELECT "django_content_type"."id", "django_content_type"."app_label", "django_content_type"."model" FROM "django_content_type" WHERE "django_content_type"."app_label" = 'auth'; args=('auth',); alias=default
DEBUG 2024-02-27 21:21:28,541 utils (0.001) SELECT "django_content_type"."id", "django_content_type"."app_label", "django_content_type"."model" FROM "django_content_type" WHERE ("django_content_type"."app_label" = 'auth' AND "django_content_type"."model" = 'permission') LIMIT 21; args=('auth', 'permission'); alias=default
DEBUG 2024-02-27 21:21:28,543 utils (0.000) SELECT "django_content_type"."id", "django_content_type"."app_label", "django_content_type"."model" FROM "django_content_type" WHERE ("django_content_type"."app_label" = 'auth' AND "django_content_type"."model" = 'group') LIMIT 21; args=('auth', 'group'); alias=default
DEBUG 2024-02-27 21:21:28,545 utils (0.000) SELECT "django_content_type"."id", "django_content_type"."app_label", "django_content_type"."model" FROM "django_content_type" WHERE ("django_content_type"."app_label" = 'auth' AND "django_content_type"."model" = 'user') LIMIT 21; args=('auth', 'user'); alias=default
DEBUG 2024-02-27 21:21:28,548 utils (0.001) SELECT "auth_permission"."content_type_id", "auth_permission"."codename" FROM "auth_permission" INNER JOIN "django_content_type" ON ("auth_permission"."content_type_id" = "django_content_type"."id") WHERE "auth_permission"."content_type_id" IN (2, 3, 4) ORDER BY "django_content_type"."app_label" ASC, "django_content_type"."model" ASC, "auth_permission"."codename" ASC; args=(2, 3, 4); alias=default
DEBUG 2024-02-27 21:21:28,549 utils (0.000) SELECT "django_content_type"."id", "django_content_type"."app_label", "django_content_type"."model" FROM "django_content_type" WHERE "django_content_type"."app_label" = 'auth'; args=('auth',); alias=default
DEBUG 2024-02-27 21:21:28,550 utils (0.000) SELECT COUNT(*) AS "__count" FROM "pong_gamedata"; args=(); alias=default
DEBUG 2024-02-27 21:21:28,552 utils (0.000) SELECT COUNT(*) AS "__count" FROM "pong_tournamentdata"; args=(); alias=default
DEBUG 2024-02-27 21:21:28,553 utils (0.000) SELECT COUNT(*) AS "__count" FROM "pong_gamedata"; args=(); alias=default
DEBUG 2024-02-27 21:21:28,555 utils (0.001) SELECT COUNT(*) AS "__count" FROM "pong_tournamentdata"; args=(); alias=default
DEBUG 2024-02-27 21:21:28,557 utils (0.001) INSERT INTO "pong_gamedata" ("player1_name", "player1_points", "player2_name", "player2_points", "game_end_timestamp", "game_duration_secs", "is_tournament_game") VALUES ('Player 13', 7, 'Player 2', 11, '2024-01-20T05:02:34.552347+01:00'::timestamptz, 36, true) RETURNING "pong_gamedata"."id"; args=('Player 13', 7, 'Player 2', 11, datetime.datetime(2024, 1, 20, 5, 2, 34, 552347, tzinfo=<DstTzInfo 'Europe/Paris' CET+1:00:00 STD>), 36, True); alias=default
DEBUG 2024-02-27 21:21:28,559 utils (0.001) INSERT INTO "pong_gamedata" ("player1_name", "player1_points", "player2_name", "player2_points", "game_end_timestamp", "game_duration_secs", "is_tournament_game") VALUES ('Player 11', 11, 'Player 14', 1, '2024-01-20T05:04:59.552347+01:00'::timestamptz, 874, true) RETURNING "pong_gamedata"."id"; args=('Player 11', 11, 'Player 14', 1, datetime.datetime(2024, 1, 20, 5, 4, 59, 552347, tzinfo=<DstTzInfo 'Europe/Paris' CET+1:00:00 STD>), 874, True); alias=default
DEBUG 2024-02-27 21:21:28,560 utils (0.001) INSERT INTO "pong_gamedata" ("player1_name", "player1_points", "player2_name", "player2_points", "game_end_timestamp", "game_duration_secs", "is_tournament_game") VALUES ('Player 2', 3, 'Player 11', 11, '2024-01-20T05:05:35.552347+01:00'::timestamptz, 449, true) RETURNING "pong_gamedata"."id"; args=('Player 2', 3, 'Player 11', 11, datetime.datetime(2024, 1, 20, 5, 5, 35, 552347, tzinfo=<DstTzInfo 'Europe/Paris' CET+1:00:00 STD>), 449, True); alias=default
DEBUG 2024-02-27 21:21:28,561 utils (0.000) INSERT INTO "pong_tournamentdata" ("tour_id", "match_id_semi_1", "match_id_semi_2", "match_id_final", "tournament_end_timestamp", "tournament_duration_secs", "player_ranking", "blockchain_hash") VALUES (0, 1561, 1562, 1563, '2024-01-20T05:05:35.552347+01:00'::timestamptz, 910, '["Player 11", "Player 2", "Player 13", "Player 14"]', '0x0') RETURNING "pong_tournamentdata"."id"; args=(0, 1561, 1562, 1563, datetime.datetime(2024, 1, 20, 5, 5, 35, 552347, tzinfo=<DstTzInfo 'Europe/Paris' CET+1:00:00 STD>), 910, <psycopg2._json.Json object at 0x7faa381d7b60>, '0x0'); alias=default
DEBUG 2024-02-27 21:21:28,563 utils (0.001) INSERT INTO "pong_gamedata" ("player1_name", "player1_points", "player2_name", "player2_points", "game_end_timestamp", "game_duration_secs", "is_tournament_game") VALUES ('Player 6', 11, 'Player 7', 6, '2023-11-07T02:59:34.552347+01:00'::timestamptz, 941, true) RETURNING "pong_gamedata"."id"; args=('Player 6', 11, 'Player 7', 6, datetime.datetime(2023, 11, 7, 2, 59, 34, 552347, tzinfo=<DstTzInfo 'Europe/Paris' CET+1:00:00 STD>), 941, True); alias=default
DEBUG 2024-02-27 21:21:28,564 utils (0.001) INSERT INTO "pong_gamedata" ("player1_name", "player1_points", "player2_name", "player2_points", "game_end_timestamp", "game_duration_secs", "is_tournament_game") VALUES ('Player 1', 4, 'Player 3', 11, '2023-11-07T02:59:08.552347+01:00'::timestamptz, 683, true) RETURNING "pong_gamedata"."id"; args=('Player 1', 4, 'Player 3', 11, datetime.datetime(2023, 11, 7, 2, 59, 8, 552347, tzinfo=<DstTzInfo 'Europe/Paris' CET+1:00:00 STD>), 683, True); alias=default
DEBUG 2024-02-27 21:21:28,566 utils (0.001) INSERT INTO "pong_gamedata" ("player1_name", "player1_points", "player2_name", "player2_points", "game_end_timestamp", "game_duration_secs", "is_tournament_game") VALUES ('Player 6', 5, 'Player 3', 11, '2023-11-07T03:00:02.552347+01:00'::timestamptz, 592, true) RETURNING "pong_gamedata"."id"; args=('Player 6', 5, 'Player 3', 11, datetime.datetime(2023, 11, 7, 3, 0, 2, 552347, tzinfo=<DstTzInfo 'Europe/Paris' CET+1:00:00 STD>), 592, True); alias=default
DEBUG 2024-02-27 21:21:28,567 utils (0.000) INSERT INTO "pong_tournamentdata" ("tour_id", "match_id_semi_1", "match_id_semi_2", "match_id_final", "tournament_end_timestamp", "tournament_duration_secs", "player_ranking", "blockchain_hash") VALUES (0, 1564, 1565, 1566, '2023-11-07T03:00:02.552347+01:00'::timestamptz, 969, '["Player 3", "Player 6", "Player 7", "Player 1"]', '0x0') RETURNING "pong_tournamentdata"."id"; args=(0, 1564, 1565, 1566, datetime.datetime(2023, 11, 7, 3, 0, 2, 552347, tzinfo=<DstTzInfo 'Europe/Paris' CET+1:00:00 STD>), 969, <psycopg2._json.Json object at 0x7faa37ffc470>, '0x0'); alias=default
DEBUG 2024-02-27 21:21:28,568 utils (0.000) SELECT COUNT(*) AS "__count" FROM "pong_gamedata"; args=(); alias=default
DEBUG 2024-02-27 21:21:28,569 utils (0.000) SELECT COUNT(*) AS "__count" FROM "pong_tournamentdata"; args=(); alias=default
DEBUG 2024-02-27 21:21:28,571 utils (0.001) SELECT "django_content_type"."id", "django_content_type"."app_label", "django_content_type"."model" FROM "django_content_type" WHERE "django_content_type"."app_label" = 'contenttypes'; args=('contenttypes',); alias=default
DEBUG 2024-02-27 21:21:28,572 utils (0.000) SELECT "django_content_type"."id", "django_content_type"."app_label", "django_content_type"."model" FROM "django_content_type" WHERE ("django_content_type"."app_label" = 'contenttypes' AND "django_content_type"."model" = 'contenttype') LIMIT 21; args=('contenttypes', 'contenttype'); alias=default
DEBUG 2024-02-27 21:21:28,575 utils (0.000) SELECT "auth_permission"."content_type_id", "auth_permission"."codename" FROM "auth_permission" INNER JOIN "django_content_type" ON ("auth_permission"."content_type_id" = "django_content_type"."id") WHERE "auth_permission"."content_type_id" IN (5) ORDER BY "django_content_type"."app_label" ASC, "django_content_type"."model" ASC, "auth_permission"."codename" ASC; args=(5,); alias=default
DEBUG 2024-02-27 21:21:28,576 utils (0.000) SELECT "django_content_type"."id", "django_content_type"."app_label", "django_content_type"."model" FROM "django_content_type" WHERE "django_content_type"."app_label" = 'contenttypes'; args=('contenttypes',); alias=default
DEBUG 2024-02-27 21:21:28,577 utils (0.000) SELECT COUNT(*) AS "__count" FROM "pong_gamedata"; args=(); alias=default
DEBUG 2024-02-27 21:21:28,577 utils (0.000) SELECT COUNT(*) AS "__count" FROM "pong_tournamentdata"; args=(); alias=default
DEBUG 2024-02-27 21:21:28,578 utils (0.000) SELECT COUNT(*) AS "__count" FROM "pong_gamedata"; args=(); alias=default
DEBUG 2024-02-27 21:21:28,579 utils (0.000) SELECT COUNT(*) AS "__count" FROM "pong_tournamentdata"; args=(); alias=default
DEBUG 2024-02-27 21:21:28,581 utils (0.001) INSERT INTO "pong_gamedata" ("player1_name", "player1_points", "player2_name", "player2_points", "game_end_timestamp", "game_duration_secs", "is_tournament_game") VALUES ('Player 10', 11, 'Player 15', 9, '2024-01-30T13:31:50.578024+01:00'::timestamptz, 22, true) RETURNING "pong_gamedata"."id"; args=('Player 10', 11, 'Player 15', 9, datetime.datetime(2024, 1, 30, 13, 31, 50, 578024, tzinfo=<DstTzInfo 'Europe/Paris' CET+1:00:00 STD>), 22, True); alias=default
DEBUG 2024-02-27 21:21:28,582 utils (0.001) INSERT INTO "pong_gamedata" ("player1_name", "player1_points", "player2_name", "player2_points", "game_end_timestamp", "game_duration_secs", "is_tournament_game") VALUES ('Player 3', 11, 'Player 1', 9, '2024-01-30T13:44:02.578024+01:00'::timestamptz, 624, true) RETURNING "pong_gamedata"."id"; args=('Player 3', 11, 'Player 1', 9, datetime.datetime(2024, 1, 30, 13, 44, 2, 578024, tzinfo=<DstTzInfo 'Europe/Paris' CET+1:00:00 STD>), 624, True); alias=default
DEBUG 2024-02-27 21:21:28,584 utils (0.001) INSERT INTO "pong_gamedata" ("player1_name", "player1_points", "player2_name", "player2_points", "game_end_timestamp", "game_duration_secs", "is_tournament_game") VALUES ('Player 10', 11, 'Player 3', 0, '2024-01-30T13:47:30.578024+01:00'::timestamptz, 936, true) RETURNING "pong_gamedata"."id"; args=('Player 10', 11, 'Player 3', 0, datetime.datetime(2024, 1, 30, 13, 47, 30, 578024, tzinfo=<DstTzInfo 'Europe/Paris' CET+1:00:00 STD>), 936, True); alias=default
DEBUG 2024-02-27 21:21:28,585 utils (0.000) INSERT INTO "pong_tournamentdata" ("tour_id", "match_id_semi_1", "match_id_semi_2", "match_id_final", "tournament_end_timestamp", "tournament_duration_secs", "player_ranking", "blockchain_hash") VALUES (0, 1567, 1568, 1569, '2024-01-30T13:47:30.578024+01:00'::timestamptz, 962, '["Player 10", "Player 3", "Player 15", "Player 1"]', '0x0') RETURNING "pong_tournamentdata"."id"; args=(0, 1567, 1568, 1569, datetime.datetime(2024, 1, 30, 13, 47, 30, 578024, tzinfo=<DstTzInfo 'Europe/Paris' CET+1:00:00 STD>), 962, <psycopg2._json.Json object at 0x7faa37ffd370>, '0x0'); alias=default
DEBUG 2024-02-27 21:21:28,586 utils (0.001) INSERT INTO "pong_gamedata" ("player1_name", "player1_points", "player2_name", "player2_points", "game_end_timestamp", "game_duration_secs", "is_tournament_game") VALUES ('Player 7', 7, 'Player 15', 11, '2024-02-14T02:15:29.578024+01:00'::timestamptz, 261, true) RETURNING "pong_gamedata"."id"; args=('Player 7', 7, 'Player 15', 11, datetime.datetime(2024, 2, 14, 2, 15, 29, 578024, tzinfo=<DstTzInfo 'Europe/Paris' CET+1:00:00 STD>), 261, True); alias=default
DEBUG 2024-02-27 21:21:28,588 utils (0.001) INSERT INTO "pong_gamedata" ("player1_name", "player1_points", "player2_name", "player2_points", "game_end_timestamp", "game_duration_secs", "is_tournament_game") VALUES ('Player 6', 11, 'Player 5', 7, '2024-02-14T02:21:58.578024+01:00'::timestamptz, 771, true) RETURNING "pong_gamedata"."id"; args=('Player 6', 11, 'Player 5', 7, datetime.datetime(2024, 2, 14, 2, 21, 58, 578024, tzinfo=<DstTzInfo 'Europe/Paris' CET+1:00:00 STD>), 771, True); alias=default
DEBUG 2024-02-27 21:21:28,590 utils (0.001) INSERT INTO "pong_gamedata" ("player1_name", "player1_points", "player2_name", "player2_points", "game_end_timestamp", "game_duration_secs", "is_tournament_game") VALUES ('Player 15', 10, 'Player 6', 11, '2024-02-14T02:22:19.578024+01:00'::timestamptz, 498, true) RETURNING "pong_gamedata"."id"; args=('Player 15', 10, 'Player 6', 11, datetime.datetime(2024, 2, 14, 2, 22, 19, 578024, tzinfo=<DstTzInfo 'Europe/Paris' CET+1:00:00 STD>), 498, True); alias=default
DEBUG 2024-02-27 21:21:28,591 utils (0.001) INSERT INTO "pong_tournamentdata" ("tour_id", "match_id_semi_1", "match_id_semi_2", "match_id_final", "tournament_end_timestamp", "tournament_duration_secs", "player_ranking", "blockchain_hash") VALUES (0, 1570, 1571, 1572, '2024-02-14T02:22:19.578024+01:00'::timestamptz, 792, '["Player 6", "Player 15", "Player 7", "Player 5"]', '0x0') RETURNING "pong_tournamentdata"."id"; args=(0, 1570, 1571, 1572, datetime.datetime(2024, 2, 14, 2, 22, 19, 578024, tzinfo=<DstTzInfo 'Europe/Paris' CET+1:00:00 STD>), 792, <psycopg2._json.Json object at 0x7faa37ffda00>, '0x0'); alias=default
DEBUG 2024-02-27 21:21:28,593 utils (0.000) SELECT COUNT(*) AS "__count" FROM "pong_gamedata"; args=(); alias=default
DEBUG 2024-02-27 21:21:28,594 utils (0.000) SELECT COUNT(*) AS "__count" FROM "pong_tournamentdata"; args=(); alias=default
DEBUG 2024-02-27 21:21:28,595 utils (0.000) SELECT "django_content_type"."id", "django_content_type"."app_label", "django_content_type"."model" FROM "django_content_type" WHERE "django_content_type"."app_label" = 'sessions'; args=('sessions',); alias=default
DEBUG 2024-02-27 21:21:28,596 utils (0.000) SELECT "django_content_type"."id", "django_content_type"."app_label", "django_content_type"."model" FROM "django_content_type" WHERE ("django_content_type"."app_label" = 'sessions' AND "django_content_type"."model" = 'session') LIMIT 21; args=('sessions', 'session'); alias=default
DEBUG 2024-02-27 21:21:28,598 utils (0.000) SELECT "auth_permission"."content_type_id", "auth_permission"."codename" FROM "auth_permission" INNER JOIN "django_content_type" ON ("auth_permission"."content_type_id" = "django_content_type"."id") WHERE "auth_permission"."content_type_id" IN (6) ORDER BY "django_content_type"."app_label" ASC, "django_content_type"."model" ASC, "auth_permission"."codename" ASC; args=(6,); alias=default
DEBUG 2024-02-27 21:21:28,599 utils (0.000) SELECT "django_content_type"."id", "django_content_type"."app_label", "django_content_type"."model" FROM "django_content_type" WHERE "django_content_type"."app_label" = 'sessions'; args=('sessions',); alias=default
DEBUG 2024-02-27 21:21:28,600 utils (0.000) SELECT COUNT(*) AS "__count" FROM "pong_gamedata"; args=(); alias=default
DEBUG 2024-02-27 21:21:28,601 utils (0.000) SELECT COUNT(*) AS "__count" FROM "pong_tournamentdata"; args=(); alias=default
DEBUG 2024-02-27 21:21:28,601 utils (0.000) SELECT COUNT(*) AS "__count" FROM "pong_gamedata"; args=(); alias=default
DEBUG 2024-02-27 21:21:28,602 utils (0.000) SELECT COUNT(*) AS "__count" FROM "pong_tournamentdata"; args=(); alias=default
DEBUG 2024-02-27 21:21:28,604 utils (0.001) INSERT INTO "pong_gamedata" ("player1_name", "player1_points", "player2_name", "player2_points", "game_end_timestamp", "game_duration_secs", "is_tournament_game") VALUES ('Player 8', 1, 'Player 11', 11, '2023-11-24T12:58:22.601135+01:00'::timestamptz, 817, true) RETURNING "pong_gamedata"."id"; args=('Player 8', 1, 'Player 11', 11, datetime.datetime(2023, 11, 24, 12, 58, 22, 601135, tzinfo=<DstTzInfo 'Europe/Paris' CET+1:00:00 STD>), 817, True); alias=default
DEBUG 2024-02-27 21:21:28,606 utils (0.001) INSERT INTO "pong_gamedata" ("player1_name", "player1_points", "player2_name", "player2_points", "game_end_timestamp", "game_duration_secs", "is_tournament_game") VALUES ('Player 12', 8, 'Player 13', 11, '2023-11-24T12:59:30.601135+01:00'::timestamptz, 900, true) RETURNING "pong_gamedata"."id"; args=('Player 12', 8, 'Player 13', 11, datetime.datetime(2023, 11, 24, 12, 59, 30, 601135, tzinfo=<DstTzInfo 'Europe/Paris' CET+1:00:00 STD>), 900, True); alias=default
DEBUG 2024-02-27 21:21:28,607 utils (0.001) INSERT INTO "pong_gamedata" ("player1_name", "player1_points", "player2_name", "player2_points", "game_end_timestamp", "game_duration_secs", "is_tournament_game") VALUES ('Player 11', 11, 'Player 13', 8, '2023-11-24T12:59:40.601135+01:00'::timestamptz, 308, true) RETURNING "pong_gamedata"."id"; args=('Player 11', 11, 'Player 13', 8, datetime.datetime(2023, 11, 24, 12, 59, 40, 601135, tzinfo=<DstTzInfo 'Europe/Paris' CET+1:00:00 STD>), 308, True); alias=default
DEBUG 2024-02-27 21:21:28,608 utils (0.000) INSERT INTO "pong_tournamentdata" ("tour_id", "match_id_semi_1", "match_id_semi_2", "match_id_final", "tournament_end_timestamp", "tournament_duration_secs", "player_ranking", "blockchain_hash") VALUES (0, 1573, 1574, 1575, '2023-11-24T12:59:40.601135+01:00'::timestamptz, 910, '["Player 11", "Player 13", "Player 8", "Player 12"]', '0x0') RETURNING "pong_tournamentdata"."id"; args=(0, 1573, 1574, 1575, datetime.datetime(2023, 11, 24, 12, 59, 40, 601135, tzinfo=<DstTzInfo 'Europe/Paris' CET+1:00:00 STD>), 910, <psycopg2._json.Json object at 0x7faa37ffe150>, '0x0'); alias=default
DEBUG 2024-02-27 21:21:28,610 utils (0.001) INSERT INTO "pong_gamedata" ("player1_name", "player1_points", "player2_name", "player2_points", "game_end_timestamp", "game_duration_secs", "is_tournament_game") VALUES ('Player 4', 8, 'Player 2', 11, '2023-12-25T09:28:40.601135+01:00'::timestamptz, 725, true) RETURNING "pong_gamedata"."id"; args=('Player 4', 8, 'Player 2', 11, datetime.datetime(2023, 12, 25, 9, 28, 40, 601135, tzinfo=<DstTzInfo 'Europe/Paris' CET+1:00:00 STD>), 725, True); alias=default
DEBUG 2024-02-27 21:21:28,611 utils (0.001) INSERT INTO "pong_gamedata" ("player1_name", "player1_points", "player2_name", "player2_points", "game_end_timestamp", "game_duration_secs", "is_tournament_game") VALUES ('Player 12', 4, 'Player 9', 11, '2023-12-25T09:30:56.601135+01:00'::timestamptz, 893, true) RETURNING "pong_gamedata"."id"; args=('Player 12', 4, 'Player 9', 11, datetime.datetime(2023, 12, 25, 9, 30, 56, 601135, tzinfo=<DstTzInfo 'Europe/Paris' CET+1:00:00 STD>), 893, True); alias=default
DEBUG 2024-02-27 21:21:28,612 utils (0.001) INSERT INTO "pong_gamedata" ("player1_name", "player1_points", "player2_name", "player2_points", "game_end_timestamp", "game_duration_secs", "is_tournament_game") VALUES ('Player 2', 5, 'Player 9', 11, '2023-12-25T09:32:30.601135+01:00'::timestamptz, 629, true) RETURNING "pong_gamedata"."id"; args=('Player 2', 5, 'Player 9', 11, datetime.datetime(2023, 12, 25, 9, 32, 30, 601135, tzinfo=<DstTzInfo 'Europe/Paris' CET+1:00:00 STD>), 629, True); alias=default
DEBUG 2024-02-27 21:21:28,613 utils (0.000) INSERT INTO "pong_tournamentdata" ("tour_id", "match_id_semi_1", "match_id_semi_2", "match_id_final", "tournament_end_timestamp", "tournament_duration_secs", "player_ranking", "blockchain_hash") VALUES (0, 1576, 1577, 1578, '2023-12-25T09:32:30.601135+01:00'::timestamptz, 987, '["Player 9", "Player 2", "Player 4", "Player 12"]', '0x0') RETURNING "pong_tournamentdata"."id"; args=(0, 1576, 1577, 1578, datetime.datetime(2023, 12, 25, 9, 32, 30, 601135, tzinfo=<DstTzInfo 'Europe/Paris' CET+1:00:00 STD>), 987, <psycopg2._json.Json object at 0x7faa37ffebd0>, '0x0'); alias=default
DEBUG 2024-02-27 21:21:28,614 utils (0.000) SELECT COUNT(*) AS "__count" FROM "pong_gamedata"; args=(); alias=default
DEBUG 2024-02-27 21:21:28,614 utils (0.000) SELECT COUNT(*) AS "__count" FROM "pong_tournamentdata"; args=(); alias=default
DEBUG 2024-02-27 21:21:28,615 utils (0.000) SELECT "django_content_type"."id", "django_content_type"."app_label", "django_content_type"."model" FROM "django_content_type" WHERE "django_content_type"."app_label" = 'pong'; args=('pong',); alias=default
DEBUG 2024-02-27 21:21:28,616 utils (0.000) SELECT "django_content_type"."id", "django_content_type"."app_label", "django_content_type"."model" FROM "django_content_type" WHERE ("django_content_type"."app_label" = 'pong' AND "django_content_type"."model" = 'gamedata') LIMIT 21; args=('pong', 'gamedata'); alias=default
DEBUG 2024-02-27 21:21:28,617 utils (0.000) SELECT "django_content_type"."id", "django_content_type"."app_label", "django_content_type"."model" FROM "django_content_type" WHERE ("django_content_type"."app_label" = 'pong' AND "django_content_type"."model" = 'tournamentdata') LIMIT 21; args=('pong', 'tournamentdata'); alias=default
DEBUG 2024-02-27 21:21:28,618 utils (0.000) SELECT "auth_permission"."content_type_id", "auth_permission"."codename" FROM "auth_permission" INNER JOIN "django_content_type" ON ("auth_permission"."content_type_id" = "django_content_type"."id") WHERE "auth_permission"."content_type_id" IN (8, 7) ORDER BY "django_content_type"."app_label" ASC, "django_content_type"."model" ASC, "auth_permission"."codename" ASC; args=(8, 7); alias=default
DEBUG 2024-02-27 21:21:28,619 utils (0.000) SELECT "django_content_type"."id", "django_content_type"."app_label", "django_content_type"."model" FROM "django_content_type" WHERE "django_content_type"."app_label" = 'pong'; args=('pong',); alias=default
DEBUG 2024-02-27 21:21:28,621 utils (0.000) SELECT COUNT(*) AS "__count" FROM "pong_gamedata"; args=(); alias=default
DEBUG 2024-02-27 21:21:28,622 utils (0.000) SELECT COUNT(*) AS "__count" FROM "pong_tournamentdata"; args=(); alias=default
DEBUG 2024-02-27 21:21:28,624 utils (0.000) SELECT COUNT(*) AS "__count" FROM "pong_gamedata"; args=(); alias=default
DEBUG 2024-02-27 21:21:28,625 utils (0.000) SELECT COUNT(*) AS "__count" FROM "pong_tournamentdata"; args=(); alias=default
DEBUG 2024-02-27 21:21:28,626 utils (0.001) INSERT INTO "pong_gamedata" ("player1_name", "player1_points", "player2_name", "player2_points", "game_end_timestamp", "game_duration_secs", "is_tournament_game") VALUES ('Player 1', 7, 'Player 7', 11, '2024-01-16T11:42:17.623198+01:00'::timestamptz, 586, true) RETURNING "pong_gamedata"."id"; args=('Player 1', 7, 'Player 7', 11, datetime.datetime(2024, 1, 16, 11, 42, 17, 623198, tzinfo=<DstTzInfo 'Europe/Paris' CET+1:00:00 STD>), 586, True); alias=default
DEBUG 2024-02-27 21:21:28,627 utils (0.001) INSERT INTO "pong_gamedata" ("player1_name", "player1_points", "player2_name", "player2_points", "game_end_timestamp", "game_duration_secs", "is_tournament_game") VALUES ('Player 12', 11, 'Player 4', 10, '2024-01-16T11:36:54.623198+01:00'::timestamptz, 86, true) RETURNING "pong_gamedata"."id"; args=('Player 12', 11, 'Player 4', 10, datetime.datetime(2024, 1, 16, 11, 36, 54, 623198, tzinfo=<DstTzInfo 'Europe/Paris' CET+1:00:00 STD>), 86, True); alias=default
DEBUG 2024-02-27 21:21:28,629 utils (0.001) INSERT INTO "pong_gamedata" ("player1_name", "player1_points", "player2_name", "player2_points", "game_end_timestamp", "game_duration_secs", "is_tournament_game") VALUES ('Player 7', 11, 'Player 12', 4, '2024-01-16T11:46:09.623198+01:00'::timestamptz, 674, true) RETURNING "pong_gamedata"."id"; args=('Player 7', 11, 'Player 12', 4, datetime.datetime(2024, 1, 16, 11, 46, 9, 623198, tzinfo=<DstTzInfo 'Europe/Paris' CET+1:00:00 STD>), 674, True); alias=default
DEBUG 2024-02-27 21:21:28,629 utils (0.000) INSERT INTO "pong_tournamentdata" ("tour_id", "match_id_semi_1", "match_id_semi_2", "match_id_final", "tournament_end_timestamp", "tournament_duration_secs", "player_ranking", "blockchain_hash") VALUES (0, 1579, 1580, 1581, '2024-01-16T11:46:09.623198+01:00'::timestamptz, 818, '["Player 7", "Player 12", "Player 1", "Player 4"]', '0x0') RETURNING "pong_tournamentdata"."id"; args=(0, 1579, 1580, 1581, datetime.datetime(2024, 1, 16, 11, 46, 9, 623198, tzinfo=<DstTzInfo 'Europe/Paris' CET+1:00:00 STD>), 818, <psycopg2._json.Json object at 0x7faa37ffe690>, '0x0'); alias=default
DEBUG 2024-02-27 21:21:28,631 utils (0.001) INSERT INTO "pong_gamedata" ("player1_name", "player1_points", "player2_name", "player2_points", "game_end_timestamp", "game_duration_secs", "is_tournament_game") VALUES ('Player 13', 0, 'Player 8', 11, '2023-11-17T00:12:10.623198+01:00'::timestamptz, 223, true) RETURNING "pong_gamedata"."id"; args=('Player 13', 0, 'Player 8', 11, datetime.datetime(2023, 11, 17, 0, 12, 10, 623198, tzinfo=<DstTzInfo 'Europe/Paris' CET+1:00:00 STD>), 223, True); alias=default
DEBUG 2024-02-27 21:21:28,632 utils (0.001) INSERT INTO "pong_gamedata" ("player1_name", "player1_points", "player2_name", "player2_points", "game_end_timestamp", "game_duration_secs", "is_tournament_game") VALUES ('Player 6', 0, 'Player 10', 11, '2023-11-17T00:13:27.623198+01:00'::timestamptz, 436, true) RETURNING "pong_gamedata"."id"; args=('Player 6', 0, 'Player 10', 11, datetime.datetime(2023, 11, 17, 0, 13, 27, 623198, tzinfo=<DstTzInfo 'Europe/Paris' CET+1:00:00 STD>), 436, True); alias=default
DEBUG 2024-02-27 21:21:28,633 utils (0.001) INSERT INTO "pong_gamedata" ("player1_name", "player1_points", "player2_name", "player2_points", "game_end_timestamp", "game_duration_secs", "is_tournament_game") VALUES ('Player 8', 10, 'Player 10', 11, '2023-11-17T00:22:29.623198+01:00'::timestamptz, 974, true) RETURNING "pong_gamedata"."id"; args=('Player 8', 10, 'Player 10', 11, datetime.datetime(2023, 11, 17, 0, 22, 29, 623198, tzinfo=<DstTzInfo 'Europe/Paris' CET+1:00:00 STD>), 974, True); alias=default
DEBUG 2024-02-27 21:21:28,634 utils (0.000) INSERT INTO "pong_tournamentdata" ("tour_id", "match_id_semi_1", "match_id_semi_2", "match_id_final", "tournament_end_timestamp", "tournament_duration_secs", "player_ranking", "blockchain_hash") VALUES (0, 1582, 1583, 1584, '2023-11-17T00:22:29.623198+01:00'::timestamptz, 978, '["Player 10", "Player 8", "Player 13", "Player 6"]', '0x0') RETURNING "pong_tournamentdata"."id"; args=(0, 1582, 1583, 1584, datetime.datetime(2023, 11, 17, 0, 22, 29, 623198, tzinfo=<DstTzInfo 'Europe/Paris' CET+1:00:00 STD>), 978, <psycopg2._json.Json object at 0x7faa37ffd940>, '0x0'); alias=default
DEBUG 2024-02-27 21:21:28,635 utils (0.000) SELECT COUNT(*) AS "__count" FROM "pong_gamedata"; args=(); alias=default
DEBUG 2024-02-27 21:21:28,636 utils (0.000) SELECT COUNT(*) AS "__count" FROM "pong_tournamentdata"; args=(); alias=default
