DEBUG 2024-02-27 21:11:34,905 utils (0.002) 
            SELECT
                c.relname,
                CASE
                    WHEN c.relispartition THEN 'p'
                    WHEN c.relkind IN ('m', 'v') THEN 'v'
                    ELSE 't'
                END,
                obj_description(c.oid, 'pg_class')
            FROM pg_catalog.pg_class c
            LEFT JOIN pg_catalog.pg_namespace n ON n.oid = c.relnamespace
            WHERE c.relkind IN ('f', 'm', 'p', 'r', 'v')
                AND n.nspname NOT IN ('pg_catalog', 'pg_toast')
                AND pg_catalog.pg_table_is_visible(c.oid)
        ; args=None; alias=default
DEBUG 2024-02-27 21:11:34,907 utils (0.000) SELECT "django_migrations"."id", "django_migrations"."app", "django_migrations"."name", "django_migrations"."applied" FROM "django_migrations"; args=(); alias=default
DEBUG 2024-02-27 21:11:34,909 utils (0.001) 
            SELECT
                c.relname,
                CASE
                    WHEN c.relispartition THEN 'p'
                    WHEN c.relkind IN ('m', 'v') THEN 'v'
                    ELSE 't'
                END,
                obj_description(c.oid, 'pg_class')
            FROM pg_catalog.pg_class c
            LEFT JOIN pg_catalog.pg_namespace n ON n.oid = c.relnamespace
            WHERE c.relkind IN ('f', 'm', 'p', 'r', 'v')
                AND n.nspname NOT IN ('pg_catalog', 'pg_toast')
                AND pg_catalog.pg_table_is_visible(c.oid)
        ; args=None; alias=default
DEBUG 2024-02-27 21:11:34,909 utils (0.000) SELECT "django_migrations"."id", "django_migrations"."app", "django_migrations"."name", "django_migrations"."applied" FROM "django_migrations"; args=(); alias=default
DEBUG 2024-02-27 21:11:34,923 utils (0.001) 
            SELECT
                c.relname,
                CASE
                    WHEN c.relispartition THEN 'p'
                    WHEN c.relkind IN ('m', 'v') THEN 'v'
                    ELSE 't'
                END,
                obj_description(c.oid, 'pg_class')
            FROM pg_catalog.pg_class c
            LEFT JOIN pg_catalog.pg_namespace n ON n.oid = c.relnamespace
            WHERE c.relkind IN ('f', 'm', 'p', 'r', 'v')
                AND n.nspname NOT IN ('pg_catalog', 'pg_toast')
                AND pg_catalog.pg_table_is_visible(c.oid)
        ; args=None; alias=default
DEBUG 2024-02-27 21:11:34,924 utils (0.001) 
            SELECT
                c.relname,
                CASE
                    WHEN c.relispartition THEN 'p'
                    WHEN c.relkind IN ('m', 'v') THEN 'v'
                    ELSE 't'
                END,
                obj_description(c.oid, 'pg_class')
            FROM pg_catalog.pg_class c
            LEFT JOIN pg_catalog.pg_namespace n ON n.oid = c.relnamespace
            WHERE c.relkind IN ('f', 'm', 'p', 'r', 'v')
                AND n.nspname NOT IN ('pg_catalog', 'pg_toast')
                AND pg_catalog.pg_table_is_visible(c.oid)
        ; args=None; alias=default
DEBUG 2024-02-27 21:11:34,924 utils (0.000) SELECT "django_migrations"."id", "django_migrations"."app", "django_migrations"."name", "django_migrations"."applied" FROM "django_migrations"; args=(); alias=default
DEBUG 2024-02-27 21:11:34,926 utils (0.001) SELECT "django_content_type"."id", "django_content_type"."app_label", "django_content_type"."model" FROM "django_content_type" WHERE "django_content_type"."app_label" = 'admin'; args=('admin',); alias=default
DEBUG 2024-02-27 21:11:34,927 utils (0.000) SELECT "django_content_type"."id", "django_content_type"."app_label", "django_content_type"."model" FROM "django_content_type" WHERE ("django_content_type"."app_label" = 'admin' AND "django_content_type"."model" = 'logentry') LIMIT 21; args=('admin', 'logentry'); alias=default
DEBUG 2024-02-27 21:11:34,929 utils (0.001) SELECT "auth_permission"."content_type_id", "auth_permission"."codename" FROM "auth_permission" INNER JOIN "django_content_type" ON ("auth_permission"."content_type_id" = "django_content_type"."id") WHERE "auth_permission"."content_type_id" IN (1) ORDER BY "django_content_type"."app_label" ASC, "django_content_type"."model" ASC, "auth_permission"."codename" ASC; args=(1,); alias=default
DEBUG 2024-02-27 21:11:34,930 utils (0.000) SELECT "django_content_type"."id", "django_content_type"."app_label", "django_content_type"."model" FROM "django_content_type" WHERE "django_content_type"."app_label" = 'admin'; args=('admin',); alias=default
DEBUG 2024-02-27 21:11:34,931 utils (0.000) SELECT COUNT(*) AS "__count" FROM "pong_gamedata"; args=(); alias=default
DEBUG 2024-02-27 21:11:34,932 utils (0.000) SELECT COUNT(*) AS "__count" FROM "pong_tournamentdata"; args=(); alias=default
DEBUG 2024-02-27 21:11:34,933 utils (0.000) SELECT COUNT(*) AS "__count" FROM "pong_gamedata"; args=(); alias=default
DEBUG 2024-02-27 21:11:34,934 utils (0.000) SELECT COUNT(*) AS "__count" FROM "pong_tournamentdata"; args=(); alias=default
DEBUG 2024-02-27 21:11:34,968 utils (0.010) INSERT INTO "pong_gamedata" ("player1_name", "player1_points", "player2_name", "player2_points", "game_end_timestamp", "game_duration_secs", "is_tournament_game") VALUES ('Player 7', 11, 'Player 12', 1, '2024-01-19T12:41:15.933064+01:00'::timestamptz, 446, true) RETURNING "pong_gamedata"."id"; args=('Player 7', 11, 'Player 12', 1, datetime.datetime(2024, 1, 19, 12, 41, 15, 933064, tzinfo=<DstTzInfo 'Europe/Paris' CET+1:00:00 STD>), 446, True); alias=default
DEBUG 2024-02-27 21:11:34,969 utils (0.001) INSERT INTO "pong_gamedata" ("player1_name", "player1_points", "player2_name", "player2_points", "game_end_timestamp", "game_duration_secs", "is_tournament_game") VALUES ('Player 0', 11, 'Player 15', 4, '2024-01-19T12:49:21.933064+01:00'::timestamptz, 613, true) RETURNING "pong_gamedata"."id"; args=('Player 0', 11, 'Player 15', 4, datetime.datetime(2024, 1, 19, 12, 49, 21, 933064, tzinfo=<DstTzInfo 'Europe/Paris' CET+1:00:00 STD>), 613, True); alias=default
DEBUG 2024-02-27 21:11:34,971 utils (0.001) INSERT INTO "pong_gamedata" ("player1_name", "player1_points", "player2_name", "player2_points", "game_end_timestamp", "game_duration_secs", "is_tournament_game") VALUES ('Player 7', 11, 'Player 0', 8, '2024-01-19T12:49:58.933064+01:00'::timestamptz, 988, true) RETURNING "pong_gamedata"."id"; args=('Player 7', 11, 'Player 0', 8, datetime.datetime(2024, 1, 19, 12, 49, 58, 933064, tzinfo=<DstTzInfo 'Europe/Paris' CET+1:00:00 STD>), 988, True); alias=default
DEBUG 2024-02-27 21:11:34,972 utils (0.000) INSERT INTO "pong_tournamentdata" ("tour_id", "match_id_semi_1", "match_id_semi_2", "match_id_final", "tournament_end_timestamp", "tournament_duration_secs", "player_ranking", "blockchain_hash") VALUES (0, 1458, 1459, 1460, '2024-01-19T12:49:58.933064+01:00'::timestamptz, 969, '["Player 7", "Player 0", "Player 12", "Player 15"]', '0x0') RETURNING "pong_tournamentdata"."id"; args=(0, 1458, 1459, 1460, datetime.datetime(2024, 1, 19, 12, 49, 58, 933064, tzinfo=<DstTzInfo 'Europe/Paris' CET+1:00:00 STD>), 969, <psycopg2._json.Json object at 0x7f82c4d56fc0>, '0x0'); alias=default
DEBUG 2024-02-27 21:11:34,973 utils (0.001) INSERT INTO "pong_gamedata" ("player1_name", "player1_points", "player2_name", "player2_points", "game_end_timestamp", "game_duration_secs", "is_tournament_game") VALUES ('Player 12', 9, 'Player 15', 11, '2023-12-05T16:43:09.933064+01:00'::timestamptz, 175, true) RETURNING "pong_gamedata"."id"; args=('Player 12', 9, 'Player 15', 11, datetime.datetime(2023, 12, 5, 16, 43, 9, 933064, tzinfo=<DstTzInfo 'Europe/Paris' CET+1:00:00 STD>), 175, True); alias=default
DEBUG 2024-02-27 21:11:34,974 utils (0.001) INSERT INTO "pong_gamedata" ("player1_name", "player1_points", "player2_name", "player2_points", "game_end_timestamp", "game_duration_secs", "is_tournament_game") VALUES ('Player 11', 7, 'Player 13', 11, '2023-12-05T16:47:58.933064+01:00'::timestamptz, 300, true) RETURNING "pong_gamedata"."id"; args=('Player 11', 7, 'Player 13', 11, datetime.datetime(2023, 12, 5, 16, 47, 58, 933064, tzinfo=<DstTzInfo 'Europe/Paris' CET+1:00:00 STD>), 300, True); alias=default
DEBUG 2024-02-27 21:11:34,976 utils (0.001) INSERT INTO "pong_gamedata" ("player1_name", "player1_points", "player2_name", "player2_points", "game_end_timestamp", "game_duration_secs", "is_tournament_game") VALUES ('Player 15', 11, 'Player 13', 3, '2023-12-05T16:55:02.933064+01:00'::timestamptz, 95, true) RETURNING "pong_gamedata"."id"; args=('Player 15', 11, 'Player 13', 3, datetime.datetime(2023, 12, 5, 16, 55, 2, 933064, tzinfo=<DstTzInfo 'Europe/Paris' CET+1:00:00 STD>), 95, True); alias=default
DEBUG 2024-02-27 21:11:34,976 utils (0.000) INSERT INTO "pong_tournamentdata" ("tour_id", "match_id_semi_1", "match_id_semi_2", "match_id_final", "tournament_end_timestamp", "tournament_duration_secs", "player_ranking", "blockchain_hash") VALUES (0, 1461, 1462, 1463, '2023-12-05T16:55:02.933064+01:00'::timestamptz, 888, '["Player 15", "Player 13", "Player 12", "Player 11"]', '0x0') RETURNING "pong_tournamentdata"."id"; args=(0, 1461, 1462, 1463, datetime.datetime(2023, 12, 5, 16, 55, 2, 933064, tzinfo=<DstTzInfo 'Europe/Paris' CET+1:00:00 STD>), 888, <psycopg2._json.Json object at 0x7f82c4d574d0>, '0x0'); alias=default
DEBUG 2024-02-27 21:11:34,977 utils (0.000) SELECT COUNT(*) AS "__count" FROM "pong_gamedata"; args=(); alias=default
DEBUG 2024-02-27 21:11:34,978 utils (0.000) SELECT COUNT(*) AS "__count" FROM "pong_tournamentdata"; args=(); alias=default
DEBUG 2024-02-27 21:11:34,979 utils (0.000) SELECT "django_content_type"."id", "django_content_type"."app_label", "django_content_type"."model" FROM "django_content_type" WHERE "django_content_type"."app_label" = 'auth'; args=('auth',); alias=default
DEBUG 2024-02-27 21:11:34,980 utils (0.000) SELECT "django_content_type"."id", "django_content_type"."app_label", "django_content_type"."model" FROM "django_content_type" WHERE ("django_content_type"."app_label" = 'auth' AND "django_content_type"."model" = 'permission') LIMIT 21; args=('auth', 'permission'); alias=default
DEBUG 2024-02-27 21:11:34,981 utils (0.000) SELECT "django_content_type"."id", "django_content_type"."app_label", "django_content_type"."model" FROM "django_content_type" WHERE ("django_content_type"."app_label" = 'auth' AND "django_content_type"."model" = 'group') LIMIT 21; args=('auth', 'group'); alias=default
DEBUG 2024-02-27 21:11:34,983 utils (0.000) SELECT "django_content_type"."id", "django_content_type"."app_label", "django_content_type"."model" FROM "django_content_type" WHERE ("django_content_type"."app_label" = 'auth' AND "django_content_type"."model" = 'user') LIMIT 21; args=('auth', 'user'); alias=default
DEBUG 2024-02-27 21:11:34,984 utils (0.001) SELECT "auth_permission"."content_type_id", "auth_permission"."codename" FROM "auth_permission" INNER JOIN "django_content_type" ON ("auth_permission"."content_type_id" = "django_content_type"."id") WHERE "auth_permission"."content_type_id" IN (2, 3, 4) ORDER BY "django_content_type"."app_label" ASC, "django_content_type"."model" ASC, "auth_permission"."codename" ASC; args=(2, 3, 4); alias=default
DEBUG 2024-02-27 21:11:34,985 utils (0.000) SELECT "django_content_type"."id", "django_content_type"."app_label", "django_content_type"."model" FROM "django_content_type" WHERE "django_content_type"."app_label" = 'auth'; args=('auth',); alias=default
DEBUG 2024-02-27 21:11:34,986 utils (0.000) SELECT COUNT(*) AS "__count" FROM "pong_gamedata"; args=(); alias=default
DEBUG 2024-02-27 21:11:34,987 utils (0.000) SELECT COUNT(*) AS "__count" FROM "pong_tournamentdata"; args=(); alias=default
DEBUG 2024-02-27 21:11:34,987 utils (0.000) SELECT COUNT(*) AS "__count" FROM "pong_gamedata"; args=(); alias=default
DEBUG 2024-02-27 21:11:34,988 utils (0.000) SELECT COUNT(*) AS "__count" FROM "pong_tournamentdata"; args=(); alias=default
DEBUG 2024-02-27 21:11:34,990 utils (0.001) INSERT INTO "pong_gamedata" ("player1_name", "player1_points", "player2_name", "player2_points", "game_end_timestamp", "game_duration_secs", "is_tournament_game") VALUES ('Player 11', 11, 'Player 9', 9, '2024-02-25T09:08:00.987328+01:00'::timestamptz, 802, true) RETURNING "pong_gamedata"."id"; args=('Player 11', 11, 'Player 9', 9, datetime.datetime(2024, 2, 25, 9, 8, 0, 987328, tzinfo=<DstTzInfo 'Europe/Paris' CET+1:00:00 STD>), 802, True); alias=default
DEBUG 2024-02-27 21:11:34,991 utils (0.001) INSERT INTO "pong_gamedata" ("player1_name", "player1_points", "player2_name", "player2_points", "game_end_timestamp", "game_duration_secs", "is_tournament_game") VALUES ('Player 4', 11, 'Player 7', 8, '2024-02-25T09:08:30.987328+01:00'::timestamptz, 950, true) RETURNING "pong_gamedata"."id"; args=('Player 4', 11, 'Player 7', 8, datetime.datetime(2024, 2, 25, 9, 8, 30, 987328, tzinfo=<DstTzInfo 'Europe/Paris' CET+1:00:00 STD>), 950, True); alias=default
DEBUG 2024-02-27 21:11:34,992 utils (0.001) INSERT INTO "pong_gamedata" ("player1_name", "player1_points", "player2_name", "player2_points", "game_end_timestamp", "game_duration_secs", "is_tournament_game") VALUES ('Player 11', 2, 'Player 4', 11, '2024-02-25T09:08:43.987328+01:00'::timestamptz, 234, true) RETURNING "pong_gamedata"."id"; args=('Player 11', 2, 'Player 4', 11, datetime.datetime(2024, 2, 25, 9, 8, 43, 987328, tzinfo=<DstTzInfo 'Europe/Paris' CET+1:00:00 STD>), 234, True); alias=default
DEBUG 2024-02-27 21:11:34,993 utils (0.000) INSERT INTO "pong_tournamentdata" ("tour_id", "match_id_semi_1", "match_id_semi_2", "match_id_final", "tournament_end_timestamp", "tournament_duration_secs", "player_ranking", "blockchain_hash") VALUES (0, 1464, 1465, 1466, '2024-02-25T09:08:43.987328+01:00'::timestamptz, 963, '["Player 4", "Player 11", "Player 9", "Player 7"]', '0x0') RETURNING "pong_tournamentdata"."id"; args=(0, 1464, 1465, 1466, datetime.datetime(2024, 2, 25, 9, 8, 43, 987328, tzinfo=<DstTzInfo 'Europe/Paris' CET+1:00:00 STD>), 963, <psycopg2._json.Json object at 0x7f82c4d57da0>, '0x0'); alias=default
DEBUG 2024-02-27 21:11:34,994 utils (0.001) INSERT INTO "pong_gamedata" ("player1_name", "player1_points", "player2_name", "player2_points", "game_end_timestamp", "game_duration_secs", "is_tournament_game") VALUES ('Player 9', 1, 'Player 4', 11, '2023-12-07T13:35:32.987328+01:00'::timestamptz, 180, true) RETURNING "pong_gamedata"."id"; args=('Player 9', 1, 'Player 4', 11, datetime.datetime(2023, 12, 7, 13, 35, 32, 987328, tzinfo=<DstTzInfo 'Europe/Paris' CET+1:00:00 STD>), 180, True); alias=default
DEBUG 2024-02-27 21:11:34,996 utils (0.001) INSERT INTO "pong_gamedata" ("player1_name", "player1_points", "player2_name", "player2_points", "game_end_timestamp", "game_duration_secs", "is_tournament_game") VALUES ('Player 7', 9, 'Player 5', 11, '2023-12-07T13:41:16.987328+01:00'::timestamptz, 415, true) RETURNING "pong_gamedata"."id"; args=('Player 7', 9, 'Player 5', 11, datetime.datetime(2023, 12, 7, 13, 41, 16, 987328, tzinfo=<DstTzInfo 'Europe/Paris' CET+1:00:00 STD>), 415, True); alias=default
DEBUG 2024-02-27 21:11:34,997 utils (0.001) INSERT INTO "pong_gamedata" ("player1_name", "player1_points", "player2_name", "player2_points", "game_end_timestamp", "game_duration_secs", "is_tournament_game") VALUES ('Player 4', 11, 'Player 5', 1, '2023-12-07T13:45:59.987328+01:00'::timestamptz, 976, true) RETURNING "pong_gamedata"."id"; args=('Player 4', 11, 'Player 5', 1, datetime.datetime(2023, 12, 7, 13, 45, 59, 987328, tzinfo=<DstTzInfo 'Europe/Paris' CET+1:00:00 STD>), 976, True); alias=default
DEBUG 2024-02-27 21:11:34,997 utils (0.000) INSERT INTO "pong_tournamentdata" ("tour_id", "match_id_semi_1", "match_id_semi_2", "match_id_final", "tournament_end_timestamp", "tournament_duration_secs", "player_ranking", "blockchain_hash") VALUES (0, 1467, 1468, 1469, '2023-12-07T13:45:59.987328+01:00'::timestamptz, 807, '["Player 4", "Player 5", "Player 9", "Player 7"]', '0x0') RETURNING "pong_tournamentdata"."id"; args=(0, 1467, 1468, 1469, datetime.datetime(2023, 12, 7, 13, 45, 59, 987328, tzinfo=<DstTzInfo 'Europe/Paris' CET+1:00:00 STD>), 807, <psycopg2._json.Json object at 0x7f82c4b80860>, '0x0'); alias=default
DEBUG 2024-02-27 21:11:34,998 utils (0.000) SELECT COUNT(*) AS "__count" FROM "pong_gamedata"; args=(); alias=default
DEBUG 2024-02-27 21:11:34,999 utils (0.000) SELECT COUNT(*) AS "__count" FROM "pong_tournamentdata"; args=(); alias=default
DEBUG 2024-02-27 21:11:35,000 utils (0.000) SELECT "django_content_type"."id", "django_content_type"."app_label", "django_content_type"."model" FROM "django_content_type" WHERE "django_content_type"."app_label" = 'contenttypes'; args=('contenttypes',); alias=default
DEBUG 2024-02-27 21:11:35,001 utils (0.000) SELECT "django_content_type"."id", "django_content_type"."app_label", "django_content_type"."model" FROM "django_content_type" WHERE ("django_content_type"."app_label" = 'contenttypes' AND "django_content_type"."model" = 'contenttype') LIMIT 21; args=('contenttypes', 'contenttype'); alias=default
DEBUG 2024-02-27 21:11:35,002 utils (0.000) SELECT "auth_permission"."content_type_id", "auth_permission"."codename" FROM "auth_permission" INNER JOIN "django_content_type" ON ("auth_permission"."content_type_id" = "django_content_type"."id") WHERE "auth_permission"."content_type_id" IN (5) ORDER BY "django_content_type"."app_label" ASC, "django_content_type"."model" ASC, "auth_permission"."codename" ASC; args=(5,); alias=default
DEBUG 2024-02-27 21:11:35,003 utils (0.000) SELECT "django_content_type"."id", "django_content_type"."app_label", "django_content_type"."model" FROM "django_content_type" WHERE "django_content_type"."app_label" = 'contenttypes'; args=('contenttypes',); alias=default
DEBUG 2024-02-27 21:11:35,004 utils (0.000) SELECT COUNT(*) AS "__count" FROM "pong_gamedata"; args=(); alias=default
DEBUG 2024-02-27 21:11:35,005 utils (0.000) SELECT COUNT(*) AS "__count" FROM "pong_tournamentdata"; args=(); alias=default
DEBUG 2024-02-27 21:11:35,006 utils (0.000) SELECT COUNT(*) AS "__count" FROM "pong_gamedata"; args=(); alias=default
DEBUG 2024-02-27 21:11:35,007 utils (0.000) SELECT COUNT(*) AS "__count" FROM "pong_tournamentdata"; args=(); alias=default
DEBUG 2024-02-27 21:11:35,009 utils (0.001) INSERT INTO "pong_gamedata" ("player1_name", "player1_points", "player2_name", "player2_points", "game_end_timestamp", "game_duration_secs", "is_tournament_game") VALUES ('Player 5', 11, 'Player 9', 0, '2024-01-18T04:35:46.005684+01:00'::timestamptz, 952, true) RETURNING "pong_gamedata"."id"; args=('Player 5', 11, 'Player 9', 0, datetime.datetime(2024, 1, 18, 4, 35, 46, 5684, tzinfo=<DstTzInfo 'Europe/Paris' CET+1:00:00 STD>), 952, True); alias=default
DEBUG 2024-02-27 21:11:35,010 utils (0.001) INSERT INTO "pong_gamedata" ("player1_name", "player1_points", "player2_name", "player2_points", "game_end_timestamp", "game_duration_secs", "is_tournament_game") VALUES ('Player 7', 11, 'Player 3', 9, '2024-01-18T04:25:10.005684+01:00'::timestamptz, 303, true) RETURNING "pong_gamedata"."id"; args=('Player 7', 11, 'Player 3', 9, datetime.datetime(2024, 1, 18, 4, 25, 10, 5684, tzinfo=<DstTzInfo 'Europe/Paris' CET+1:00:00 STD>), 303, True); alias=default
DEBUG 2024-02-27 21:11:35,011 utils (0.001) INSERT INTO "pong_gamedata" ("player1_name", "player1_points", "player2_name", "player2_points", "game_end_timestamp", "game_duration_secs", "is_tournament_game") VALUES ('Player 5', 11, 'Player 7', 2, '2024-01-18T04:36:01.005684+01:00'::timestamptz, 197, true) RETURNING "pong_gamedata"."id"; args=('Player 5', 11, 'Player 7', 2, datetime.datetime(2024, 1, 18, 4, 36, 1, 5684, tzinfo=<DstTzInfo 'Europe/Paris' CET+1:00:00 STD>), 197, True); alias=default
DEBUG 2024-02-27 21:11:35,013 utils (0.000) INSERT INTO "pong_tournamentdata" ("tour_id", "match_id_semi_1", "match_id_semi_2", "match_id_final", "tournament_end_timestamp", "tournament_duration_secs", "player_ranking", "blockchain_hash") VALUES (0, 1470, 1471, 1472, '2024-01-18T04:36:01.005684+01:00'::timestamptz, 967, '["Player 5", "Player 7", "Player 9", "Player 3"]', '0x0') RETURNING "pong_tournamentdata"."id"; args=(0, 1470, 1471, 1472, datetime.datetime(2024, 1, 18, 4, 36, 1, 5684, tzinfo=<DstTzInfo 'Europe/Paris' CET+1:00:00 STD>), 967, <psycopg2._json.Json object at 0x7f82c4b811c0>, '0x0'); alias=default
DEBUG 2024-02-27 21:11:35,014 utils (0.001) INSERT INTO "pong_gamedata" ("player1_name", "player1_points", "player2_name", "player2_points", "game_end_timestamp", "game_duration_secs", "is_tournament_game") VALUES ('Player 7', 3, 'Player 1', 11, '2024-01-07T17:22:57.005684+01:00'::timestamptz, 63, true) RETURNING "pong_gamedata"."id"; args=('Player 7', 3, 'Player 1', 11, datetime.datetime(2024, 1, 7, 17, 22, 57, 5684, tzinfo=<DstTzInfo 'Europe/Paris' CET+1:00:00 STD>), 63, True); alias=default
DEBUG 2024-02-27 21:11:35,016 utils (0.001) INSERT INTO "pong_gamedata" ("player1_name", "player1_points", "player2_name", "player2_points", "game_end_timestamp", "game_duration_secs", "is_tournament_game") VALUES ('Player 12', 6, 'Player 0', 11, '2024-01-07T17:15:45.005684+01:00'::timestamptz, 112, true) RETURNING "pong_gamedata"."id"; args=('Player 12', 6, 'Player 0', 11, datetime.datetime(2024, 1, 7, 17, 15, 45, 5684, tzinfo=<DstTzInfo 'Europe/Paris' CET+1:00:00 STD>), 112, True); alias=default
DEBUG 2024-02-27 21:11:35,017 utils (0.001) INSERT INTO "pong_gamedata" ("player1_name", "player1_points", "player2_name", "player2_points", "game_end_timestamp", "game_duration_secs", "is_tournament_game") VALUES ('Player 1', 7, 'Player 0', 11, '2024-01-07T17:24:21.005684+01:00'::timestamptz, 322, true) RETURNING "pong_gamedata"."id"; args=('Player 1', 7, 'Player 0', 11, datetime.datetime(2024, 1, 7, 17, 24, 21, 5684, tzinfo=<DstTzInfo 'Europe/Paris' CET+1:00:00 STD>), 322, True); alias=default
DEBUG 2024-02-27 21:11:35,018 utils (0.000) INSERT INTO "pong_tournamentdata" ("tour_id", "match_id_semi_1", "match_id_semi_2", "match_id_final", "tournament_end_timestamp", "tournament_duration_secs", "player_ranking", "blockchain_hash") VALUES (0, 1473, 1474, 1475, '2024-01-07T17:24:21.005684+01:00'::timestamptz, 628, '["Player 0", "Player 1", "Player 7", "Player 12"]', '0x0') RETURNING "pong_tournamentdata"."id"; args=(0, 1473, 1474, 1475, datetime.datetime(2024, 1, 7, 17, 24, 21, 5684, tzinfo=<DstTzInfo 'Europe/Paris' CET+1:00:00 STD>), 628, <psycopg2._json.Json object at 0x7f82c4b81d90>, '0x0'); alias=default
DEBUG 2024-02-27 21:11:35,019 utils (0.000) SELECT COUNT(*) AS "__count" FROM "pong_gamedata"; args=(); alias=default
DEBUG 2024-02-27 21:11:35,019 utils (0.000) SELECT COUNT(*) AS "__count" FROM "pong_tournamentdata"; args=(); alias=default
DEBUG 2024-02-27 21:11:35,020 utils (0.000) SELECT "django_content_type"."id", "django_content_type"."app_label", "django_content_type"."model" FROM "django_content_type" WHERE "django_content_type"."app_label" = 'sessions'; args=('sessions',); alias=default
DEBUG 2024-02-27 21:11:35,021 utils (0.000) SELECT "django_content_type"."id", "django_content_type"."app_label", "django_content_type"."model" FROM "django_content_type" WHERE ("django_content_type"."app_label" = 'sessions' AND "django_content_type"."model" = 'session') LIMIT 21; args=('sessions', 'session'); alias=default
DEBUG 2024-02-27 21:11:35,022 utils (0.000) SELECT "auth_permission"."content_type_id", "auth_permission"."codename" FROM "auth_permission" INNER JOIN "django_content_type" ON ("auth_permission"."content_type_id" = "django_content_type"."id") WHERE "auth_permission"."content_type_id" IN (6) ORDER BY "django_content_type"."app_label" ASC, "django_content_type"."model" ASC, "auth_permission"."codename" ASC; args=(6,); alias=default
DEBUG 2024-02-27 21:11:35,024 utils (0.000) SELECT "django_content_type"."id", "django_content_type"."app_label", "django_content_type"."model" FROM "django_content_type" WHERE "django_content_type"."app_label" = 'sessions'; args=('sessions',); alias=default
DEBUG 2024-02-27 21:11:35,024 utils (0.000) SELECT COUNT(*) AS "__count" FROM "pong_gamedata"; args=(); alias=default
DEBUG 2024-02-27 21:11:35,025 utils (0.000) SELECT COUNT(*) AS "__count" FROM "pong_tournamentdata"; args=(); alias=default
DEBUG 2024-02-27 21:11:35,026 utils (0.000) SELECT COUNT(*) AS "__count" FROM "pong_gamedata"; args=(); alias=default
DEBUG 2024-02-27 21:11:35,027 utils (0.000) SELECT COUNT(*) AS "__count" FROM "pong_tournamentdata"; args=(); alias=default
DEBUG 2024-02-27 21:11:35,028 utils (0.001) INSERT INTO "pong_gamedata" ("player1_name", "player1_points", "player2_name", "player2_points", "game_end_timestamp", "game_duration_secs", "is_tournament_game") VALUES ('Player 15', 9, 'Player 1', 11, '2023-12-02T04:40:51.025779+01:00'::timestamptz, 604, true) RETURNING "pong_gamedata"."id"; args=('Player 15', 9, 'Player 1', 11, datetime.datetime(2023, 12, 2, 4, 40, 51, 25779, tzinfo=<DstTzInfo 'Europe/Paris' CET+1:00:00 STD>), 604, True); alias=default
DEBUG 2024-02-27 21:11:35,030 utils (0.001) INSERT INTO "pong_gamedata" ("player1_name", "player1_points", "player2_name", "player2_points", "game_end_timestamp", "game_duration_secs", "is_tournament_game") VALUES ('Player 3', 11, 'Player 14', 5, '2023-12-02T04:42:42.025779+01:00'::timestamptz, 999, true) RETURNING "pong_gamedata"."id"; args=('Player 3', 11, 'Player 14', 5, datetime.datetime(2023, 12, 2, 4, 42, 42, 25779, tzinfo=<DstTzInfo 'Europe/Paris' CET+1:00:00 STD>), 999, True); alias=default
DEBUG 2024-02-27 21:11:35,031 utils (0.001) INSERT INTO "pong_gamedata" ("player1_name", "player1_points", "player2_name", "player2_points", "game_end_timestamp", "game_duration_secs", "is_tournament_game") VALUES ('Player 1', 11, 'Player 3', 10, '2023-12-02T04:42:43.025779+01:00'::timestamptz, 462, true) RETURNING "pong_gamedata"."id"; args=('Player 1', 11, 'Player 3', 10, datetime.datetime(2023, 12, 2, 4, 42, 43, 25779, tzinfo=<DstTzInfo 'Europe/Paris' CET+1:00:00 STD>), 462, True); alias=default
DEBUG 2024-02-27 21:11:35,032 utils (0.000) INSERT INTO "pong_tournamentdata" ("tour_id", "match_id_semi_1", "match_id_semi_2", "match_id_final", "tournament_end_timestamp", "tournament_duration_secs", "player_ranking", "blockchain_hash") VALUES (0, 1476, 1477, 1478, '2023-12-02T04:42:43.025779+01:00'::timestamptz, 1000, '["Player 1", "Player 3", "Player 15", "Player 14"]', '0x0') RETURNING "pong_tournamentdata"."id"; args=(0, 1476, 1477, 1478, datetime.datetime(2023, 12, 2, 4, 42, 43, 25779, tzinfo=<DstTzInfo 'Europe/Paris' CET+1:00:00 STD>), 1000, <psycopg2._json.Json object at 0x7f82c4b828a0>, '0x0'); alias=default
DEBUG 2024-02-27 21:11:35,033 utils (0.001) INSERT INTO "pong_gamedata" ("player1_name", "player1_points", "player2_name", "player2_points", "game_end_timestamp", "game_duration_secs", "is_tournament_game") VALUES ('Player 0', 11, 'Player 11', 0, '2024-02-20T15:49:04.025779+01:00'::timestamptz, 328, true) RETURNING "pong_gamedata"."id"; args=('Player 0', 11, 'Player 11', 0, datetime.datetime(2024, 2, 20, 15, 49, 4, 25779, tzinfo=<DstTzInfo 'Europe/Paris' CET+1:00:00 STD>), 328, True); alias=default
DEBUG 2024-02-27 21:11:35,034 utils (0.001) INSERT INTO "pong_gamedata" ("player1_name", "player1_points", "player2_name", "player2_points", "game_end_timestamp", "game_duration_secs", "is_tournament_game") VALUES ('Player 8', 11, 'Player 3', 1, '2024-02-20T15:47:42.025779+01:00'::timestamptz, 533, true) RETURNING "pong_gamedata"."id"; args=('Player 8', 11, 'Player 3', 1, datetime.datetime(2024, 2, 20, 15, 47, 42, 25779, tzinfo=<DstTzInfo 'Europe/Paris' CET+1:00:00 STD>), 533, True); alias=default
DEBUG 2024-02-27 21:11:35,035 utils (0.001) INSERT INTO "pong_gamedata" ("player1_name", "player1_points", "player2_name", "player2_points", "game_end_timestamp", "game_duration_secs", "is_tournament_game") VALUES ('Player 0', 11, 'Player 8', 9, '2024-02-20T15:55:08.025779+01:00'::timestamptz, 440, true) RETURNING "pong_gamedata"."id"; args=('Player 0', 11, 'Player 8', 9, datetime.datetime(2024, 2, 20, 15, 55, 8, 25779, tzinfo=<DstTzInfo 'Europe/Paris' CET+1:00:00 STD>), 440, True); alias=default
DEBUG 2024-02-27 21:11:35,036 utils (0.000) INSERT INTO "pong_tournamentdata" ("tour_id", "match_id_semi_1", "match_id_semi_2", "match_id_final", "tournament_end_timestamp", "tournament_duration_secs", "player_ranking", "blockchain_hash") VALUES (0, 1479, 1480, 1481, '2024-02-20T15:55:08.025779+01:00'::timestamptz, 979, '["Player 0", "Player 8", "Player 11", "Player 3"]', '0x0') RETURNING "pong_tournamentdata"."id"; args=(0, 1479, 1480, 1481, datetime.datetime(2024, 2, 20, 15, 55, 8, 25779, tzinfo=<DstTzInfo 'Europe/Paris' CET+1:00:00 STD>), 979, <psycopg2._json.Json object at 0x7f82c4b83320>, '0x0'); alias=default
DEBUG 2024-02-27 21:11:35,037 utils (0.000) SELECT COUNT(*) AS "__count" FROM "pong_gamedata"; args=(); alias=default
DEBUG 2024-02-27 21:11:35,038 utils (0.000) SELECT COUNT(*) AS "__count" FROM "pong_tournamentdata"; args=(); alias=default
DEBUG 2024-02-27 21:11:35,039 utils (0.000) SELECT "django_content_type"."id", "django_content_type"."app_label", "django_content_type"."model" FROM "django_content_type" WHERE "django_content_type"."app_label" = 'pong'; args=('pong',); alias=default
DEBUG 2024-02-27 21:11:35,040 utils (0.000) SELECT "django_content_type"."id", "django_content_type"."app_label", "django_content_type"."model" FROM "django_content_type" WHERE ("django_content_type"."app_label" = 'pong' AND "django_content_type"."model" = 'gamedata') LIMIT 21; args=('pong', 'gamedata'); alias=default
DEBUG 2024-02-27 21:11:35,041 utils (0.000) SELECT "django_content_type"."id", "django_content_type"."app_label", "django_content_type"."model" FROM "django_content_type" WHERE ("django_content_type"."app_label" = 'pong' AND "django_content_type"."model" = 'tournamentdata') LIMIT 21; args=('pong', 'tournamentdata'); alias=default
DEBUG 2024-02-27 21:11:35,043 utils (0.001) SELECT "auth_permission"."content_type_id", "auth_permission"."codename" FROM "auth_permission" INNER JOIN "django_content_type" ON ("auth_permission"."content_type_id" = "django_content_type"."id") WHERE "auth_permission"."content_type_id" IN (8, 7) ORDER BY "django_content_type"."app_label" ASC, "django_content_type"."model" ASC, "auth_permission"."codename" ASC; args=(8, 7); alias=default
DEBUG 2024-02-27 21:11:35,044 utils (0.000) SELECT "django_content_type"."id", "django_content_type"."app_label", "django_content_type"."model" FROM "django_content_type" WHERE "django_content_type"."app_label" = 'pong'; args=('pong',); alias=default
DEBUG 2024-02-27 21:11:35,045 utils (0.000) SELECT COUNT(*) AS "__count" FROM "pong_gamedata"; args=(); alias=default
DEBUG 2024-02-27 21:11:35,046 utils (0.000) SELECT COUNT(*) AS "__count" FROM "pong_tournamentdata"; args=(); alias=default
DEBUG 2024-02-27 21:11:35,047 utils (0.000) SELECT COUNT(*) AS "__count" FROM "pong_gamedata"; args=(); alias=default
DEBUG 2024-02-27 21:11:35,048 utils (0.000) SELECT COUNT(*) AS "__count" FROM "pong_tournamentdata"; args=(); alias=default
DEBUG 2024-02-27 21:11:35,049 utils (0.001) INSERT INTO "pong_gamedata" ("player1_name", "player1_points", "player2_name", "player2_points", "game_end_timestamp", "game_duration_secs", "is_tournament_game") VALUES ('Player 12', 11, 'Player 6', 1, '2024-01-23T07:29:00.046447+01:00'::timestamptz, 824, true) RETURNING "pong_gamedata"."id"; args=('Player 12', 11, 'Player 6', 1, datetime.datetime(2024, 1, 23, 7, 29, 0, 46447, tzinfo=<DstTzInfo 'Europe/Paris' CET+1:00:00 STD>), 824, True); alias=default
DEBUG 2024-02-27 21:11:35,050 utils (0.001) INSERT INTO "pong_gamedata" ("player1_name", "player1_points", "player2_name", "player2_points", "game_end_timestamp", "game_duration_secs", "is_tournament_game") VALUES ('Player 3', 3, 'Player 8', 11, '2024-01-23T07:19:01.046447+01:00'::timestamptz, 26, true) RETURNING "pong_gamedata"."id"; args=('Player 3', 3, 'Player 8', 11, datetime.datetime(2024, 1, 23, 7, 19, 1, 46447, tzinfo=<DstTzInfo 'Europe/Paris' CET+1:00:00 STD>), 26, True); alias=default
DEBUG 2024-02-27 21:11:35,051 utils (0.001) INSERT INTO "pong_gamedata" ("player1_name", "player1_points", "player2_name", "player2_points", "game_end_timestamp", "game_duration_secs", "is_tournament_game") VALUES ('Player 12', 8, 'Player 8', 11, '2024-01-23T07:30:22.046447+01:00'::timestamptz, 129, true) RETURNING "pong_gamedata"."id"; args=('Player 12', 8, 'Player 8', 11, datetime.datetime(2024, 1, 23, 7, 30, 22, 46447, tzinfo=<DstTzInfo 'Europe/Paris' CET+1:00:00 STD>), 129, True); alias=default
DEBUG 2024-02-27 21:11:35,052 utils (0.000) INSERT INTO "pong_tournamentdata" ("tour_id", "match_id_semi_1", "match_id_semi_2", "match_id_final", "tournament_end_timestamp", "tournament_duration_secs", "player_ranking", "blockchain_hash") VALUES (0, 1482, 1483, 1484, '2024-01-23T07:30:22.046447+01:00'::timestamptz, 906, '["Player 8", "Player 12", "Player 6", "Player 3"]', '0x0') RETURNING "pong_tournamentdata"."id"; args=(0, 1482, 1483, 1484, datetime.datetime(2024, 1, 23, 7, 30, 22, 46447, tzinfo=<DstTzInfo 'Europe/Paris' CET+1:00:00 STD>), 906, <psycopg2._json.Json object at 0x7f82c4d57950>, '0x0'); alias=default
DEBUG 2024-02-27 21:11:35,053 utils (0.001) INSERT INTO "pong_gamedata" ("player1_name", "player1_points", "player2_name", "player2_points", "game_end_timestamp", "game_duration_secs", "is_tournament_game") VALUES ('Player 7', 11, 'Player 14', 9, '2023-12-01T13:01:56.046447+01:00'::timestamptz, 342, true) RETURNING "pong_gamedata"."id"; args=('Player 7', 11, 'Player 14', 9, datetime.datetime(2023, 12, 1, 13, 1, 56, 46447, tzinfo=<DstTzInfo 'Europe/Paris' CET+1:00:00 STD>), 342, True); alias=default
DEBUG 2024-02-27 21:11:35,055 utils (0.001) INSERT INTO "pong_gamedata" ("player1_name", "player1_points", "player2_name", "player2_points", "game_end_timestamp", "game_duration_secs", "is_tournament_game") VALUES ('Player 9', 4, 'Player 2', 11, '2023-12-01T13:01:29.046447+01:00'::timestamptz, 869, true) RETURNING "pong_gamedata"."id"; args=('Player 9', 4, 'Player 2', 11, datetime.datetime(2023, 12, 1, 13, 1, 29, 46447, tzinfo=<DstTzInfo 'Europe/Paris' CET+1:00:00 STD>), 869, True); alias=default
DEBUG 2024-02-27 21:11:35,056 utils (0.001) INSERT INTO "pong_gamedata" ("player1_name", "player1_points", "player2_name", "player2_points", "game_end_timestamp", "game_duration_secs", "is_tournament_game") VALUES ('Player 7', 11, 'Player 2', 6, '2023-12-01T13:02:32.046447+01:00'::timestamptz, 605, true) RETURNING "pong_gamedata"."id"; args=('Player 7', 11, 'Player 2', 6, datetime.datetime(2023, 12, 1, 13, 2, 32, 46447, tzinfo=<DstTzInfo 'Europe/Paris' CET+1:00:00 STD>), 605, True); alias=default
DEBUG 2024-02-27 21:11:35,057 utils (0.000) INSERT INTO "pong_tournamentdata" ("tour_id", "match_id_semi_1", "match_id_semi_2", "match_id_final", "tournament_end_timestamp", "tournament_duration_secs", "player_ranking", "blockchain_hash") VALUES (0, 1485, 1486, 1487, '2023-12-01T13:02:32.046447+01:00'::timestamptz, 932, '["Player 7", "Player 2", "Player 14", "Player 9"]', '0x0') RETURNING "pong_tournamentdata"."id"; args=(0, 1485, 1486, 1487, datetime.datetime(2023, 12, 1, 13, 2, 32, 46447, tzinfo=<DstTzInfo 'Europe/Paris' CET+1:00:00 STD>), 932, <psycopg2._json.Json object at 0x7f82c4b81dc0>, '0x0'); alias=default
DEBUG 2024-02-27 21:11:35,058 utils (0.000) SELECT COUNT(*) AS "__count" FROM "pong_gamedata"; args=(); alias=default
DEBUG 2024-02-27 21:11:35,059 utils (0.000) SELECT COUNT(*) AS "__count" FROM "pong_tournamentdata"; args=(); alias=default
