DEBUG 2024-02-27 21:26:21,541 utils (0.004) 
            SELECT
                c.relname,
                CASE
                    WHEN c.relispartition THEN 'p'
                    WHEN c.relkind IN ('m', 'v') THEN 'v'
                    ELSE 't'
                END,
                obj_description(c.oid, 'pg_class')
            FROM pg_catalog.pg_class c
            LEFT JOIN pg_catalog.pg_namespace n ON n.oid = c.relnamespace
            WHERE c.relkind IN ('f', 'm', 'p', 'r', 'v')
                AND n.nspname NOT IN ('pg_catalog', 'pg_toast')
                AND pg_catalog.pg_table_is_visible(c.oid)
        ; args=None; alias=default
DEBUG 2024-02-27 21:26:21,543 utils (0.000) SELECT "django_migrations"."id", "django_migrations"."app", "django_migrations"."name", "django_migrations"."applied" FROM "django_migrations"; args=(); alias=default
DEBUG 2024-02-27 21:26:21,545 utils (0.001) 
            SELECT
                c.relname,
                CASE
                    WHEN c.relispartition THEN 'p'
                    WHEN c.relkind IN ('m', 'v') THEN 'v'
                    ELSE 't'
                END,
                obj_description(c.oid, 'pg_class')
            FROM pg_catalog.pg_class c
            LEFT JOIN pg_catalog.pg_namespace n ON n.oid = c.relnamespace
            WHERE c.relkind IN ('f', 'm', 'p', 'r', 'v')
                AND n.nspname NOT IN ('pg_catalog', 'pg_toast')
                AND pg_catalog.pg_table_is_visible(c.oid)
        ; args=None; alias=default
DEBUG 2024-02-27 21:26:21,546 utils (0.000) SELECT "django_migrations"."id", "django_migrations"."app", "django_migrations"."name", "django_migrations"."applied" FROM "django_migrations"; args=(); alias=default
DEBUG 2024-02-27 21:26:21,561 utils (0.001) 
            SELECT
                c.relname,
                CASE
                    WHEN c.relispartition THEN 'p'
                    WHEN c.relkind IN ('m', 'v') THEN 'v'
                    ELSE 't'
                END,
                obj_description(c.oid, 'pg_class')
            FROM pg_catalog.pg_class c
            LEFT JOIN pg_catalog.pg_namespace n ON n.oid = c.relnamespace
            WHERE c.relkind IN ('f', 'm', 'p', 'r', 'v')
                AND n.nspname NOT IN ('pg_catalog', 'pg_toast')
                AND pg_catalog.pg_table_is_visible(c.oid)
        ; args=None; alias=default
DEBUG 2024-02-27 21:26:21,562 utils (0.001) 
            SELECT
                c.relname,
                CASE
                    WHEN c.relispartition THEN 'p'
                    WHEN c.relkind IN ('m', 'v') THEN 'v'
                    ELSE 't'
                END,
                obj_description(c.oid, 'pg_class')
            FROM pg_catalog.pg_class c
            LEFT JOIN pg_catalog.pg_namespace n ON n.oid = c.relnamespace
            WHERE c.relkind IN ('f', 'm', 'p', 'r', 'v')
                AND n.nspname NOT IN ('pg_catalog', 'pg_toast')
                AND pg_catalog.pg_table_is_visible(c.oid)
        ; args=None; alias=default
DEBUG 2024-02-27 21:26:21,563 utils (0.000) SELECT "django_migrations"."id", "django_migrations"."app", "django_migrations"."name", "django_migrations"."applied" FROM "django_migrations"; args=(); alias=default
DEBUG 2024-02-27 21:26:21,565 utils (0.001) SELECT "django_content_type"."id", "django_content_type"."app_label", "django_content_type"."model" FROM "django_content_type" WHERE "django_content_type"."app_label" = 'admin'; args=('admin',); alias=default
DEBUG 2024-02-27 21:26:21,566 utils (0.000) SELECT "django_content_type"."id", "django_content_type"."app_label", "django_content_type"."model" FROM "django_content_type" WHERE ("django_content_type"."app_label" = 'admin' AND "django_content_type"."model" = 'logentry') LIMIT 21; args=('admin', 'logentry'); alias=default
DEBUG 2024-02-27 21:26:21,568 utils (0.001) SELECT "auth_permission"."content_type_id", "auth_permission"."codename" FROM "auth_permission" INNER JOIN "django_content_type" ON ("auth_permission"."content_type_id" = "django_content_type"."id") WHERE "auth_permission"."content_type_id" IN (1) ORDER BY "django_content_type"."app_label" ASC, "django_content_type"."model" ASC, "auth_permission"."codename" ASC; args=(1,); alias=default
DEBUG 2024-02-27 21:26:21,569 utils (0.000) SELECT "django_content_type"."id", "django_content_type"."app_label", "django_content_type"."model" FROM "django_content_type" WHERE "django_content_type"."app_label" = 'admin'; args=('admin',); alias=default
DEBUG 2024-02-27 21:26:21,570 utils (0.001) SELECT COUNT(*) AS "__count" FROM "pong_gamedata"; args=(); alias=default
DEBUG 2024-02-27 21:26:21,571 utils (0.000) SELECT COUNT(*) AS "__count" FROM "pong_tournamentdata"; args=(); alias=default
DEBUG 2024-02-27 21:26:21,572 utils (0.000) SELECT COUNT(*) AS "__count" FROM "pong_gamedata"; args=(); alias=default
DEBUG 2024-02-27 21:26:21,574 utils (0.000) SELECT COUNT(*) AS "__count" FROM "pong_tournamentdata"; args=(); alias=default
DEBUG 2024-02-27 21:26:21,599 utils (0.001) INSERT INTO "pong_gamedata" ("player1_name", "player1_points", "player2_name", "player2_points", "game_end_timestamp", "game_duration_secs", "is_tournament_game") VALUES ('Player 4', 0, 'Player 5', 11, '2023-11-01T04:44:04.572109+01:00'::timestamptz, 427, true) RETURNING "pong_gamedata"."id"; args=('Player 4', 0, 'Player 5', 11, datetime.datetime(2023, 11, 1, 4, 44, 4, 572109, tzinfo=<DstTzInfo 'Europe/Paris' CET+1:00:00 STD>), 427, True); alias=default
DEBUG 2024-02-27 21:26:21,600 utils (0.001) INSERT INTO "pong_gamedata" ("player1_name", "player1_points", "player2_name", "player2_points", "game_end_timestamp", "game_duration_secs", "is_tournament_game") VALUES ('Player 13', 5, 'Player 7', 11, '2023-11-01T04:47:09.572109+01:00'::timestamptz, 12, true) RETURNING "pong_gamedata"."id"; args=('Player 13', 5, 'Player 7', 11, datetime.datetime(2023, 11, 1, 4, 47, 9, 572109, tzinfo=<DstTzInfo 'Europe/Paris' CET+1:00:00 STD>), 12, True); alias=default
DEBUG 2024-02-27 21:26:21,601 utils (0.001) INSERT INTO "pong_gamedata" ("player1_name", "player1_points", "player2_name", "player2_points", "game_end_timestamp", "game_duration_secs", "is_tournament_game") VALUES ('Player 5', 8, 'Player 7', 11, '2023-11-01T04:48:24.572109+01:00'::timestamptz, 161, true) RETURNING "pong_gamedata"."id"; args=('Player 5', 8, 'Player 7', 11, datetime.datetime(2023, 11, 1, 4, 48, 24, 572109, tzinfo=<DstTzInfo 'Europe/Paris' CET+1:00:00 STD>), 161, True); alias=default
DEBUG 2024-02-27 21:26:21,602 utils (0.000) INSERT INTO "pong_tournamentdata" ("tour_id", "match_id_semi_1", "match_id_semi_2", "match_id_final", "tournament_end_timestamp", "tournament_duration_secs", "player_ranking", "blockchain_hash") VALUES (0, 1590, 1591, 1592, '2023-11-01T04:48:24.572109+01:00'::timestamptz, 687, '["Player 7", "Player 5", "Player 4", "Player 13"]', '0x0') RETURNING "pong_tournamentdata"."id"; args=(0, 1590, 1591, 1592, datetime.datetime(2023, 11, 1, 4, 48, 24, 572109, tzinfo=<DstTzInfo 'Europe/Paris' CET+1:00:00 STD>), 687, <psycopg2._json.Json object at 0x7f9db7956d50>, '0x0'); alias=default
DEBUG 2024-02-27 21:26:21,604 utils (0.001) INSERT INTO "pong_gamedata" ("player1_name", "player1_points", "player2_name", "player2_points", "game_end_timestamp", "game_duration_secs", "is_tournament_game") VALUES ('Player 15', 11, 'Player 4', 4, '2024-02-03T14:46:04.572109+01:00'::timestamptz, 189, true) RETURNING "pong_gamedata"."id"; args=('Player 15', 11, 'Player 4', 4, datetime.datetime(2024, 2, 3, 14, 46, 4, 572109, tzinfo=<DstTzInfo 'Europe/Paris' CET+1:00:00 STD>), 189, True); alias=default
DEBUG 2024-02-27 21:26:21,605 utils (0.001) INSERT INTO "pong_gamedata" ("player1_name", "player1_points", "player2_name", "player2_points", "game_end_timestamp", "game_duration_secs", "is_tournament_game") VALUES ('Player 6', 11, 'Player 9', 10, '2024-02-03T14:46:29.572109+01:00'::timestamptz, 79, true) RETURNING "pong_gamedata"."id"; args=('Player 6', 11, 'Player 9', 10, datetime.datetime(2024, 2, 3, 14, 46, 29, 572109, tzinfo=<DstTzInfo 'Europe/Paris' CET+1:00:00 STD>), 79, True); alias=default
DEBUG 2024-02-27 21:26:21,606 utils (0.001) INSERT INTO "pong_gamedata" ("player1_name", "player1_points", "player2_name", "player2_points", "game_end_timestamp", "game_duration_secs", "is_tournament_game") VALUES ('Player 15', 0, 'Player 6', 11, '2024-02-03T14:50:22.572109+01:00'::timestamptz, 382, true) RETURNING "pong_gamedata"."id"; args=('Player 15', 0, 'Player 6', 11, datetime.datetime(2024, 2, 3, 14, 50, 22, 572109, tzinfo=<DstTzInfo 'Europe/Paris' CET+1:00:00 STD>), 382, True); alias=default
DEBUG 2024-02-27 21:26:21,607 utils (0.000) INSERT INTO "pong_tournamentdata" ("tour_id", "match_id_semi_1", "match_id_semi_2", "match_id_final", "tournament_end_timestamp", "tournament_duration_secs", "player_ranking", "blockchain_hash") VALUES (0, 1593, 1594, 1595, '2024-02-03T14:50:22.572109+01:00'::timestamptz, 447, '["Player 6", "Player 15", "Player 4", "Player 9"]', '0x0') RETURNING "pong_tournamentdata"."id"; args=(0, 1593, 1594, 1595, datetime.datetime(2024, 2, 3, 14, 50, 22, 572109, tzinfo=<DstTzInfo 'Europe/Paris' CET+1:00:00 STD>), 447, <psycopg2._json.Json object at 0x7f9db79572c0>, '0x0'); alias=default
DEBUG 2024-02-27 21:26:21,608 utils (0.000) SELECT COUNT(*) AS "__count" FROM "pong_gamedata"; args=(); alias=default
DEBUG 2024-02-27 21:26:21,609 utils (0.000) SELECT COUNT(*) AS "__count" FROM "pong_tournamentdata"; args=(); alias=default
DEBUG 2024-02-27 21:26:21,610 utils (0.000) SELECT "django_content_type"."id", "django_content_type"."app_label", "django_content_type"."model" FROM "django_content_type" WHERE "django_content_type"."app_label" = 'auth'; args=('auth',); alias=default
DEBUG 2024-02-27 21:26:21,611 utils (0.000) SELECT "django_content_type"."id", "django_content_type"."app_label", "django_content_type"."model" FROM "django_content_type" WHERE ("django_content_type"."app_label" = 'auth' AND "django_content_type"."model" = 'permission') LIMIT 21; args=('auth', 'permission'); alias=default
DEBUG 2024-02-27 21:26:21,612 utils (0.000) SELECT "django_content_type"."id", "django_content_type"."app_label", "django_content_type"."model" FROM "django_content_type" WHERE ("django_content_type"."app_label" = 'auth' AND "django_content_type"."model" = 'group') LIMIT 21; args=('auth', 'group'); alias=default
DEBUG 2024-02-27 21:26:21,613 utils (0.000) SELECT "django_content_type"."id", "django_content_type"."app_label", "django_content_type"."model" FROM "django_content_type" WHERE ("django_content_type"."app_label" = 'auth' AND "django_content_type"."model" = 'user') LIMIT 21; args=('auth', 'user'); alias=default
DEBUG 2024-02-27 21:26:21,615 utils (0.001) SELECT "auth_permission"."content_type_id", "auth_permission"."codename" FROM "auth_permission" INNER JOIN "django_content_type" ON ("auth_permission"."content_type_id" = "django_content_type"."id") WHERE "auth_permission"."content_type_id" IN (2, 3, 4) ORDER BY "django_content_type"."app_label" ASC, "django_content_type"."model" ASC, "auth_permission"."codename" ASC; args=(2, 3, 4); alias=default
DEBUG 2024-02-27 21:26:21,615 utils (0.000) SELECT "django_content_type"."id", "django_content_type"."app_label", "django_content_type"."model" FROM "django_content_type" WHERE "django_content_type"."app_label" = 'auth'; args=('auth',); alias=default
DEBUG 2024-02-27 21:26:21,616 utils (0.000) SELECT COUNT(*) AS "__count" FROM "pong_gamedata"; args=(); alias=default
DEBUG 2024-02-27 21:26:21,618 utils (0.000) SELECT COUNT(*) AS "__count" FROM "pong_tournamentdata"; args=(); alias=default
DEBUG 2024-02-27 21:26:21,619 utils (0.000) SELECT COUNT(*) AS "__count" FROM "pong_gamedata"; args=(); alias=default
DEBUG 2024-02-27 21:26:21,620 utils (0.000) SELECT COUNT(*) AS "__count" FROM "pong_tournamentdata"; args=(); alias=default
DEBUG 2024-02-27 21:26:21,621 utils (0.001) INSERT INTO "pong_gamedata" ("player1_name", "player1_points", "player2_name", "player2_points", "game_end_timestamp", "game_duration_secs", "is_tournament_game") VALUES ('Player 10', 10, 'Player 3', 11, '2024-01-09T08:14:51.618495+01:00'::timestamptz, 502, true) RETURNING "pong_gamedata"."id"; args=('Player 10', 10, 'Player 3', 11, datetime.datetime(2024, 1, 9, 8, 14, 51, 618495, tzinfo=<DstTzInfo 'Europe/Paris' CET+1:00:00 STD>), 502, True); alias=default
DEBUG 2024-02-27 21:26:21,623 utils (0.001) INSERT INTO "pong_gamedata" ("player1_name", "player1_points", "player2_name", "player2_points", "game_end_timestamp", "game_duration_secs", "is_tournament_game") VALUES ('Player 6', 10, 'Player 11', 11, '2024-01-09T08:14:09.618495+01:00'::timestamptz, 456, true) RETURNING "pong_gamedata"."id"; args=('Player 6', 10, 'Player 11', 11, datetime.datetime(2024, 1, 9, 8, 14, 9, 618495, tzinfo=<DstTzInfo 'Europe/Paris' CET+1:00:00 STD>), 456, True); alias=default
DEBUG 2024-02-27 21:26:21,624 utils (0.001) INSERT INTO "pong_gamedata" ("player1_name", "player1_points", "player2_name", "player2_points", "game_end_timestamp", "game_duration_secs", "is_tournament_game") VALUES ('Player 3', 7, 'Player 11', 11, '2024-01-09T08:17:12.618495+01:00'::timestamptz, 698, true) RETURNING "pong_gamedata"."id"; args=('Player 3', 7, 'Player 11', 11, datetime.datetime(2024, 1, 9, 8, 17, 12, 618495, tzinfo=<DstTzInfo 'Europe/Paris' CET+1:00:00 STD>), 698, True); alias=default
DEBUG 2024-02-27 21:26:21,625 utils (0.000) INSERT INTO "pong_tournamentdata" ("tour_id", "match_id_semi_1", "match_id_semi_2", "match_id_final", "tournament_end_timestamp", "tournament_duration_secs", "player_ranking", "blockchain_hash") VALUES (0, 1596, 1597, 1598, '2024-01-09T08:17:12.618495+01:00'::timestamptz, 643, '["Player 11", "Player 3", "Player 10", "Player 6"]', '0x0') RETURNING "pong_tournamentdata"."id"; args=(0, 1596, 1597, 1598, datetime.datetime(2024, 1, 9, 8, 17, 12, 618495, tzinfo=<DstTzInfo 'Europe/Paris' CET+1:00:00 STD>), 643, <psycopg2._json.Json object at 0x7f9db77802c0>, '0x0'); alias=default
DEBUG 2024-02-27 21:26:21,627 utils (0.001) INSERT INTO "pong_gamedata" ("player1_name", "player1_points", "player2_name", "player2_points", "game_end_timestamp", "game_duration_secs", "is_tournament_game") VALUES ('Player 4', 11, 'Player 6', 4, '2023-11-16T12:22:26.618495+01:00'::timestamptz, 963, true) RETURNING "pong_gamedata"."id"; args=('Player 4', 11, 'Player 6', 4, datetime.datetime(2023, 11, 16, 12, 22, 26, 618495, tzinfo=<DstTzInfo 'Europe/Paris' CET+1:00:00 STD>), 963, True); alias=default
DEBUG 2024-02-27 21:26:21,628 utils (0.001) INSERT INTO "pong_gamedata" ("player1_name", "player1_points", "player2_name", "player2_points", "game_end_timestamp", "game_duration_secs", "is_tournament_game") VALUES ('Player 3', 4, 'Player 0', 11, '2023-11-16T12:15:49.618495+01:00'::timestamptz, 271, true) RETURNING "pong_gamedata"."id"; args=('Player 3', 4, 'Player 0', 11, datetime.datetime(2023, 11, 16, 12, 15, 49, 618495, tzinfo=<DstTzInfo 'Europe/Paris' CET+1:00:00 STD>), 271, True); alias=default
DEBUG 2024-02-27 21:26:21,629 utils (0.001) INSERT INTO "pong_gamedata" ("player1_name", "player1_points", "player2_name", "player2_points", "game_end_timestamp", "game_duration_secs", "is_tournament_game") VALUES ('Player 4', 11, 'Player 0', 7, '2023-11-16T12:22:57.618495+01:00'::timestamptz, 819, true) RETURNING "pong_gamedata"."id"; args=('Player 4', 11, 'Player 0', 7, datetime.datetime(2023, 11, 16, 12, 22, 57, 618495, tzinfo=<DstTzInfo 'Europe/Paris' CET+1:00:00 STD>), 819, True); alias=default
DEBUG 2024-02-27 21:26:21,630 utils (0.000) INSERT INTO "pong_tournamentdata" ("tour_id", "match_id_semi_1", "match_id_semi_2", "match_id_final", "tournament_end_timestamp", "tournament_duration_secs", "player_ranking", "blockchain_hash") VALUES (0, 1599, 1600, 1601, '2023-11-16T12:22:57.618495+01:00'::timestamptz, 994, '["Player 4", "Player 0", "Player 6", "Player 3"]', '0x0') RETURNING "pong_tournamentdata"."id"; args=(0, 1599, 1600, 1601, datetime.datetime(2023, 11, 16, 12, 22, 57, 618495, tzinfo=<DstTzInfo 'Europe/Paris' CET+1:00:00 STD>), 994, <psycopg2._json.Json object at 0x7f9db7780440>, '0x0'); alias=default
DEBUG 2024-02-27 21:26:21,631 utils (0.000) SELECT COUNT(*) AS "__count" FROM "pong_gamedata"; args=(); alias=default
DEBUG 2024-02-27 21:26:21,632 utils (0.000) SELECT COUNT(*) AS "__count" FROM "pong_tournamentdata"; args=(); alias=default
DEBUG 2024-02-27 21:26:21,633 utils (0.000) SELECT "django_content_type"."id", "django_content_type"."app_label", "django_content_type"."model" FROM "django_content_type" WHERE "django_content_type"."app_label" = 'contenttypes'; args=('contenttypes',); alias=default
DEBUG 2024-02-27 21:26:21,634 utils (0.000) SELECT "django_content_type"."id", "django_content_type"."app_label", "django_content_type"."model" FROM "django_content_type" WHERE ("django_content_type"."app_label" = 'contenttypes' AND "django_content_type"."model" = 'contenttype') LIMIT 21; args=('contenttypes', 'contenttype'); alias=default
DEBUG 2024-02-27 21:26:21,636 utils (0.000) SELECT "auth_permission"."content_type_id", "auth_permission"."codename" FROM "auth_permission" INNER JOIN "django_content_type" ON ("auth_permission"."content_type_id" = "django_content_type"."id") WHERE "auth_permission"."content_type_id" IN (5) ORDER BY "django_content_type"."app_label" ASC, "django_content_type"."model" ASC, "auth_permission"."codename" ASC; args=(5,); alias=default
DEBUG 2024-02-27 21:26:21,637 utils (0.000) SELECT "django_content_type"."id", "django_content_type"."app_label", "django_content_type"."model" FROM "django_content_type" WHERE "django_content_type"."app_label" = 'contenttypes'; args=('contenttypes',); alias=default
DEBUG 2024-02-27 21:26:21,638 utils (0.000) SELECT COUNT(*) AS "__count" FROM "pong_gamedata"; args=(); alias=default
DEBUG 2024-02-27 21:26:21,639 utils (0.000) SELECT COUNT(*) AS "__count" FROM "pong_tournamentdata"; args=(); alias=default
DEBUG 2024-02-27 21:26:21,640 utils (0.000) SELECT COUNT(*) AS "__count" FROM "pong_gamedata"; args=(); alias=default
DEBUG 2024-02-27 21:26:21,642 utils (0.000) SELECT COUNT(*) AS "__count" FROM "pong_tournamentdata"; args=(); alias=default
DEBUG 2024-02-27 21:26:21,643 utils (0.001) INSERT INTO "pong_gamedata" ("player1_name", "player1_points", "player2_name", "player2_points", "game_end_timestamp", "game_duration_secs", "is_tournament_game") VALUES ('Player 12', 3, 'Player 14', 11, '2024-02-11T03:25:07.639763+01:00'::timestamptz, 276, true) RETURNING "pong_gamedata"."id"; args=('Player 12', 3, 'Player 14', 11, datetime.datetime(2024, 2, 11, 3, 25, 7, 639763, tzinfo=<DstTzInfo 'Europe/Paris' CET+1:00:00 STD>), 276, True); alias=default
DEBUG 2024-02-27 21:26:21,645 utils (0.001) INSERT INTO "pong_gamedata" ("player1_name", "player1_points", "player2_name", "player2_points", "game_end_timestamp", "game_duration_secs", "is_tournament_game") VALUES ('Player 15', 11, 'Player 0', 1, '2024-02-11T03:30:42.639763+01:00'::timestamptz, 568, true) RETURNING "pong_gamedata"."id"; args=('Player 15', 11, 'Player 0', 1, datetime.datetime(2024, 2, 11, 3, 30, 42, 639763, tzinfo=<DstTzInfo 'Europe/Paris' CET+1:00:00 STD>), 568, True); alias=default
DEBUG 2024-02-27 21:26:21,646 utils (0.001) INSERT INTO "pong_gamedata" ("player1_name", "player1_points", "player2_name", "player2_points", "game_end_timestamp", "game_duration_secs", "is_tournament_game") VALUES ('Player 14', 6, 'Player 15', 11, '2024-02-11T03:36:20.639763+01:00'::timestamptz, 259, true) RETURNING "pong_gamedata"."id"; args=('Player 14', 6, 'Player 15', 11, datetime.datetime(2024, 2, 11, 3, 36, 20, 639763, tzinfo=<DstTzInfo 'Europe/Paris' CET+1:00:00 STD>), 259, True); alias=default
DEBUG 2024-02-27 21:26:21,647 utils (0.000) INSERT INTO "pong_tournamentdata" ("tour_id", "match_id_semi_1", "match_id_semi_2", "match_id_final", "tournament_end_timestamp", "tournament_duration_secs", "player_ranking", "blockchain_hash") VALUES (0, 1602, 1603, 1604, '2024-02-11T03:36:20.639763+01:00'::timestamptz, 949, '["Player 15", "Player 14", "Player 12", "Player 0"]', '0x0') RETURNING "pong_tournamentdata"."id"; args=(0, 1602, 1603, 1604, datetime.datetime(2024, 2, 11, 3, 36, 20, 639763, tzinfo=<DstTzInfo 'Europe/Paris' CET+1:00:00 STD>), 949, <psycopg2._json.Json object at 0x7f9db7781670>, '0x0'); alias=default
DEBUG 2024-02-27 21:26:21,648 utils (0.001) INSERT INTO "pong_gamedata" ("player1_name", "player1_points", "player2_name", "player2_points", "game_end_timestamp", "game_duration_secs", "is_tournament_game") VALUES ('Player 3', 11, 'Player 9', 9, '2023-12-26T01:42:23.639763+01:00'::timestamptz, 502, true) RETURNING "pong_gamedata"."id"; args=('Player 3', 11, 'Player 9', 9, datetime.datetime(2023, 12, 26, 1, 42, 23, 639763, tzinfo=<DstTzInfo 'Europe/Paris' CET+1:00:00 STD>), 502, True); alias=default
DEBUG 2024-02-27 21:26:21,649 utils (0.001) INSERT INTO "pong_gamedata" ("player1_name", "player1_points", "player2_name", "player2_points", "game_end_timestamp", "game_duration_secs", "is_tournament_game") VALUES ('Player 6', 11, 'Player 10', 9, '2023-12-26T01:46:06.639763+01:00'::timestamptz, 692, true) RETURNING "pong_gamedata"."id"; args=('Player 6', 11, 'Player 10', 9, datetime.datetime(2023, 12, 26, 1, 46, 6, 639763, tzinfo=<DstTzInfo 'Europe/Paris' CET+1:00:00 STD>), 692, True); alias=default
DEBUG 2024-02-27 21:26:21,651 utils (0.001) INSERT INTO "pong_gamedata" ("player1_name", "player1_points", "player2_name", "player2_points", "game_end_timestamp", "game_duration_secs", "is_tournament_game") VALUES ('Player 3', 11, 'Player 6', 9, '2023-12-26T01:48:52.639763+01:00'::timestamptz, 665, true) RETURNING "pong_gamedata"."id"; args=('Player 3', 11, 'Player 6', 9, datetime.datetime(2023, 12, 26, 1, 48, 52, 639763, tzinfo=<DstTzInfo 'Europe/Paris' CET+1:00:00 STD>), 665, True); alias=default
DEBUG 2024-02-27 21:26:21,652 utils (0.000) INSERT INTO "pong_tournamentdata" ("tour_id", "match_id_semi_1", "match_id_semi_2", "match_id_final", "tournament_end_timestamp", "tournament_duration_secs", "player_ranking", "blockchain_hash") VALUES (0, 1605, 1606, 1607, '2023-12-26T01:48:52.639763+01:00'::timestamptz, 891, '["Player 3", "Player 6", "Player 9", "Player 10"]', '0x0') RETURNING "pong_tournamentdata"."id"; args=(0, 1605, 1606, 1607, datetime.datetime(2023, 12, 26, 1, 48, 52, 639763, tzinfo=<DstTzInfo 'Europe/Paris' CET+1:00:00 STD>), 891, <psycopg2._json.Json object at 0x7f9db7781b50>, '0x0'); alias=default
DEBUG 2024-02-27 21:26:21,653 utils (0.000) SELECT COUNT(*) AS "__count" FROM "pong_gamedata"; args=(); alias=default
DEBUG 2024-02-27 21:26:21,653 utils (0.000) SELECT COUNT(*) AS "__count" FROM "pong_tournamentdata"; args=(); alias=default
DEBUG 2024-02-27 21:26:21,654 utils (0.000) SELECT "django_content_type"."id", "django_content_type"."app_label", "django_content_type"."model" FROM "django_content_type" WHERE "django_content_type"."app_label" = 'sessions'; args=('sessions',); alias=default
DEBUG 2024-02-27 21:26:21,656 utils (0.000) SELECT "django_content_type"."id", "django_content_type"."app_label", "django_content_type"."model" FROM "django_content_type" WHERE ("django_content_type"."app_label" = 'sessions' AND "django_content_type"."model" = 'session') LIMIT 21; args=('sessions', 'session'); alias=default
DEBUG 2024-02-27 21:26:21,657 utils (0.000) SELECT "auth_permission"."content_type_id", "auth_permission"."codename" FROM "auth_permission" INNER JOIN "django_content_type" ON ("auth_permission"."content_type_id" = "django_content_type"."id") WHERE "auth_permission"."content_type_id" IN (6) ORDER BY "django_content_type"."app_label" ASC, "django_content_type"."model" ASC, "auth_permission"."codename" ASC; args=(6,); alias=default
DEBUG 2024-02-27 21:26:21,658 utils (0.000) SELECT "django_content_type"."id", "django_content_type"."app_label", "django_content_type"."model" FROM "django_content_type" WHERE "django_content_type"."app_label" = 'sessions'; args=('sessions',); alias=default
DEBUG 2024-02-27 21:26:21,659 utils (0.000) SELECT COUNT(*) AS "__count" FROM "pong_gamedata"; args=(); alias=default
DEBUG 2024-02-27 21:26:21,660 utils (0.000) SELECT COUNT(*) AS "__count" FROM "pong_tournamentdata"; args=(); alias=default
DEBUG 2024-02-27 21:26:21,661 utils (0.000) SELECT COUNT(*) AS "__count" FROM "pong_gamedata"; args=(); alias=default
DEBUG 2024-02-27 21:26:21,662 utils (0.000) SELECT COUNT(*) AS "__count" FROM "pong_tournamentdata"; args=(); alias=default
DEBUG 2024-02-27 21:26:21,663 utils (0.001) INSERT INTO "pong_gamedata" ("player1_name", "player1_points", "player2_name", "player2_points", "game_end_timestamp", "game_duration_secs", "is_tournament_game") VALUES ('Player 13', 11, 'Player 2', 0, '2023-11-28T10:35:26.660579+01:00'::timestamptz, 634, true) RETURNING "pong_gamedata"."id"; args=('Player 13', 11, 'Player 2', 0, datetime.datetime(2023, 11, 28, 10, 35, 26, 660579, tzinfo=<DstTzInfo 'Europe/Paris' CET+1:00:00 STD>), 634, True); alias=default
DEBUG 2024-02-27 21:26:21,664 utils (0.001) INSERT INTO "pong_gamedata" ("player1_name", "player1_points", "player2_name", "player2_points", "game_end_timestamp", "game_duration_secs", "is_tournament_game") VALUES ('Player 0', 7, 'Player 9', 11, '2023-11-28T10:36:04.660579+01:00'::timestamptz, 955, true) RETURNING "pong_gamedata"."id"; args=('Player 0', 7, 'Player 9', 11, datetime.datetime(2023, 11, 28, 10, 36, 4, 660579, tzinfo=<DstTzInfo 'Europe/Paris' CET+1:00:00 STD>), 955, True); alias=default
DEBUG 2024-02-27 21:26:21,665 utils (0.001) INSERT INTO "pong_gamedata" ("player1_name", "player1_points", "player2_name", "player2_points", "game_end_timestamp", "game_duration_secs", "is_tournament_game") VALUES ('Player 13', 6, 'Player 9', 11, '2023-11-28T10:36:04.660579+01:00'::timestamptz, 427, true) RETURNING "pong_gamedata"."id"; args=('Player 13', 6, 'Player 9', 11, datetime.datetime(2023, 11, 28, 10, 36, 4, 660579, tzinfo=<DstTzInfo 'Europe/Paris' CET+1:00:00 STD>), 427, True); alias=default
DEBUG 2024-02-27 21:26:21,666 utils (0.000) INSERT INTO "pong_tournamentdata" ("tour_id", "match_id_semi_1", "match_id_semi_2", "match_id_final", "tournament_end_timestamp", "tournament_duration_secs", "player_ranking", "blockchain_hash") VALUES (0, 1608, 1609, 1610, '2023-11-28T10:36:04.660579+01:00'::timestamptz, 955, '["Player 9", "Player 13", "Player 2", "Player 0"]', '0x0') RETURNING "pong_tournamentdata"."id"; args=(0, 1608, 1609, 1610, datetime.datetime(2023, 11, 28, 10, 36, 4, 660579, tzinfo=<DstTzInfo 'Europe/Paris' CET+1:00:00 STD>), 955, <psycopg2._json.Json object at 0x7f9db77822d0>, '0x0'); alias=default
DEBUG 2024-02-27 21:26:21,668 utils (0.001) INSERT INTO "pong_gamedata" ("player1_name", "player1_points", "player2_name", "player2_points", "game_end_timestamp", "game_duration_secs", "is_tournament_game") VALUES ('Player 10', 11, 'Player 1', 4, '2024-02-24T23:57:34.660579+01:00'::timestamptz, 466, true) RETURNING "pong_gamedata"."id"; args=('Player 10', 11, 'Player 1', 4, datetime.datetime(2024, 2, 24, 23, 57, 34, 660579, tzinfo=<DstTzInfo 'Europe/Paris' CET+1:00:00 STD>), 466, True); alias=default
DEBUG 2024-02-27 21:26:21,669 utils (0.001) INSERT INTO "pong_gamedata" ("player1_name", "player1_points", "player2_name", "player2_points", "game_end_timestamp", "game_duration_secs", "is_tournament_game") VALUES ('Player 8', 2, 'Player 11', 11, '2024-02-24T23:57:05.660579+01:00'::timestamptz, 757, true) RETURNING "pong_gamedata"."id"; args=('Player 8', 2, 'Player 11', 11, datetime.datetime(2024, 2, 24, 23, 57, 5, 660579, tzinfo=<DstTzInfo 'Europe/Paris' CET+1:00:00 STD>), 757, True); alias=default
DEBUG 2024-02-27 21:26:21,670 utils (0.001) INSERT INTO "pong_gamedata" ("player1_name", "player1_points", "player2_name", "player2_points", "game_end_timestamp", "game_duration_secs", "is_tournament_game") VALUES ('Player 10', 11, 'Player 11', 8, '2024-02-25T00:00:32.660579+01:00'::timestamptz, 70, true) RETURNING "pong_gamedata"."id"; args=('Player 10', 11, 'Player 11', 8, datetime.datetime(2024, 2, 25, 0, 0, 32, 660579, tzinfo=<DstTzInfo 'Europe/Paris' CET+1:00:00 STD>), 70, True); alias=default
DEBUG 2024-02-27 21:26:21,671 utils (0.000) INSERT INTO "pong_tournamentdata" ("tour_id", "match_id_semi_1", "match_id_semi_2", "match_id_final", "tournament_end_timestamp", "tournament_duration_secs", "player_ranking", "blockchain_hash") VALUES (0, 1611, 1612, 1613, '2024-02-25T00:00:32.660579+01:00'::timestamptz, 964, '["Player 10", "Player 11", "Player 1", "Player 8"]', '0x0') RETURNING "pong_tournamentdata"."id"; args=(0, 1611, 1612, 1613, datetime.datetime(2024, 2, 25, 0, 0, 32, 660579, tzinfo=<DstTzInfo 'Europe/Paris' CET+1:00:00 STD>), 964, <psycopg2._json.Json object at 0x7f9db7781730>, '0x0'); alias=default
DEBUG 2024-02-27 21:26:21,672 utils (0.000) SELECT COUNT(*) AS "__count" FROM "pong_gamedata"; args=(); alias=default
DEBUG 2024-02-27 21:26:21,673 utils (0.000) SELECT COUNT(*) AS "__count" FROM "pong_tournamentdata"; args=(); alias=default
DEBUG 2024-02-27 21:26:21,674 utils (0.000) SELECT "django_content_type"."id", "django_content_type"."app_label", "django_content_type"."model" FROM "django_content_type" WHERE "django_content_type"."app_label" = 'pong'; args=('pong',); alias=default
DEBUG 2024-02-27 21:26:21,675 utils (0.000) SELECT "django_content_type"."id", "django_content_type"."app_label", "django_content_type"."model" FROM "django_content_type" WHERE ("django_content_type"."app_label" = 'pong' AND "django_content_type"."model" = 'gamedata') LIMIT 21; args=('pong', 'gamedata'); alias=default
DEBUG 2024-02-27 21:26:21,676 utils (0.000) SELECT "django_content_type"."id", "django_content_type"."app_label", "django_content_type"."model" FROM "django_content_type" WHERE ("django_content_type"."app_label" = 'pong' AND "django_content_type"."model" = 'tournamentdata') LIMIT 21; args=('pong', 'tournamentdata'); alias=default
DEBUG 2024-02-27 21:26:21,678 utils (0.000) SELECT "auth_permission"."content_type_id", "auth_permission"."codename" FROM "auth_permission" INNER JOIN "django_content_type" ON ("auth_permission"."content_type_id" = "django_content_type"."id") WHERE "auth_permission"."content_type_id" IN (8, 7) ORDER BY "django_content_type"."app_label" ASC, "django_content_type"."model" ASC, "auth_permission"."codename" ASC; args=(8, 7); alias=default
DEBUG 2024-02-27 21:26:21,678 utils (0.000) SELECT "django_content_type"."id", "django_content_type"."app_label", "django_content_type"."model" FROM "django_content_type" WHERE "django_content_type"."app_label" = 'pong'; args=('pong',); alias=default
DEBUG 2024-02-27 21:26:21,679 utils (0.000) SELECT COUNT(*) AS "__count" FROM "pong_gamedata"; args=(); alias=default
DEBUG 2024-02-27 21:26:21,680 utils (0.000) SELECT COUNT(*) AS "__count" FROM "pong_tournamentdata"; args=(); alias=default
DEBUG 2024-02-27 21:26:21,681 utils (0.000) SELECT COUNT(*) AS "__count" FROM "pong_gamedata"; args=(); alias=default
DEBUG 2024-02-27 21:26:21,682 utils (0.000) SELECT COUNT(*) AS "__count" FROM "pong_tournamentdata"; args=(); alias=default
DEBUG 2024-02-27 21:26:21,683 utils (0.001) INSERT INTO "pong_gamedata" ("player1_name", "player1_points", "player2_name", "player2_points", "game_end_timestamp", "game_duration_secs", "is_tournament_game") VALUES ('Player 2', 2, 'Player 5', 11, '2024-02-24T20:03:41.680622+01:00'::timestamptz, 969, true) RETURNING "pong_gamedata"."id"; args=('Player 2', 2, 'Player 5', 11, datetime.datetime(2024, 2, 24, 20, 3, 41, 680622, tzinfo=<DstTzInfo 'Europe/Paris' CET+1:00:00 STD>), 969, True); alias=default
DEBUG 2024-02-27 21:26:21,685 utils (0.001) INSERT INTO "pong_gamedata" ("player1_name", "player1_points", "player2_name", "player2_points", "game_end_timestamp", "game_duration_secs", "is_tournament_game") VALUES ('Player 0', 11, 'Player 14', 7, '2024-02-24T20:01:15.680622+01:00'::timestamptz, 294, true) RETURNING "pong_gamedata"."id"; args=('Player 0', 11, 'Player 14', 7, datetime.datetime(2024, 2, 24, 20, 1, 15, 680622, tzinfo=<DstTzInfo 'Europe/Paris' CET+1:00:00 STD>), 294, True); alias=default
DEBUG 2024-02-27 21:26:21,686 utils (0.001) INSERT INTO "pong_gamedata" ("player1_name", "player1_points", "player2_name", "player2_points", "game_end_timestamp", "game_duration_secs", "is_tournament_game") VALUES ('Player 5', 4, 'Player 0', 11, '2024-02-24T20:03:42.680622+01:00'::timestamptz, 600, true) RETURNING "pong_gamedata"."id"; args=('Player 5', 4, 'Player 0', 11, datetime.datetime(2024, 2, 24, 20, 3, 42, 680622, tzinfo=<DstTzInfo 'Europe/Paris' CET+1:00:00 STD>), 600, True); alias=default
DEBUG 2024-02-27 21:26:21,687 utils (0.000) INSERT INTO "pong_tournamentdata" ("tour_id", "match_id_semi_1", "match_id_semi_2", "match_id_final", "tournament_end_timestamp", "tournament_duration_secs", "player_ranking", "blockchain_hash") VALUES (0, 1614, 1615, 1616, '2024-02-24T20:03:42.680622+01:00'::timestamptz, 970, '["Player 0", "Player 5", "Player 2", "Player 14"]', '0x0') RETURNING "pong_tournamentdata"."id"; args=(0, 1614, 1615, 1616, datetime.datetime(2024, 2, 24, 20, 3, 42, 680622, tzinfo=<DstTzInfo 'Europe/Paris' CET+1:00:00 STD>), 970, <psycopg2._json.Json object at 0x7f9db7781b20>, '0x0'); alias=default
DEBUG 2024-02-27 21:26:21,688 utils (0.001) INSERT INTO "pong_gamedata" ("player1_name", "player1_points", "player2_name", "player2_points", "game_end_timestamp", "game_duration_secs", "is_tournament_game") VALUES ('Player 7', 1, 'Player 1', 11, '2024-01-07T19:47:56.680622+01:00'::timestamptz, 355, true) RETURNING "pong_gamedata"."id"; args=('Player 7', 1, 'Player 1', 11, datetime.datetime(2024, 1, 7, 19, 47, 56, 680622, tzinfo=<DstTzInfo 'Europe/Paris' CET+1:00:00 STD>), 355, True); alias=default
DEBUG 2024-02-27 21:26:21,690 utils (0.001) INSERT INTO "pong_gamedata" ("player1_name", "player1_points", "player2_name", "player2_points", "game_end_timestamp", "game_duration_secs", "is_tournament_game") VALUES ('Player 6', 3, 'Player 12', 11, '2024-01-07T19:51:12.680622+01:00'::timestamptz, 164, true) RETURNING "pong_gamedata"."id"; args=('Player 6', 3, 'Player 12', 11, datetime.datetime(2024, 1, 7, 19, 51, 12, 680622, tzinfo=<DstTzInfo 'Europe/Paris' CET+1:00:00 STD>), 164, True); alias=default
DEBUG 2024-02-27 21:26:21,691 utils (0.001) INSERT INTO "pong_gamedata" ("player1_name", "player1_points", "player2_name", "player2_points", "game_end_timestamp", "game_duration_secs", "is_tournament_game") VALUES ('Player 1', 11, 'Player 12', 5, '2024-01-07T19:55:18.680622+01:00'::timestamptz, 326, true) RETURNING "pong_gamedata"."id"; args=('Player 1', 11, 'Player 12', 5, datetime.datetime(2024, 1, 7, 19, 55, 18, 680622, tzinfo=<DstTzInfo 'Europe/Paris' CET+1:00:00 STD>), 326, True); alias=default
DEBUG 2024-02-27 21:26:21,692 utils (0.000) INSERT INTO "pong_tournamentdata" ("tour_id", "match_id_semi_1", "match_id_semi_2", "match_id_final", "tournament_end_timestamp", "tournament_duration_secs", "player_ranking", "blockchain_hash") VALUES (0, 1617, 1618, 1619, '2024-01-07T19:55:18.680622+01:00'::timestamptz, 797, '["Player 1", "Player 12", "Player 7", "Player 6"]', '0x0') RETURNING "pong_tournamentdata"."id"; args=(0, 1617, 1618, 1619, datetime.datetime(2024, 1, 7, 19, 55, 18, 680622, tzinfo=<DstTzInfo 'Europe/Paris' CET+1:00:00 STD>), 797, <psycopg2._json.Json object at 0x7f9db77815b0>, '0x0'); alias=default
DEBUG 2024-02-27 21:26:21,693 utils (0.000) SELECT COUNT(*) AS "__count" FROM "pong_gamedata"; args=(); alias=default
DEBUG 2024-02-27 21:26:21,694 utils (0.000) SELECT COUNT(*) AS "__count" FROM "pong_tournamentdata"; args=(); alias=default
