(0.002) 
            SELECT
                c.relname,
                CASE
                    WHEN c.relispartition THEN 'p'
                    WHEN c.relkind IN ('m', 'v') THEN 'v'
                    ELSE 't'
                END,
                obj_description(c.oid, 'pg_class')
            FROM pg_catalog.pg_class c
            LEFT JOIN pg_catalog.pg_namespace n ON n.oid = c.relnamespace
            WHERE c.relkind IN ('f', 'm', 'p', 'r', 'v')
                AND n.nspname NOT IN ('pg_catalog', 'pg_toast')
                AND pg_catalog.pg_table_is_visible(c.oid)
        ; args=None; alias=default
(0.000) SELECT "django_migrations"."id", "django_migrations"."app", "django_migrations"."name", "django_migrations"."applied" FROM "django_migrations"; args=(); alias=default
(0.001) 
            SELECT
                c.relname,
                CASE
                    WHEN c.relispartition THEN 'p'
                    WHEN c.relkind IN ('m', 'v') THEN 'v'
                    ELSE 't'
                END,
                obj_description(c.oid, 'pg_class')
            FROM pg_catalog.pg_class c
            LEFT JOIN pg_catalog.pg_namespace n ON n.oid = c.relnamespace
            WHERE c.relkind IN ('f', 'm', 'p', 'r', 'v')
                AND n.nspname NOT IN ('pg_catalog', 'pg_toast')
                AND pg_catalog.pg_table_is_visible(c.oid)
        ; args=None; alias=default
(0.000) SELECT "django_migrations"."id", "django_migrations"."app", "django_migrations"."name", "django_migrations"."applied" FROM "django_migrations"; args=(); alias=default
(0.001) 
            SELECT
                c.relname,
                CASE
                    WHEN c.relispartition THEN 'p'
                    WHEN c.relkind IN ('m', 'v') THEN 'v'
                    ELSE 't'
                END,
                obj_description(c.oid, 'pg_class')
            FROM pg_catalog.pg_class c
            LEFT JOIN pg_catalog.pg_namespace n ON n.oid = c.relnamespace
            WHERE c.relkind IN ('f', 'm', 'p', 'r', 'v')
                AND n.nspname NOT IN ('pg_catalog', 'pg_toast')
                AND pg_catalog.pg_table_is_visible(c.oid)
        ; args=None; alias=default
(0.001) 
            SELECT
                c.relname,
                CASE
                    WHEN c.relispartition THEN 'p'
                    WHEN c.relkind IN ('m', 'v') THEN 'v'
                    ELSE 't'
                END,
                obj_description(c.oid, 'pg_class')
            FROM pg_catalog.pg_class c
            LEFT JOIN pg_catalog.pg_namespace n ON n.oid = c.relnamespace
            WHERE c.relkind IN ('f', 'm', 'p', 'r', 'v')
                AND n.nspname NOT IN ('pg_catalog', 'pg_toast')
                AND pg_catalog.pg_table_is_visible(c.oid)
        ; args=None; alias=default
(0.000) SELECT "django_migrations"."id", "django_migrations"."app", "django_migrations"."name", "django_migrations"."applied" FROM "django_migrations"; args=(); alias=default
(0.000) SELECT "django_content_type"."id", "django_content_type"."app_label", "django_content_type"."model" FROM "django_content_type" WHERE "django_content_type"."app_label" = 'admin'; args=('admin',); alias=default
(0.000) SELECT "django_content_type"."id", "django_content_type"."app_label", "django_content_type"."model" FROM "django_content_type" WHERE ("django_content_type"."app_label" = 'admin' AND "django_content_type"."model" = 'logentry') LIMIT 21; args=('admin', 'logentry'); alias=default
(0.000) SELECT "auth_permission"."content_type_id", "auth_permission"."codename" FROM "auth_permission" INNER JOIN "django_content_type" ON ("auth_permission"."content_type_id" = "django_content_type"."id") WHERE "auth_permission"."content_type_id" IN (1) ORDER BY "django_content_type"."app_label" ASC, "django_content_type"."model" ASC, "auth_permission"."codename" ASC; args=(1,); alias=default
(0.000) SELECT "django_content_type"."id", "django_content_type"."app_label", "django_content_type"."model" FROM "django_content_type" WHERE "django_content_type"."app_label" = 'admin'; args=('admin',); alias=default
(0.000) BEGIN; args=None; alias=default
(0.000) DELETE FROM "pong_gamedata"; args=(); alias=default
(0.006) COMMIT; args=None; alias=default
(0.000) BEGIN; args=None; alias=default
(0.000) DELETE FROM "pong_tournamentdata"; args=(); alias=default
(0.000) COMMIT; args=None; alias=default
(0.000) SELECT COUNT(*) AS "__count" FROM "pong_gamedata"; args=(); alias=default
(0.000) SELECT COUNT(*) AS "__count" FROM "pong_tournamentdata"; args=(); alias=default
(0.000) SELECT COUNT(*) AS "__count" FROM "pong_gamedata"; args=(); alias=default
(0.001) INSERT INTO "pong_gamedata" ("player1_name", "player1_points", "player2_name", "player2_points", "game_end_timestamp", "game_duration_secs", "is_tournament_game") VALUES ('Player 15', 11, 'Player 1', 1, '2023-12-10T19:23:03.568597+01:00'::timestamptz, 218, false) RETURNING "pong_gamedata"."id"; args=('Player 15', 11, 'Player 1', 1, datetime.datetime(2023, 12, 10, 19, 23, 3, 568597, tzinfo=<DstTzInfo 'Europe/Paris' CET+1:00:00 STD>), 218, False); alias=default
(0.001) INSERT INTO "pong_gamedata" ("player1_name", "player1_points", "player2_name", "player2_points", "game_end_timestamp", "game_duration_secs", "is_tournament_game") VALUES ('Player 6', 11, 'Player 5', 4, '2023-12-03T09:14:01.568597+01:00'::timestamptz, 494, false) RETURNING "pong_gamedata"."id"; args=('Player 6', 11, 'Player 5', 4, datetime.datetime(2023, 12, 3, 9, 14, 1, 568597, tzinfo=<DstTzInfo 'Europe/Paris' CET+1:00:00 STD>), 494, False); alias=default
(0.000) SELECT COUNT(*) AS "__count" FROM "pong_tournamentdata"; args=(); alias=default
(0.000) SELECT COUNT(*) AS "__count" FROM "pong_gamedata"; args=(); alias=default
(0.000) SELECT COUNT(*) AS "__count" FROM "pong_tournamentdata"; args=(); alias=default
(0.000) SELECT "django_content_type"."id", "django_content_type"."app_label", "django_content_type"."model" FROM "django_content_type" WHERE "django_content_type"."app_label" = 'auth'; args=('auth',); alias=default
(0.000) SELECT "django_content_type"."id", "django_content_type"."app_label", "django_content_type"."model" FROM "django_content_type" WHERE ("django_content_type"."app_label" = 'auth' AND "django_content_type"."model" = 'permission') LIMIT 21; args=('auth', 'permission'); alias=default
(0.000) SELECT "django_content_type"."id", "django_content_type"."app_label", "django_content_type"."model" FROM "django_content_type" WHERE ("django_content_type"."app_label" = 'auth' AND "django_content_type"."model" = 'group') LIMIT 21; args=('auth', 'group'); alias=default
(0.000) SELECT "django_content_type"."id", "django_content_type"."app_label", "django_content_type"."model" FROM "django_content_type" WHERE ("django_content_type"."app_label" = 'auth' AND "django_content_type"."model" = 'user') LIMIT 21; args=('auth', 'user'); alias=default
(0.000) SELECT "auth_permission"."content_type_id", "auth_permission"."codename" FROM "auth_permission" INNER JOIN "django_content_type" ON ("auth_permission"."content_type_id" = "django_content_type"."id") WHERE "auth_permission"."content_type_id" IN (2, 3, 4) ORDER BY "django_content_type"."app_label" ASC, "django_content_type"."model" ASC, "auth_permission"."codename" ASC; args=(2, 3, 4); alias=default
(0.000) SELECT "django_content_type"."id", "django_content_type"."app_label", "django_content_type"."model" FROM "django_content_type" WHERE "django_content_type"."app_label" = 'auth'; args=('auth',); alias=default
(0.000) BEGIN; args=None; alias=default
(0.000) DELETE FROM "pong_gamedata"; args=(); alias=default
(0.000) COMMIT; args=None; alias=default
(0.000) BEGIN; args=None; alias=default
(0.000) DELETE FROM "pong_tournamentdata"; args=(); alias=default
(0.000) COMMIT; args=None; alias=default
(0.000) SELECT COUNT(*) AS "__count" FROM "pong_gamedata"; args=(); alias=default
(0.000) SELECT COUNT(*) AS "__count" FROM "pong_tournamentdata"; args=(); alias=default
(0.000) SELECT COUNT(*) AS "__count" FROM "pong_gamedata"; args=(); alias=default
(0.001) INSERT INTO "pong_gamedata" ("player1_name", "player1_points", "player2_name", "player2_points", "game_end_timestamp", "game_duration_secs", "is_tournament_game") VALUES ('Player 0', 11, 'Player 9', 1, '2024-01-07T06:39:42.621104+01:00'::timestamptz, 113, false) RETURNING "pong_gamedata"."id"; args=('Player 0', 11, 'Player 9', 1, datetime.datetime(2024, 1, 7, 6, 39, 42, 621104, tzinfo=<DstTzInfo 'Europe/Paris' CET+1:00:00 STD>), 113, False); alias=default
(0.001) INSERT INTO "pong_gamedata" ("player1_name", "player1_points", "player2_name", "player2_points", "game_end_timestamp", "game_duration_secs", "is_tournament_game") VALUES ('Player 2', 0, 'Player 0', 11, '2023-11-30T17:34:50.621104+01:00'::timestamptz, 645, false) RETURNING "pong_gamedata"."id"; args=('Player 2', 0, 'Player 0', 11, datetime.datetime(2023, 11, 30, 17, 34, 50, 621104, tzinfo=<DstTzInfo 'Europe/Paris' CET+1:00:00 STD>), 645, False); alias=default
(0.000) SELECT COUNT(*) AS "__count" FROM "pong_tournamentdata"; args=(); alias=default
(0.000) SELECT COUNT(*) AS "__count" FROM "pong_gamedata"; args=(); alias=default
(0.000) SELECT COUNT(*) AS "__count" FROM "pong_tournamentdata"; args=(); alias=default
(0.000) SELECT "django_content_type"."id", "django_content_type"."app_label", "django_content_type"."model" FROM "django_content_type" WHERE "django_content_type"."app_label" = 'contenttypes'; args=('contenttypes',); alias=default
(0.000) SELECT "django_content_type"."id", "django_content_type"."app_label", "django_content_type"."model" FROM "django_content_type" WHERE ("django_content_type"."app_label" = 'contenttypes' AND "django_content_type"."model" = 'contenttype') LIMIT 21; args=('contenttypes', 'contenttype'); alias=default
(0.000) SELECT "auth_permission"."content_type_id", "auth_permission"."codename" FROM "auth_permission" INNER JOIN "django_content_type" ON ("auth_permission"."content_type_id" = "django_content_type"."id") WHERE "auth_permission"."content_type_id" IN (5) ORDER BY "django_content_type"."app_label" ASC, "django_content_type"."model" ASC, "auth_permission"."codename" ASC; args=(5,); alias=default
(0.000) SELECT "django_content_type"."id", "django_content_type"."app_label", "django_content_type"."model" FROM "django_content_type" WHERE "django_content_type"."app_label" = 'contenttypes'; args=('contenttypes',); alias=default
(0.000) BEGIN; args=None; alias=default
(0.000) DELETE FROM "pong_gamedata"; args=(); alias=default
(0.000) COMMIT; args=None; alias=default
(0.000) BEGIN; args=None; alias=default
(0.000) DELETE FROM "pong_tournamentdata"; args=(); alias=default
(0.000) COMMIT; args=None; alias=default
(0.000) SELECT COUNT(*) AS "__count" FROM "pong_gamedata"; args=(); alias=default
(0.000) SELECT COUNT(*) AS "__count" FROM "pong_tournamentdata"; args=(); alias=default
(0.000) SELECT COUNT(*) AS "__count" FROM "pong_gamedata"; args=(); alias=default
(0.001) INSERT INTO "pong_gamedata" ("player1_name", "player1_points", "player2_name", "player2_points", "game_end_timestamp", "game_duration_secs", "is_tournament_game") VALUES ('Player 12', 3, 'Player 15', 11, '2024-01-12T23:27:42.654598+01:00'::timestamptz, 557, false) RETURNING "pong_gamedata"."id"; args=('Player 12', 3, 'Player 15', 11, datetime.datetime(2024, 1, 12, 23, 27, 42, 654598, tzinfo=<DstTzInfo 'Europe/Paris' CET+1:00:00 STD>), 557, False); alias=default
(0.001) INSERT INTO "pong_gamedata" ("player1_name", "player1_points", "player2_name", "player2_points", "game_end_timestamp", "game_duration_secs", "is_tournament_game") VALUES ('Player 5', 11, 'Player 15', 2, '2024-02-12T02:34:16.654598+01:00'::timestamptz, 234, false) RETURNING "pong_gamedata"."id"; args=('Player 5', 11, 'Player 15', 2, datetime.datetime(2024, 2, 12, 2, 34, 16, 654598, tzinfo=<DstTzInfo 'Europe/Paris' CET+1:00:00 STD>), 234, False); alias=default
(0.000) SELECT COUNT(*) AS "__count" FROM "pong_tournamentdata"; args=(); alias=default
(0.000) SELECT COUNT(*) AS "__count" FROM "pong_gamedata"; args=(); alias=default
(0.000) SELECT COUNT(*) AS "__count" FROM "pong_tournamentdata"; args=(); alias=default
(0.000) SELECT "django_content_type"."id", "django_content_type"."app_label", "django_content_type"."model" FROM "django_content_type" WHERE "django_content_type"."app_label" = 'sessions'; args=('sessions',); alias=default
(0.000) SELECT "django_content_type"."id", "django_content_type"."app_label", "django_content_type"."model" FROM "django_content_type" WHERE ("django_content_type"."app_label" = 'sessions' AND "django_content_type"."model" = 'session') LIMIT 21; args=('sessions', 'session'); alias=default
(0.000) SELECT "auth_permission"."content_type_id", "auth_permission"."codename" FROM "auth_permission" INNER JOIN "django_content_type" ON ("auth_permission"."content_type_id" = "django_content_type"."id") WHERE "auth_permission"."content_type_id" IN (6) ORDER BY "django_content_type"."app_label" ASC, "django_content_type"."model" ASC, "auth_permission"."codename" ASC; args=(6,); alias=default
(0.000) SELECT "django_content_type"."id", "django_content_type"."app_label", "django_content_type"."model" FROM "django_content_type" WHERE "django_content_type"."app_label" = 'sessions'; args=('sessions',); alias=default
(0.000) BEGIN; args=None; alias=default
(0.000) DELETE FROM "pong_gamedata"; args=(); alias=default
(0.000) COMMIT; args=None; alias=default
(0.000) BEGIN; args=None; alias=default
(0.000) DELETE FROM "pong_tournamentdata"; args=(); alias=default
(0.000) COMMIT; args=None; alias=default
(0.000) SELECT COUNT(*) AS "__count" FROM "pong_gamedata"; args=(); alias=default
(0.000) SELECT COUNT(*) AS "__count" FROM "pong_tournamentdata"; args=(); alias=default
(0.000) SELECT COUNT(*) AS "__count" FROM "pong_gamedata"; args=(); alias=default
(0.001) INSERT INTO "pong_gamedata" ("player1_name", "player1_points", "player2_name", "player2_points", "game_end_timestamp", "game_duration_secs", "is_tournament_game") VALUES ('Player 2', 11, 'Player 0', 1, '2023-12-22T06:56:05.687833+01:00'::timestamptz, 822, false) RETURNING "pong_gamedata"."id"; args=('Player 2', 11, 'Player 0', 1, datetime.datetime(2023, 12, 22, 6, 56, 5, 687833, tzinfo=<DstTzInfo 'Europe/Paris' CET+1:00:00 STD>), 822, False); alias=default
(0.001) INSERT INTO "pong_gamedata" ("player1_name", "player1_points", "player2_name", "player2_points", "game_end_timestamp", "game_duration_secs", "is_tournament_game") VALUES ('Player 12', 9, 'Player 11', 11, '2024-02-07T05:16:16.687833+01:00'::timestamptz, 621, false) RETURNING "pong_gamedata"."id"; args=('Player 12', 9, 'Player 11', 11, datetime.datetime(2024, 2, 7, 5, 16, 16, 687833, tzinfo=<DstTzInfo 'Europe/Paris' CET+1:00:00 STD>), 621, False); alias=default
(0.000) SELECT COUNT(*) AS "__count" FROM "pong_tournamentdata"; args=(); alias=default
(0.000) SELECT COUNT(*) AS "__count" FROM "pong_gamedata"; args=(); alias=default
(0.000) SELECT COUNT(*) AS "__count" FROM "pong_tournamentdata"; args=(); alias=default
(0.000) SELECT "django_content_type"."id", "django_content_type"."app_label", "django_content_type"."model" FROM "django_content_type" WHERE "django_content_type"."app_label" = 'pong'; args=('pong',); alias=default
(0.000) SELECT "django_content_type"."id", "django_content_type"."app_label", "django_content_type"."model" FROM "django_content_type" WHERE ("django_content_type"."app_label" = 'pong' AND "django_content_type"."model" = 'gamedata') LIMIT 21; args=('pong', 'gamedata'); alias=default
(0.000) SELECT "django_content_type"."id", "django_content_type"."app_label", "django_content_type"."model" FROM "django_content_type" WHERE ("django_content_type"."app_label" = 'pong' AND "django_content_type"."model" = 'tournamentdata') LIMIT 21; args=('pong', 'tournamentdata'); alias=default
(0.000) SELECT "auth_permission"."content_type_id", "auth_permission"."codename" FROM "auth_permission" INNER JOIN "django_content_type" ON ("auth_permission"."content_type_id" = "django_content_type"."id") WHERE "auth_permission"."content_type_id" IN (8, 7) ORDER BY "django_content_type"."app_label" ASC, "django_content_type"."model" ASC, "auth_permission"."codename" ASC; args=(8, 7); alias=default
(0.000) SELECT "django_content_type"."id", "django_content_type"."app_label", "django_content_type"."model" FROM "django_content_type" WHERE "django_content_type"."app_label" = 'pong'; args=('pong',); alias=default
(0.000) BEGIN; args=None; alias=default
(0.000) DELETE FROM "pong_gamedata"; args=(); alias=default
(0.000) COMMIT; args=None; alias=default
(0.000) BEGIN; args=None; alias=default
(0.000) DELETE FROM "pong_tournamentdata"; args=(); alias=default
(0.000) COMMIT; args=None; alias=default
(0.000) SELECT COUNT(*) AS "__count" FROM "pong_gamedata"; args=(); alias=default
(0.000) SELECT COUNT(*) AS "__count" FROM "pong_tournamentdata"; args=(); alias=default
(0.000) SELECT COUNT(*) AS "__count" FROM "pong_gamedata"; args=(); alias=default
(0.001) INSERT INTO "pong_gamedata" ("player1_name", "player1_points", "player2_name", "player2_points", "game_end_timestamp", "game_duration_secs", "is_tournament_game") VALUES ('Player 8', 11, 'Player 13', 9, '2024-02-14T11:38:52.721674+01:00'::timestamptz, 819, false) RETURNING "pong_gamedata"."id"; args=('Player 8', 11, 'Player 13', 9, datetime.datetime(2024, 2, 14, 11, 38, 52, 721674, tzinfo=<DstTzInfo 'Europe/Paris' CET+1:00:00 STD>), 819, False); alias=default
(0.001) INSERT INTO "pong_gamedata" ("player1_name", "player1_points", "player2_name", "player2_points", "game_end_timestamp", "game_duration_secs", "is_tournament_game") VALUES ('Player 14', 9, 'Player 9', 11, '2024-02-12T19:05:22.721674+01:00'::timestamptz, 807, false) RETURNING "pong_gamedata"."id"; args=('Player 14', 9, 'Player 9', 11, datetime.datetime(2024, 2, 12, 19, 5, 22, 721674, tzinfo=<DstTzInfo 'Europe/Paris' CET+1:00:00 STD>), 807, False); alias=default
(0.000) SELECT COUNT(*) AS "__count" FROM "pong_tournamentdata"; args=(); alias=default
(0.000) SELECT COUNT(*) AS "__count" FROM "pong_gamedata"; args=(); alias=default
(0.000) SELECT COUNT(*) AS "__count" FROM "pong_tournamentdata"; args=(); alias=default
